[2025-06-11T11:28:26.708+0200] {processor.py:157} INFO - Started process (PID=68669) to work on /home/diego.rivero/practica_creativa/env/lib/python3.11/site-packages/airflow/example_dags/plugins/event_listener.py
[2025-06-11T11:28:26.708+0200] {processor.py:829} INFO - Processing file /home/diego.rivero/practica_creativa/env/lib/python3.11/site-packages/airflow/example_dags/plugins/event_listener.py for tasks to queue
[2025-06-11T11:28:26.709+0200] {logging_mixin.py:154} INFO - [2025-06-11T11:28:26.709+0200] {dagbag.py:536} INFO - Filling up the DagBag from /home/diego.rivero/practica_creativa/env/lib/python3.11/site-packages/airflow/example_dags/plugins/event_listener.py
[2025-06-11T11:28:26.711+0200] {processor.py:841} WARNING - No viable dags retrieved from /home/diego.rivero/practica_creativa/env/lib/python3.11/site-packages/airflow/example_dags/plugins/event_listener.py
[2025-06-11T11:28:26.729+0200] {processor.py:179} INFO - Processing /home/diego.rivero/practica_creativa/env/lib/python3.11/site-packages/airflow/example_dags/plugins/event_listener.py took 0.024 seconds
[2025-06-11T11:29:22.683+0200] {processor.py:157} INFO - Started process (PID=69064) to work on /home/diego.rivero/practica_creativa/env/lib/python3.11/site-packages/airflow/example_dags/plugins/event_listener.py
[2025-06-11T11:29:22.684+0200] {processor.py:829} INFO - Processing file /home/diego.rivero/practica_creativa/env/lib/python3.11/site-packages/airflow/example_dags/plugins/event_listener.py for tasks to queue
[2025-06-11T11:29:22.685+0200] {logging_mixin.py:154} INFO - [2025-06-11T11:29:22.685+0200] {dagbag.py:536} INFO - Filling up the DagBag from /home/diego.rivero/practica_creativa/env/lib/python3.11/site-packages/airflow/example_dags/plugins/event_listener.py
[2025-06-11T11:29:22.690+0200] {processor.py:841} WARNING - No viable dags retrieved from /home/diego.rivero/practica_creativa/env/lib/python3.11/site-packages/airflow/example_dags/plugins/event_listener.py
[2025-06-11T11:29:22.713+0200] {processor.py:179} INFO - Processing /home/diego.rivero/practica_creativa/env/lib/python3.11/site-packages/airflow/example_dags/plugins/event_listener.py took 0.039 seconds
[2025-06-11T11:30:14.503+0200] {processor.py:157} INFO - Started process (PID=69390) to work on /home/diego.rivero/practica_creativa/env/lib/python3.11/site-packages/airflow/example_dags/plugins/event_listener.py
[2025-06-11T11:30:14.505+0200] {processor.py:829} INFO - Processing file /home/diego.rivero/practica_creativa/env/lib/python3.11/site-packages/airflow/example_dags/plugins/event_listener.py for tasks to queue
[2025-06-11T11:30:14.506+0200] {logging_mixin.py:154} INFO - [2025-06-11T11:30:14.505+0200] {dagbag.py:536} INFO - Filling up the DagBag from /home/diego.rivero/practica_creativa/env/lib/python3.11/site-packages/airflow/example_dags/plugins/event_listener.py
[2025-06-11T11:30:14.509+0200] {processor.py:841} WARNING - No viable dags retrieved from /home/diego.rivero/practica_creativa/env/lib/python3.11/site-packages/airflow/example_dags/plugins/event_listener.py
[2025-06-11T11:30:14.538+0200] {processor.py:179} INFO - Processing /home/diego.rivero/practica_creativa/env/lib/python3.11/site-packages/airflow/example_dags/plugins/event_listener.py took 0.038 seconds
[2025-06-11T11:31:07.753+0200] {processor.py:157} INFO - Started process (PID=69751) to work on /home/diego.rivero/practica_creativa/env/lib/python3.11/site-packages/airflow/example_dags/plugins/event_listener.py
[2025-06-11T11:31:07.755+0200] {processor.py:829} INFO - Processing file /home/diego.rivero/practica_creativa/env/lib/python3.11/site-packages/airflow/example_dags/plugins/event_listener.py for tasks to queue
[2025-06-11T11:31:07.757+0200] {logging_mixin.py:154} INFO - [2025-06-11T11:31:07.756+0200] {dagbag.py:536} INFO - Filling up the DagBag from /home/diego.rivero/practica_creativa/env/lib/python3.11/site-packages/airflow/example_dags/plugins/event_listener.py
[2025-06-11T11:31:07.762+0200] {processor.py:841} WARNING - No viable dags retrieved from /home/diego.rivero/practica_creativa/env/lib/python3.11/site-packages/airflow/example_dags/plugins/event_listener.py
[2025-06-11T11:31:07.787+0200] {processor.py:179} INFO - Processing /home/diego.rivero/practica_creativa/env/lib/python3.11/site-packages/airflow/example_dags/plugins/event_listener.py took 0.043 seconds
[2025-06-11T11:31:58.494+0200] {processor.py:157} INFO - Started process (PID=70104) to work on /home/diego.rivero/practica_creativa/env/lib/python3.11/site-packages/airflow/example_dags/plugins/event_listener.py
[2025-06-11T11:31:58.497+0200] {processor.py:829} INFO - Processing file /home/diego.rivero/practica_creativa/env/lib/python3.11/site-packages/airflow/example_dags/plugins/event_listener.py for tasks to queue
[2025-06-11T11:31:58.499+0200] {logging_mixin.py:154} INFO - [2025-06-11T11:31:58.498+0200] {dagbag.py:536} INFO - Filling up the DagBag from /home/diego.rivero/practica_creativa/env/lib/python3.11/site-packages/airflow/example_dags/plugins/event_listener.py
[2025-06-11T11:31:58.504+0200] {processor.py:841} WARNING - No viable dags retrieved from /home/diego.rivero/practica_creativa/env/lib/python3.11/site-packages/airflow/example_dags/plugins/event_listener.py
[2025-06-11T11:31:58.529+0200] {processor.py:179} INFO - Processing /home/diego.rivero/practica_creativa/env/lib/python3.11/site-packages/airflow/example_dags/plugins/event_listener.py took 0.044 seconds
[2025-06-11T11:32:52.588+0200] {processor.py:157} INFO - Started process (PID=70480) to work on /home/diego.rivero/practica_creativa/env/lib/python3.11/site-packages/airflow/example_dags/plugins/event_listener.py
[2025-06-11T11:32:52.589+0200] {processor.py:829} INFO - Processing file /home/diego.rivero/practica_creativa/env/lib/python3.11/site-packages/airflow/example_dags/plugins/event_listener.py for tasks to queue
[2025-06-11T11:32:52.590+0200] {logging_mixin.py:154} INFO - [2025-06-11T11:32:52.590+0200] {dagbag.py:536} INFO - Filling up the DagBag from /home/diego.rivero/practica_creativa/env/lib/python3.11/site-packages/airflow/example_dags/plugins/event_listener.py
[2025-06-11T11:32:52.593+0200] {processor.py:841} WARNING - No viable dags retrieved from /home/diego.rivero/practica_creativa/env/lib/python3.11/site-packages/airflow/example_dags/plugins/event_listener.py
[2025-06-11T11:32:52.616+0200] {processor.py:179} INFO - Processing /home/diego.rivero/practica_creativa/env/lib/python3.11/site-packages/airflow/example_dags/plugins/event_listener.py took 0.033 seconds
[2025-06-11T11:33:39.036+0200] {processor.py:157} INFO - Started process (PID=70772) to work on /home/diego.rivero/practica_creativa/env/lib/python3.11/site-packages/airflow/example_dags/plugins/event_listener.py
[2025-06-11T11:33:39.038+0200] {processor.py:829} INFO - Processing file /home/diego.rivero/practica_creativa/env/lib/python3.11/site-packages/airflow/example_dags/plugins/event_listener.py for tasks to queue
[2025-06-11T11:33:39.041+0200] {logging_mixin.py:154} INFO - [2025-06-11T11:33:39.039+0200] {dagbag.py:536} INFO - Filling up the DagBag from /home/diego.rivero/practica_creativa/env/lib/python3.11/site-packages/airflow/example_dags/plugins/event_listener.py
[2025-06-11T11:33:39.046+0200] {processor.py:841} WARNING - No viable dags retrieved from /home/diego.rivero/practica_creativa/env/lib/python3.11/site-packages/airflow/example_dags/plugins/event_listener.py
[2025-06-11T11:33:39.072+0200] {processor.py:179} INFO - Processing /home/diego.rivero/practica_creativa/env/lib/python3.11/site-packages/airflow/example_dags/plugins/event_listener.py took 0.046 seconds
[2025-06-11T11:34:27.294+0200] {processor.py:157} INFO - Started process (PID=71090) to work on /home/diego.rivero/practica_creativa/env/lib/python3.11/site-packages/airflow/example_dags/plugins/event_listener.py
[2025-06-11T11:34:27.297+0200] {processor.py:829} INFO - Processing file /home/diego.rivero/practica_creativa/env/lib/python3.11/site-packages/airflow/example_dags/plugins/event_listener.py for tasks to queue
[2025-06-11T11:34:27.300+0200] {logging_mixin.py:154} INFO - [2025-06-11T11:34:27.299+0200] {dagbag.py:536} INFO - Filling up the DagBag from /home/diego.rivero/practica_creativa/env/lib/python3.11/site-packages/airflow/example_dags/plugins/event_listener.py
[2025-06-11T11:34:27.309+0200] {processor.py:841} WARNING - No viable dags retrieved from /home/diego.rivero/practica_creativa/env/lib/python3.11/site-packages/airflow/example_dags/plugins/event_listener.py
[2025-06-11T11:34:27.355+0200] {processor.py:179} INFO - Processing /home/diego.rivero/practica_creativa/env/lib/python3.11/site-packages/airflow/example_dags/plugins/event_listener.py took 0.071 seconds
[2025-06-11T11:35:18.264+0200] {processor.py:157} INFO - Started process (PID=71445) to work on /home/diego.rivero/practica_creativa/env/lib/python3.11/site-packages/airflow/example_dags/plugins/event_listener.py
[2025-06-11T11:35:18.266+0200] {processor.py:829} INFO - Processing file /home/diego.rivero/practica_creativa/env/lib/python3.11/site-packages/airflow/example_dags/plugins/event_listener.py for tasks to queue
[2025-06-11T11:35:18.268+0200] {logging_mixin.py:154} INFO - [2025-06-11T11:35:18.267+0200] {dagbag.py:536} INFO - Filling up the DagBag from /home/diego.rivero/practica_creativa/env/lib/python3.11/site-packages/airflow/example_dags/plugins/event_listener.py
[2025-06-11T11:35:18.274+0200] {processor.py:841} WARNING - No viable dags retrieved from /home/diego.rivero/practica_creativa/env/lib/python3.11/site-packages/airflow/example_dags/plugins/event_listener.py
[2025-06-11T11:35:18.302+0200] {processor.py:179} INFO - Processing /home/diego.rivero/practica_creativa/env/lib/python3.11/site-packages/airflow/example_dags/plugins/event_listener.py took 0.048 seconds
[2025-06-11T11:36:12.567+0200] {processor.py:157} INFO - Started process (PID=71785) to work on /home/diego.rivero/practica_creativa/env/lib/python3.11/site-packages/airflow/example_dags/plugins/event_listener.py
[2025-06-11T11:36:12.569+0200] {processor.py:829} INFO - Processing file /home/diego.rivero/practica_creativa/env/lib/python3.11/site-packages/airflow/example_dags/plugins/event_listener.py for tasks to queue
[2025-06-11T11:36:12.572+0200] {logging_mixin.py:154} INFO - [2025-06-11T11:36:12.571+0200] {dagbag.py:536} INFO - Filling up the DagBag from /home/diego.rivero/practica_creativa/env/lib/python3.11/site-packages/airflow/example_dags/plugins/event_listener.py
[2025-06-11T11:36:12.579+0200] {processor.py:841} WARNING - No viable dags retrieved from /home/diego.rivero/practica_creativa/env/lib/python3.11/site-packages/airflow/example_dags/plugins/event_listener.py
[2025-06-11T11:36:12.625+0200] {processor.py:179} INFO - Processing /home/diego.rivero/practica_creativa/env/lib/python3.11/site-packages/airflow/example_dags/plugins/event_listener.py took 0.068 seconds
[2025-06-11T11:37:03.663+0200] {processor.py:157} INFO - Started process (PID=72141) to work on /home/diego.rivero/practica_creativa/env/lib/python3.11/site-packages/airflow/example_dags/plugins/event_listener.py
[2025-06-11T11:37:03.666+0200] {processor.py:829} INFO - Processing file /home/diego.rivero/practica_creativa/env/lib/python3.11/site-packages/airflow/example_dags/plugins/event_listener.py for tasks to queue
[2025-06-11T11:37:03.668+0200] {logging_mixin.py:154} INFO - [2025-06-11T11:37:03.667+0200] {dagbag.py:536} INFO - Filling up the DagBag from /home/diego.rivero/practica_creativa/env/lib/python3.11/site-packages/airflow/example_dags/plugins/event_listener.py
[2025-06-11T11:37:03.676+0200] {processor.py:841} WARNING - No viable dags retrieved from /home/diego.rivero/practica_creativa/env/lib/python3.11/site-packages/airflow/example_dags/plugins/event_listener.py
[2025-06-11T11:37:03.702+0200] {processor.py:179} INFO - Processing /home/diego.rivero/practica_creativa/env/lib/python3.11/site-packages/airflow/example_dags/plugins/event_listener.py took 0.048 seconds
