[2025-06-11T11:28:25.486+0200] {processor.py:157} INFO - Started process (PID=68664) to work on /home/diego.rivero/practica_creativa/env/lib/python3.11/site-packages/airflow/example_dags/plugins/listener_plugin.py
[2025-06-11T11:28:25.488+0200] {processor.py:829} INFO - Processing file /home/diego.rivero/practica_creativa/env/lib/python3.11/site-packages/airflow/example_dags/plugins/listener_plugin.py for tasks to queue
[2025-06-11T11:28:25.491+0200] {logging_mixin.py:154} INFO - [2025-06-11T11:28:25.489+0200] {dagbag.py:536} INFO - Filling up the DagBag from /home/diego.rivero/practica_creativa/env/lib/python3.11/site-packages/airflow/example_dags/plugins/listener_plugin.py
[2025-06-11T11:28:25.500+0200] {processor.py:841} WARNING - No viable dags retrieved from /home/diego.rivero/practica_creativa/env/lib/python3.11/site-packages/airflow/example_dags/plugins/listener_plugin.py
[2025-06-11T11:28:25.551+0200] {processor.py:179} INFO - Processing /home/diego.rivero/practica_creativa/env/lib/python3.11/site-packages/airflow/example_dags/plugins/listener_plugin.py took 0.074 seconds
[2025-06-11T11:29:22.412+0200] {processor.py:157} INFO - Started process (PID=69063) to work on /home/diego.rivero/practica_creativa/env/lib/python3.11/site-packages/airflow/example_dags/plugins/listener_plugin.py
[2025-06-11T11:29:22.413+0200] {processor.py:829} INFO - Processing file /home/diego.rivero/practica_creativa/env/lib/python3.11/site-packages/airflow/example_dags/plugins/listener_plugin.py for tasks to queue
[2025-06-11T11:29:22.415+0200] {logging_mixin.py:154} INFO - [2025-06-11T11:29:22.414+0200] {dagbag.py:536} INFO - Filling up the DagBag from /home/diego.rivero/practica_creativa/env/lib/python3.11/site-packages/airflow/example_dags/plugins/listener_plugin.py
[2025-06-11T11:29:22.419+0200] {processor.py:841} WARNING - No viable dags retrieved from /home/diego.rivero/practica_creativa/env/lib/python3.11/site-packages/airflow/example_dags/plugins/listener_plugin.py
[2025-06-11T11:29:22.443+0200] {processor.py:179} INFO - Processing /home/diego.rivero/practica_creativa/env/lib/python3.11/site-packages/airflow/example_dags/plugins/listener_plugin.py took 0.037 seconds
[2025-06-11T11:30:14.276+0200] {processor.py:157} INFO - Started process (PID=69383) to work on /home/diego.rivero/practica_creativa/env/lib/python3.11/site-packages/airflow/example_dags/plugins/listener_plugin.py
[2025-06-11T11:30:14.277+0200] {processor.py:829} INFO - Processing file /home/diego.rivero/practica_creativa/env/lib/python3.11/site-packages/airflow/example_dags/plugins/listener_plugin.py for tasks to queue
[2025-06-11T11:30:14.277+0200] {logging_mixin.py:154} INFO - [2025-06-11T11:30:14.277+0200] {dagbag.py:536} INFO - Filling up the DagBag from /home/diego.rivero/practica_creativa/env/lib/python3.11/site-packages/airflow/example_dags/plugins/listener_plugin.py
[2025-06-11T11:30:14.280+0200] {processor.py:841} WARNING - No viable dags retrieved from /home/diego.rivero/practica_creativa/env/lib/python3.11/site-packages/airflow/example_dags/plugins/listener_plugin.py
[2025-06-11T11:30:14.300+0200] {processor.py:179} INFO - Processing /home/diego.rivero/practica_creativa/env/lib/python3.11/site-packages/airflow/example_dags/plugins/listener_plugin.py took 0.026 seconds
[2025-06-11T11:31:06.762+0200] {processor.py:157} INFO - Started process (PID=69742) to work on /home/diego.rivero/practica_creativa/env/lib/python3.11/site-packages/airflow/example_dags/plugins/listener_plugin.py
[2025-06-11T11:31:06.765+0200] {processor.py:829} INFO - Processing file /home/diego.rivero/practica_creativa/env/lib/python3.11/site-packages/airflow/example_dags/plugins/listener_plugin.py for tasks to queue
[2025-06-11T11:31:06.767+0200] {logging_mixin.py:154} INFO - [2025-06-11T11:31:06.766+0200] {dagbag.py:536} INFO - Filling up the DagBag from /home/diego.rivero/practica_creativa/env/lib/python3.11/site-packages/airflow/example_dags/plugins/listener_plugin.py
[2025-06-11T11:31:06.780+0200] {processor.py:841} WARNING - No viable dags retrieved from /home/diego.rivero/practica_creativa/env/lib/python3.11/site-packages/airflow/example_dags/plugins/listener_plugin.py
[2025-06-11T11:31:06.843+0200] {processor.py:179} INFO - Processing /home/diego.rivero/practica_creativa/env/lib/python3.11/site-packages/airflow/example_dags/plugins/listener_plugin.py took 0.092 seconds
[2025-06-11T11:31:57.207+0200] {processor.py:157} INFO - Started process (PID=70099) to work on /home/diego.rivero/practica_creativa/env/lib/python3.11/site-packages/airflow/example_dags/plugins/listener_plugin.py
[2025-06-11T11:31:57.209+0200] {processor.py:829} INFO - Processing file /home/diego.rivero/practica_creativa/env/lib/python3.11/site-packages/airflow/example_dags/plugins/listener_plugin.py for tasks to queue
[2025-06-11T11:31:57.212+0200] {logging_mixin.py:154} INFO - [2025-06-11T11:31:57.210+0200] {dagbag.py:536} INFO - Filling up the DagBag from /home/diego.rivero/practica_creativa/env/lib/python3.11/site-packages/airflow/example_dags/plugins/listener_plugin.py
[2025-06-11T11:31:57.221+0200] {processor.py:841} WARNING - No viable dags retrieved from /home/diego.rivero/practica_creativa/env/lib/python3.11/site-packages/airflow/example_dags/plugins/listener_plugin.py
[2025-06-11T11:31:57.273+0200] {processor.py:179} INFO - Processing /home/diego.rivero/practica_creativa/env/lib/python3.11/site-packages/airflow/example_dags/plugins/listener_plugin.py took 0.075 seconds
[2025-06-11T11:32:51.349+0200] {processor.py:157} INFO - Started process (PID=70473) to work on /home/diego.rivero/practica_creativa/env/lib/python3.11/site-packages/airflow/example_dags/plugins/listener_plugin.py
[2025-06-11T11:32:51.350+0200] {processor.py:829} INFO - Processing file /home/diego.rivero/practica_creativa/env/lib/python3.11/site-packages/airflow/example_dags/plugins/listener_plugin.py for tasks to queue
[2025-06-11T11:32:51.351+0200] {logging_mixin.py:154} INFO - [2025-06-11T11:32:51.351+0200] {dagbag.py:536} INFO - Filling up the DagBag from /home/diego.rivero/practica_creativa/env/lib/python3.11/site-packages/airflow/example_dags/plugins/listener_plugin.py
[2025-06-11T11:32:51.356+0200] {processor.py:841} WARNING - No viable dags retrieved from /home/diego.rivero/practica_creativa/env/lib/python3.11/site-packages/airflow/example_dags/plugins/listener_plugin.py
[2025-06-11T11:32:51.379+0200] {processor.py:179} INFO - Processing /home/diego.rivero/practica_creativa/env/lib/python3.11/site-packages/airflow/example_dags/plugins/listener_plugin.py took 0.035 seconds
[2025-06-11T11:33:37.796+0200] {processor.py:157} INFO - Started process (PID=70768) to work on /home/diego.rivero/practica_creativa/env/lib/python3.11/site-packages/airflow/example_dags/plugins/listener_plugin.py
[2025-06-11T11:33:37.796+0200] {processor.py:829} INFO - Processing file /home/diego.rivero/practica_creativa/env/lib/python3.11/site-packages/airflow/example_dags/plugins/listener_plugin.py for tasks to queue
[2025-06-11T11:33:37.797+0200] {logging_mixin.py:154} INFO - [2025-06-11T11:33:37.797+0200] {dagbag.py:536} INFO - Filling up the DagBag from /home/diego.rivero/practica_creativa/env/lib/python3.11/site-packages/airflow/example_dags/plugins/listener_plugin.py
[2025-06-11T11:33:37.800+0200] {processor.py:841} WARNING - No viable dags retrieved from /home/diego.rivero/practica_creativa/env/lib/python3.11/site-packages/airflow/example_dags/plugins/listener_plugin.py
[2025-06-11T11:33:37.819+0200] {processor.py:179} INFO - Processing /home/diego.rivero/practica_creativa/env/lib/python3.11/site-packages/airflow/example_dags/plugins/listener_plugin.py took 0.026 seconds
[2025-06-11T11:34:26.011+0200] {processor.py:157} INFO - Started process (PID=71083) to work on /home/diego.rivero/practica_creativa/env/lib/python3.11/site-packages/airflow/example_dags/plugins/listener_plugin.py
[2025-06-11T11:34:26.014+0200] {processor.py:829} INFO - Processing file /home/diego.rivero/practica_creativa/env/lib/python3.11/site-packages/airflow/example_dags/plugins/listener_plugin.py for tasks to queue
[2025-06-11T11:34:26.017+0200] {logging_mixin.py:154} INFO - [2025-06-11T11:34:26.016+0200] {dagbag.py:536} INFO - Filling up the DagBag from /home/diego.rivero/practica_creativa/env/lib/python3.11/site-packages/airflow/example_dags/plugins/listener_plugin.py
[2025-06-11T11:34:26.028+0200] {processor.py:841} WARNING - No viable dags retrieved from /home/diego.rivero/practica_creativa/env/lib/python3.11/site-packages/airflow/example_dags/plugins/listener_plugin.py
[2025-06-11T11:34:26.076+0200] {processor.py:179} INFO - Processing /home/diego.rivero/practica_creativa/env/lib/python3.11/site-packages/airflow/example_dags/plugins/listener_plugin.py took 0.075 seconds
[2025-06-11T11:35:17.008+0200] {processor.py:157} INFO - Started process (PID=71402) to work on /home/diego.rivero/practica_creativa/env/lib/python3.11/site-packages/airflow/example_dags/plugins/listener_plugin.py
[2025-06-11T11:35:17.011+0200] {processor.py:829} INFO - Processing file /home/diego.rivero/practica_creativa/env/lib/python3.11/site-packages/airflow/example_dags/plugins/listener_plugin.py for tasks to queue
[2025-06-11T11:35:17.013+0200] {logging_mixin.py:154} INFO - [2025-06-11T11:35:17.012+0200] {dagbag.py:536} INFO - Filling up the DagBag from /home/diego.rivero/practica_creativa/env/lib/python3.11/site-packages/airflow/example_dags/plugins/listener_plugin.py
[2025-06-11T11:35:17.022+0200] {processor.py:841} WARNING - No viable dags retrieved from /home/diego.rivero/practica_creativa/env/lib/python3.11/site-packages/airflow/example_dags/plugins/listener_plugin.py
[2025-06-11T11:35:17.074+0200] {processor.py:179} INFO - Processing /home/diego.rivero/practica_creativa/env/lib/python3.11/site-packages/airflow/example_dags/plugins/listener_plugin.py took 0.078 seconds
[2025-06-11T11:36:11.510+0200] {processor.py:157} INFO - Started process (PID=71778) to work on /home/diego.rivero/practica_creativa/env/lib/python3.11/site-packages/airflow/example_dags/plugins/listener_plugin.py
[2025-06-11T11:36:11.512+0200] {processor.py:829} INFO - Processing file /home/diego.rivero/practica_creativa/env/lib/python3.11/site-packages/airflow/example_dags/plugins/listener_plugin.py for tasks to queue
[2025-06-11T11:36:11.515+0200] {logging_mixin.py:154} INFO - [2025-06-11T11:36:11.513+0200] {dagbag.py:536} INFO - Filling up the DagBag from /home/diego.rivero/practica_creativa/env/lib/python3.11/site-packages/airflow/example_dags/plugins/listener_plugin.py
[2025-06-11T11:36:11.524+0200] {processor.py:841} WARNING - No viable dags retrieved from /home/diego.rivero/practica_creativa/env/lib/python3.11/site-packages/airflow/example_dags/plugins/listener_plugin.py
[2025-06-11T11:36:11.574+0200] {processor.py:179} INFO - Processing /home/diego.rivero/practica_creativa/env/lib/python3.11/site-packages/airflow/example_dags/plugins/listener_plugin.py took 0.075 seconds
[2025-06-11T11:37:02.687+0200] {processor.py:157} INFO - Started process (PID=72135) to work on /home/diego.rivero/practica_creativa/env/lib/python3.11/site-packages/airflow/example_dags/plugins/listener_plugin.py
[2025-06-11T11:37:02.690+0200] {processor.py:829} INFO - Processing file /home/diego.rivero/practica_creativa/env/lib/python3.11/site-packages/airflow/example_dags/plugins/listener_plugin.py for tasks to queue
[2025-06-11T11:37:02.692+0200] {logging_mixin.py:154} INFO - [2025-06-11T11:37:02.691+0200] {dagbag.py:536} INFO - Filling up the DagBag from /home/diego.rivero/practica_creativa/env/lib/python3.11/site-packages/airflow/example_dags/plugins/listener_plugin.py
[2025-06-11T11:37:02.702+0200] {processor.py:841} WARNING - No viable dags retrieved from /home/diego.rivero/practica_creativa/env/lib/python3.11/site-packages/airflow/example_dags/plugins/listener_plugin.py
[2025-06-11T11:37:02.751+0200] {processor.py:179} INFO - Processing /home/diego.rivero/practica_creativa/env/lib/python3.11/site-packages/airflow/example_dags/plugins/listener_plugin.py took 0.073 seconds
