[2025-06-11T11:28:24.234+0200] {processor.py:157} INFO - Started process (PID=68655) to work on /home/diego.rivero/practica_creativa/env/lib/python3.11/site-packages/airflow/example_dags/plugins/workday.py
[2025-06-11T11:28:24.236+0200] {processor.py:829} INFO - Processing file /home/diego.rivero/practica_creativa/env/lib/python3.11/site-packages/airflow/example_dags/plugins/workday.py for tasks to queue
[2025-06-11T11:28:24.238+0200] {logging_mixin.py:154} INFO - [2025-06-11T11:28:24.237+0200] {dagbag.py:536} INFO - Filling up the DagBag from /home/diego.rivero/practica_creativa/env/lib/python3.11/site-packages/airflow/example_dags/plugins/workday.py
[2025-06-11T11:28:24.248+0200] {logging_mixin.py:154} INFO - [2025-06-11T11:28:24.247+0200] {workday.py:36} WARNING - Could not import pandas. Holidays will not be considered.
[2025-06-11T11:28:24.249+0200] {processor.py:841} WARNING - No viable dags retrieved from /home/diego.rivero/practica_creativa/env/lib/python3.11/site-packages/airflow/example_dags/plugins/workday.py
[2025-06-11T11:28:24.283+0200] {processor.py:179} INFO - Processing /home/diego.rivero/practica_creativa/env/lib/python3.11/site-packages/airflow/example_dags/plugins/workday.py took 0.058 seconds
[2025-06-11T11:29:21.118+0200] {processor.py:157} INFO - Started process (PID=69056) to work on /home/diego.rivero/practica_creativa/env/lib/python3.11/site-packages/airflow/example_dags/plugins/workday.py
[2025-06-11T11:29:21.119+0200] {processor.py:829} INFO - Processing file /home/diego.rivero/practica_creativa/env/lib/python3.11/site-packages/airflow/example_dags/plugins/workday.py for tasks to queue
[2025-06-11T11:29:21.120+0200] {logging_mixin.py:154} INFO - [2025-06-11T11:29:21.120+0200] {dagbag.py:536} INFO - Filling up the DagBag from /home/diego.rivero/practica_creativa/env/lib/python3.11/site-packages/airflow/example_dags/plugins/workday.py
[2025-06-11T11:29:21.125+0200] {logging_mixin.py:154} INFO - [2025-06-11T11:29:21.125+0200] {workday.py:36} WARNING - Could not import pandas. Holidays will not be considered.
[2025-06-11T11:29:21.126+0200] {processor.py:841} WARNING - No viable dags retrieved from /home/diego.rivero/practica_creativa/env/lib/python3.11/site-packages/airflow/example_dags/plugins/workday.py
[2025-06-11T11:29:21.150+0200] {processor.py:179} INFO - Processing /home/diego.rivero/practica_creativa/env/lib/python3.11/site-packages/airflow/example_dags/plugins/workday.py took 0.037 seconds
[2025-06-11T11:30:13.064+0200] {processor.py:157} INFO - Started process (PID=69378) to work on /home/diego.rivero/practica_creativa/env/lib/python3.11/site-packages/airflow/example_dags/plugins/workday.py
[2025-06-11T11:30:13.065+0200] {processor.py:829} INFO - Processing file /home/diego.rivero/practica_creativa/env/lib/python3.11/site-packages/airflow/example_dags/plugins/workday.py for tasks to queue
[2025-06-11T11:30:13.066+0200] {logging_mixin.py:154} INFO - [2025-06-11T11:30:13.065+0200] {dagbag.py:536} INFO - Filling up the DagBag from /home/diego.rivero/practica_creativa/env/lib/python3.11/site-packages/airflow/example_dags/plugins/workday.py
[2025-06-11T11:30:13.069+0200] {logging_mixin.py:154} INFO - [2025-06-11T11:30:13.069+0200] {workday.py:36} WARNING - Could not import pandas. Holidays will not be considered.
[2025-06-11T11:30:13.069+0200] {processor.py:841} WARNING - No viable dags retrieved from /home/diego.rivero/practica_creativa/env/lib/python3.11/site-packages/airflow/example_dags/plugins/workday.py
[2025-06-11T11:30:13.092+0200] {processor.py:179} INFO - Processing /home/diego.rivero/practica_creativa/env/lib/python3.11/site-packages/airflow/example_dags/plugins/workday.py took 0.032 seconds
[2025-06-11T11:31:05.473+0200] {processor.py:157} INFO - Started process (PID=69740) to work on /home/diego.rivero/practica_creativa/env/lib/python3.11/site-packages/airflow/example_dags/plugins/workday.py
[2025-06-11T11:31:05.474+0200] {processor.py:829} INFO - Processing file /home/diego.rivero/practica_creativa/env/lib/python3.11/site-packages/airflow/example_dags/plugins/workday.py for tasks to queue
[2025-06-11T11:31:05.475+0200] {logging_mixin.py:154} INFO - [2025-06-11T11:31:05.475+0200] {dagbag.py:536} INFO - Filling up the DagBag from /home/diego.rivero/practica_creativa/env/lib/python3.11/site-packages/airflow/example_dags/plugins/workday.py
[2025-06-11T11:31:05.480+0200] {logging_mixin.py:154} INFO - [2025-06-11T11:31:05.480+0200] {workday.py:36} WARNING - Could not import pandas. Holidays will not be considered.
[2025-06-11T11:31:05.480+0200] {processor.py:841} WARNING - No viable dags retrieved from /home/diego.rivero/practica_creativa/env/lib/python3.11/site-packages/airflow/example_dags/plugins/workday.py
[2025-06-11T11:31:05.502+0200] {processor.py:179} INFO - Processing /home/diego.rivero/practica_creativa/env/lib/python3.11/site-packages/airflow/example_dags/plugins/workday.py took 0.035 seconds
[2025-06-11T11:31:55.938+0200] {processor.py:157} INFO - Started process (PID=70095) to work on /home/diego.rivero/practica_creativa/env/lib/python3.11/site-packages/airflow/example_dags/plugins/workday.py
[2025-06-11T11:31:55.940+0200] {processor.py:829} INFO - Processing file /home/diego.rivero/practica_creativa/env/lib/python3.11/site-packages/airflow/example_dags/plugins/workday.py for tasks to queue
[2025-06-11T11:31:55.941+0200] {logging_mixin.py:154} INFO - [2025-06-11T11:31:55.941+0200] {dagbag.py:536} INFO - Filling up the DagBag from /home/diego.rivero/practica_creativa/env/lib/python3.11/site-packages/airflow/example_dags/plugins/workday.py
[2025-06-11T11:31:55.946+0200] {logging_mixin.py:154} INFO - [2025-06-11T11:31:55.946+0200] {workday.py:36} WARNING - Could not import pandas. Holidays will not be considered.
[2025-06-11T11:31:55.946+0200] {processor.py:841} WARNING - No viable dags retrieved from /home/diego.rivero/practica_creativa/env/lib/python3.11/site-packages/airflow/example_dags/plugins/workday.py
[2025-06-11T11:31:55.970+0200] {processor.py:179} INFO - Processing /home/diego.rivero/practica_creativa/env/lib/python3.11/site-packages/airflow/example_dags/plugins/workday.py took 0.039 seconds
[2025-06-11T11:32:50.095+0200] {processor.py:157} INFO - Started process (PID=70470) to work on /home/diego.rivero/practica_creativa/env/lib/python3.11/site-packages/airflow/example_dags/plugins/workday.py
[2025-06-11T11:32:50.096+0200] {processor.py:829} INFO - Processing file /home/diego.rivero/practica_creativa/env/lib/python3.11/site-packages/airflow/example_dags/plugins/workday.py for tasks to queue
[2025-06-11T11:32:50.097+0200] {logging_mixin.py:154} INFO - [2025-06-11T11:32:50.096+0200] {dagbag.py:536} INFO - Filling up the DagBag from /home/diego.rivero/practica_creativa/env/lib/python3.11/site-packages/airflow/example_dags/plugins/workday.py
[2025-06-11T11:32:50.101+0200] {logging_mixin.py:154} INFO - [2025-06-11T11:32:50.100+0200] {workday.py:36} WARNING - Could not import pandas. Holidays will not be considered.
[2025-06-11T11:32:50.101+0200] {processor.py:841} WARNING - No viable dags retrieved from /home/diego.rivero/practica_creativa/env/lib/python3.11/site-packages/airflow/example_dags/plugins/workday.py
[2025-06-11T11:32:50.125+0200] {processor.py:179} INFO - Processing /home/diego.rivero/practica_creativa/env/lib/python3.11/site-packages/airflow/example_dags/plugins/workday.py took 0.034 seconds
[2025-06-11T11:33:36.808+0200] {processor.py:157} INFO - Started process (PID=70731) to work on /home/diego.rivero/practica_creativa/env/lib/python3.11/site-packages/airflow/example_dags/plugins/workday.py
[2025-06-11T11:33:36.810+0200] {processor.py:829} INFO - Processing file /home/diego.rivero/practica_creativa/env/lib/python3.11/site-packages/airflow/example_dags/plugins/workday.py for tasks to queue
[2025-06-11T11:33:36.812+0200] {logging_mixin.py:154} INFO - [2025-06-11T11:33:36.811+0200] {dagbag.py:536} INFO - Filling up the DagBag from /home/diego.rivero/practica_creativa/env/lib/python3.11/site-packages/airflow/example_dags/plugins/workday.py
[2025-06-11T11:33:36.818+0200] {logging_mixin.py:154} INFO - [2025-06-11T11:33:36.818+0200] {workday.py:36} WARNING - Could not import pandas. Holidays will not be considered.
[2025-06-11T11:33:36.819+0200] {processor.py:841} WARNING - No viable dags retrieved from /home/diego.rivero/practica_creativa/env/lib/python3.11/site-packages/airflow/example_dags/plugins/workday.py
[2025-06-11T11:33:36.845+0200] {processor.py:179} INFO - Processing /home/diego.rivero/practica_creativa/env/lib/python3.11/site-packages/airflow/example_dags/plugins/workday.py took 0.043 seconds
[2025-06-11T11:34:24.768+0200] {processor.py:157} INFO - Started process (PID=71081) to work on /home/diego.rivero/practica_creativa/env/lib/python3.11/site-packages/airflow/example_dags/plugins/workday.py
[2025-06-11T11:34:24.768+0200] {processor.py:829} INFO - Processing file /home/diego.rivero/practica_creativa/env/lib/python3.11/site-packages/airflow/example_dags/plugins/workday.py for tasks to queue
[2025-06-11T11:34:24.769+0200] {logging_mixin.py:154} INFO - [2025-06-11T11:34:24.769+0200] {dagbag.py:536} INFO - Filling up the DagBag from /home/diego.rivero/practica_creativa/env/lib/python3.11/site-packages/airflow/example_dags/plugins/workday.py
[2025-06-11T11:34:24.773+0200] {logging_mixin.py:154} INFO - [2025-06-11T11:34:24.772+0200] {workday.py:36} WARNING - Could not import pandas. Holidays will not be considered.
[2025-06-11T11:34:24.773+0200] {processor.py:841} WARNING - No viable dags retrieved from /home/diego.rivero/practica_creativa/env/lib/python3.11/site-packages/airflow/example_dags/plugins/workday.py
[2025-06-11T11:34:24.797+0200] {processor.py:179} INFO - Processing /home/diego.rivero/practica_creativa/env/lib/python3.11/site-packages/airflow/example_dags/plugins/workday.py took 0.032 seconds
[2025-06-11T11:35:15.790+0200] {processor.py:157} INFO - Started process (PID=71394) to work on /home/diego.rivero/practica_creativa/env/lib/python3.11/site-packages/airflow/example_dags/plugins/workday.py
[2025-06-11T11:35:15.793+0200] {processor.py:829} INFO - Processing file /home/diego.rivero/practica_creativa/env/lib/python3.11/site-packages/airflow/example_dags/plugins/workday.py for tasks to queue
[2025-06-11T11:35:15.795+0200] {logging_mixin.py:154} INFO - [2025-06-11T11:35:15.794+0200] {dagbag.py:536} INFO - Filling up the DagBag from /home/diego.rivero/practica_creativa/env/lib/python3.11/site-packages/airflow/example_dags/plugins/workday.py
[2025-06-11T11:35:15.805+0200] {logging_mixin.py:154} INFO - [2025-06-11T11:35:15.804+0200] {workday.py:36} WARNING - Could not import pandas. Holidays will not be considered.
[2025-06-11T11:35:15.806+0200] {processor.py:841} WARNING - No viable dags retrieved from /home/diego.rivero/practica_creativa/env/lib/python3.11/site-packages/airflow/example_dags/plugins/workday.py
[2025-06-11T11:35:15.848+0200] {processor.py:179} INFO - Processing /home/diego.rivero/practica_creativa/env/lib/python3.11/site-packages/airflow/example_dags/plugins/workday.py took 0.067 seconds
[2025-06-11T11:36:10.213+0200] {processor.py:157} INFO - Started process (PID=71774) to work on /home/diego.rivero/practica_creativa/env/lib/python3.11/site-packages/airflow/example_dags/plugins/workday.py
[2025-06-11T11:36:10.214+0200] {processor.py:829} INFO - Processing file /home/diego.rivero/practica_creativa/env/lib/python3.11/site-packages/airflow/example_dags/plugins/workday.py for tasks to queue
[2025-06-11T11:36:10.214+0200] {logging_mixin.py:154} INFO - [2025-06-11T11:36:10.214+0200] {dagbag.py:536} INFO - Filling up the DagBag from /home/diego.rivero/practica_creativa/env/lib/python3.11/site-packages/airflow/example_dags/plugins/workday.py
[2025-06-11T11:36:10.217+0200] {logging_mixin.py:154} INFO - [2025-06-11T11:36:10.217+0200] {workday.py:36} WARNING - Could not import pandas. Holidays will not be considered.
[2025-06-11T11:36:10.218+0200] {processor.py:841} WARNING - No viable dags retrieved from /home/diego.rivero/practica_creativa/env/lib/python3.11/site-packages/airflow/example_dags/plugins/workday.py
[2025-06-11T11:36:10.239+0200] {processor.py:179} INFO - Processing /home/diego.rivero/practica_creativa/env/lib/python3.11/site-packages/airflow/example_dags/plugins/workday.py took 0.029 seconds
[2025-06-11T11:37:01.413+0200] {processor.py:157} INFO - Started process (PID=72132) to work on /home/diego.rivero/practica_creativa/env/lib/python3.11/site-packages/airflow/example_dags/plugins/workday.py
[2025-06-11T11:37:01.415+0200] {processor.py:829} INFO - Processing file /home/diego.rivero/practica_creativa/env/lib/python3.11/site-packages/airflow/example_dags/plugins/workday.py for tasks to queue
[2025-06-11T11:37:01.416+0200] {logging_mixin.py:154} INFO - [2025-06-11T11:37:01.416+0200] {dagbag.py:536} INFO - Filling up the DagBag from /home/diego.rivero/practica_creativa/env/lib/python3.11/site-packages/airflow/example_dags/plugins/workday.py
[2025-06-11T11:37:01.423+0200] {logging_mixin.py:154} INFO - [2025-06-11T11:37:01.423+0200] {workday.py:36} WARNING - Could not import pandas. Holidays will not be considered.
[2025-06-11T11:37:01.424+0200] {processor.py:841} WARNING - No viable dags retrieved from /home/diego.rivero/practica_creativa/env/lib/python3.11/site-packages/airflow/example_dags/plugins/workday.py
[2025-06-11T11:37:01.459+0200] {processor.py:179} INFO - Processing /home/diego.rivero/practica_creativa/env/lib/python3.11/site-packages/airflow/example_dags/plugins/workday.py took 0.052 seconds
