[2025-06-11T11:28:43.323+0200] {processor.py:157} INFO - Started process (PID=68783) to work on /home/diego.rivero/practica_creativa/env/lib/python3.11/site-packages/airflow/example_dags/example_short_circuit_operator.py
[2025-06-11T11:28:43.324+0200] {processor.py:829} INFO - Processing file /home/diego.rivero/practica_creativa/env/lib/python3.11/site-packages/airflow/example_dags/example_short_circuit_operator.py for tasks to queue
[2025-06-11T11:28:43.325+0200] {logging_mixin.py:154} INFO - [2025-06-11T11:28:43.324+0200] {dagbag.py:536} INFO - Filling up the DagBag from /home/diego.rivero/practica_creativa/env/lib/python3.11/site-packages/airflow/example_dags/example_short_circuit_operator.py
[2025-06-11T11:28:43.334+0200] {processor.py:839} INFO - DAG(s) dict_keys(['example_short_circuit_operator']) retrieved from /home/diego.rivero/practica_creativa/env/lib/python3.11/site-packages/airflow/example_dags/example_short_circuit_operator.py
[2025-06-11T11:28:43.367+0200] {logging_mixin.py:154} INFO - [2025-06-11T11:28:43.367+0200] {dag.py:2941} INFO - Sync 1 DAGs
[2025-06-11T11:28:43.395+0200] {logging_mixin.py:154} INFO - [2025-06-11T11:28:43.395+0200] {dag.py:3722} INFO - Setting next_dagrun for example_short_circuit_operator to 2025-06-10T09:28:43.395302+00:00, run_after=2025-06-11T09:28:43.395302+00:00
[2025-06-11T11:28:43.449+0200] {processor.py:179} INFO - Processing /home/diego.rivero/practica_creativa/env/lib/python3.11/site-packages/airflow/example_dags/example_short_circuit_operator.py took 0.130 seconds
[2025-06-11T11:29:38.455+0200] {processor.py:157} INFO - Started process (PID=69167) to work on /home/diego.rivero/practica_creativa/env/lib/python3.11/site-packages/airflow/example_dags/example_short_circuit_operator.py
[2025-06-11T11:29:38.456+0200] {processor.py:829} INFO - Processing file /home/diego.rivero/practica_creativa/env/lib/python3.11/site-packages/airflow/example_dags/example_short_circuit_operator.py for tasks to queue
[2025-06-11T11:29:38.458+0200] {logging_mixin.py:154} INFO - [2025-06-11T11:29:38.457+0200] {dagbag.py:536} INFO - Filling up the DagBag from /home/diego.rivero/practica_creativa/env/lib/python3.11/site-packages/airflow/example_dags/example_short_circuit_operator.py
[2025-06-11T11:29:38.469+0200] {processor.py:839} INFO - DAG(s) dict_keys(['example_short_circuit_operator']) retrieved from /home/diego.rivero/practica_creativa/env/lib/python3.11/site-packages/airflow/example_dags/example_short_circuit_operator.py
[2025-06-11T11:29:38.498+0200] {logging_mixin.py:154} INFO - [2025-06-11T11:29:38.498+0200] {dag.py:2941} INFO - Sync 1 DAGs
[2025-06-11T11:29:38.526+0200] {logging_mixin.py:154} INFO - [2025-06-11T11:29:38.526+0200] {dag.py:3722} INFO - Setting next_dagrun for example_short_circuit_operator to 2025-06-10T09:29:38.526144+00:00, run_after=2025-06-11T09:29:38.526144+00:00
[2025-06-11T11:29:38.584+0200] {processor.py:179} INFO - Processing /home/diego.rivero/practica_creativa/env/lib/python3.11/site-packages/airflow/example_dags/example_short_circuit_operator.py took 0.136 seconds
[2025-06-11T11:30:30.626+0200] {processor.py:157} INFO - Started process (PID=69503) to work on /home/diego.rivero/practica_creativa/env/lib/python3.11/site-packages/airflow/example_dags/example_short_circuit_operator.py
[2025-06-11T11:30:30.627+0200] {processor.py:829} INFO - Processing file /home/diego.rivero/practica_creativa/env/lib/python3.11/site-packages/airflow/example_dags/example_short_circuit_operator.py for tasks to queue
[2025-06-11T11:30:30.628+0200] {logging_mixin.py:154} INFO - [2025-06-11T11:30:30.627+0200] {dagbag.py:536} INFO - Filling up the DagBag from /home/diego.rivero/practica_creativa/env/lib/python3.11/site-packages/airflow/example_dags/example_short_circuit_operator.py
[2025-06-11T11:30:30.637+0200] {processor.py:839} INFO - DAG(s) dict_keys(['example_short_circuit_operator']) retrieved from /home/diego.rivero/practica_creativa/env/lib/python3.11/site-packages/airflow/example_dags/example_short_circuit_operator.py
[2025-06-11T11:30:30.665+0200] {logging_mixin.py:154} INFO - [2025-06-11T11:30:30.665+0200] {dag.py:2941} INFO - Sync 1 DAGs
[2025-06-11T11:30:30.692+0200] {logging_mixin.py:154} INFO - [2025-06-11T11:30:30.691+0200] {dag.py:3722} INFO - Setting next_dagrun for example_short_circuit_operator to 2025-06-10T09:30:30.691769+00:00, run_after=2025-06-11T09:30:30.691769+00:00
[2025-06-11T11:30:30.743+0200] {processor.py:179} INFO - Processing /home/diego.rivero/practica_creativa/env/lib/python3.11/site-packages/airflow/example_dags/example_short_circuit_operator.py took 0.122 seconds
[2025-06-11T11:31:24.451+0200] {processor.py:157} INFO - Started process (PID=69873) to work on /home/diego.rivero/practica_creativa/env/lib/python3.11/site-packages/airflow/example_dags/example_short_circuit_operator.py
[2025-06-11T11:31:24.453+0200] {processor.py:829} INFO - Processing file /home/diego.rivero/practica_creativa/env/lib/python3.11/site-packages/airflow/example_dags/example_short_circuit_operator.py for tasks to queue
[2025-06-11T11:31:24.456+0200] {logging_mixin.py:154} INFO - [2025-06-11T11:31:24.455+0200] {dagbag.py:536} INFO - Filling up the DagBag from /home/diego.rivero/practica_creativa/env/lib/python3.11/site-packages/airflow/example_dags/example_short_circuit_operator.py
[2025-06-11T11:31:24.485+0200] {processor.py:839} INFO - DAG(s) dict_keys(['example_short_circuit_operator']) retrieved from /home/diego.rivero/practica_creativa/env/lib/python3.11/site-packages/airflow/example_dags/example_short_circuit_operator.py
[2025-06-11T11:31:24.529+0200] {logging_mixin.py:154} INFO - [2025-06-11T11:31:24.529+0200] {dag.py:2941} INFO - Sync 1 DAGs
[2025-06-11T11:31:24.555+0200] {logging_mixin.py:154} INFO - [2025-06-11T11:31:24.555+0200] {dag.py:3722} INFO - Setting next_dagrun for example_short_circuit_operator to 2025-06-10T09:31:24.554960+00:00, run_after=2025-06-11T09:31:24.554960+00:00
[2025-06-11T11:31:24.606+0200] {processor.py:179} INFO - Processing /home/diego.rivero/practica_creativa/env/lib/python3.11/site-packages/airflow/example_dags/example_short_circuit_operator.py took 0.165 seconds
[2025-06-11T11:32:15.072+0200] {processor.py:157} INFO - Started process (PID=70190) to work on /home/diego.rivero/practica_creativa/env/lib/python3.11/site-packages/airflow/example_dags/example_short_circuit_operator.py
[2025-06-11T11:32:15.072+0200] {processor.py:829} INFO - Processing file /home/diego.rivero/practica_creativa/env/lib/python3.11/site-packages/airflow/example_dags/example_short_circuit_operator.py for tasks to queue
[2025-06-11T11:32:15.073+0200] {logging_mixin.py:154} INFO - [2025-06-11T11:32:15.073+0200] {dagbag.py:536} INFO - Filling up the DagBag from /home/diego.rivero/practica_creativa/env/lib/python3.11/site-packages/airflow/example_dags/example_short_circuit_operator.py
[2025-06-11T11:32:15.080+0200] {processor.py:839} INFO - DAG(s) dict_keys(['example_short_circuit_operator']) retrieved from /home/diego.rivero/practica_creativa/env/lib/python3.11/site-packages/airflow/example_dags/example_short_circuit_operator.py
[2025-06-11T11:32:15.108+0200] {logging_mixin.py:154} INFO - [2025-06-11T11:32:15.108+0200] {dag.py:2941} INFO - Sync 1 DAGs
[2025-06-11T11:32:15.132+0200] {logging_mixin.py:154} INFO - [2025-06-11T11:32:15.132+0200] {dag.py:3722} INFO - Setting next_dagrun for example_short_circuit_operator to 2025-06-10T09:32:15.132309+00:00, run_after=2025-06-11T09:32:15.132309+00:00
[2025-06-11T11:32:15.186+0200] {processor.py:179} INFO - Processing /home/diego.rivero/practica_creativa/env/lib/python3.11/site-packages/airflow/example_dags/example_short_circuit_operator.py took 0.117 seconds
[2025-06-11T11:33:06.828+0200] {processor.py:157} INFO - Started process (PID=70547) to work on /home/diego.rivero/practica_creativa/env/lib/python3.11/site-packages/airflow/example_dags/example_short_circuit_operator.py
[2025-06-11T11:33:06.829+0200] {processor.py:829} INFO - Processing file /home/diego.rivero/practica_creativa/env/lib/python3.11/site-packages/airflow/example_dags/example_short_circuit_operator.py for tasks to queue
[2025-06-11T11:33:06.830+0200] {logging_mixin.py:154} INFO - [2025-06-11T11:33:06.830+0200] {dagbag.py:536} INFO - Filling up the DagBag from /home/diego.rivero/practica_creativa/env/lib/python3.11/site-packages/airflow/example_dags/example_short_circuit_operator.py
[2025-06-11T11:33:06.844+0200] {processor.py:839} INFO - DAG(s) dict_keys(['example_short_circuit_operator']) retrieved from /home/diego.rivero/practica_creativa/env/lib/python3.11/site-packages/airflow/example_dags/example_short_circuit_operator.py
[2025-06-11T11:33:06.875+0200] {logging_mixin.py:154} INFO - [2025-06-11T11:33:06.875+0200] {dag.py:2941} INFO - Sync 1 DAGs
[2025-06-11T11:33:06.903+0200] {logging_mixin.py:154} INFO - [2025-06-11T11:33:06.903+0200] {dag.py:3722} INFO - Setting next_dagrun for example_short_circuit_operator to 2025-06-10T09:33:06.903175+00:00, run_after=2025-06-11T09:33:06.903175+00:00
[2025-06-11T11:33:06.972+0200] {processor.py:179} INFO - Processing /home/diego.rivero/practica_creativa/env/lib/python3.11/site-packages/airflow/example_dags/example_short_circuit_operator.py took 0.149 seconds
[2025-06-11T11:34:00.993+0200] {processor.py:157} INFO - Started process (PID=70924) to work on /home/diego.rivero/practica_creativa/env/lib/python3.11/site-packages/airflow/example_dags/example_short_circuit_operator.py
[2025-06-11T11:34:00.995+0200] {processor.py:829} INFO - Processing file /home/diego.rivero/practica_creativa/env/lib/python3.11/site-packages/airflow/example_dags/example_short_circuit_operator.py for tasks to queue
[2025-06-11T11:34:00.996+0200] {logging_mixin.py:154} INFO - [2025-06-11T11:34:00.995+0200] {dagbag.py:536} INFO - Filling up the DagBag from /home/diego.rivero/practica_creativa/env/lib/python3.11/site-packages/airflow/example_dags/example_short_circuit_operator.py
[2025-06-11T11:34:01.016+0200] {processor.py:839} INFO - DAG(s) dict_keys(['example_short_circuit_operator']) retrieved from /home/diego.rivero/practica_creativa/env/lib/python3.11/site-packages/airflow/example_dags/example_short_circuit_operator.py
[2025-06-11T11:34:01.087+0200] {logging_mixin.py:154} INFO - [2025-06-11T11:34:01.086+0200] {dag.py:2941} INFO - Sync 1 DAGs
[2025-06-11T11:34:01.142+0200] {logging_mixin.py:154} INFO - [2025-06-11T11:34:01.141+0200] {dag.py:3722} INFO - Setting next_dagrun for example_short_circuit_operator to 2025-06-10T09:34:01.141335+00:00, run_after=2025-06-11T09:34:01.141335+00:00
[2025-06-11T11:34:01.239+0200] {processor.py:179} INFO - Processing /home/diego.rivero/practica_creativa/env/lib/python3.11/site-packages/airflow/example_dags/example_short_circuit_operator.py took 0.255 seconds
[2025-06-11T11:34:49.497+0200] {processor.py:157} INFO - Started process (PID=71266) to work on /home/diego.rivero/practica_creativa/env/lib/python3.11/site-packages/airflow/example_dags/example_short_circuit_operator.py
[2025-06-11T11:34:49.498+0200] {processor.py:829} INFO - Processing file /home/diego.rivero/practica_creativa/env/lib/python3.11/site-packages/airflow/example_dags/example_short_circuit_operator.py for tasks to queue
[2025-06-11T11:34:49.500+0200] {logging_mixin.py:154} INFO - [2025-06-11T11:34:49.499+0200] {dagbag.py:536} INFO - Filling up the DagBag from /home/diego.rivero/practica_creativa/env/lib/python3.11/site-packages/airflow/example_dags/example_short_circuit_operator.py
[2025-06-11T11:34:49.513+0200] {processor.py:839} INFO - DAG(s) dict_keys(['example_short_circuit_operator']) retrieved from /home/diego.rivero/practica_creativa/env/lib/python3.11/site-packages/airflow/example_dags/example_short_circuit_operator.py
[2025-06-11T11:34:49.548+0200] {logging_mixin.py:154} INFO - [2025-06-11T11:34:49.548+0200] {dag.py:2941} INFO - Sync 1 DAGs
[2025-06-11T11:34:49.583+0200] {logging_mixin.py:154} INFO - [2025-06-11T11:34:49.583+0200] {dag.py:3722} INFO - Setting next_dagrun for example_short_circuit_operator to 2025-06-10T09:34:49.583355+00:00, run_after=2025-06-11T09:34:49.583355+00:00
[2025-06-11T11:34:49.646+0200] {processor.py:179} INFO - Processing /home/diego.rivero/practica_creativa/env/lib/python3.11/site-packages/airflow/example_dags/example_short_circuit_operator.py took 0.158 seconds
[2025-06-11T11:35:42.677+0200] {processor.py:157} INFO - Started process (PID=71588) to work on /home/diego.rivero/practica_creativa/env/lib/python3.11/site-packages/airflow/example_dags/example_short_circuit_operator.py
[2025-06-11T11:35:42.679+0200] {processor.py:829} INFO - Processing file /home/diego.rivero/practica_creativa/env/lib/python3.11/site-packages/airflow/example_dags/example_short_circuit_operator.py for tasks to queue
[2025-06-11T11:35:42.681+0200] {logging_mixin.py:154} INFO - [2025-06-11T11:35:42.680+0200] {dagbag.py:536} INFO - Filling up the DagBag from /home/diego.rivero/practica_creativa/env/lib/python3.11/site-packages/airflow/example_dags/example_short_circuit_operator.py
[2025-06-11T11:35:42.702+0200] {processor.py:839} INFO - DAG(s) dict_keys(['example_short_circuit_operator']) retrieved from /home/diego.rivero/practica_creativa/env/lib/python3.11/site-packages/airflow/example_dags/example_short_circuit_operator.py
[2025-06-11T11:35:42.771+0200] {logging_mixin.py:154} INFO - [2025-06-11T11:35:42.770+0200] {dag.py:2941} INFO - Sync 1 DAGs
[2025-06-11T11:35:42.800+0200] {logging_mixin.py:154} INFO - [2025-06-11T11:35:42.800+0200] {dag.py:3722} INFO - Setting next_dagrun for example_short_circuit_operator to 2025-06-10T09:35:42.800310+00:00, run_after=2025-06-11T09:35:42.800310+00:00
[2025-06-11T11:35:42.854+0200] {processor.py:179} INFO - Processing /home/diego.rivero/practica_creativa/env/lib/python3.11/site-packages/airflow/example_dags/example_short_circuit_operator.py took 0.187 seconds
[2025-06-11T11:36:35.654+0200] {processor.py:157} INFO - Started process (PID=71931) to work on /home/diego.rivero/practica_creativa/env/lib/python3.11/site-packages/airflow/example_dags/example_short_circuit_operator.py
[2025-06-11T11:36:35.657+0200] {processor.py:829} INFO - Processing file /home/diego.rivero/practica_creativa/env/lib/python3.11/site-packages/airflow/example_dags/example_short_circuit_operator.py for tasks to queue
[2025-06-11T11:36:35.659+0200] {logging_mixin.py:154} INFO - [2025-06-11T11:36:35.658+0200] {dagbag.py:536} INFO - Filling up the DagBag from /home/diego.rivero/practica_creativa/env/lib/python3.11/site-packages/airflow/example_dags/example_short_circuit_operator.py
[2025-06-11T11:36:35.683+0200] {processor.py:839} INFO - DAG(s) dict_keys(['example_short_circuit_operator']) retrieved from /home/diego.rivero/practica_creativa/env/lib/python3.11/site-packages/airflow/example_dags/example_short_circuit_operator.py
[2025-06-11T11:36:35.715+0200] {logging_mixin.py:154} INFO - [2025-06-11T11:36:35.715+0200] {dag.py:2941} INFO - Sync 1 DAGs
[2025-06-11T11:36:35.742+0200] {logging_mixin.py:154} INFO - [2025-06-11T11:36:35.742+0200] {dag.py:3722} INFO - Setting next_dagrun for example_short_circuit_operator to 2025-06-10T09:36:35.741919+00:00, run_after=2025-06-11T09:36:35.741919+00:00
[2025-06-11T11:36:35.799+0200] {processor.py:179} INFO - Processing /home/diego.rivero/practica_creativa/env/lib/python3.11/site-packages/airflow/example_dags/example_short_circuit_operator.py took 0.155 seconds
