[2025-06-11T11:28:37.657+0200] {processor.py:157} INFO - Started process (PID=68755) to work on /home/diego.rivero/practica_creativa/env/lib/python3.11/site-packages/airflow/example_dags/example_trigger_controller_dag.py
[2025-06-11T11:28:37.657+0200] {processor.py:829} INFO - Processing file /home/diego.rivero/practica_creativa/env/lib/python3.11/site-packages/airflow/example_dags/example_trigger_controller_dag.py for tasks to queue
[2025-06-11T11:28:37.658+0200] {logging_mixin.py:154} INFO - [2025-06-11T11:28:37.658+0200] {dagbag.py:536} INFO - Filling up the DagBag from /home/diego.rivero/practica_creativa/env/lib/python3.11/site-packages/airflow/example_dags/example_trigger_controller_dag.py
[2025-06-11T11:28:37.667+0200] {processor.py:839} INFO - DAG(s) dict_keys(['example_trigger_controller_dag']) retrieved from /home/diego.rivero/practica_creativa/env/lib/python3.11/site-packages/airflow/example_dags/example_trigger_controller_dag.py
[2025-06-11T11:28:37.696+0200] {logging_mixin.py:154} INFO - [2025-06-11T11:28:37.696+0200] {dag.py:2941} INFO - Sync 1 DAGs
[2025-06-11T11:28:37.724+0200] {logging_mixin.py:154} INFO - [2025-06-11T11:28:37.724+0200] {dag.py:3722} INFO - Setting next_dagrun for example_trigger_controller_dag to 2021-01-01T00:00:00+00:00, run_after=2021-01-01T00:00:00+00:00
[2025-06-11T11:28:37.773+0200] {processor.py:179} INFO - Processing /home/diego.rivero/practica_creativa/env/lib/python3.11/site-packages/airflow/example_dags/example_trigger_controller_dag.py took 0.120 seconds
[2025-06-11T11:29:33.097+0200] {processor.py:157} INFO - Started process (PID=69113) to work on /home/diego.rivero/practica_creativa/env/lib/python3.11/site-packages/airflow/example_dags/example_trigger_controller_dag.py
[2025-06-11T11:29:33.098+0200] {processor.py:829} INFO - Processing file /home/diego.rivero/practica_creativa/env/lib/python3.11/site-packages/airflow/example_dags/example_trigger_controller_dag.py for tasks to queue
[2025-06-11T11:29:33.099+0200] {logging_mixin.py:154} INFO - [2025-06-11T11:29:33.098+0200] {dagbag.py:536} INFO - Filling up the DagBag from /home/diego.rivero/practica_creativa/env/lib/python3.11/site-packages/airflow/example_dags/example_trigger_controller_dag.py
[2025-06-11T11:29:33.105+0200] {processor.py:839} INFO - DAG(s) dict_keys(['example_trigger_controller_dag']) retrieved from /home/diego.rivero/practica_creativa/env/lib/python3.11/site-packages/airflow/example_dags/example_trigger_controller_dag.py
[2025-06-11T11:29:33.133+0200] {logging_mixin.py:154} INFO - [2025-06-11T11:29:33.132+0200] {dag.py:2941} INFO - Sync 1 DAGs
[2025-06-11T11:29:33.160+0200] {logging_mixin.py:154} INFO - [2025-06-11T11:29:33.159+0200] {dag.py:3722} INFO - Setting next_dagrun for example_trigger_controller_dag to 2021-01-01T00:00:00+00:00, run_after=2021-01-01T00:00:00+00:00
[2025-06-11T11:29:33.214+0200] {processor.py:179} INFO - Processing /home/diego.rivero/practica_creativa/env/lib/python3.11/site-packages/airflow/example_dags/example_trigger_controller_dag.py took 0.121 seconds
[2025-06-11T11:30:25.247+0200] {processor.py:157} INFO - Started process (PID=69475) to work on /home/diego.rivero/practica_creativa/env/lib/python3.11/site-packages/airflow/example_dags/example_trigger_controller_dag.py
[2025-06-11T11:30:25.248+0200] {processor.py:829} INFO - Processing file /home/diego.rivero/practica_creativa/env/lib/python3.11/site-packages/airflow/example_dags/example_trigger_controller_dag.py for tasks to queue
[2025-06-11T11:30:25.249+0200] {logging_mixin.py:154} INFO - [2025-06-11T11:30:25.248+0200] {dagbag.py:536} INFO - Filling up the DagBag from /home/diego.rivero/practica_creativa/env/lib/python3.11/site-packages/airflow/example_dags/example_trigger_controller_dag.py
[2025-06-11T11:30:25.253+0200] {processor.py:839} INFO - DAG(s) dict_keys(['example_trigger_controller_dag']) retrieved from /home/diego.rivero/practica_creativa/env/lib/python3.11/site-packages/airflow/example_dags/example_trigger_controller_dag.py
[2025-06-11T11:30:25.278+0200] {logging_mixin.py:154} INFO - [2025-06-11T11:30:25.278+0200] {dag.py:2941} INFO - Sync 1 DAGs
[2025-06-11T11:30:25.302+0200] {logging_mixin.py:154} INFO - [2025-06-11T11:30:25.301+0200] {dag.py:3722} INFO - Setting next_dagrun for example_trigger_controller_dag to 2021-01-01T00:00:00+00:00, run_after=2021-01-01T00:00:00+00:00
[2025-06-11T11:30:25.364+0200] {processor.py:179} INFO - Processing /home/diego.rivero/practica_creativa/env/lib/python3.11/site-packages/airflow/example_dags/example_trigger_controller_dag.py took 0.120 seconds
[2025-06-11T11:31:17.774+0200] {processor.py:157} INFO - Started process (PID=69840) to work on /home/diego.rivero/practica_creativa/env/lib/python3.11/site-packages/airflow/example_dags/example_trigger_controller_dag.py
[2025-06-11T11:31:17.776+0200] {processor.py:829} INFO - Processing file /home/diego.rivero/practica_creativa/env/lib/python3.11/site-packages/airflow/example_dags/example_trigger_controller_dag.py for tasks to queue
[2025-06-11T11:31:17.779+0200] {logging_mixin.py:154} INFO - [2025-06-11T11:31:17.778+0200] {dagbag.py:536} INFO - Filling up the DagBag from /home/diego.rivero/practica_creativa/env/lib/python3.11/site-packages/airflow/example_dags/example_trigger_controller_dag.py
[2025-06-11T11:31:17.793+0200] {processor.py:839} INFO - DAG(s) dict_keys(['example_trigger_controller_dag']) retrieved from /home/diego.rivero/practica_creativa/env/lib/python3.11/site-packages/airflow/example_dags/example_trigger_controller_dag.py
[2025-06-11T11:31:17.826+0200] {logging_mixin.py:154} INFO - [2025-06-11T11:31:17.826+0200] {dag.py:2941} INFO - Sync 1 DAGs
[2025-06-11T11:31:17.860+0200] {logging_mixin.py:154} INFO - [2025-06-11T11:31:17.860+0200] {dag.py:3722} INFO - Setting next_dagrun for example_trigger_controller_dag to 2021-01-01T00:00:00+00:00, run_after=2021-01-01T00:00:00+00:00
[2025-06-11T11:31:17.931+0200] {processor.py:179} INFO - Processing /home/diego.rivero/practica_creativa/env/lib/python3.11/site-packages/airflow/example_dags/example_trigger_controller_dag.py took 0.167 seconds
[2025-06-11T11:32:09.603+0200] {processor.py:157} INFO - Started process (PID=70163) to work on /home/diego.rivero/practica_creativa/env/lib/python3.11/site-packages/airflow/example_dags/example_trigger_controller_dag.py
[2025-06-11T11:32:09.604+0200] {processor.py:829} INFO - Processing file /home/diego.rivero/practica_creativa/env/lib/python3.11/site-packages/airflow/example_dags/example_trigger_controller_dag.py for tasks to queue
[2025-06-11T11:32:09.605+0200] {logging_mixin.py:154} INFO - [2025-06-11T11:32:09.605+0200] {dagbag.py:536} INFO - Filling up the DagBag from /home/diego.rivero/practica_creativa/env/lib/python3.11/site-packages/airflow/example_dags/example_trigger_controller_dag.py
[2025-06-11T11:32:09.616+0200] {processor.py:839} INFO - DAG(s) dict_keys(['example_trigger_controller_dag']) retrieved from /home/diego.rivero/practica_creativa/env/lib/python3.11/site-packages/airflow/example_dags/example_trigger_controller_dag.py
[2025-06-11T11:32:09.648+0200] {logging_mixin.py:154} INFO - [2025-06-11T11:32:09.647+0200] {dag.py:2941} INFO - Sync 1 DAGs
[2025-06-11T11:32:09.673+0200] {logging_mixin.py:154} INFO - [2025-06-11T11:32:09.673+0200] {dag.py:3722} INFO - Setting next_dagrun for example_trigger_controller_dag to 2021-01-01T00:00:00+00:00, run_after=2021-01-01T00:00:00+00:00
[2025-06-11T11:32:09.728+0200] {processor.py:179} INFO - Processing /home/diego.rivero/practica_creativa/env/lib/python3.11/site-packages/airflow/example_dags/example_trigger_controller_dag.py took 0.130 seconds
[2025-06-11T11:33:00.928+0200] {processor.py:157} INFO - Started process (PID=70524) to work on /home/diego.rivero/practica_creativa/env/lib/python3.11/site-packages/airflow/example_dags/example_trigger_controller_dag.py
[2025-06-11T11:33:00.931+0200] {processor.py:829} INFO - Processing file /home/diego.rivero/practica_creativa/env/lib/python3.11/site-packages/airflow/example_dags/example_trigger_controller_dag.py for tasks to queue
[2025-06-11T11:33:00.933+0200] {logging_mixin.py:154} INFO - [2025-06-11T11:33:00.932+0200] {dagbag.py:536} INFO - Filling up the DagBag from /home/diego.rivero/practica_creativa/env/lib/python3.11/site-packages/airflow/example_dags/example_trigger_controller_dag.py
[2025-06-11T11:33:00.943+0200] {processor.py:839} INFO - DAG(s) dict_keys(['example_trigger_controller_dag']) retrieved from /home/diego.rivero/practica_creativa/env/lib/python3.11/site-packages/airflow/example_dags/example_trigger_controller_dag.py
[2025-06-11T11:33:00.971+0200] {logging_mixin.py:154} INFO - [2025-06-11T11:33:00.971+0200] {dag.py:2941} INFO - Sync 1 DAGs
[2025-06-11T11:33:00.999+0200] {logging_mixin.py:154} INFO - [2025-06-11T11:33:00.999+0200] {dag.py:3722} INFO - Setting next_dagrun for example_trigger_controller_dag to 2021-01-01T00:00:00+00:00, run_after=2021-01-01T00:00:00+00:00
[2025-06-11T11:33:01.060+0200] {processor.py:179} INFO - Processing /home/diego.rivero/practica_creativa/env/lib/python3.11/site-packages/airflow/example_dags/example_trigger_controller_dag.py took 0.142 seconds
[2025-06-11T11:33:48.034+0200] {processor.py:157} INFO - Started process (PID=70860) to work on /home/diego.rivero/practica_creativa/env/lib/python3.11/site-packages/airflow/example_dags/example_trigger_controller_dag.py
[2025-06-11T11:33:48.037+0200] {processor.py:829} INFO - Processing file /home/diego.rivero/practica_creativa/env/lib/python3.11/site-packages/airflow/example_dags/example_trigger_controller_dag.py for tasks to queue
[2025-06-11T11:33:48.039+0200] {logging_mixin.py:154} INFO - [2025-06-11T11:33:48.038+0200] {dagbag.py:536} INFO - Filling up the DagBag from /home/diego.rivero/practica_creativa/env/lib/python3.11/site-packages/airflow/example_dags/example_trigger_controller_dag.py
[2025-06-11T11:33:48.049+0200] {processor.py:839} INFO - DAG(s) dict_keys(['example_trigger_controller_dag']) retrieved from /home/diego.rivero/practica_creativa/env/lib/python3.11/site-packages/airflow/example_dags/example_trigger_controller_dag.py
[2025-06-11T11:33:48.081+0200] {logging_mixin.py:154} INFO - [2025-06-11T11:33:48.080+0200] {dag.py:2941} INFO - Sync 1 DAGs
[2025-06-11T11:33:48.108+0200] {logging_mixin.py:154} INFO - [2025-06-11T11:33:48.108+0200] {dag.py:3722} INFO - Setting next_dagrun for example_trigger_controller_dag to 2021-01-01T00:00:00+00:00, run_after=2021-01-01T00:00:00+00:00
[2025-06-11T11:33:48.168+0200] {processor.py:179} INFO - Processing /home/diego.rivero/practica_creativa/env/lib/python3.11/site-packages/airflow/example_dags/example_trigger_controller_dag.py took 0.142 seconds
[2025-06-11T11:34:37.814+0200] {processor.py:157} INFO - Started process (PID=71173) to work on /home/diego.rivero/practica_creativa/env/lib/python3.11/site-packages/airflow/example_dags/example_trigger_controller_dag.py
[2025-06-11T11:34:37.815+0200] {processor.py:829} INFO - Processing file /home/diego.rivero/practica_creativa/env/lib/python3.11/site-packages/airflow/example_dags/example_trigger_controller_dag.py for tasks to queue
[2025-06-11T11:34:37.816+0200] {logging_mixin.py:154} INFO - [2025-06-11T11:34:37.815+0200] {dagbag.py:536} INFO - Filling up the DagBag from /home/diego.rivero/practica_creativa/env/lib/python3.11/site-packages/airflow/example_dags/example_trigger_controller_dag.py
[2025-06-11T11:34:37.821+0200] {processor.py:839} INFO - DAG(s) dict_keys(['example_trigger_controller_dag']) retrieved from /home/diego.rivero/practica_creativa/env/lib/python3.11/site-packages/airflow/example_dags/example_trigger_controller_dag.py
[2025-06-11T11:34:37.850+0200] {logging_mixin.py:154} INFO - [2025-06-11T11:34:37.849+0200] {dag.py:2941} INFO - Sync 1 DAGs
[2025-06-11T11:34:37.879+0200] {logging_mixin.py:154} INFO - [2025-06-11T11:34:37.879+0200] {dag.py:3722} INFO - Setting next_dagrun for example_trigger_controller_dag to 2021-01-01T00:00:00+00:00, run_after=2021-01-01T00:00:00+00:00
[2025-06-11T11:34:37.935+0200] {processor.py:179} INFO - Processing /home/diego.rivero/practica_creativa/env/lib/python3.11/site-packages/airflow/example_dags/example_trigger_controller_dag.py took 0.124 seconds
[2025-06-11T11:35:29.887+0200] {processor.py:157} INFO - Started process (PID=71499) to work on /home/diego.rivero/practica_creativa/env/lib/python3.11/site-packages/airflow/example_dags/example_trigger_controller_dag.py
[2025-06-11T11:35:29.889+0200] {processor.py:829} INFO - Processing file /home/diego.rivero/practica_creativa/env/lib/python3.11/site-packages/airflow/example_dags/example_trigger_controller_dag.py for tasks to queue
[2025-06-11T11:35:29.891+0200] {logging_mixin.py:154} INFO - [2025-06-11T11:35:29.890+0200] {dagbag.py:536} INFO - Filling up the DagBag from /home/diego.rivero/practica_creativa/env/lib/python3.11/site-packages/airflow/example_dags/example_trigger_controller_dag.py
[2025-06-11T11:35:29.907+0200] {processor.py:839} INFO - DAG(s) dict_keys(['example_trigger_controller_dag']) retrieved from /home/diego.rivero/practica_creativa/env/lib/python3.11/site-packages/airflow/example_dags/example_trigger_controller_dag.py
[2025-06-11T11:35:29.942+0200] {logging_mixin.py:154} INFO - [2025-06-11T11:35:29.942+0200] {dag.py:2941} INFO - Sync 1 DAGs
[2025-06-11T11:35:29.972+0200] {logging_mixin.py:154} INFO - [2025-06-11T11:35:29.972+0200] {dag.py:3722} INFO - Setting next_dagrun for example_trigger_controller_dag to 2021-01-01T00:00:00+00:00, run_after=2021-01-01T00:00:00+00:00
[2025-06-11T11:35:30.032+0200] {processor.py:179} INFO - Processing /home/diego.rivero/practica_creativa/env/lib/python3.11/site-packages/airflow/example_dags/example_trigger_controller_dag.py took 0.155 seconds
[2025-06-11T11:36:22.873+0200] {processor.py:157} INFO - Started process (PID=71873) to work on /home/diego.rivero/practica_creativa/env/lib/python3.11/site-packages/airflow/example_dags/example_trigger_controller_dag.py
[2025-06-11T11:36:22.875+0200] {processor.py:829} INFO - Processing file /home/diego.rivero/practica_creativa/env/lib/python3.11/site-packages/airflow/example_dags/example_trigger_controller_dag.py for tasks to queue
[2025-06-11T11:36:22.877+0200] {logging_mixin.py:154} INFO - [2025-06-11T11:36:22.876+0200] {dagbag.py:536} INFO - Filling up the DagBag from /home/diego.rivero/practica_creativa/env/lib/python3.11/site-packages/airflow/example_dags/example_trigger_controller_dag.py
[2025-06-11T11:36:22.887+0200] {processor.py:839} INFO - DAG(s) dict_keys(['example_trigger_controller_dag']) retrieved from /home/diego.rivero/practica_creativa/env/lib/python3.11/site-packages/airflow/example_dags/example_trigger_controller_dag.py
[2025-06-11T11:36:22.915+0200] {logging_mixin.py:154} INFO - [2025-06-11T11:36:22.915+0200] {dag.py:2941} INFO - Sync 1 DAGs
[2025-06-11T11:36:22.941+0200] {logging_mixin.py:154} INFO - [2025-06-11T11:36:22.941+0200] {dag.py:3722} INFO - Setting next_dagrun for example_trigger_controller_dag to 2021-01-01T00:00:00+00:00, run_after=2021-01-01T00:00:00+00:00
[2025-06-11T11:36:22.999+0200] {processor.py:179} INFO - Processing /home/diego.rivero/practica_creativa/env/lib/python3.11/site-packages/airflow/example_dags/example_trigger_controller_dag.py took 0.136 seconds
[2025-06-11T11:37:14.385+0200] {processor.py:157} INFO - Started process (PID=72195) to work on /home/diego.rivero/practica_creativa/env/lib/python3.11/site-packages/airflow/example_dags/example_trigger_controller_dag.py
[2025-06-11T11:37:14.386+0200] {processor.py:829} INFO - Processing file /home/diego.rivero/practica_creativa/env/lib/python3.11/site-packages/airflow/example_dags/example_trigger_controller_dag.py for tasks to queue
[2025-06-11T11:37:14.388+0200] {logging_mixin.py:154} INFO - [2025-06-11T11:37:14.387+0200] {dagbag.py:536} INFO - Filling up the DagBag from /home/diego.rivero/practica_creativa/env/lib/python3.11/site-packages/airflow/example_dags/example_trigger_controller_dag.py
[2025-06-11T11:37:14.395+0200] {processor.py:839} INFO - DAG(s) dict_keys(['example_trigger_controller_dag']) retrieved from /home/diego.rivero/practica_creativa/env/lib/python3.11/site-packages/airflow/example_dags/example_trigger_controller_dag.py
[2025-06-11T11:37:14.423+0200] {logging_mixin.py:154} INFO - [2025-06-11T11:37:14.423+0200] {dag.py:2941} INFO - Sync 1 DAGs
[2025-06-11T11:37:14.450+0200] {logging_mixin.py:154} INFO - [2025-06-11T11:37:14.450+0200] {dag.py:3722} INFO - Setting next_dagrun for example_trigger_controller_dag to 2021-01-01T00:00:00+00:00, run_after=2021-01-01T00:00:00+00:00
[2025-06-11T11:37:14.502+0200] {processor.py:179} INFO - Processing /home/diego.rivero/practica_creativa/env/lib/python3.11/site-packages/airflow/example_dags/example_trigger_controller_dag.py took 0.126 seconds
