[2025-06-11T11:29:09.390+0200] {processor.py:157} INFO - Started process (PID=68956) to work on /home/diego.rivero/practica_creativa/env/lib/python3.11/site-packages/airflow/example_dags/example_dag_decorator.py
[2025-06-11T11:29:09.391+0200] {processor.py:829} INFO - Processing file /home/diego.rivero/practica_creativa/env/lib/python3.11/site-packages/airflow/example_dags/example_dag_decorator.py for tasks to queue
[2025-06-11T11:29:09.392+0200] {logging_mixin.py:154} INFO - [2025-06-11T11:29:09.391+0200] {dagbag.py:536} INFO - Filling up the DagBag from /home/diego.rivero/practica_creativa/env/lib/python3.11/site-packages/airflow/example_dags/example_dag_decorator.py
[2025-06-11T11:29:09.509+0200] {processor.py:839} INFO - DAG(s) dict_keys(['example_dag_decorator']) retrieved from /home/diego.rivero/practica_creativa/env/lib/python3.11/site-packages/airflow/example_dags/example_dag_decorator.py
[2025-06-11T11:29:09.738+0200] {logging_mixin.py:154} INFO - [2025-06-11T11:29:09.738+0200] {dag.py:2941} INFO - Sync 1 DAGs
[2025-06-11T11:29:09.750+0200] {logging_mixin.py:154} INFO - [2025-06-11T11:29:09.750+0200] {dag.py:3722} INFO - Setting next_dagrun for example_dag_decorator to None, run_after=None
[2025-06-11T11:29:09.806+0200] {processor.py:179} INFO - Processing /home/diego.rivero/practica_creativa/env/lib/python3.11/site-packages/airflow/example_dags/example_dag_decorator.py took 0.419 seconds
[2025-06-11T11:30:05.130+0200] {processor.py:157} INFO - Started process (PID=69337) to work on /home/diego.rivero/practica_creativa/env/lib/python3.11/site-packages/airflow/example_dags/example_dag_decorator.py
[2025-06-11T11:30:05.131+0200] {processor.py:829} INFO - Processing file /home/diego.rivero/practica_creativa/env/lib/python3.11/site-packages/airflow/example_dags/example_dag_decorator.py for tasks to queue
[2025-06-11T11:30:05.132+0200] {logging_mixin.py:154} INFO - [2025-06-11T11:30:05.132+0200] {dagbag.py:536} INFO - Filling up the DagBag from /home/diego.rivero/practica_creativa/env/lib/python3.11/site-packages/airflow/example_dags/example_dag_decorator.py
[2025-06-11T11:30:05.233+0200] {processor.py:839} INFO - DAG(s) dict_keys(['example_dag_decorator']) retrieved from /home/diego.rivero/practica_creativa/env/lib/python3.11/site-packages/airflow/example_dags/example_dag_decorator.py
[2025-06-11T11:30:05.433+0200] {logging_mixin.py:154} INFO - [2025-06-11T11:30:05.433+0200] {dag.py:2941} INFO - Sync 1 DAGs
[2025-06-11T11:30:05.447+0200] {logging_mixin.py:154} INFO - [2025-06-11T11:30:05.447+0200] {dag.py:3722} INFO - Setting next_dagrun for example_dag_decorator to None, run_after=None
[2025-06-11T11:30:05.510+0200] {processor.py:179} INFO - Processing /home/diego.rivero/practica_creativa/env/lib/python3.11/site-packages/airflow/example_dags/example_dag_decorator.py took 0.386 seconds
[2025-06-11T11:31:01.469+0200] {processor.py:157} INFO - Started process (PID=69719) to work on /home/diego.rivero/practica_creativa/env/lib/python3.11/site-packages/airflow/example_dags/example_dag_decorator.py
[2025-06-11T11:31:01.471+0200] {processor.py:829} INFO - Processing file /home/diego.rivero/practica_creativa/env/lib/python3.11/site-packages/airflow/example_dags/example_dag_decorator.py for tasks to queue
[2025-06-11T11:31:01.474+0200] {logging_mixin.py:154} INFO - [2025-06-11T11:31:01.473+0200] {dagbag.py:536} INFO - Filling up the DagBag from /home/diego.rivero/practica_creativa/env/lib/python3.11/site-packages/airflow/example_dags/example_dag_decorator.py
[2025-06-11T11:31:01.586+0200] {processor.py:839} INFO - DAG(s) dict_keys(['example_dag_decorator']) retrieved from /home/diego.rivero/practica_creativa/env/lib/python3.11/site-packages/airflow/example_dags/example_dag_decorator.py
[2025-06-11T11:31:01.769+0200] {logging_mixin.py:154} INFO - [2025-06-11T11:31:01.769+0200] {dag.py:2941} INFO - Sync 1 DAGs
[2025-06-11T11:31:01.782+0200] {logging_mixin.py:154} INFO - [2025-06-11T11:31:01.782+0200] {dag.py:3722} INFO - Setting next_dagrun for example_dag_decorator to None, run_after=None
[2025-06-11T11:31:01.850+0200] {processor.py:179} INFO - Processing /home/diego.rivero/practica_creativa/env/lib/python3.11/site-packages/airflow/example_dags/example_dag_decorator.py took 0.392 seconds
[2025-06-11T11:32:39.536+0200] {processor.py:157} INFO - Started process (PID=70378) to work on /home/diego.rivero/practica_creativa/env/lib/python3.11/site-packages/airflow/example_dags/example_dag_decorator.py
[2025-06-11T11:32:39.538+0200] {processor.py:829} INFO - Processing file /home/diego.rivero/practica_creativa/env/lib/python3.11/site-packages/airflow/example_dags/example_dag_decorator.py for tasks to queue
[2025-06-11T11:32:39.539+0200] {logging_mixin.py:154} INFO - [2025-06-11T11:32:39.538+0200] {dagbag.py:536} INFO - Filling up the DagBag from /home/diego.rivero/practica_creativa/env/lib/python3.11/site-packages/airflow/example_dags/example_dag_decorator.py
[2025-06-11T11:32:39.673+0200] {processor.py:839} INFO - DAG(s) dict_keys(['example_dag_decorator']) retrieved from /home/diego.rivero/practica_creativa/env/lib/python3.11/site-packages/airflow/example_dags/example_dag_decorator.py
[2025-06-11T11:32:39.968+0200] {logging_mixin.py:154} INFO - [2025-06-11T11:32:39.967+0200] {dag.py:2941} INFO - Sync 1 DAGs
[2025-06-11T11:32:39.979+0200] {logging_mixin.py:154} INFO - [2025-06-11T11:32:39.979+0200] {dag.py:3722} INFO - Setting next_dagrun for example_dag_decorator to None, run_after=None
[2025-06-11T11:32:40.031+0200] {processor.py:179} INFO - Processing /home/diego.rivero/practica_creativa/env/lib/python3.11/site-packages/airflow/example_dags/example_dag_decorator.py took 0.499 seconds
[2025-06-11T11:33:32.939+0200] {processor.py:157} INFO - Started process (PID=70714) to work on /home/diego.rivero/practica_creativa/env/lib/python3.11/site-packages/airflow/example_dags/example_dag_decorator.py
[2025-06-11T11:33:32.942+0200] {processor.py:829} INFO - Processing file /home/diego.rivero/practica_creativa/env/lib/python3.11/site-packages/airflow/example_dags/example_dag_decorator.py for tasks to queue
[2025-06-11T11:33:32.944+0200] {logging_mixin.py:154} INFO - [2025-06-11T11:33:32.943+0200] {dagbag.py:536} INFO - Filling up the DagBag from /home/diego.rivero/practica_creativa/env/lib/python3.11/site-packages/airflow/example_dags/example_dag_decorator.py
[2025-06-11T11:33:33.044+0200] {processor.py:839} INFO - DAG(s) dict_keys(['example_dag_decorator']) retrieved from /home/diego.rivero/practica_creativa/env/lib/python3.11/site-packages/airflow/example_dags/example_dag_decorator.py
[2025-06-11T11:33:33.182+0200] {logging_mixin.py:154} INFO - [2025-06-11T11:33:33.182+0200] {dag.py:2941} INFO - Sync 1 DAGs
[2025-06-11T11:33:33.194+0200] {logging_mixin.py:154} INFO - [2025-06-11T11:33:33.194+0200] {dag.py:3722} INFO - Setting next_dagrun for example_dag_decorator to None, run_after=None
[2025-06-11T11:33:33.249+0200] {processor.py:179} INFO - Processing /home/diego.rivero/practica_creativa/env/lib/python3.11/site-packages/airflow/example_dags/example_dag_decorator.py took 0.320 seconds
[2025-06-11T11:34:44.485+0200] {processor.py:157} INFO - Started process (PID=71207) to work on /home/diego.rivero/practica_creativa/env/lib/python3.11/site-packages/airflow/example_dags/example_dag_decorator.py
[2025-06-11T11:34:44.487+0200] {processor.py:829} INFO - Processing file /home/diego.rivero/practica_creativa/env/lib/python3.11/site-packages/airflow/example_dags/example_dag_decorator.py for tasks to queue
[2025-06-11T11:34:44.489+0200] {logging_mixin.py:154} INFO - [2025-06-11T11:34:44.488+0200] {dagbag.py:536} INFO - Filling up the DagBag from /home/diego.rivero/practica_creativa/env/lib/python3.11/site-packages/airflow/example_dags/example_dag_decorator.py
[2025-06-11T11:34:44.574+0200] {processor.py:839} INFO - DAG(s) dict_keys(['example_dag_decorator']) retrieved from /home/diego.rivero/practica_creativa/env/lib/python3.11/site-packages/airflow/example_dags/example_dag_decorator.py
[2025-06-11T11:34:44.762+0200] {logging_mixin.py:154} INFO - [2025-06-11T11:34:44.762+0200] {dag.py:2941} INFO - Sync 1 DAGs
[2025-06-11T11:34:44.776+0200] {logging_mixin.py:154} INFO - [2025-06-11T11:34:44.776+0200] {dag.py:3722} INFO - Setting next_dagrun for example_dag_decorator to None, run_after=None
[2025-06-11T11:34:44.848+0200] {processor.py:179} INFO - Processing /home/diego.rivero/practica_creativa/env/lib/python3.11/site-packages/airflow/example_dags/example_dag_decorator.py took 0.372 seconds
[2025-06-11T11:36:01.198+0200] {processor.py:157} INFO - Started process (PID=71724) to work on /home/diego.rivero/practica_creativa/env/lib/python3.11/site-packages/airflow/example_dags/example_dag_decorator.py
[2025-06-11T11:36:01.199+0200] {processor.py:829} INFO - Processing file /home/diego.rivero/practica_creativa/env/lib/python3.11/site-packages/airflow/example_dags/example_dag_decorator.py for tasks to queue
[2025-06-11T11:36:01.200+0200] {logging_mixin.py:154} INFO - [2025-06-11T11:36:01.199+0200] {dagbag.py:536} INFO - Filling up the DagBag from /home/diego.rivero/practica_creativa/env/lib/python3.11/site-packages/airflow/example_dags/example_dag_decorator.py
[2025-06-11T11:36:01.281+0200] {processor.py:839} INFO - DAG(s) dict_keys(['example_dag_decorator']) retrieved from /home/diego.rivero/practica_creativa/env/lib/python3.11/site-packages/airflow/example_dags/example_dag_decorator.py
[2025-06-11T11:36:01.467+0200] {logging_mixin.py:154} INFO - [2025-06-11T11:36:01.467+0200] {dag.py:2941} INFO - Sync 1 DAGs
[2025-06-11T11:36:01.481+0200] {logging_mixin.py:154} INFO - [2025-06-11T11:36:01.481+0200] {dag.py:3722} INFO - Setting next_dagrun for example_dag_decorator to None, run_after=None
[2025-06-11T11:36:01.536+0200] {processor.py:179} INFO - Processing /home/diego.rivero/practica_creativa/env/lib/python3.11/site-packages/airflow/example_dags/example_dag_decorator.py took 0.342 seconds
[2025-06-11T11:36:57.504+0200] {processor.py:157} INFO - Started process (PID=72112) to work on /home/diego.rivero/practica_creativa/env/lib/python3.11/site-packages/airflow/example_dags/example_dag_decorator.py
[2025-06-11T11:36:57.507+0200] {processor.py:829} INFO - Processing file /home/diego.rivero/practica_creativa/env/lib/python3.11/site-packages/airflow/example_dags/example_dag_decorator.py for tasks to queue
[2025-06-11T11:36:57.509+0200] {logging_mixin.py:154} INFO - [2025-06-11T11:36:57.508+0200] {dagbag.py:536} INFO - Filling up the DagBag from /home/diego.rivero/practica_creativa/env/lib/python3.11/site-packages/airflow/example_dags/example_dag_decorator.py
[2025-06-11T11:36:57.589+0200] {processor.py:839} INFO - DAG(s) dict_keys(['example_dag_decorator']) retrieved from /home/diego.rivero/practica_creativa/env/lib/python3.11/site-packages/airflow/example_dags/example_dag_decorator.py
[2025-06-11T11:36:57.713+0200] {logging_mixin.py:154} INFO - [2025-06-11T11:36:57.712+0200] {dag.py:2941} INFO - Sync 1 DAGs
[2025-06-11T11:36:57.725+0200] {logging_mixin.py:154} INFO - [2025-06-11T11:36:57.725+0200] {dag.py:3722} INFO - Setting next_dagrun for example_dag_decorator to None, run_after=None
[2025-06-11T11:36:57.786+0200] {processor.py:179} INFO - Processing /home/diego.rivero/practica_creativa/env/lib/python3.11/site-packages/airflow/example_dags/example_dag_decorator.py took 0.291 seconds
