[2025-06-11T11:29:03.940+0200] {processor.py:157} INFO - Started process (PID=68919) to work on /home/diego.rivero/practica_creativa/env/lib/python3.11/site-packages/airflow/example_dags/example_kubernetes_executor.py
[2025-06-11T11:29:03.941+0200] {processor.py:829} INFO - Processing file /home/diego.rivero/practica_creativa/env/lib/python3.11/site-packages/airflow/example_dags/example_kubernetes_executor.py for tasks to queue
[2025-06-11T11:29:03.942+0200] {logging_mixin.py:154} INFO - [2025-06-11T11:29:03.942+0200] {dagbag.py:536} INFO - Filling up the DagBag from /home/diego.rivero/practica_creativa/env/lib/python3.11/site-packages/airflow/example_dags/example_kubernetes_executor.py
[2025-06-11T11:29:03.947+0200] {logging_mixin.py:154} INFO - [2025-06-11T11:29:03.947+0200] {example_kubernetes_executor.py:38} WARNING - The example_kubernetes_executor example DAG requires the kubernetes provider. Please install it with: pip install apache-airflow[cncf.kubernetes]
[2025-06-11T11:29:03.948+0200] {processor.py:841} WARNING - No viable dags retrieved from /home/diego.rivero/practica_creativa/env/lib/python3.11/site-packages/airflow/example_dags/example_kubernetes_executor.py
[2025-06-11T11:29:03.971+0200] {processor.py:179} INFO - Processing /home/diego.rivero/practica_creativa/env/lib/python3.11/site-packages/airflow/example_dags/example_kubernetes_executor.py took 0.036 seconds
[2025-06-11T11:29:58.518+0200] {processor.py:157} INFO - Started process (PID=69304) to work on /home/diego.rivero/practica_creativa/env/lib/python3.11/site-packages/airflow/example_dags/example_kubernetes_executor.py
[2025-06-11T11:29:58.519+0200] {processor.py:829} INFO - Processing file /home/diego.rivero/practica_creativa/env/lib/python3.11/site-packages/airflow/example_dags/example_kubernetes_executor.py for tasks to queue
[2025-06-11T11:29:58.520+0200] {logging_mixin.py:154} INFO - [2025-06-11T11:29:58.520+0200] {dagbag.py:536} INFO - Filling up the DagBag from /home/diego.rivero/practica_creativa/env/lib/python3.11/site-packages/airflow/example_dags/example_kubernetes_executor.py
[2025-06-11T11:29:58.525+0200] {logging_mixin.py:154} INFO - [2025-06-11T11:29:58.525+0200] {example_kubernetes_executor.py:38} WARNING - The example_kubernetes_executor example DAG requires the kubernetes provider. Please install it with: pip install apache-airflow[cncf.kubernetes]
[2025-06-11T11:29:58.525+0200] {processor.py:841} WARNING - No viable dags retrieved from /home/diego.rivero/practica_creativa/env/lib/python3.11/site-packages/airflow/example_dags/example_kubernetes_executor.py
[2025-06-11T11:29:58.550+0200] {processor.py:179} INFO - Processing /home/diego.rivero/practica_creativa/env/lib/python3.11/site-packages/airflow/example_dags/example_kubernetes_executor.py took 0.035 seconds
[2025-06-11T11:30:54.899+0200] {processor.py:157} INFO - Started process (PID=69692) to work on /home/diego.rivero/practica_creativa/env/lib/python3.11/site-packages/airflow/example_dags/example_kubernetes_executor.py
[2025-06-11T11:30:54.901+0200] {processor.py:829} INFO - Processing file /home/diego.rivero/practica_creativa/env/lib/python3.11/site-packages/airflow/example_dags/example_kubernetes_executor.py for tasks to queue
[2025-06-11T11:30:54.903+0200] {logging_mixin.py:154} INFO - [2025-06-11T11:30:54.902+0200] {dagbag.py:536} INFO - Filling up the DagBag from /home/diego.rivero/practica_creativa/env/lib/python3.11/site-packages/airflow/example_dags/example_kubernetes_executor.py
[2025-06-11T11:30:54.913+0200] {logging_mixin.py:154} INFO - [2025-06-11T11:30:54.913+0200] {example_kubernetes_executor.py:38} WARNING - The example_kubernetes_executor example DAG requires the kubernetes provider. Please install it with: pip install apache-airflow[cncf.kubernetes]
[2025-06-11T11:30:54.914+0200] {processor.py:841} WARNING - No viable dags retrieved from /home/diego.rivero/practica_creativa/env/lib/python3.11/site-packages/airflow/example_dags/example_kubernetes_executor.py
[2025-06-11T11:30:54.954+0200] {processor.py:179} INFO - Processing /home/diego.rivero/practica_creativa/env/lib/python3.11/site-packages/airflow/example_dags/example_kubernetes_executor.py took 0.064 seconds
[2025-06-11T11:32:34.199+0200] {processor.py:157} INFO - Started process (PID=70314) to work on /home/diego.rivero/practica_creativa/env/lib/python3.11/site-packages/airflow/example_dags/example_kubernetes_executor.py
[2025-06-11T11:32:34.200+0200] {processor.py:829} INFO - Processing file /home/diego.rivero/practica_creativa/env/lib/python3.11/site-packages/airflow/example_dags/example_kubernetes_executor.py for tasks to queue
[2025-06-11T11:32:34.201+0200] {logging_mixin.py:154} INFO - [2025-06-11T11:32:34.201+0200] {dagbag.py:536} INFO - Filling up the DagBag from /home/diego.rivero/practica_creativa/env/lib/python3.11/site-packages/airflow/example_dags/example_kubernetes_executor.py
[2025-06-11T11:32:34.206+0200] {logging_mixin.py:154} INFO - [2025-06-11T11:32:34.206+0200] {example_kubernetes_executor.py:38} WARNING - The example_kubernetes_executor example DAG requires the kubernetes provider. Please install it with: pip install apache-airflow[cncf.kubernetes]
[2025-06-11T11:32:34.207+0200] {processor.py:841} WARNING - No viable dags retrieved from /home/diego.rivero/practica_creativa/env/lib/python3.11/site-packages/airflow/example_dags/example_kubernetes_executor.py
[2025-06-11T11:32:34.235+0200] {processor.py:179} INFO - Processing /home/diego.rivero/practica_creativa/env/lib/python3.11/site-packages/airflow/example_dags/example_kubernetes_executor.py took 0.041 seconds
[2025-06-11T11:33:26.368+0200] {processor.py:157} INFO - Started process (PID=70686) to work on /home/diego.rivero/practica_creativa/env/lib/python3.11/site-packages/airflow/example_dags/example_kubernetes_executor.py
[2025-06-11T11:33:26.370+0200] {processor.py:829} INFO - Processing file /home/diego.rivero/practica_creativa/env/lib/python3.11/site-packages/airflow/example_dags/example_kubernetes_executor.py for tasks to queue
[2025-06-11T11:33:26.371+0200] {logging_mixin.py:154} INFO - [2025-06-11T11:33:26.370+0200] {dagbag.py:536} INFO - Filling up the DagBag from /home/diego.rivero/practica_creativa/env/lib/python3.11/site-packages/airflow/example_dags/example_kubernetes_executor.py
[2025-06-11T11:33:26.376+0200] {logging_mixin.py:154} INFO - [2025-06-11T11:33:26.376+0200] {example_kubernetes_executor.py:38} WARNING - The example_kubernetes_executor example DAG requires the kubernetes provider. Please install it with: pip install apache-airflow[cncf.kubernetes]
[2025-06-11T11:33:26.377+0200] {processor.py:841} WARNING - No viable dags retrieved from /home/diego.rivero/practica_creativa/env/lib/python3.11/site-packages/airflow/example_dags/example_kubernetes_executor.py
[2025-06-11T11:33:26.400+0200] {processor.py:179} INFO - Processing /home/diego.rivero/practica_creativa/env/lib/python3.11/site-packages/airflow/example_dags/example_kubernetes_executor.py took 0.038 seconds
[2025-06-11T11:34:20.210+0200] {processor.py:157} INFO - Started process (PID=71061) to work on /home/diego.rivero/practica_creativa/env/lib/python3.11/site-packages/airflow/example_dags/example_kubernetes_executor.py
[2025-06-11T11:34:20.211+0200] {processor.py:829} INFO - Processing file /home/diego.rivero/practica_creativa/env/lib/python3.11/site-packages/airflow/example_dags/example_kubernetes_executor.py for tasks to queue
[2025-06-11T11:34:20.212+0200] {logging_mixin.py:154} INFO - [2025-06-11T11:34:20.211+0200] {dagbag.py:536} INFO - Filling up the DagBag from /home/diego.rivero/practica_creativa/env/lib/python3.11/site-packages/airflow/example_dags/example_kubernetes_executor.py
[2025-06-11T11:34:20.216+0200] {logging_mixin.py:154} INFO - [2025-06-11T11:34:20.216+0200] {example_kubernetes_executor.py:38} WARNING - The example_kubernetes_executor example DAG requires the kubernetes provider. Please install it with: pip install apache-airflow[cncf.kubernetes]
[2025-06-11T11:34:20.217+0200] {processor.py:841} WARNING - No viable dags retrieved from /home/diego.rivero/practica_creativa/env/lib/python3.11/site-packages/airflow/example_dags/example_kubernetes_executor.py
[2025-06-11T11:34:20.239+0200] {processor.py:179} INFO - Processing /home/diego.rivero/practica_creativa/env/lib/python3.11/site-packages/airflow/example_dags/example_kubernetes_executor.py took 0.033 seconds
[2025-06-11T11:35:35.558+0200] {processor.py:157} INFO - Started process (PID=71526) to work on /home/diego.rivero/practica_creativa/env/lib/python3.11/site-packages/airflow/example_dags/example_kubernetes_executor.py
[2025-06-11T11:35:35.560+0200] {processor.py:829} INFO - Processing file /home/diego.rivero/practica_creativa/env/lib/python3.11/site-packages/airflow/example_dags/example_kubernetes_executor.py for tasks to queue
[2025-06-11T11:35:35.563+0200] {logging_mixin.py:154} INFO - [2025-06-11T11:35:35.561+0200] {dagbag.py:536} INFO - Filling up the DagBag from /home/diego.rivero/practica_creativa/env/lib/python3.11/site-packages/airflow/example_dags/example_kubernetes_executor.py
[2025-06-11T11:35:35.572+0200] {logging_mixin.py:154} INFO - [2025-06-11T11:35:35.572+0200] {example_kubernetes_executor.py:38} WARNING - The example_kubernetes_executor example DAG requires the kubernetes provider. Please install it with: pip install apache-airflow[cncf.kubernetes]
[2025-06-11T11:35:35.573+0200] {processor.py:841} WARNING - No viable dags retrieved from /home/diego.rivero/practica_creativa/env/lib/python3.11/site-packages/airflow/example_dags/example_kubernetes_executor.py
[2025-06-11T11:35:35.599+0200] {processor.py:179} INFO - Processing /home/diego.rivero/practica_creativa/env/lib/python3.11/site-packages/airflow/example_dags/example_kubernetes_executor.py took 0.051 seconds
[2025-06-11T11:36:28.942+0200] {processor.py:157} INFO - Started process (PID=71899) to work on /home/diego.rivero/practica_creativa/env/lib/python3.11/site-packages/airflow/example_dags/example_kubernetes_executor.py
[2025-06-11T11:36:28.945+0200] {processor.py:829} INFO - Processing file /home/diego.rivero/practica_creativa/env/lib/python3.11/site-packages/airflow/example_dags/example_kubernetes_executor.py for tasks to queue
[2025-06-11T11:36:28.947+0200] {logging_mixin.py:154} INFO - [2025-06-11T11:36:28.946+0200] {dagbag.py:536} INFO - Filling up the DagBag from /home/diego.rivero/practica_creativa/env/lib/python3.11/site-packages/airflow/example_dags/example_kubernetes_executor.py
[2025-06-11T11:36:28.958+0200] {logging_mixin.py:154} INFO - [2025-06-11T11:36:28.958+0200] {example_kubernetes_executor.py:38} WARNING - The example_kubernetes_executor example DAG requires the kubernetes provider. Please install it with: pip install apache-airflow[cncf.kubernetes]
[2025-06-11T11:36:28.959+0200] {processor.py:841} WARNING - No viable dags retrieved from /home/diego.rivero/practica_creativa/env/lib/python3.11/site-packages/airflow/example_dags/example_kubernetes_executor.py
[2025-06-11T11:36:28.990+0200] {processor.py:179} INFO - Processing /home/diego.rivero/practica_creativa/env/lib/python3.11/site-packages/airflow/example_dags/example_kubernetes_executor.py took 0.057 seconds
