[2025-06-11T11:28:49.045+0200] {processor.py:157} INFO - Started process (PID=68854) to work on /home/diego.rivero/practica_creativa/env/lib/python3.11/site-packages/airflow/example_dags/example_setup_teardown_taskflow.py
[2025-06-11T11:28:49.046+0200] {processor.py:829} INFO - Processing file /home/diego.rivero/practica_creativa/env/lib/python3.11/site-packages/airflow/example_dags/example_setup_teardown_taskflow.py for tasks to queue
[2025-06-11T11:28:49.046+0200] {logging_mixin.py:154} INFO - [2025-06-11T11:28:49.046+0200] {dagbag.py:536} INFO - Filling up the DagBag from /home/diego.rivero/practica_creativa/env/lib/python3.11/site-packages/airflow/example_dags/example_setup_teardown_taskflow.py
[2025-06-11T11:28:49.057+0200] {processor.py:839} INFO - DAG(s) dict_keys(['example_setup_teardown_taskflow']) retrieved from /home/diego.rivero/practica_creativa/env/lib/python3.11/site-packages/airflow/example_dags/example_setup_teardown_taskflow.py
[2025-06-11T11:28:49.087+0200] {logging_mixin.py:154} INFO - [2025-06-11T11:28:49.087+0200] {dag.py:2941} INFO - Sync 1 DAGs
[2025-06-11T11:28:49.115+0200] {logging_mixin.py:154} INFO - [2025-06-11T11:28:49.115+0200] {dag.py:3722} INFO - Setting next_dagrun for example_setup_teardown_taskflow to 2025-06-10T09:28:49.115299+00:00, run_after=2025-06-11T09:28:49.115299+00:00
[2025-06-11T11:28:49.171+0200] {processor.py:179} INFO - Processing /home/diego.rivero/practica_creativa/env/lib/python3.11/site-packages/airflow/example_dags/example_setup_teardown_taskflow.py took 0.129 seconds
[2025-06-11T11:29:43.850+0200] {processor.py:157} INFO - Started process (PID=69193) to work on /home/diego.rivero/practica_creativa/env/lib/python3.11/site-packages/airflow/example_dags/example_setup_teardown_taskflow.py
[2025-06-11T11:29:43.851+0200] {processor.py:829} INFO - Processing file /home/diego.rivero/practica_creativa/env/lib/python3.11/site-packages/airflow/example_dags/example_setup_teardown_taskflow.py for tasks to queue
[2025-06-11T11:29:43.852+0200] {logging_mixin.py:154} INFO - [2025-06-11T11:29:43.852+0200] {dagbag.py:536} INFO - Filling up the DagBag from /home/diego.rivero/practica_creativa/env/lib/python3.11/site-packages/airflow/example_dags/example_setup_teardown_taskflow.py
[2025-06-11T11:29:43.863+0200] {processor.py:839} INFO - DAG(s) dict_keys(['example_setup_teardown_taskflow']) retrieved from /home/diego.rivero/practica_creativa/env/lib/python3.11/site-packages/airflow/example_dags/example_setup_teardown_taskflow.py
[2025-06-11T11:29:43.889+0200] {logging_mixin.py:154} INFO - [2025-06-11T11:29:43.889+0200] {dag.py:2941} INFO - Sync 1 DAGs
[2025-06-11T11:29:43.914+0200] {logging_mixin.py:154} INFO - [2025-06-11T11:29:43.914+0200] {dag.py:3722} INFO - Setting next_dagrun for example_setup_teardown_taskflow to 2025-06-10T09:29:43.914304+00:00, run_after=2025-06-11T09:29:43.914304+00:00
[2025-06-11T11:29:43.966+0200] {processor.py:179} INFO - Processing /home/diego.rivero/practica_creativa/env/lib/python3.11/site-packages/airflow/example_dags/example_setup_teardown_taskflow.py took 0.119 seconds
[2025-06-11T11:30:39.392+0200] {processor.py:157} INFO - Started process (PID=69577) to work on /home/diego.rivero/practica_creativa/env/lib/python3.11/site-packages/airflow/example_dags/example_setup_teardown_taskflow.py
[2025-06-11T11:30:39.394+0200] {processor.py:829} INFO - Processing file /home/diego.rivero/practica_creativa/env/lib/python3.11/site-packages/airflow/example_dags/example_setup_teardown_taskflow.py for tasks to queue
[2025-06-11T11:30:39.397+0200] {logging_mixin.py:154} INFO - [2025-06-11T11:30:39.395+0200] {dagbag.py:536} INFO - Filling up the DagBag from /home/diego.rivero/practica_creativa/env/lib/python3.11/site-packages/airflow/example_dags/example_setup_teardown_taskflow.py
[2025-06-11T11:30:39.432+0200] {processor.py:839} INFO - DAG(s) dict_keys(['example_setup_teardown_taskflow']) retrieved from /home/diego.rivero/practica_creativa/env/lib/python3.11/site-packages/airflow/example_dags/example_setup_teardown_taskflow.py
[2025-06-11T11:30:39.501+0200] {logging_mixin.py:154} INFO - [2025-06-11T11:30:39.500+0200] {dag.py:2941} INFO - Sync 1 DAGs
[2025-06-11T11:30:39.540+0200] {logging_mixin.py:154} INFO - [2025-06-11T11:30:39.540+0200] {dag.py:3722} INFO - Setting next_dagrun for example_setup_teardown_taskflow to 2025-06-10T09:30:39.539880+00:00, run_after=2025-06-11T09:30:39.539880+00:00
[2025-06-11T11:30:39.593+0200] {processor.py:179} INFO - Processing /home/diego.rivero/practica_creativa/env/lib/python3.11/site-packages/airflow/example_dags/example_setup_teardown_taskflow.py took 0.211 seconds
[2025-06-11T11:31:33.561+0200] {processor.py:157} INFO - Started process (PID=69915) to work on /home/diego.rivero/practica_creativa/env/lib/python3.11/site-packages/airflow/example_dags/example_setup_teardown_taskflow.py
[2025-06-11T11:31:33.562+0200] {processor.py:829} INFO - Processing file /home/diego.rivero/practica_creativa/env/lib/python3.11/site-packages/airflow/example_dags/example_setup_teardown_taskflow.py for tasks to queue
[2025-06-11T11:31:33.563+0200] {logging_mixin.py:154} INFO - [2025-06-11T11:31:33.562+0200] {dagbag.py:536} INFO - Filling up the DagBag from /home/diego.rivero/practica_creativa/env/lib/python3.11/site-packages/airflow/example_dags/example_setup_teardown_taskflow.py
[2025-06-11T11:31:33.574+0200] {processor.py:839} INFO - DAG(s) dict_keys(['example_setup_teardown_taskflow']) retrieved from /home/diego.rivero/practica_creativa/env/lib/python3.11/site-packages/airflow/example_dags/example_setup_teardown_taskflow.py
[2025-06-11T11:31:33.601+0200] {logging_mixin.py:154} INFO - [2025-06-11T11:31:33.600+0200] {dag.py:2941} INFO - Sync 1 DAGs
[2025-06-11T11:31:33.628+0200] {logging_mixin.py:154} INFO - [2025-06-11T11:31:33.628+0200] {dag.py:3722} INFO - Setting next_dagrun for example_setup_teardown_taskflow to 2025-06-10T09:31:33.627971+00:00, run_after=2025-06-11T09:31:33.627971+00:00
[2025-06-11T11:31:33.680+0200] {processor.py:179} INFO - Processing /home/diego.rivero/practica_creativa/env/lib/python3.11/site-packages/airflow/example_dags/example_setup_teardown_taskflow.py took 0.122 seconds
[2025-06-11T11:32:19.450+0200] {processor.py:157} INFO - Started process (PID=70256) to work on /home/diego.rivero/practica_creativa/env/lib/python3.11/site-packages/airflow/example_dags/example_setup_teardown_taskflow.py
[2025-06-11T11:32:19.450+0200] {processor.py:829} INFO - Processing file /home/diego.rivero/practica_creativa/env/lib/python3.11/site-packages/airflow/example_dags/example_setup_teardown_taskflow.py for tasks to queue
[2025-06-11T11:32:19.451+0200] {logging_mixin.py:154} INFO - [2025-06-11T11:32:19.451+0200] {dagbag.py:536} INFO - Filling up the DagBag from /home/diego.rivero/practica_creativa/env/lib/python3.11/site-packages/airflow/example_dags/example_setup_teardown_taskflow.py
[2025-06-11T11:32:19.460+0200] {processor.py:839} INFO - DAG(s) dict_keys(['example_setup_teardown_taskflow']) retrieved from /home/diego.rivero/practica_creativa/env/lib/python3.11/site-packages/airflow/example_dags/example_setup_teardown_taskflow.py
[2025-06-11T11:32:19.489+0200] {logging_mixin.py:154} INFO - [2025-06-11T11:32:19.489+0200] {dag.py:2941} INFO - Sync 1 DAGs
[2025-06-11T11:32:19.514+0200] {logging_mixin.py:154} INFO - [2025-06-11T11:32:19.514+0200] {dag.py:3722} INFO - Setting next_dagrun for example_setup_teardown_taskflow to 2025-06-10T09:32:19.514159+00:00, run_after=2025-06-11T09:32:19.514159+00:00
[2025-06-11T11:32:19.572+0200] {processor.py:179} INFO - Processing /home/diego.rivero/practica_creativa/env/lib/python3.11/site-packages/airflow/example_dags/example_setup_teardown_taskflow.py took 0.125 seconds
[2025-06-11T11:33:11.010+0200] {processor.py:157} INFO - Started process (PID=70571) to work on /home/diego.rivero/practica_creativa/env/lib/python3.11/site-packages/airflow/example_dags/example_setup_teardown_taskflow.py
[2025-06-11T11:33:11.011+0200] {processor.py:829} INFO - Processing file /home/diego.rivero/practica_creativa/env/lib/python3.11/site-packages/airflow/example_dags/example_setup_teardown_taskflow.py for tasks to queue
[2025-06-11T11:33:11.012+0200] {logging_mixin.py:154} INFO - [2025-06-11T11:33:11.011+0200] {dagbag.py:536} INFO - Filling up the DagBag from /home/diego.rivero/practica_creativa/env/lib/python3.11/site-packages/airflow/example_dags/example_setup_teardown_taskflow.py
[2025-06-11T11:33:11.023+0200] {processor.py:839} INFO - DAG(s) dict_keys(['example_setup_teardown_taskflow']) retrieved from /home/diego.rivero/practica_creativa/env/lib/python3.11/site-packages/airflow/example_dags/example_setup_teardown_taskflow.py
[2025-06-11T11:33:11.049+0200] {logging_mixin.py:154} INFO - [2025-06-11T11:33:11.048+0200] {dag.py:2941} INFO - Sync 1 DAGs
[2025-06-11T11:33:11.074+0200] {logging_mixin.py:154} INFO - [2025-06-11T11:33:11.074+0200] {dag.py:3722} INFO - Setting next_dagrun for example_setup_teardown_taskflow to 2025-06-10T09:33:11.074328+00:00, run_after=2025-06-11T09:33:11.074328+00:00
[2025-06-11T11:33:11.129+0200] {processor.py:179} INFO - Processing /home/diego.rivero/practica_creativa/env/lib/python3.11/site-packages/airflow/example_dags/example_setup_teardown_taskflow.py took 0.124 seconds
[2025-06-11T11:34:06.127+0200] {processor.py:157} INFO - Started process (PID=70947) to work on /home/diego.rivero/practica_creativa/env/lib/python3.11/site-packages/airflow/example_dags/example_setup_teardown_taskflow.py
[2025-06-11T11:34:06.128+0200] {processor.py:829} INFO - Processing file /home/diego.rivero/practica_creativa/env/lib/python3.11/site-packages/airflow/example_dags/example_setup_teardown_taskflow.py for tasks to queue
[2025-06-11T11:34:06.129+0200] {logging_mixin.py:154} INFO - [2025-06-11T11:34:06.129+0200] {dagbag.py:536} INFO - Filling up the DagBag from /home/diego.rivero/practica_creativa/env/lib/python3.11/site-packages/airflow/example_dags/example_setup_teardown_taskflow.py
[2025-06-11T11:34:06.141+0200] {processor.py:839} INFO - DAG(s) dict_keys(['example_setup_teardown_taskflow']) retrieved from /home/diego.rivero/practica_creativa/env/lib/python3.11/site-packages/airflow/example_dags/example_setup_teardown_taskflow.py
[2025-06-11T11:34:06.168+0200] {logging_mixin.py:154} INFO - [2025-06-11T11:34:06.167+0200] {dag.py:2941} INFO - Sync 1 DAGs
[2025-06-11T11:34:06.196+0200] {logging_mixin.py:154} INFO - [2025-06-11T11:34:06.196+0200] {dag.py:3722} INFO - Setting next_dagrun for example_setup_teardown_taskflow to 2025-06-10T09:34:06.196570+00:00, run_after=2025-06-11T09:34:06.196570+00:00
[2025-06-11T11:34:06.256+0200] {processor.py:179} INFO - Processing /home/diego.rivero/practica_creativa/env/lib/python3.11/site-packages/airflow/example_dags/example_setup_teardown_taskflow.py took 0.132 seconds
[2025-06-11T11:34:54.361+0200] {processor.py:157} INFO - Started process (PID=71290) to work on /home/diego.rivero/practica_creativa/env/lib/python3.11/site-packages/airflow/example_dags/example_setup_teardown_taskflow.py
[2025-06-11T11:34:54.364+0200] {processor.py:829} INFO - Processing file /home/diego.rivero/practica_creativa/env/lib/python3.11/site-packages/airflow/example_dags/example_setup_teardown_taskflow.py for tasks to queue
[2025-06-11T11:34:54.366+0200] {logging_mixin.py:154} INFO - [2025-06-11T11:34:54.365+0200] {dagbag.py:536} INFO - Filling up the DagBag from /home/diego.rivero/practica_creativa/env/lib/python3.11/site-packages/airflow/example_dags/example_setup_teardown_taskflow.py
[2025-06-11T11:34:54.394+0200] {processor.py:839} INFO - DAG(s) dict_keys(['example_setup_teardown_taskflow']) retrieved from /home/diego.rivero/practica_creativa/env/lib/python3.11/site-packages/airflow/example_dags/example_setup_teardown_taskflow.py
[2025-06-11T11:34:54.423+0200] {logging_mixin.py:154} INFO - [2025-06-11T11:34:54.423+0200] {dag.py:2941} INFO - Sync 1 DAGs
[2025-06-11T11:34:54.451+0200] {logging_mixin.py:154} INFO - [2025-06-11T11:34:54.451+0200] {dag.py:3722} INFO - Setting next_dagrun for example_setup_teardown_taskflow to 2025-06-10T09:34:54.451511+00:00, run_after=2025-06-11T09:34:54.451511+00:00
[2025-06-11T11:34:54.506+0200] {processor.py:179} INFO - Processing /home/diego.rivero/practica_creativa/env/lib/python3.11/site-packages/airflow/example_dags/example_setup_teardown_taskflow.py took 0.156 seconds
[2025-06-11T11:35:47.782+0200] {processor.py:157} INFO - Started process (PID=71635) to work on /home/diego.rivero/practica_creativa/env/lib/python3.11/site-packages/airflow/example_dags/example_setup_teardown_taskflow.py
[2025-06-11T11:35:47.785+0200] {processor.py:829} INFO - Processing file /home/diego.rivero/practica_creativa/env/lib/python3.11/site-packages/airflow/example_dags/example_setup_teardown_taskflow.py for tasks to queue
[2025-06-11T11:35:47.787+0200] {logging_mixin.py:154} INFO - [2025-06-11T11:35:47.786+0200] {dagbag.py:536} INFO - Filling up the DagBag from /home/diego.rivero/practica_creativa/env/lib/python3.11/site-packages/airflow/example_dags/example_setup_teardown_taskflow.py
[2025-06-11T11:35:47.823+0200] {processor.py:839} INFO - DAG(s) dict_keys(['example_setup_teardown_taskflow']) retrieved from /home/diego.rivero/practica_creativa/env/lib/python3.11/site-packages/airflow/example_dags/example_setup_teardown_taskflow.py
[2025-06-11T11:35:47.882+0200] {logging_mixin.py:154} INFO - [2025-06-11T11:35:47.882+0200] {dag.py:2941} INFO - Sync 1 DAGs
[2025-06-11T11:35:47.912+0200] {logging_mixin.py:154} INFO - [2025-06-11T11:35:47.911+0200] {dag.py:3722} INFO - Setting next_dagrun for example_setup_teardown_taskflow to 2025-06-10T09:35:47.911747+00:00, run_after=2025-06-11T09:35:47.911747+00:00
[2025-06-11T11:35:47.961+0200] {processor.py:179} INFO - Processing /home/diego.rivero/practica_creativa/env/lib/python3.11/site-packages/airflow/example_dags/example_setup_teardown_taskflow.py took 0.188 seconds
[2025-06-11T11:36:41.076+0200] {processor.py:157} INFO - Started process (PID=71990) to work on /home/diego.rivero/practica_creativa/env/lib/python3.11/site-packages/airflow/example_dags/example_setup_teardown_taskflow.py
[2025-06-11T11:36:41.078+0200] {processor.py:829} INFO - Processing file /home/diego.rivero/practica_creativa/env/lib/python3.11/site-packages/airflow/example_dags/example_setup_teardown_taskflow.py for tasks to queue
[2025-06-11T11:36:41.079+0200] {logging_mixin.py:154} INFO - [2025-06-11T11:36:41.078+0200] {dagbag.py:536} INFO - Filling up the DagBag from /home/diego.rivero/practica_creativa/env/lib/python3.11/site-packages/airflow/example_dags/example_setup_teardown_taskflow.py
[2025-06-11T11:36:41.094+0200] {processor.py:839} INFO - DAG(s) dict_keys(['example_setup_teardown_taskflow']) retrieved from /home/diego.rivero/practica_creativa/env/lib/python3.11/site-packages/airflow/example_dags/example_setup_teardown_taskflow.py
[2025-06-11T11:36:41.120+0200] {logging_mixin.py:154} INFO - [2025-06-11T11:36:41.120+0200] {dag.py:2941} INFO - Sync 1 DAGs
[2025-06-11T11:36:41.145+0200] {logging_mixin.py:154} INFO - [2025-06-11T11:36:41.145+0200] {dag.py:3722} INFO - Setting next_dagrun for example_setup_teardown_taskflow to 2025-06-10T09:36:41.145537+00:00, run_after=2025-06-11T09:36:41.145537+00:00
[2025-06-11T11:36:41.198+0200] {processor.py:179} INFO - Processing /home/diego.rivero/practica_creativa/env/lib/python3.11/site-packages/airflow/example_dags/example_setup_teardown_taskflow.py took 0.128 seconds
