[2025-06-11T11:28:38.351+0200] {processor.py:157} INFO - Started process (PID=68760) to work on /home/diego.rivero/practica_creativa/env/lib/python3.11/site-packages/airflow/example_dags/example_task_group.py
[2025-06-11T11:28:38.354+0200] {processor.py:829} INFO - Processing file /home/diego.rivero/practica_creativa/env/lib/python3.11/site-packages/airflow/example_dags/example_task_group.py for tasks to queue
[2025-06-11T11:28:38.355+0200] {logging_mixin.py:154} INFO - [2025-06-11T11:28:38.355+0200] {dagbag.py:536} INFO - Filling up the DagBag from /home/diego.rivero/practica_creativa/env/lib/python3.11/site-packages/airflow/example_dags/example_task_group.py
[2025-06-11T11:28:38.374+0200] {processor.py:839} INFO - DAG(s) dict_keys(['example_task_group']) retrieved from /home/diego.rivero/practica_creativa/env/lib/python3.11/site-packages/airflow/example_dags/example_task_group.py
[2025-06-11T11:28:38.402+0200] {logging_mixin.py:154} INFO - [2025-06-11T11:28:38.402+0200] {dag.py:2941} INFO - Sync 1 DAGs
[2025-06-11T11:28:38.429+0200] {logging_mixin.py:154} INFO - [2025-06-11T11:28:38.428+0200] {dag.py:3722} INFO - Setting next_dagrun for example_task_group to 2025-06-10T09:28:38.428710+00:00, run_after=2025-06-11T09:28:38.428710+00:00
[2025-06-11T11:28:38.485+0200] {processor.py:179} INFO - Processing /home/diego.rivero/practica_creativa/env/lib/python3.11/site-packages/airflow/example_dags/example_task_group.py took 0.143 seconds
[2025-06-11T11:29:34.416+0200] {processor.py:157} INFO - Started process (PID=69119) to work on /home/diego.rivero/practica_creativa/env/lib/python3.11/site-packages/airflow/example_dags/example_task_group.py
[2025-06-11T11:29:34.418+0200] {processor.py:829} INFO - Processing file /home/diego.rivero/practica_creativa/env/lib/python3.11/site-packages/airflow/example_dags/example_task_group.py for tasks to queue
[2025-06-11T11:29:34.419+0200] {logging_mixin.py:154} INFO - [2025-06-11T11:29:34.418+0200] {dagbag.py:536} INFO - Filling up the DagBag from /home/diego.rivero/practica_creativa/env/lib/python3.11/site-packages/airflow/example_dags/example_task_group.py
[2025-06-11T11:29:34.430+0200] {processor.py:839} INFO - DAG(s) dict_keys(['example_task_group']) retrieved from /home/diego.rivero/practica_creativa/env/lib/python3.11/site-packages/airflow/example_dags/example_task_group.py
[2025-06-11T11:29:34.456+0200] {logging_mixin.py:154} INFO - [2025-06-11T11:29:34.456+0200] {dag.py:2941} INFO - Sync 1 DAGs
[2025-06-11T11:29:34.483+0200] {logging_mixin.py:154} INFO - [2025-06-11T11:29:34.483+0200] {dag.py:3722} INFO - Setting next_dagrun for example_task_group to 2025-06-10T09:29:34.483272+00:00, run_after=2025-06-11T09:29:34.483272+00:00
[2025-06-11T11:29:34.539+0200] {processor.py:179} INFO - Processing /home/diego.rivero/practica_creativa/env/lib/python3.11/site-packages/airflow/example_dags/example_task_group.py took 0.127 seconds
[2025-06-11T11:30:26.211+0200] {processor.py:157} INFO - Started process (PID=69480) to work on /home/diego.rivero/practica_creativa/env/lib/python3.11/site-packages/airflow/example_dags/example_task_group.py
[2025-06-11T11:30:26.213+0200] {processor.py:829} INFO - Processing file /home/diego.rivero/practica_creativa/env/lib/python3.11/site-packages/airflow/example_dags/example_task_group.py for tasks to queue
[2025-06-11T11:30:26.215+0200] {logging_mixin.py:154} INFO - [2025-06-11T11:30:26.214+0200] {dagbag.py:536} INFO - Filling up the DagBag from /home/diego.rivero/practica_creativa/env/lib/python3.11/site-packages/airflow/example_dags/example_task_group.py
[2025-06-11T11:30:26.227+0200] {processor.py:839} INFO - DAG(s) dict_keys(['example_task_group']) retrieved from /home/diego.rivero/practica_creativa/env/lib/python3.11/site-packages/airflow/example_dags/example_task_group.py
[2025-06-11T11:30:26.254+0200] {logging_mixin.py:154} INFO - [2025-06-11T11:30:26.253+0200] {dag.py:2941} INFO - Sync 1 DAGs
[2025-06-11T11:30:26.279+0200] {logging_mixin.py:154} INFO - [2025-06-11T11:30:26.279+0200] {dag.py:3722} INFO - Setting next_dagrun for example_task_group to 2025-06-10T09:30:26.279539+00:00, run_after=2025-06-11T09:30:26.279539+00:00
[2025-06-11T11:30:26.339+0200] {processor.py:179} INFO - Processing /home/diego.rivero/practica_creativa/env/lib/python3.11/site-packages/airflow/example_dags/example_task_group.py took 0.137 seconds
[2025-06-11T11:31:19.025+0200] {processor.py:157} INFO - Started process (PID=69845) to work on /home/diego.rivero/practica_creativa/env/lib/python3.11/site-packages/airflow/example_dags/example_task_group.py
[2025-06-11T11:31:19.027+0200] {processor.py:829} INFO - Processing file /home/diego.rivero/practica_creativa/env/lib/python3.11/site-packages/airflow/example_dags/example_task_group.py for tasks to queue
[2025-06-11T11:31:19.030+0200] {logging_mixin.py:154} INFO - [2025-06-11T11:31:19.029+0200] {dagbag.py:536} INFO - Filling up the DagBag from /home/diego.rivero/practica_creativa/env/lib/python3.11/site-packages/airflow/example_dags/example_task_group.py
[2025-06-11T11:31:19.055+0200] {processor.py:839} INFO - DAG(s) dict_keys(['example_task_group']) retrieved from /home/diego.rivero/practica_creativa/env/lib/python3.11/site-packages/airflow/example_dags/example_task_group.py
[2025-06-11T11:31:19.086+0200] {logging_mixin.py:154} INFO - [2025-06-11T11:31:19.086+0200] {dag.py:2941} INFO - Sync 1 DAGs
[2025-06-11T11:31:19.112+0200] {logging_mixin.py:154} INFO - [2025-06-11T11:31:19.111+0200] {dag.py:3722} INFO - Setting next_dagrun for example_task_group to 2025-06-10T09:31:19.111770+00:00, run_after=2025-06-11T09:31:19.111770+00:00
[2025-06-11T11:31:19.167+0200] {processor.py:179} INFO - Processing /home/diego.rivero/practica_creativa/env/lib/python3.11/site-packages/airflow/example_dags/example_task_group.py took 0.152 seconds
[2025-06-11T11:32:10.124+0200] {processor.py:157} INFO - Started process (PID=70165) to work on /home/diego.rivero/practica_creativa/env/lib/python3.11/site-packages/airflow/example_dags/example_task_group.py
[2025-06-11T11:32:10.125+0200] {processor.py:829} INFO - Processing file /home/diego.rivero/practica_creativa/env/lib/python3.11/site-packages/airflow/example_dags/example_task_group.py for tasks to queue
[2025-06-11T11:32:10.126+0200] {logging_mixin.py:154} INFO - [2025-06-11T11:32:10.126+0200] {dagbag.py:536} INFO - Filling up the DagBag from /home/diego.rivero/practica_creativa/env/lib/python3.11/site-packages/airflow/example_dags/example_task_group.py
[2025-06-11T11:32:10.141+0200] {processor.py:839} INFO - DAG(s) dict_keys(['example_task_group']) retrieved from /home/diego.rivero/practica_creativa/env/lib/python3.11/site-packages/airflow/example_dags/example_task_group.py
[2025-06-11T11:32:10.170+0200] {logging_mixin.py:154} INFO - [2025-06-11T11:32:10.170+0200] {dag.py:2941} INFO - Sync 1 DAGs
[2025-06-11T11:32:10.197+0200] {logging_mixin.py:154} INFO - [2025-06-11T11:32:10.196+0200] {dag.py:3722} INFO - Setting next_dagrun for example_task_group to 2025-06-10T09:32:10.196659+00:00, run_after=2025-06-11T09:32:10.196659+00:00
[2025-06-11T11:32:10.253+0200] {processor.py:179} INFO - Processing /home/diego.rivero/practica_creativa/env/lib/python3.11/site-packages/airflow/example_dags/example_task_group.py took 0.134 seconds
[2025-06-11T11:33:02.244+0200] {processor.py:157} INFO - Started process (PID=70527) to work on /home/diego.rivero/practica_creativa/env/lib/python3.11/site-packages/airflow/example_dags/example_task_group.py
[2025-06-11T11:33:02.245+0200] {processor.py:829} INFO - Processing file /home/diego.rivero/practica_creativa/env/lib/python3.11/site-packages/airflow/example_dags/example_task_group.py for tasks to queue
[2025-06-11T11:33:02.246+0200] {logging_mixin.py:154} INFO - [2025-06-11T11:33:02.246+0200] {dagbag.py:536} INFO - Filling up the DagBag from /home/diego.rivero/practica_creativa/env/lib/python3.11/site-packages/airflow/example_dags/example_task_group.py
[2025-06-11T11:33:02.258+0200] {processor.py:839} INFO - DAG(s) dict_keys(['example_task_group']) retrieved from /home/diego.rivero/practica_creativa/env/lib/python3.11/site-packages/airflow/example_dags/example_task_group.py
[2025-06-11T11:33:02.284+0200] {logging_mixin.py:154} INFO - [2025-06-11T11:33:02.283+0200] {dag.py:2941} INFO - Sync 1 DAGs
[2025-06-11T11:33:02.311+0200] {logging_mixin.py:154} INFO - [2025-06-11T11:33:02.310+0200] {dag.py:3722} INFO - Setting next_dagrun for example_task_group to 2025-06-10T09:33:02.310748+00:00, run_after=2025-06-11T09:33:02.310748+00:00
[2025-06-11T11:33:02.363+0200] {processor.py:179} INFO - Processing /home/diego.rivero/practica_creativa/env/lib/python3.11/site-packages/airflow/example_dags/example_task_group.py took 0.123 seconds
[2025-06-11T11:33:49.377+0200] {processor.py:157} INFO - Started process (PID=70873) to work on /home/diego.rivero/practica_creativa/env/lib/python3.11/site-packages/airflow/example_dags/example_task_group.py
[2025-06-11T11:33:49.379+0200] {processor.py:829} INFO - Processing file /home/diego.rivero/practica_creativa/env/lib/python3.11/site-packages/airflow/example_dags/example_task_group.py for tasks to queue
[2025-06-11T11:33:49.382+0200] {logging_mixin.py:154} INFO - [2025-06-11T11:33:49.381+0200] {dagbag.py:536} INFO - Filling up the DagBag from /home/diego.rivero/practica_creativa/env/lib/python3.11/site-packages/airflow/example_dags/example_task_group.py
[2025-06-11T11:33:49.415+0200] {processor.py:839} INFO - DAG(s) dict_keys(['example_task_group']) retrieved from /home/diego.rivero/practica_creativa/env/lib/python3.11/site-packages/airflow/example_dags/example_task_group.py
[2025-06-11T11:33:49.472+0200] {logging_mixin.py:154} INFO - [2025-06-11T11:33:49.472+0200] {dag.py:2941} INFO - Sync 1 DAGs
[2025-06-11T11:33:49.510+0200] {logging_mixin.py:154} INFO - [2025-06-11T11:33:49.509+0200] {dag.py:3722} INFO - Setting next_dagrun for example_task_group to 2025-06-10T09:33:49.509739+00:00, run_after=2025-06-11T09:33:49.509739+00:00
[2025-06-11T11:33:49.568+0200] {processor.py:179} INFO - Processing /home/diego.rivero/practica_creativa/env/lib/python3.11/site-packages/airflow/example_dags/example_task_group.py took 0.201 seconds
[2025-06-11T11:34:39.115+0200] {processor.py:157} INFO - Started process (PID=71174) to work on /home/diego.rivero/practica_creativa/env/lib/python3.11/site-packages/airflow/example_dags/example_task_group.py
[2025-06-11T11:34:39.116+0200] {processor.py:829} INFO - Processing file /home/diego.rivero/practica_creativa/env/lib/python3.11/site-packages/airflow/example_dags/example_task_group.py for tasks to queue
[2025-06-11T11:34:39.117+0200] {logging_mixin.py:154} INFO - [2025-06-11T11:34:39.116+0200] {dagbag.py:536} INFO - Filling up the DagBag from /home/diego.rivero/practica_creativa/env/lib/python3.11/site-packages/airflow/example_dags/example_task_group.py
[2025-06-11T11:34:39.127+0200] {processor.py:839} INFO - DAG(s) dict_keys(['example_task_group']) retrieved from /home/diego.rivero/practica_creativa/env/lib/python3.11/site-packages/airflow/example_dags/example_task_group.py
[2025-06-11T11:34:39.154+0200] {logging_mixin.py:154} INFO - [2025-06-11T11:34:39.154+0200] {dag.py:2941} INFO - Sync 1 DAGs
[2025-06-11T11:34:39.184+0200] {logging_mixin.py:154} INFO - [2025-06-11T11:34:39.184+0200] {dag.py:3722} INFO - Setting next_dagrun for example_task_group to 2025-06-10T09:34:39.183866+00:00, run_after=2025-06-11T09:34:39.183866+00:00
[2025-06-11T11:34:39.242+0200] {processor.py:179} INFO - Processing /home/diego.rivero/practica_creativa/env/lib/python3.11/site-packages/airflow/example_dags/example_task_group.py took 0.130 seconds
[2025-06-11T11:35:30.950+0200] {processor.py:157} INFO - Started process (PID=71506) to work on /home/diego.rivero/practica_creativa/env/lib/python3.11/site-packages/airflow/example_dags/example_task_group.py
[2025-06-11T11:35:30.952+0200] {processor.py:829} INFO - Processing file /home/diego.rivero/practica_creativa/env/lib/python3.11/site-packages/airflow/example_dags/example_task_group.py for tasks to queue
[2025-06-11T11:35:30.953+0200] {logging_mixin.py:154} INFO - [2025-06-11T11:35:30.952+0200] {dagbag.py:536} INFO - Filling up the DagBag from /home/diego.rivero/practica_creativa/env/lib/python3.11/site-packages/airflow/example_dags/example_task_group.py
[2025-06-11T11:35:30.964+0200] {processor.py:839} INFO - DAG(s) dict_keys(['example_task_group']) retrieved from /home/diego.rivero/practica_creativa/env/lib/python3.11/site-packages/airflow/example_dags/example_task_group.py
[2025-06-11T11:35:30.991+0200] {logging_mixin.py:154} INFO - [2025-06-11T11:35:30.991+0200] {dag.py:2941} INFO - Sync 1 DAGs
[2025-06-11T11:35:31.018+0200] {logging_mixin.py:154} INFO - [2025-06-11T11:35:31.018+0200] {dag.py:3722} INFO - Setting next_dagrun for example_task_group to 2025-06-10T09:35:31.018355+00:00, run_after=2025-06-11T09:35:31.018355+00:00
[2025-06-11T11:35:31.074+0200] {processor.py:179} INFO - Processing /home/diego.rivero/practica_creativa/env/lib/python3.11/site-packages/airflow/example_dags/example_task_group.py took 0.131 seconds
[2025-06-11T11:36:24.223+0200] {processor.py:157} INFO - Started process (PID=71879) to work on /home/diego.rivero/practica_creativa/env/lib/python3.11/site-packages/airflow/example_dags/example_task_group.py
[2025-06-11T11:36:24.226+0200] {processor.py:829} INFO - Processing file /home/diego.rivero/practica_creativa/env/lib/python3.11/site-packages/airflow/example_dags/example_task_group.py for tasks to queue
[2025-06-11T11:36:24.228+0200] {logging_mixin.py:154} INFO - [2025-06-11T11:36:24.227+0200] {dagbag.py:536} INFO - Filling up the DagBag from /home/diego.rivero/practica_creativa/env/lib/python3.11/site-packages/airflow/example_dags/example_task_group.py
[2025-06-11T11:36:24.251+0200] {processor.py:839} INFO - DAG(s) dict_keys(['example_task_group']) retrieved from /home/diego.rivero/practica_creativa/env/lib/python3.11/site-packages/airflow/example_dags/example_task_group.py
[2025-06-11T11:36:24.281+0200] {logging_mixin.py:154} INFO - [2025-06-11T11:36:24.281+0200] {dag.py:2941} INFO - Sync 1 DAGs
[2025-06-11T11:36:24.307+0200] {logging_mixin.py:154} INFO - [2025-06-11T11:36:24.307+0200] {dag.py:3722} INFO - Setting next_dagrun for example_task_group to 2025-06-10T09:36:24.307351+00:00, run_after=2025-06-11T09:36:24.307351+00:00
[2025-06-11T11:36:24.359+0200] {processor.py:179} INFO - Processing /home/diego.rivero/practica_creativa/env/lib/python3.11/site-packages/airflow/example_dags/example_task_group.py took 0.146 seconds
[2025-06-11T11:37:15.421+0200] {processor.py:157} INFO - Started process (PID=72198) to work on /home/diego.rivero/practica_creativa/env/lib/python3.11/site-packages/airflow/example_dags/example_task_group.py
[2025-06-11T11:37:15.424+0200] {processor.py:829} INFO - Processing file /home/diego.rivero/practica_creativa/env/lib/python3.11/site-packages/airflow/example_dags/example_task_group.py for tasks to queue
[2025-06-11T11:37:15.427+0200] {logging_mixin.py:154} INFO - [2025-06-11T11:37:15.425+0200] {dagbag.py:536} INFO - Filling up the DagBag from /home/diego.rivero/practica_creativa/env/lib/python3.11/site-packages/airflow/example_dags/example_task_group.py
[2025-06-11T11:37:15.449+0200] {processor.py:839} INFO - DAG(s) dict_keys(['example_task_group']) retrieved from /home/diego.rivero/practica_creativa/env/lib/python3.11/site-packages/airflow/example_dags/example_task_group.py
[2025-06-11T11:37:15.480+0200] {logging_mixin.py:154} INFO - [2025-06-11T11:37:15.480+0200] {dag.py:2941} INFO - Sync 1 DAGs
[2025-06-11T11:37:15.508+0200] {logging_mixin.py:154} INFO - [2025-06-11T11:37:15.508+0200] {dag.py:3722} INFO - Setting next_dagrun for example_task_group to 2025-06-10T09:37:15.508518+00:00, run_after=2025-06-11T09:37:15.508518+00:00
[2025-06-11T11:37:15.567+0200] {processor.py:179} INFO - Processing /home/diego.rivero/practica_creativa/env/lib/python3.11/site-packages/airflow/example_dags/example_task_group.py took 0.155 seconds
