[2025-06-11T11:28:41.094+0200] {processor.py:157} INFO - Started process (PID=68774) to work on /home/diego.rivero/practica_creativa/env/lib/python3.11/site-packages/airflow/example_dags/example_sla_dag.py
[2025-06-11T11:28:41.097+0200] {processor.py:829} INFO - Processing file /home/diego.rivero/practica_creativa/env/lib/python3.11/site-packages/airflow/example_dags/example_sla_dag.py for tasks to queue
[2025-06-11T11:28:41.100+0200] {logging_mixin.py:154} INFO - [2025-06-11T11:28:41.099+0200] {dagbag.py:536} INFO - Filling up the DagBag from /home/diego.rivero/practica_creativa/env/lib/python3.11/site-packages/airflow/example_dags/example_sla_dag.py
[2025-06-11T11:28:41.134+0200] {processor.py:839} INFO - DAG(s) dict_keys(['example_sla_dag']) retrieved from /home/diego.rivero/practica_creativa/env/lib/python3.11/site-packages/airflow/example_dags/example_sla_dag.py
[2025-06-11T11:28:41.167+0200] {logging_mixin.py:154} INFO - [2025-06-11T11:28:41.167+0200] {dag.py:2941} INFO - Sync 1 DAGs
[2025-06-11T11:28:41.203+0200] {logging_mixin.py:154} INFO - [2025-06-11T11:28:41.202+0200] {dag.py:3722} INFO - Setting next_dagrun for example_sla_dag to 2025-06-11T09:26:00+00:00, run_after=2025-06-11T09:28:00+00:00
[2025-06-11T11:28:41.263+0200] {processor.py:179} INFO - Processing /home/diego.rivero/practica_creativa/env/lib/python3.11/site-packages/airflow/example_dags/example_sla_dag.py took 0.180 seconds
[2025-06-11T11:29:36.431+0200] {processor.py:157} INFO - Started process (PID=69126) to work on /home/diego.rivero/practica_creativa/env/lib/python3.11/site-packages/airflow/example_dags/example_sla_dag.py
[2025-06-11T11:29:36.432+0200] {processor.py:829} INFO - Processing file /home/diego.rivero/practica_creativa/env/lib/python3.11/site-packages/airflow/example_dags/example_sla_dag.py for tasks to queue
[2025-06-11T11:29:36.433+0200] {logging_mixin.py:154} INFO - [2025-06-11T11:29:36.433+0200] {dagbag.py:536} INFO - Filling up the DagBag from /home/diego.rivero/practica_creativa/env/lib/python3.11/site-packages/airflow/example_dags/example_sla_dag.py
[2025-06-11T11:29:36.449+0200] {processor.py:839} INFO - DAG(s) dict_keys(['example_sla_dag']) retrieved from /home/diego.rivero/practica_creativa/env/lib/python3.11/site-packages/airflow/example_dags/example_sla_dag.py
[2025-06-11T11:29:36.476+0200] {logging_mixin.py:154} INFO - [2025-06-11T11:29:36.476+0200] {dag.py:2941} INFO - Sync 1 DAGs
[2025-06-11T11:29:36.506+0200] {logging_mixin.py:154} INFO - [2025-06-11T11:29:36.506+0200] {dag.py:3722} INFO - Setting next_dagrun for example_sla_dag to 2025-06-11T09:26:00+00:00, run_after=2025-06-11T09:28:00+00:00
[2025-06-11T11:29:36.562+0200] {processor.py:179} INFO - Processing /home/diego.rivero/practica_creativa/env/lib/python3.11/site-packages/airflow/example_dags/example_sla_dag.py took 0.136 seconds
[2025-06-11T11:30:28.843+0200] {processor.py:157} INFO - Started process (PID=69490) to work on /home/diego.rivero/practica_creativa/env/lib/python3.11/site-packages/airflow/example_dags/example_sla_dag.py
[2025-06-11T11:30:28.844+0200] {processor.py:829} INFO - Processing file /home/diego.rivero/practica_creativa/env/lib/python3.11/site-packages/airflow/example_dags/example_sla_dag.py for tasks to queue
[2025-06-11T11:30:28.845+0200] {logging_mixin.py:154} INFO - [2025-06-11T11:30:28.845+0200] {dagbag.py:536} INFO - Filling up the DagBag from /home/diego.rivero/practica_creativa/env/lib/python3.11/site-packages/airflow/example_dags/example_sla_dag.py
[2025-06-11T11:30:28.860+0200] {processor.py:839} INFO - DAG(s) dict_keys(['example_sla_dag']) retrieved from /home/diego.rivero/practica_creativa/env/lib/python3.11/site-packages/airflow/example_dags/example_sla_dag.py
[2025-06-11T11:30:28.896+0200] {logging_mixin.py:154} INFO - [2025-06-11T11:30:28.896+0200] {dag.py:2941} INFO - Sync 1 DAGs
[2025-06-11T11:30:28.930+0200] {logging_mixin.py:154} INFO - [2025-06-11T11:30:28.930+0200] {dag.py:3722} INFO - Setting next_dagrun for example_sla_dag to 2025-06-11T09:28:00+00:00, run_after=2025-06-11T09:30:00+00:00
[2025-06-11T11:30:28.987+0200] {processor.py:179} INFO - Processing /home/diego.rivero/practica_creativa/env/lib/python3.11/site-packages/airflow/example_dags/example_sla_dag.py took 0.149 seconds
[2025-06-11T11:31:21.784+0200] {processor.py:157} INFO - Started process (PID=69859) to work on /home/diego.rivero/practica_creativa/env/lib/python3.11/site-packages/airflow/example_dags/example_sla_dag.py
[2025-06-11T11:31:21.785+0200] {processor.py:829} INFO - Processing file /home/diego.rivero/practica_creativa/env/lib/python3.11/site-packages/airflow/example_dags/example_sla_dag.py for tasks to queue
[2025-06-11T11:31:21.786+0200] {logging_mixin.py:154} INFO - [2025-06-11T11:31:21.786+0200] {dagbag.py:536} INFO - Filling up the DagBag from /home/diego.rivero/practica_creativa/env/lib/python3.11/site-packages/airflow/example_dags/example_sla_dag.py
[2025-06-11T11:31:21.796+0200] {processor.py:839} INFO - DAG(s) dict_keys(['example_sla_dag']) retrieved from /home/diego.rivero/practica_creativa/env/lib/python3.11/site-packages/airflow/example_dags/example_sla_dag.py
[2025-06-11T11:31:21.820+0200] {logging_mixin.py:154} INFO - [2025-06-11T11:31:21.820+0200] {dag.py:2941} INFO - Sync 1 DAGs
[2025-06-11T11:31:21.848+0200] {logging_mixin.py:154} INFO - [2025-06-11T11:31:21.848+0200] {dag.py:3722} INFO - Setting next_dagrun for example_sla_dag to 2025-06-11T09:28:00+00:00, run_after=2025-06-11T09:30:00+00:00
[2025-06-11T11:31:21.899+0200] {processor.py:179} INFO - Processing /home/diego.rivero/practica_creativa/env/lib/python3.11/site-packages/airflow/example_dags/example_sla_dag.py took 0.119 seconds
[2025-06-11T11:32:12.804+0200] {processor.py:157} INFO - Started process (PID=70178) to work on /home/diego.rivero/practica_creativa/env/lib/python3.11/site-packages/airflow/example_dags/example_sla_dag.py
[2025-06-11T11:32:12.804+0200] {processor.py:829} INFO - Processing file /home/diego.rivero/practica_creativa/env/lib/python3.11/site-packages/airflow/example_dags/example_sla_dag.py for tasks to queue
[2025-06-11T11:32:12.805+0200] {logging_mixin.py:154} INFO - [2025-06-11T11:32:12.805+0200] {dagbag.py:536} INFO - Filling up the DagBag from /home/diego.rivero/practica_creativa/env/lib/python3.11/site-packages/airflow/example_dags/example_sla_dag.py
[2025-06-11T11:32:12.817+0200] {processor.py:839} INFO - DAG(s) dict_keys(['example_sla_dag']) retrieved from /home/diego.rivero/practica_creativa/env/lib/python3.11/site-packages/airflow/example_dags/example_sla_dag.py
[2025-06-11T11:32:12.842+0200] {logging_mixin.py:154} INFO - [2025-06-11T11:32:12.842+0200] {dag.py:2941} INFO - Sync 1 DAGs
[2025-06-11T11:32:12.870+0200] {logging_mixin.py:154} INFO - [2025-06-11T11:32:12.870+0200] {dag.py:3722} INFO - Setting next_dagrun for example_sla_dag to 2025-06-11T09:30:00+00:00, run_after=2025-06-11T09:32:00+00:00
[2025-06-11T11:32:12.937+0200] {processor.py:179} INFO - Processing /home/diego.rivero/practica_creativa/env/lib/python3.11/site-packages/airflow/example_dags/example_sla_dag.py took 0.135 seconds
[2025-06-11T11:33:05.008+0200] {processor.py:157} INFO - Started process (PID=70540) to work on /home/diego.rivero/practica_creativa/env/lib/python3.11/site-packages/airflow/example_dags/example_sla_dag.py
[2025-06-11T11:33:05.010+0200] {processor.py:829} INFO - Processing file /home/diego.rivero/practica_creativa/env/lib/python3.11/site-packages/airflow/example_dags/example_sla_dag.py for tasks to queue
[2025-06-11T11:33:05.012+0200] {logging_mixin.py:154} INFO - [2025-06-11T11:33:05.011+0200] {dagbag.py:536} INFO - Filling up the DagBag from /home/diego.rivero/practica_creativa/env/lib/python3.11/site-packages/airflow/example_dags/example_sla_dag.py
[2025-06-11T11:33:05.036+0200] {processor.py:839} INFO - DAG(s) dict_keys(['example_sla_dag']) retrieved from /home/diego.rivero/practica_creativa/env/lib/python3.11/site-packages/airflow/example_dags/example_sla_dag.py
[2025-06-11T11:33:05.066+0200] {logging_mixin.py:154} INFO - [2025-06-11T11:33:05.066+0200] {dag.py:2941} INFO - Sync 1 DAGs
[2025-06-11T11:33:05.094+0200] {logging_mixin.py:154} INFO - [2025-06-11T11:33:05.094+0200] {dag.py:3722} INFO - Setting next_dagrun for example_sla_dag to 2025-06-11T09:30:00+00:00, run_after=2025-06-11T09:32:00+00:00
[2025-06-11T11:33:05.143+0200] {processor.py:179} INFO - Processing /home/diego.rivero/practica_creativa/env/lib/python3.11/site-packages/airflow/example_dags/example_sla_dag.py took 0.145 seconds
[2025-06-11T11:33:51.429+0200] {processor.py:157} INFO - Started process (PID=70882) to work on /home/diego.rivero/practica_creativa/env/lib/python3.11/site-packages/airflow/example_dags/example_sla_dag.py
[2025-06-11T11:33:51.430+0200] {processor.py:829} INFO - Processing file /home/diego.rivero/practica_creativa/env/lib/python3.11/site-packages/airflow/example_dags/example_sla_dag.py for tasks to queue
[2025-06-11T11:33:51.431+0200] {logging_mixin.py:154} INFO - [2025-06-11T11:33:51.431+0200] {dagbag.py:536} INFO - Filling up the DagBag from /home/diego.rivero/practica_creativa/env/lib/python3.11/site-packages/airflow/example_dags/example_sla_dag.py
[2025-06-11T11:33:51.442+0200] {processor.py:839} INFO - DAG(s) dict_keys(['example_sla_dag']) retrieved from /home/diego.rivero/practica_creativa/env/lib/python3.11/site-packages/airflow/example_dags/example_sla_dag.py
[2025-06-11T11:33:51.476+0200] {logging_mixin.py:154} INFO - [2025-06-11T11:33:51.476+0200] {dag.py:2941} INFO - Sync 1 DAGs
[2025-06-11T11:33:51.509+0200] {logging_mixin.py:154} INFO - [2025-06-11T11:33:51.509+0200] {dag.py:3722} INFO - Setting next_dagrun for example_sla_dag to 2025-06-11T09:30:00+00:00, run_after=2025-06-11T09:32:00+00:00
[2025-06-11T11:33:51.570+0200] {processor.py:179} INFO - Processing /home/diego.rivero/practica_creativa/env/lib/python3.11/site-packages/airflow/example_dags/example_sla_dag.py took 0.144 seconds
[2025-06-11T11:34:41.782+0200] {processor.py:157} INFO - Started process (PID=71193) to work on /home/diego.rivero/practica_creativa/env/lib/python3.11/site-packages/airflow/example_dags/example_sla_dag.py
[2025-06-11T11:34:41.783+0200] {processor.py:829} INFO - Processing file /home/diego.rivero/practica_creativa/env/lib/python3.11/site-packages/airflow/example_dags/example_sla_dag.py for tasks to queue
[2025-06-11T11:34:41.785+0200] {logging_mixin.py:154} INFO - [2025-06-11T11:34:41.784+0200] {dagbag.py:536} INFO - Filling up the DagBag from /home/diego.rivero/practica_creativa/env/lib/python3.11/site-packages/airflow/example_dags/example_sla_dag.py
[2025-06-11T11:34:41.797+0200] {processor.py:839} INFO - DAG(s) dict_keys(['example_sla_dag']) retrieved from /home/diego.rivero/practica_creativa/env/lib/python3.11/site-packages/airflow/example_dags/example_sla_dag.py
[2025-06-11T11:34:41.825+0200] {logging_mixin.py:154} INFO - [2025-06-11T11:34:41.824+0200] {dag.py:2941} INFO - Sync 1 DAGs
[2025-06-11T11:34:41.857+0200] {logging_mixin.py:154} INFO - [2025-06-11T11:34:41.856+0200] {dag.py:3722} INFO - Setting next_dagrun for example_sla_dag to 2025-06-11T09:32:00+00:00, run_after=2025-06-11T09:34:00+00:00
[2025-06-11T11:34:41.916+0200] {processor.py:179} INFO - Processing /home/diego.rivero/practica_creativa/env/lib/python3.11/site-packages/airflow/example_dags/example_sla_dag.py took 0.136 seconds
[2025-06-11T11:35:32.789+0200] {processor.py:157} INFO - Started process (PID=71514) to work on /home/diego.rivero/practica_creativa/env/lib/python3.11/site-packages/airflow/example_dags/example_sla_dag.py
[2025-06-11T11:35:32.790+0200] {processor.py:829} INFO - Processing file /home/diego.rivero/practica_creativa/env/lib/python3.11/site-packages/airflow/example_dags/example_sla_dag.py for tasks to queue
[2025-06-11T11:35:32.792+0200] {logging_mixin.py:154} INFO - [2025-06-11T11:35:32.791+0200] {dagbag.py:536} INFO - Filling up the DagBag from /home/diego.rivero/practica_creativa/env/lib/python3.11/site-packages/airflow/example_dags/example_sla_dag.py
[2025-06-11T11:35:32.805+0200] {processor.py:839} INFO - DAG(s) dict_keys(['example_sla_dag']) retrieved from /home/diego.rivero/practica_creativa/env/lib/python3.11/site-packages/airflow/example_dags/example_sla_dag.py
[2025-06-11T11:35:32.831+0200] {logging_mixin.py:154} INFO - [2025-06-11T11:35:32.831+0200] {dag.py:2941} INFO - Sync 1 DAGs
[2025-06-11T11:35:32.861+0200] {logging_mixin.py:154} INFO - [2025-06-11T11:35:32.861+0200] {dag.py:3722} INFO - Setting next_dagrun for example_sla_dag to 2025-06-11T09:32:00+00:00, run_after=2025-06-11T09:34:00+00:00
[2025-06-11T11:35:32.912+0200] {processor.py:179} INFO - Processing /home/diego.rivero/practica_creativa/env/lib/python3.11/site-packages/airflow/example_dags/example_sla_dag.py took 0.132 seconds
[2025-06-11T11:36:26.229+0200] {processor.py:157} INFO - Started process (PID=71889) to work on /home/diego.rivero/practica_creativa/env/lib/python3.11/site-packages/airflow/example_dags/example_sla_dag.py
[2025-06-11T11:36:26.231+0200] {processor.py:829} INFO - Processing file /home/diego.rivero/practica_creativa/env/lib/python3.11/site-packages/airflow/example_dags/example_sla_dag.py for tasks to queue
[2025-06-11T11:36:26.234+0200] {logging_mixin.py:154} INFO - [2025-06-11T11:36:26.233+0200] {dagbag.py:536} INFO - Filling up the DagBag from /home/diego.rivero/practica_creativa/env/lib/python3.11/site-packages/airflow/example_dags/example_sla_dag.py
[2025-06-11T11:36:26.252+0200] {processor.py:839} INFO - DAG(s) dict_keys(['example_sla_dag']) retrieved from /home/diego.rivero/practica_creativa/env/lib/python3.11/site-packages/airflow/example_dags/example_sla_dag.py
[2025-06-11T11:36:26.290+0200] {logging_mixin.py:154} INFO - [2025-06-11T11:36:26.289+0200] {dag.py:2941} INFO - Sync 1 DAGs
[2025-06-11T11:36:26.324+0200] {logging_mixin.py:154} INFO - [2025-06-11T11:36:26.324+0200] {dag.py:3722} INFO - Setting next_dagrun for example_sla_dag to 2025-06-11T09:34:00+00:00, run_after=2025-06-11T09:36:00+00:00
[2025-06-11T11:36:26.379+0200] {processor.py:179} INFO - Processing /home/diego.rivero/practica_creativa/env/lib/python3.11/site-packages/airflow/example_dags/example_sla_dag.py took 0.160 seconds
