[2025-06-11T11:28:58.626+0200] {processor.py:157} INFO - Started process (PID=68896) to work on /home/diego.rivero/practica_creativa/env/lib/python3.11/site-packages/airflow/example_dags/example_nested_branch_dag.py
[2025-06-11T11:28:58.631+0200] {processor.py:829} INFO - Processing file /home/diego.rivero/practica_creativa/env/lib/python3.11/site-packages/airflow/example_dags/example_nested_branch_dag.py for tasks to queue
[2025-06-11T11:28:58.635+0200] {logging_mixin.py:154} INFO - [2025-06-11T11:28:58.633+0200] {dagbag.py:536} INFO - Filling up the DagBag from /home/diego.rivero/practica_creativa/env/lib/python3.11/site-packages/airflow/example_dags/example_nested_branch_dag.py
[2025-06-11T11:28:58.655+0200] {processor.py:839} INFO - DAG(s) dict_keys(['example_nested_branch_dag']) retrieved from /home/diego.rivero/practica_creativa/env/lib/python3.11/site-packages/airflow/example_dags/example_nested_branch_dag.py
[2025-06-11T11:28:58.688+0200] {logging_mixin.py:154} INFO - [2025-06-11T11:28:58.688+0200] {dag.py:2941} INFO - Sync 1 DAGs
[2025-06-11T11:28:58.716+0200] {logging_mixin.py:154} INFO - [2025-06-11T11:28:58.716+0200] {dag.py:3722} INFO - Setting next_dagrun for example_nested_branch_dag to 2025-06-10T00:00:00+00:00, run_after=2025-06-11T00:00:00+00:00
[2025-06-11T11:28:58.770+0200] {processor.py:179} INFO - Processing /home/diego.rivero/practica_creativa/env/lib/python3.11/site-packages/airflow/example_dags/example_nested_branch_dag.py took 0.156 seconds
[2025-06-11T11:29:53.818+0200] {processor.py:157} INFO - Started process (PID=69280) to work on /home/diego.rivero/practica_creativa/env/lib/python3.11/site-packages/airflow/example_dags/example_nested_branch_dag.py
[2025-06-11T11:29:53.821+0200] {processor.py:829} INFO - Processing file /home/diego.rivero/practica_creativa/env/lib/python3.11/site-packages/airflow/example_dags/example_nested_branch_dag.py for tasks to queue
[2025-06-11T11:29:53.824+0200] {logging_mixin.py:154} INFO - [2025-06-11T11:29:53.823+0200] {dagbag.py:536} INFO - Filling up the DagBag from /home/diego.rivero/practica_creativa/env/lib/python3.11/site-packages/airflow/example_dags/example_nested_branch_dag.py
[2025-06-11T11:29:53.867+0200] {processor.py:839} INFO - DAG(s) dict_keys(['example_nested_branch_dag']) retrieved from /home/diego.rivero/practica_creativa/env/lib/python3.11/site-packages/airflow/example_dags/example_nested_branch_dag.py
[2025-06-11T11:29:53.957+0200] {logging_mixin.py:154} INFO - [2025-06-11T11:29:53.956+0200] {dag.py:2941} INFO - Sync 1 DAGs
[2025-06-11T11:29:54.001+0200] {logging_mixin.py:154} INFO - [2025-06-11T11:29:54.001+0200] {dag.py:3722} INFO - Setting next_dagrun for example_nested_branch_dag to 2025-06-10T00:00:00+00:00, run_after=2025-06-11T00:00:00+00:00
[2025-06-11T11:29:54.084+0200] {processor.py:179} INFO - Processing /home/diego.rivero/practica_creativa/env/lib/python3.11/site-packages/airflow/example_dags/example_nested_branch_dag.py took 0.275 seconds
[2025-06-11T11:30:49.477+0200] {processor.py:157} INFO - Started process (PID=69666) to work on /home/diego.rivero/practica_creativa/env/lib/python3.11/site-packages/airflow/example_dags/example_nested_branch_dag.py
[2025-06-11T11:30:49.477+0200] {processor.py:829} INFO - Processing file /home/diego.rivero/practica_creativa/env/lib/python3.11/site-packages/airflow/example_dags/example_nested_branch_dag.py for tasks to queue
[2025-06-11T11:30:49.478+0200] {logging_mixin.py:154} INFO - [2025-06-11T11:30:49.478+0200] {dagbag.py:536} INFO - Filling up the DagBag from /home/diego.rivero/practica_creativa/env/lib/python3.11/site-packages/airflow/example_dags/example_nested_branch_dag.py
[2025-06-11T11:30:49.488+0200] {processor.py:839} INFO - DAG(s) dict_keys(['example_nested_branch_dag']) retrieved from /home/diego.rivero/practica_creativa/env/lib/python3.11/site-packages/airflow/example_dags/example_nested_branch_dag.py
[2025-06-11T11:30:49.515+0200] {logging_mixin.py:154} INFO - [2025-06-11T11:30:49.515+0200] {dag.py:2941} INFO - Sync 1 DAGs
[2025-06-11T11:30:49.541+0200] {logging_mixin.py:154} INFO - [2025-06-11T11:30:49.541+0200] {dag.py:3722} INFO - Setting next_dagrun for example_nested_branch_dag to 2025-06-10T00:00:00+00:00, run_after=2025-06-11T00:00:00+00:00
[2025-06-11T11:30:49.609+0200] {processor.py:179} INFO - Processing /home/diego.rivero/practica_creativa/env/lib/python3.11/site-packages/airflow/example_dags/example_nested_branch_dag.py took 0.135 seconds
[2025-06-11T11:31:42.175+0200] {processor.py:157} INFO - Started process (PID=69991) to work on /home/diego.rivero/practica_creativa/env/lib/python3.11/site-packages/airflow/example_dags/example_nested_branch_dag.py
[2025-06-11T11:31:42.175+0200] {processor.py:829} INFO - Processing file /home/diego.rivero/practica_creativa/env/lib/python3.11/site-packages/airflow/example_dags/example_nested_branch_dag.py for tasks to queue
[2025-06-11T11:31:42.176+0200] {logging_mixin.py:154} INFO - [2025-06-11T11:31:42.176+0200] {dagbag.py:536} INFO - Filling up the DagBag from /home/diego.rivero/practica_creativa/env/lib/python3.11/site-packages/airflow/example_dags/example_nested_branch_dag.py
[2025-06-11T11:31:42.185+0200] {processor.py:839} INFO - DAG(s) dict_keys(['example_nested_branch_dag']) retrieved from /home/diego.rivero/practica_creativa/env/lib/python3.11/site-packages/airflow/example_dags/example_nested_branch_dag.py
[2025-06-11T11:31:42.211+0200] {logging_mixin.py:154} INFO - [2025-06-11T11:31:42.211+0200] {dag.py:2941} INFO - Sync 1 DAGs
[2025-06-11T11:31:42.236+0200] {logging_mixin.py:154} INFO - [2025-06-11T11:31:42.236+0200] {dag.py:3722} INFO - Setting next_dagrun for example_nested_branch_dag to 2025-06-10T00:00:00+00:00, run_after=2025-06-11T00:00:00+00:00
[2025-06-11T11:31:42.286+0200] {processor.py:179} INFO - Processing /home/diego.rivero/practica_creativa/env/lib/python3.11/site-packages/airflow/example_dags/example_nested_branch_dag.py took 0.113 seconds
[2025-06-11T11:32:28.822+0200] {processor.py:157} INFO - Started process (PID=70291) to work on /home/diego.rivero/practica_creativa/env/lib/python3.11/site-packages/airflow/example_dags/example_nested_branch_dag.py
[2025-06-11T11:32:28.824+0200] {processor.py:829} INFO - Processing file /home/diego.rivero/practica_creativa/env/lib/python3.11/site-packages/airflow/example_dags/example_nested_branch_dag.py for tasks to queue
[2025-06-11T11:32:28.826+0200] {logging_mixin.py:154} INFO - [2025-06-11T11:32:28.825+0200] {dagbag.py:536} INFO - Filling up the DagBag from /home/diego.rivero/practica_creativa/env/lib/python3.11/site-packages/airflow/example_dags/example_nested_branch_dag.py
[2025-06-11T11:32:28.842+0200] {processor.py:839} INFO - DAG(s) dict_keys(['example_nested_branch_dag']) retrieved from /home/diego.rivero/practica_creativa/env/lib/python3.11/site-packages/airflow/example_dags/example_nested_branch_dag.py
[2025-06-11T11:32:28.872+0200] {logging_mixin.py:154} INFO - [2025-06-11T11:32:28.872+0200] {dag.py:2941} INFO - Sync 1 DAGs
[2025-06-11T11:32:28.900+0200] {logging_mixin.py:154} INFO - [2025-06-11T11:32:28.900+0200] {dag.py:3722} INFO - Setting next_dagrun for example_nested_branch_dag to 2025-06-10T00:00:00+00:00, run_after=2025-06-11T00:00:00+00:00
[2025-06-11T11:32:28.951+0200] {processor.py:179} INFO - Processing /home/diego.rivero/practica_creativa/env/lib/python3.11/site-packages/airflow/example_dags/example_nested_branch_dag.py took 0.139 seconds
[2025-06-11T11:33:21.090+0200] {processor.py:157} INFO - Started process (PID=70666) to work on /home/diego.rivero/practica_creativa/env/lib/python3.11/site-packages/airflow/example_dags/example_nested_branch_dag.py
[2025-06-11T11:33:21.091+0200] {processor.py:829} INFO - Processing file /home/diego.rivero/practica_creativa/env/lib/python3.11/site-packages/airflow/example_dags/example_nested_branch_dag.py for tasks to queue
[2025-06-11T11:33:21.092+0200] {logging_mixin.py:154} INFO - [2025-06-11T11:33:21.091+0200] {dagbag.py:536} INFO - Filling up the DagBag from /home/diego.rivero/practica_creativa/env/lib/python3.11/site-packages/airflow/example_dags/example_nested_branch_dag.py
[2025-06-11T11:33:21.103+0200] {processor.py:839} INFO - DAG(s) dict_keys(['example_nested_branch_dag']) retrieved from /home/diego.rivero/practica_creativa/env/lib/python3.11/site-packages/airflow/example_dags/example_nested_branch_dag.py
[2025-06-11T11:33:21.131+0200] {logging_mixin.py:154} INFO - [2025-06-11T11:33:21.130+0200] {dag.py:2941} INFO - Sync 1 DAGs
[2025-06-11T11:33:21.159+0200] {logging_mixin.py:154} INFO - [2025-06-11T11:33:21.158+0200] {dag.py:3722} INFO - Setting next_dagrun for example_nested_branch_dag to 2025-06-10T00:00:00+00:00, run_after=2025-06-11T00:00:00+00:00
[2025-06-11T11:33:21.209+0200] {processor.py:179} INFO - Processing /home/diego.rivero/practica_creativa/env/lib/python3.11/site-packages/airflow/example_dags/example_nested_branch_dag.py took 0.122 seconds
[2025-06-11T11:34:15.421+0200] {processor.py:157} INFO - Started process (PID=70996) to work on /home/diego.rivero/practica_creativa/env/lib/python3.11/site-packages/airflow/example_dags/example_nested_branch_dag.py
[2025-06-11T11:34:15.423+0200] {processor.py:829} INFO - Processing file /home/diego.rivero/practica_creativa/env/lib/python3.11/site-packages/airflow/example_dags/example_nested_branch_dag.py for tasks to queue
[2025-06-11T11:34:15.425+0200] {logging_mixin.py:154} INFO - [2025-06-11T11:34:15.424+0200] {dagbag.py:536} INFO - Filling up the DagBag from /home/diego.rivero/practica_creativa/env/lib/python3.11/site-packages/airflow/example_dags/example_nested_branch_dag.py
[2025-06-11T11:34:15.440+0200] {processor.py:839} INFO - DAG(s) dict_keys(['example_nested_branch_dag']) retrieved from /home/diego.rivero/practica_creativa/env/lib/python3.11/site-packages/airflow/example_dags/example_nested_branch_dag.py
[2025-06-11T11:34:15.469+0200] {logging_mixin.py:154} INFO - [2025-06-11T11:34:15.469+0200] {dag.py:2941} INFO - Sync 1 DAGs
[2025-06-11T11:34:15.500+0200] {logging_mixin.py:154} INFO - [2025-06-11T11:34:15.500+0200] {dag.py:3722} INFO - Setting next_dagrun for example_nested_branch_dag to 2025-06-10T00:00:00+00:00, run_after=2025-06-11T00:00:00+00:00
[2025-06-11T11:34:15.558+0200] {processor.py:179} INFO - Processing /home/diego.rivero/practica_creativa/env/lib/python3.11/site-packages/airflow/example_dags/example_nested_branch_dag.py took 0.147 seconds
[2025-06-11T11:35:03.483+0200] {processor.py:157} INFO - Started process (PID=71328) to work on /home/diego.rivero/practica_creativa/env/lib/python3.11/site-packages/airflow/example_dags/example_nested_branch_dag.py
[2025-06-11T11:35:03.485+0200] {processor.py:829} INFO - Processing file /home/diego.rivero/practica_creativa/env/lib/python3.11/site-packages/airflow/example_dags/example_nested_branch_dag.py for tasks to queue
[2025-06-11T11:35:03.488+0200] {logging_mixin.py:154} INFO - [2025-06-11T11:35:03.487+0200] {dagbag.py:536} INFO - Filling up the DagBag from /home/diego.rivero/practica_creativa/env/lib/python3.11/site-packages/airflow/example_dags/example_nested_branch_dag.py
[2025-06-11T11:35:03.522+0200] {processor.py:839} INFO - DAG(s) dict_keys(['example_nested_branch_dag']) retrieved from /home/diego.rivero/practica_creativa/env/lib/python3.11/site-packages/airflow/example_dags/example_nested_branch_dag.py
[2025-06-11T11:35:03.567+0200] {logging_mixin.py:154} INFO - [2025-06-11T11:35:03.567+0200] {dag.py:2941} INFO - Sync 1 DAGs
[2025-06-11T11:35:03.597+0200] {logging_mixin.py:154} INFO - [2025-06-11T11:35:03.596+0200] {dag.py:3722} INFO - Setting next_dagrun for example_nested_branch_dag to 2025-06-10T00:00:00+00:00, run_after=2025-06-11T00:00:00+00:00
[2025-06-11T11:35:03.651+0200] {processor.py:179} INFO - Processing /home/diego.rivero/practica_creativa/env/lib/python3.11/site-packages/airflow/example_dags/example_nested_branch_dag.py took 0.178 seconds
[2025-06-11T11:35:58.357+0200] {processor.py:157} INFO - Started process (PID=71708) to work on /home/diego.rivero/practica_creativa/env/lib/python3.11/site-packages/airflow/example_dags/example_nested_branch_dag.py
[2025-06-11T11:35:58.359+0200] {processor.py:829} INFO - Processing file /home/diego.rivero/practica_creativa/env/lib/python3.11/site-packages/airflow/example_dags/example_nested_branch_dag.py for tasks to queue
[2025-06-11T11:35:58.361+0200] {logging_mixin.py:154} INFO - [2025-06-11T11:35:58.360+0200] {dagbag.py:536} INFO - Filling up the DagBag from /home/diego.rivero/practica_creativa/env/lib/python3.11/site-packages/airflow/example_dags/example_nested_branch_dag.py
[2025-06-11T11:35:58.385+0200] {processor.py:839} INFO - DAG(s) dict_keys(['example_nested_branch_dag']) retrieved from /home/diego.rivero/practica_creativa/env/lib/python3.11/site-packages/airflow/example_dags/example_nested_branch_dag.py
[2025-06-11T11:35:58.415+0200] {logging_mixin.py:154} INFO - [2025-06-11T11:35:58.415+0200] {dag.py:2941} INFO - Sync 1 DAGs
[2025-06-11T11:35:58.461+0200] {logging_mixin.py:154} INFO - [2025-06-11T11:35:58.460+0200] {dag.py:3722} INFO - Setting next_dagrun for example_nested_branch_dag to 2025-06-10T00:00:00+00:00, run_after=2025-06-11T00:00:00+00:00
[2025-06-11T11:35:58.540+0200] {processor.py:179} INFO - Processing /home/diego.rivero/practica_creativa/env/lib/python3.11/site-packages/airflow/example_dags/example_nested_branch_dag.py took 0.194 seconds
[2025-06-11T11:36:51.587+0200] {processor.py:157} INFO - Started process (PID=72081) to work on /home/diego.rivero/practica_creativa/env/lib/python3.11/site-packages/airflow/example_dags/example_nested_branch_dag.py
[2025-06-11T11:36:51.589+0200] {processor.py:829} INFO - Processing file /home/diego.rivero/practica_creativa/env/lib/python3.11/site-packages/airflow/example_dags/example_nested_branch_dag.py for tasks to queue
[2025-06-11T11:36:51.592+0200] {logging_mixin.py:154} INFO - [2025-06-11T11:36:51.591+0200] {dagbag.py:536} INFO - Filling up the DagBag from /home/diego.rivero/practica_creativa/env/lib/python3.11/site-packages/airflow/example_dags/example_nested_branch_dag.py
[2025-06-11T11:36:51.617+0200] {processor.py:839} INFO - DAG(s) dict_keys(['example_nested_branch_dag']) retrieved from /home/diego.rivero/practica_creativa/env/lib/python3.11/site-packages/airflow/example_dags/example_nested_branch_dag.py
[2025-06-11T11:36:51.645+0200] {logging_mixin.py:154} INFO - [2025-06-11T11:36:51.645+0200] {dag.py:2941} INFO - Sync 1 DAGs
[2025-06-11T11:36:51.673+0200] {logging_mixin.py:154} INFO - [2025-06-11T11:36:51.673+0200] {dag.py:3722} INFO - Setting next_dagrun for example_nested_branch_dag to 2025-06-10T00:00:00+00:00, run_after=2025-06-11T00:00:00+00:00
[2025-06-11T11:36:51.735+0200] {processor.py:179} INFO - Processing /home/diego.rivero/practica_creativa/env/lib/python3.11/site-packages/airflow/example_dags/example_nested_branch_dag.py took 0.157 seconds
