[2025-06-11T11:28:48.201+0200] {processor.py:157} INFO - Started process (PID=68849) to work on /home/diego.rivero/practica_creativa/env/lib/python3.11/site-packages/airflow/example_dags/example_short_circuit_decorator.py
[2025-06-11T11:28:48.203+0200] {processor.py:829} INFO - Processing file /home/diego.rivero/practica_creativa/env/lib/python3.11/site-packages/airflow/example_dags/example_short_circuit_decorator.py for tasks to queue
[2025-06-11T11:28:48.206+0200] {logging_mixin.py:154} INFO - [2025-06-11T11:28:48.205+0200] {dagbag.py:536} INFO - Filling up the DagBag from /home/diego.rivero/practica_creativa/env/lib/python3.11/site-packages/airflow/example_dags/example_short_circuit_decorator.py
[2025-06-11T11:28:48.242+0200] {processor.py:839} INFO - DAG(s) dict_keys(['example_short_circuit_decorator']) retrieved from /home/diego.rivero/practica_creativa/env/lib/python3.11/site-packages/airflow/example_dags/example_short_circuit_decorator.py
[2025-06-11T11:28:48.285+0200] {logging_mixin.py:154} INFO - [2025-06-11T11:28:48.285+0200] {dag.py:2941} INFO - Sync 1 DAGs
[2025-06-11T11:28:48.324+0200] {logging_mixin.py:154} INFO - [2025-06-11T11:28:48.324+0200] {dag.py:3722} INFO - Setting next_dagrun for example_short_circuit_decorator to 2025-06-10T09:28:48.323974+00:00, run_after=2025-06-11T09:28:48.323974+00:00
[2025-06-11T11:28:48.392+0200] {processor.py:179} INFO - Processing /home/diego.rivero/practica_creativa/env/lib/python3.11/site-packages/airflow/example_dags/example_short_circuit_decorator.py took 0.203 seconds
[2025-06-11T11:29:42.450+0200] {processor.py:157} INFO - Started process (PID=69187) to work on /home/diego.rivero/practica_creativa/env/lib/python3.11/site-packages/airflow/example_dags/example_short_circuit_decorator.py
[2025-06-11T11:29:42.451+0200] {processor.py:829} INFO - Processing file /home/diego.rivero/practica_creativa/env/lib/python3.11/site-packages/airflow/example_dags/example_short_circuit_decorator.py for tasks to queue
[2025-06-11T11:29:42.453+0200] {logging_mixin.py:154} INFO - [2025-06-11T11:29:42.452+0200] {dagbag.py:536} INFO - Filling up the DagBag from /home/diego.rivero/practica_creativa/env/lib/python3.11/site-packages/airflow/example_dags/example_short_circuit_decorator.py
[2025-06-11T11:29:42.470+0200] {processor.py:839} INFO - DAG(s) dict_keys(['example_short_circuit_decorator']) retrieved from /home/diego.rivero/practica_creativa/env/lib/python3.11/site-packages/airflow/example_dags/example_short_circuit_decorator.py
[2025-06-11T11:29:42.498+0200] {logging_mixin.py:154} INFO - [2025-06-11T11:29:42.498+0200] {dag.py:2941} INFO - Sync 1 DAGs
[2025-06-11T11:29:42.525+0200] {logging_mixin.py:154} INFO - [2025-06-11T11:29:42.525+0200] {dag.py:3722} INFO - Setting next_dagrun for example_short_circuit_decorator to 2025-06-10T09:29:42.525255+00:00, run_after=2025-06-11T09:29:42.525255+00:00
[2025-06-11T11:29:42.581+0200] {processor.py:179} INFO - Processing /home/diego.rivero/practica_creativa/env/lib/python3.11/site-packages/airflow/example_dags/example_short_circuit_decorator.py took 0.137 seconds
[2025-06-11T11:30:37.983+0200] {processor.py:157} INFO - Started process (PID=69565) to work on /home/diego.rivero/practica_creativa/env/lib/python3.11/site-packages/airflow/example_dags/example_short_circuit_decorator.py
[2025-06-11T11:30:37.985+0200] {processor.py:829} INFO - Processing file /home/diego.rivero/practica_creativa/env/lib/python3.11/site-packages/airflow/example_dags/example_short_circuit_decorator.py for tasks to queue
[2025-06-11T11:30:37.987+0200] {logging_mixin.py:154} INFO - [2025-06-11T11:30:37.986+0200] {dagbag.py:536} INFO - Filling up the DagBag from /home/diego.rivero/practica_creativa/env/lib/python3.11/site-packages/airflow/example_dags/example_short_circuit_decorator.py
[2025-06-11T11:30:38.022+0200] {processor.py:839} INFO - DAG(s) dict_keys(['example_short_circuit_decorator']) retrieved from /home/diego.rivero/practica_creativa/env/lib/python3.11/site-packages/airflow/example_dags/example_short_circuit_decorator.py
[2025-06-11T11:30:38.082+0200] {logging_mixin.py:154} INFO - [2025-06-11T11:30:38.082+0200] {dag.py:2941} INFO - Sync 1 DAGs
[2025-06-11T11:30:38.113+0200] {logging_mixin.py:154} INFO - [2025-06-11T11:30:38.113+0200] {dag.py:3722} INFO - Setting next_dagrun for example_short_circuit_decorator to 2025-06-10T09:30:38.113161+00:00, run_after=2025-06-11T09:30:38.113161+00:00
[2025-06-11T11:30:38.162+0200] {processor.py:179} INFO - Processing /home/diego.rivero/practica_creativa/env/lib/python3.11/site-packages/airflow/example_dags/example_short_circuit_decorator.py took 0.190 seconds
[2025-06-11T11:31:32.251+0200] {processor.py:157} INFO - Started process (PID=69910) to work on /home/diego.rivero/practica_creativa/env/lib/python3.11/site-packages/airflow/example_dags/example_short_circuit_decorator.py
[2025-06-11T11:31:32.251+0200] {processor.py:829} INFO - Processing file /home/diego.rivero/practica_creativa/env/lib/python3.11/site-packages/airflow/example_dags/example_short_circuit_decorator.py for tasks to queue
[2025-06-11T11:31:32.252+0200] {logging_mixin.py:154} INFO - [2025-06-11T11:31:32.252+0200] {dagbag.py:536} INFO - Filling up the DagBag from /home/diego.rivero/practica_creativa/env/lib/python3.11/site-packages/airflow/example_dags/example_short_circuit_decorator.py
[2025-06-11T11:31:32.262+0200] {processor.py:839} INFO - DAG(s) dict_keys(['example_short_circuit_decorator']) retrieved from /home/diego.rivero/practica_creativa/env/lib/python3.11/site-packages/airflow/example_dags/example_short_circuit_decorator.py
[2025-06-11T11:31:32.290+0200] {logging_mixin.py:154} INFO - [2025-06-11T11:31:32.290+0200] {dag.py:2941} INFO - Sync 1 DAGs
[2025-06-11T11:31:32.318+0200] {logging_mixin.py:154} INFO - [2025-06-11T11:31:32.317+0200] {dag.py:3722} INFO - Setting next_dagrun for example_short_circuit_decorator to 2025-06-10T09:31:32.317656+00:00, run_after=2025-06-11T09:31:32.317656+00:00
[2025-06-11T11:31:32.373+0200] {processor.py:179} INFO - Processing /home/diego.rivero/practica_creativa/env/lib/python3.11/site-packages/airflow/example_dags/example_short_circuit_decorator.py took 0.125 seconds
[2025-06-11T11:32:18.146+0200] {processor.py:157} INFO - Started process (PID=70245) to work on /home/diego.rivero/practica_creativa/env/lib/python3.11/site-packages/airflow/example_dags/example_short_circuit_decorator.py
[2025-06-11T11:32:18.147+0200] {processor.py:829} INFO - Processing file /home/diego.rivero/practica_creativa/env/lib/python3.11/site-packages/airflow/example_dags/example_short_circuit_decorator.py for tasks to queue
[2025-06-11T11:32:18.148+0200] {logging_mixin.py:154} INFO - [2025-06-11T11:32:18.147+0200] {dagbag.py:536} INFO - Filling up the DagBag from /home/diego.rivero/practica_creativa/env/lib/python3.11/site-packages/airflow/example_dags/example_short_circuit_decorator.py
[2025-06-11T11:32:18.159+0200] {processor.py:839} INFO - DAG(s) dict_keys(['example_short_circuit_decorator']) retrieved from /home/diego.rivero/practica_creativa/env/lib/python3.11/site-packages/airflow/example_dags/example_short_circuit_decorator.py
[2025-06-11T11:32:18.189+0200] {logging_mixin.py:154} INFO - [2025-06-11T11:32:18.188+0200] {dag.py:2941} INFO - Sync 1 DAGs
[2025-06-11T11:32:18.215+0200] {logging_mixin.py:154} INFO - [2025-06-11T11:32:18.214+0200] {dag.py:3722} INFO - Setting next_dagrun for example_short_circuit_decorator to 2025-06-10T09:32:18.214650+00:00, run_after=2025-06-11T09:32:18.214650+00:00
[2025-06-11T11:32:18.267+0200] {processor.py:179} INFO - Processing /home/diego.rivero/practica_creativa/env/lib/python3.11/site-packages/airflow/example_dags/example_short_circuit_decorator.py took 0.126 seconds
[2025-06-11T11:33:10.341+0200] {processor.py:157} INFO - Started process (PID=70570) to work on /home/diego.rivero/practica_creativa/env/lib/python3.11/site-packages/airflow/example_dags/example_short_circuit_decorator.py
[2025-06-11T11:33:10.342+0200] {processor.py:829} INFO - Processing file /home/diego.rivero/practica_creativa/env/lib/python3.11/site-packages/airflow/example_dags/example_short_circuit_decorator.py for tasks to queue
[2025-06-11T11:33:10.343+0200] {logging_mixin.py:154} INFO - [2025-06-11T11:33:10.342+0200] {dagbag.py:536} INFO - Filling up the DagBag from /home/diego.rivero/practica_creativa/env/lib/python3.11/site-packages/airflow/example_dags/example_short_circuit_decorator.py
[2025-06-11T11:33:10.354+0200] {processor.py:839} INFO - DAG(s) dict_keys(['example_short_circuit_decorator']) retrieved from /home/diego.rivero/practica_creativa/env/lib/python3.11/site-packages/airflow/example_dags/example_short_circuit_decorator.py
[2025-06-11T11:33:10.382+0200] {logging_mixin.py:154} INFO - [2025-06-11T11:33:10.382+0200] {dag.py:2941} INFO - Sync 1 DAGs
[2025-06-11T11:33:10.409+0200] {logging_mixin.py:154} INFO - [2025-06-11T11:33:10.409+0200] {dag.py:3722} INFO - Setting next_dagrun for example_short_circuit_decorator to 2025-06-10T09:33:10.409530+00:00, run_after=2025-06-11T09:33:10.409530+00:00
[2025-06-11T11:33:10.461+0200] {processor.py:179} INFO - Processing /home/diego.rivero/practica_creativa/env/lib/python3.11/site-packages/airflow/example_dags/example_short_circuit_decorator.py took 0.124 seconds
[2025-06-11T11:34:04.811+0200] {processor.py:157} INFO - Started process (PID=70944) to work on /home/diego.rivero/practica_creativa/env/lib/python3.11/site-packages/airflow/example_dags/example_short_circuit_decorator.py
[2025-06-11T11:34:04.812+0200] {processor.py:829} INFO - Processing file /home/diego.rivero/practica_creativa/env/lib/python3.11/site-packages/airflow/example_dags/example_short_circuit_decorator.py for tasks to queue
[2025-06-11T11:34:04.812+0200] {logging_mixin.py:154} INFO - [2025-06-11T11:34:04.812+0200] {dagbag.py:536} INFO - Filling up the DagBag from /home/diego.rivero/practica_creativa/env/lib/python3.11/site-packages/airflow/example_dags/example_short_circuit_decorator.py
[2025-06-11T11:34:04.823+0200] {processor.py:839} INFO - DAG(s) dict_keys(['example_short_circuit_decorator']) retrieved from /home/diego.rivero/practica_creativa/env/lib/python3.11/site-packages/airflow/example_dags/example_short_circuit_decorator.py
[2025-06-11T11:34:04.853+0200] {logging_mixin.py:154} INFO - [2025-06-11T11:34:04.853+0200] {dag.py:2941} INFO - Sync 1 DAGs
[2025-06-11T11:34:04.881+0200] {logging_mixin.py:154} INFO - [2025-06-11T11:34:04.881+0200] {dag.py:3722} INFO - Setting next_dagrun for example_short_circuit_decorator to 2025-06-10T09:34:04.881365+00:00, run_after=2025-06-11T09:34:04.881365+00:00
[2025-06-11T11:34:04.946+0200] {processor.py:179} INFO - Processing /home/diego.rivero/practica_creativa/env/lib/python3.11/site-packages/airflow/example_dags/example_short_circuit_decorator.py took 0.138 seconds
[2025-06-11T11:34:52.929+0200] {processor.py:157} INFO - Started process (PID=71282) to work on /home/diego.rivero/practica_creativa/env/lib/python3.11/site-packages/airflow/example_dags/example_short_circuit_decorator.py
[2025-06-11T11:34:52.929+0200] {processor.py:829} INFO - Processing file /home/diego.rivero/practica_creativa/env/lib/python3.11/site-packages/airflow/example_dags/example_short_circuit_decorator.py for tasks to queue
[2025-06-11T11:34:52.930+0200] {logging_mixin.py:154} INFO - [2025-06-11T11:34:52.930+0200] {dagbag.py:536} INFO - Filling up the DagBag from /home/diego.rivero/practica_creativa/env/lib/python3.11/site-packages/airflow/example_dags/example_short_circuit_decorator.py
[2025-06-11T11:34:52.941+0200] {processor.py:839} INFO - DAG(s) dict_keys(['example_short_circuit_decorator']) retrieved from /home/diego.rivero/practica_creativa/env/lib/python3.11/site-packages/airflow/example_dags/example_short_circuit_decorator.py
[2025-06-11T11:34:52.970+0200] {logging_mixin.py:154} INFO - [2025-06-11T11:34:52.970+0200] {dag.py:2941} INFO - Sync 1 DAGs
[2025-06-11T11:34:52.999+0200] {logging_mixin.py:154} INFO - [2025-06-11T11:34:52.999+0200] {dag.py:3722} INFO - Setting next_dagrun for example_short_circuit_decorator to 2025-06-10T09:34:52.999290+00:00, run_after=2025-06-11T09:34:52.999290+00:00
[2025-06-11T11:34:53.056+0200] {processor.py:179} INFO - Processing /home/diego.rivero/practica_creativa/env/lib/python3.11/site-packages/airflow/example_dags/example_short_circuit_decorator.py took 0.130 seconds
[2025-06-11T11:35:46.390+0200] {processor.py:157} INFO - Started process (PID=71610) to work on /home/diego.rivero/practica_creativa/env/lib/python3.11/site-packages/airflow/example_dags/example_short_circuit_decorator.py
[2025-06-11T11:35:46.397+0200] {processor.py:829} INFO - Processing file /home/diego.rivero/practica_creativa/env/lib/python3.11/site-packages/airflow/example_dags/example_short_circuit_decorator.py for tasks to queue
[2025-06-11T11:35:46.402+0200] {logging_mixin.py:154} INFO - [2025-06-11T11:35:46.398+0200] {dagbag.py:536} INFO - Filling up the DagBag from /home/diego.rivero/practica_creativa/env/lib/python3.11/site-packages/airflow/example_dags/example_short_circuit_decorator.py
[2025-06-11T11:35:46.434+0200] {processor.py:839} INFO - DAG(s) dict_keys(['example_short_circuit_decorator']) retrieved from /home/diego.rivero/practica_creativa/env/lib/python3.11/site-packages/airflow/example_dags/example_short_circuit_decorator.py
[2025-06-11T11:35:46.471+0200] {logging_mixin.py:154} INFO - [2025-06-11T11:35:46.470+0200] {dag.py:2941} INFO - Sync 1 DAGs
[2025-06-11T11:35:46.497+0200] {logging_mixin.py:154} INFO - [2025-06-11T11:35:46.496+0200] {dag.py:3722} INFO - Setting next_dagrun for example_short_circuit_decorator to 2025-06-10T09:35:46.496787+00:00, run_after=2025-06-11T09:35:46.496787+00:00
[2025-06-11T11:35:46.546+0200] {processor.py:179} INFO - Processing /home/diego.rivero/practica_creativa/env/lib/python3.11/site-packages/airflow/example_dags/example_short_circuit_decorator.py took 0.184 seconds
[2025-06-11T11:36:39.753+0200] {processor.py:157} INFO - Started process (PID=71984) to work on /home/diego.rivero/practica_creativa/env/lib/python3.11/site-packages/airflow/example_dags/example_short_circuit_decorator.py
[2025-06-11T11:36:39.755+0200] {processor.py:829} INFO - Processing file /home/diego.rivero/practica_creativa/env/lib/python3.11/site-packages/airflow/example_dags/example_short_circuit_decorator.py for tasks to queue
[2025-06-11T11:36:39.758+0200] {logging_mixin.py:154} INFO - [2025-06-11T11:36:39.757+0200] {dagbag.py:536} INFO - Filling up the DagBag from /home/diego.rivero/practica_creativa/env/lib/python3.11/site-packages/airflow/example_dags/example_short_circuit_decorator.py
[2025-06-11T11:36:39.779+0200] {processor.py:839} INFO - DAG(s) dict_keys(['example_short_circuit_decorator']) retrieved from /home/diego.rivero/practica_creativa/env/lib/python3.11/site-packages/airflow/example_dags/example_short_circuit_decorator.py
[2025-06-11T11:36:39.808+0200] {logging_mixin.py:154} INFO - [2025-06-11T11:36:39.808+0200] {dag.py:2941} INFO - Sync 1 DAGs
[2025-06-11T11:36:39.835+0200] {logging_mixin.py:154} INFO - [2025-06-11T11:36:39.835+0200] {dag.py:3722} INFO - Setting next_dagrun for example_short_circuit_decorator to 2025-06-10T09:36:39.834904+00:00, run_after=2025-06-11T09:36:39.834904+00:00
[2025-06-11T11:36:39.890+0200] {processor.py:179} INFO - Processing /home/diego.rivero/practica_creativa/env/lib/python3.11/site-packages/airflow/example_dags/example_short_circuit_decorator.py took 0.146 seconds
