[2025-06-11T11:29:12.065+0200] {processor.py:157} INFO - Started process (PID=68965) to work on /home/diego.rivero/practica_creativa/env/lib/python3.11/site-packages/airflow/example_dags/example_branch_operator_decorator.py
[2025-06-11T11:29:12.065+0200] {processor.py:829} INFO - Processing file /home/diego.rivero/practica_creativa/env/lib/python3.11/site-packages/airflow/example_dags/example_branch_operator_decorator.py for tasks to queue
[2025-06-11T11:29:12.066+0200] {logging_mixin.py:154} INFO - [2025-06-11T11:29:12.066+0200] {dagbag.py:536} INFO - Filling up the DagBag from /home/diego.rivero/practica_creativa/env/lib/python3.11/site-packages/airflow/example_dags/example_branch_operator_decorator.py
[2025-06-11T11:29:12.077+0200] {processor.py:839} INFO - DAG(s) dict_keys(['example_branch_python_operator_decorator']) retrieved from /home/diego.rivero/practica_creativa/env/lib/python3.11/site-packages/airflow/example_dags/example_branch_operator_decorator.py
[2025-06-11T11:29:12.105+0200] {logging_mixin.py:154} INFO - [2025-06-11T11:29:12.105+0200] {dag.py:2941} INFO - Sync 1 DAGs
[2025-06-11T11:29:12.135+0200] {logging_mixin.py:154} INFO - [2025-06-11T11:29:12.135+0200] {dag.py:3722} INFO - Setting next_dagrun for example_branch_python_operator_decorator to 2025-06-10T00:00:00+00:00, run_after=2025-06-11T00:00:00+00:00
[2025-06-11T11:29:12.191+0200] {processor.py:179} INFO - Processing /home/diego.rivero/practica_creativa/env/lib/python3.11/site-packages/airflow/example_dags/example_branch_operator_decorator.py took 0.129 seconds
[2025-06-11T11:30:08.028+0200] {processor.py:157} INFO - Started process (PID=69353) to work on /home/diego.rivero/practica_creativa/env/lib/python3.11/site-packages/airflow/example_dags/example_branch_operator_decorator.py
[2025-06-11T11:30:08.029+0200] {processor.py:829} INFO - Processing file /home/diego.rivero/practica_creativa/env/lib/python3.11/site-packages/airflow/example_dags/example_branch_operator_decorator.py for tasks to queue
[2025-06-11T11:30:08.031+0200] {logging_mixin.py:154} INFO - [2025-06-11T11:30:08.031+0200] {dagbag.py:536} INFO - Filling up the DagBag from /home/diego.rivero/practica_creativa/env/lib/python3.11/site-packages/airflow/example_dags/example_branch_operator_decorator.py
[2025-06-11T11:30:08.045+0200] {processor.py:839} INFO - DAG(s) dict_keys(['example_branch_python_operator_decorator']) retrieved from /home/diego.rivero/practica_creativa/env/lib/python3.11/site-packages/airflow/example_dags/example_branch_operator_decorator.py
[2025-06-11T11:30:08.075+0200] {logging_mixin.py:154} INFO - [2025-06-11T11:30:08.075+0200] {dag.py:2941} INFO - Sync 1 DAGs
[2025-06-11T11:30:08.103+0200] {logging_mixin.py:154} INFO - [2025-06-11T11:30:08.103+0200] {dag.py:3722} INFO - Setting next_dagrun for example_branch_python_operator_decorator to 2025-06-10T00:00:00+00:00, run_after=2025-06-11T00:00:00+00:00
[2025-06-11T11:30:08.158+0200] {processor.py:179} INFO - Processing /home/diego.rivero/practica_creativa/env/lib/python3.11/site-packages/airflow/example_dags/example_branch_operator_decorator.py took 0.139 seconds
[2025-06-11T11:31:28.097+0200] {processor.py:157} INFO - Started process (PID=69886) to work on /home/diego.rivero/practica_creativa/env/lib/python3.11/site-packages/airflow/example_dags/example_branch_operator_decorator.py
[2025-06-11T11:31:28.099+0200] {processor.py:829} INFO - Processing file /home/diego.rivero/practica_creativa/env/lib/python3.11/site-packages/airflow/example_dags/example_branch_operator_decorator.py for tasks to queue
[2025-06-11T11:31:28.102+0200] {logging_mixin.py:154} INFO - [2025-06-11T11:31:28.100+0200] {dagbag.py:536} INFO - Filling up the DagBag from /home/diego.rivero/practica_creativa/env/lib/python3.11/site-packages/airflow/example_dags/example_branch_operator_decorator.py
[2025-06-11T11:31:28.137+0200] {processor.py:839} INFO - DAG(s) dict_keys(['example_branch_python_operator_decorator']) retrieved from /home/diego.rivero/practica_creativa/env/lib/python3.11/site-packages/airflow/example_dags/example_branch_operator_decorator.py
[2025-06-11T11:31:28.183+0200] {logging_mixin.py:154} INFO - [2025-06-11T11:31:28.183+0200] {dag.py:2941} INFO - Sync 1 DAGs
[2025-06-11T11:31:28.224+0200] {logging_mixin.py:154} INFO - [2025-06-11T11:31:28.224+0200] {dag.py:3722} INFO - Setting next_dagrun for example_branch_python_operator_decorator to 2025-06-10T00:00:00+00:00, run_after=2025-06-11T00:00:00+00:00
[2025-06-11T11:31:28.287+0200] {processor.py:179} INFO - Processing /home/diego.rivero/practica_creativa/env/lib/python3.11/site-packages/airflow/example_dags/example_branch_operator_decorator.py took 0.200 seconds
[2025-06-11T11:32:41.658+0200] {processor.py:157} INFO - Started process (PID=70385) to work on /home/diego.rivero/practica_creativa/env/lib/python3.11/site-packages/airflow/example_dags/example_branch_operator_decorator.py
[2025-06-11T11:32:41.659+0200] {processor.py:829} INFO - Processing file /home/diego.rivero/practica_creativa/env/lib/python3.11/site-packages/airflow/example_dags/example_branch_operator_decorator.py for tasks to queue
[2025-06-11T11:32:41.661+0200] {logging_mixin.py:154} INFO - [2025-06-11T11:32:41.660+0200] {dagbag.py:536} INFO - Filling up the DagBag from /home/diego.rivero/practica_creativa/env/lib/python3.11/site-packages/airflow/example_dags/example_branch_operator_decorator.py
[2025-06-11T11:32:41.675+0200] {processor.py:839} INFO - DAG(s) dict_keys(['example_branch_python_operator_decorator']) retrieved from /home/diego.rivero/practica_creativa/env/lib/python3.11/site-packages/airflow/example_dags/example_branch_operator_decorator.py
[2025-06-11T11:32:41.703+0200] {logging_mixin.py:154} INFO - [2025-06-11T11:32:41.703+0200] {dag.py:2941} INFO - Sync 1 DAGs
[2025-06-11T11:32:41.732+0200] {logging_mixin.py:154} INFO - [2025-06-11T11:32:41.732+0200] {dag.py:3722} INFO - Setting next_dagrun for example_branch_python_operator_decorator to 2025-06-10T00:00:00+00:00, run_after=2025-06-11T00:00:00+00:00
[2025-06-11T11:32:41.787+0200] {processor.py:179} INFO - Processing /home/diego.rivero/practica_creativa/env/lib/python3.11/site-packages/airflow/example_dags/example_branch_operator_decorator.py took 0.138 seconds
[2025-06-11T11:33:52.816+0200] {processor.py:157} INFO - Started process (PID=70883) to work on /home/diego.rivero/practica_creativa/env/lib/python3.11/site-packages/airflow/example_dags/example_branch_operator_decorator.py
[2025-06-11T11:33:52.819+0200] {processor.py:829} INFO - Processing file /home/diego.rivero/practica_creativa/env/lib/python3.11/site-packages/airflow/example_dags/example_branch_operator_decorator.py for tasks to queue
[2025-06-11T11:33:52.821+0200] {logging_mixin.py:154} INFO - [2025-06-11T11:33:52.820+0200] {dagbag.py:536} INFO - Filling up the DagBag from /home/diego.rivero/practica_creativa/env/lib/python3.11/site-packages/airflow/example_dags/example_branch_operator_decorator.py
[2025-06-11T11:33:52.856+0200] {processor.py:839} INFO - DAG(s) dict_keys(['example_branch_python_operator_decorator']) retrieved from /home/diego.rivero/practica_creativa/env/lib/python3.11/site-packages/airflow/example_dags/example_branch_operator_decorator.py
[2025-06-11T11:33:52.931+0200] {logging_mixin.py:154} INFO - [2025-06-11T11:33:52.931+0200] {dag.py:2941} INFO - Sync 1 DAGs
[2025-06-11T11:33:52.990+0200] {logging_mixin.py:154} INFO - [2025-06-11T11:33:52.989+0200] {dag.py:3722} INFO - Setting next_dagrun for example_branch_python_operator_decorator to 2025-06-10T00:00:00+00:00, run_after=2025-06-11T00:00:00+00:00
[2025-06-11T11:33:53.047+0200] {processor.py:179} INFO - Processing /home/diego.rivero/practica_creativa/env/lib/python3.11/site-packages/airflow/example_dags/example_branch_operator_decorator.py took 0.240 seconds
[2025-06-11T11:34:47.518+0200] {processor.py:157} INFO - Started process (PID=71244) to work on /home/diego.rivero/practica_creativa/env/lib/python3.11/site-packages/airflow/example_dags/example_branch_operator_decorator.py
[2025-06-11T11:34:47.520+0200] {processor.py:829} INFO - Processing file /home/diego.rivero/practica_creativa/env/lib/python3.11/site-packages/airflow/example_dags/example_branch_operator_decorator.py for tasks to queue
[2025-06-11T11:34:47.523+0200] {logging_mixin.py:154} INFO - [2025-06-11T11:34:47.522+0200] {dagbag.py:536} INFO - Filling up the DagBag from /home/diego.rivero/practica_creativa/env/lib/python3.11/site-packages/airflow/example_dags/example_branch_operator_decorator.py
[2025-06-11T11:34:47.558+0200] {processor.py:839} INFO - DAG(s) dict_keys(['example_branch_python_operator_decorator']) retrieved from /home/diego.rivero/practica_creativa/env/lib/python3.11/site-packages/airflow/example_dags/example_branch_operator_decorator.py
[2025-06-11T11:34:47.613+0200] {logging_mixin.py:154} INFO - [2025-06-11T11:34:47.612+0200] {dag.py:2941} INFO - Sync 1 DAGs
[2025-06-11T11:34:47.669+0200] {logging_mixin.py:154} INFO - [2025-06-11T11:34:47.668+0200] {dag.py:3722} INFO - Setting next_dagrun for example_branch_python_operator_decorator to 2025-06-10T00:00:00+00:00, run_after=2025-06-11T00:00:00+00:00
[2025-06-11T11:34:47.757+0200] {processor.py:179} INFO - Processing /home/diego.rivero/practica_creativa/env/lib/python3.11/site-packages/airflow/example_dags/example_branch_operator_decorator.py took 0.249 seconds
[2025-06-11T11:36:03.522+0200] {processor.py:157} INFO - Started process (PID=71738) to work on /home/diego.rivero/practica_creativa/env/lib/python3.11/site-packages/airflow/example_dags/example_branch_operator_decorator.py
[2025-06-11T11:36:03.523+0200] {processor.py:829} INFO - Processing file /home/diego.rivero/practica_creativa/env/lib/python3.11/site-packages/airflow/example_dags/example_branch_operator_decorator.py for tasks to queue
[2025-06-11T11:36:03.524+0200] {logging_mixin.py:154} INFO - [2025-06-11T11:36:03.523+0200] {dagbag.py:536} INFO - Filling up the DagBag from /home/diego.rivero/practica_creativa/env/lib/python3.11/site-packages/airflow/example_dags/example_branch_operator_decorator.py
[2025-06-11T11:36:03.535+0200] {processor.py:839} INFO - DAG(s) dict_keys(['example_branch_python_operator_decorator']) retrieved from /home/diego.rivero/practica_creativa/env/lib/python3.11/site-packages/airflow/example_dags/example_branch_operator_decorator.py
[2025-06-11T11:36:03.564+0200] {logging_mixin.py:154} INFO - [2025-06-11T11:36:03.564+0200] {dag.py:2941} INFO - Sync 1 DAGs
[2025-06-11T11:36:03.594+0200] {logging_mixin.py:154} INFO - [2025-06-11T11:36:03.593+0200] {dag.py:3722} INFO - Setting next_dagrun for example_branch_python_operator_decorator to 2025-06-10T00:00:00+00:00, run_after=2025-06-11T00:00:00+00:00
[2025-06-11T11:36:03.649+0200] {processor.py:179} INFO - Processing /home/diego.rivero/practica_creativa/env/lib/python3.11/site-packages/airflow/example_dags/example_branch_operator_decorator.py took 0.131 seconds
[2025-06-11T11:36:59.663+0200] {processor.py:157} INFO - Started process (PID=72124) to work on /home/diego.rivero/practica_creativa/env/lib/python3.11/site-packages/airflow/example_dags/example_branch_operator_decorator.py
[2025-06-11T11:36:59.666+0200] {processor.py:829} INFO - Processing file /home/diego.rivero/practica_creativa/env/lib/python3.11/site-packages/airflow/example_dags/example_branch_operator_decorator.py for tasks to queue
[2025-06-11T11:36:59.668+0200] {logging_mixin.py:154} INFO - [2025-06-11T11:36:59.667+0200] {dagbag.py:536} INFO - Filling up the DagBag from /home/diego.rivero/practica_creativa/env/lib/python3.11/site-packages/airflow/example_dags/example_branch_operator_decorator.py
[2025-06-11T11:36:59.700+0200] {processor.py:839} INFO - DAG(s) dict_keys(['example_branch_python_operator_decorator']) retrieved from /home/diego.rivero/practica_creativa/env/lib/python3.11/site-packages/airflow/example_dags/example_branch_operator_decorator.py
[2025-06-11T11:36:59.737+0200] {logging_mixin.py:154} INFO - [2025-06-11T11:36:59.737+0200] {dag.py:2941} INFO - Sync 1 DAGs
[2025-06-11T11:36:59.773+0200] {logging_mixin.py:154} INFO - [2025-06-11T11:36:59.772+0200] {dag.py:3722} INFO - Setting next_dagrun for example_branch_python_operator_decorator to 2025-06-10T00:00:00+00:00, run_after=2025-06-11T00:00:00+00:00
[2025-06-11T11:36:59.836+0200] {processor.py:179} INFO - Processing /home/diego.rivero/practica_creativa/env/lib/python3.11/site-packages/airflow/example_dags/example_branch_operator_decorator.py took 0.182 seconds
