[2025-06-11T11:28:59.897+0200] {processor.py:157} INFO - Started process (PID=68908) to work on /home/diego.rivero/practica_creativa/env/lib/python3.11/site-packages/airflow/example_dags/example_latest_only_with_trigger.py
[2025-06-11T11:28:59.898+0200] {processor.py:829} INFO - Processing file /home/diego.rivero/practica_creativa/env/lib/python3.11/site-packages/airflow/example_dags/example_latest_only_with_trigger.py for tasks to queue
[2025-06-11T11:28:59.898+0200] {logging_mixin.py:154} INFO - [2025-06-11T11:28:59.898+0200] {dagbag.py:536} INFO - Filling up the DagBag from /home/diego.rivero/practica_creativa/env/lib/python3.11/site-packages/airflow/example_dags/example_latest_only_with_trigger.py
[2025-06-11T11:28:59.905+0200] {processor.py:839} INFO - DAG(s) dict_keys(['latest_only_with_trigger']) retrieved from /home/diego.rivero/practica_creativa/env/lib/python3.11/site-packages/airflow/example_dags/example_latest_only_with_trigger.py
[2025-06-11T11:28:59.931+0200] {logging_mixin.py:154} INFO - [2025-06-11T11:28:59.931+0200] {dag.py:2941} INFO - Sync 1 DAGs
[2025-06-11T11:28:59.955+0200] {logging_mixin.py:154} INFO - [2025-06-11T11:28:59.955+0200] {dag.py:3722} INFO - Setting next_dagrun for latest_only_with_trigger to 2025-06-11T05:28:59.955455+00:00, run_after=2025-06-11T09:28:59.955455+00:00
[2025-06-11T11:29:00.006+0200] {processor.py:179} INFO - Processing /home/diego.rivero/practica_creativa/env/lib/python3.11/site-packages/airflow/example_dags/example_latest_only_with_trigger.py took 0.111 seconds
[2025-06-11T11:29:55.253+0200] {processor.py:157} INFO - Started process (PID=69290) to work on /home/diego.rivero/practica_creativa/env/lib/python3.11/site-packages/airflow/example_dags/example_latest_only_with_trigger.py
[2025-06-11T11:29:55.254+0200] {processor.py:829} INFO - Processing file /home/diego.rivero/practica_creativa/env/lib/python3.11/site-packages/airflow/example_dags/example_latest_only_with_trigger.py for tasks to queue
[2025-06-11T11:29:55.255+0200] {logging_mixin.py:154} INFO - [2025-06-11T11:29:55.254+0200] {dagbag.py:536} INFO - Filling up the DagBag from /home/diego.rivero/practica_creativa/env/lib/python3.11/site-packages/airflow/example_dags/example_latest_only_with_trigger.py
[2025-06-11T11:29:55.264+0200] {processor.py:839} INFO - DAG(s) dict_keys(['latest_only_with_trigger']) retrieved from /home/diego.rivero/practica_creativa/env/lib/python3.11/site-packages/airflow/example_dags/example_latest_only_with_trigger.py
[2025-06-11T11:29:55.298+0200] {logging_mixin.py:154} INFO - [2025-06-11T11:29:55.298+0200] {dag.py:2941} INFO - Sync 1 DAGs
[2025-06-11T11:29:55.345+0200] {logging_mixin.py:154} INFO - [2025-06-11T11:29:55.345+0200] {dag.py:3722} INFO - Setting next_dagrun for latest_only_with_trigger to 2025-06-11T05:29:55.345065+00:00, run_after=2025-06-11T09:29:55.345065+00:00
[2025-06-11T11:29:55.410+0200] {processor.py:179} INFO - Processing /home/diego.rivero/practica_creativa/env/lib/python3.11/site-packages/airflow/example_dags/example_latest_only_with_trigger.py took 0.162 seconds
[2025-06-11T11:30:50.880+0200] {processor.py:157} INFO - Started process (PID=69669) to work on /home/diego.rivero/practica_creativa/env/lib/python3.11/site-packages/airflow/example_dags/example_latest_only_with_trigger.py
[2025-06-11T11:30:50.882+0200] {processor.py:829} INFO - Processing file /home/diego.rivero/practica_creativa/env/lib/python3.11/site-packages/airflow/example_dags/example_latest_only_with_trigger.py for tasks to queue
[2025-06-11T11:30:50.885+0200] {logging_mixin.py:154} INFO - [2025-06-11T11:30:50.883+0200] {dagbag.py:536} INFO - Filling up the DagBag from /home/diego.rivero/practica_creativa/env/lib/python3.11/site-packages/airflow/example_dags/example_latest_only_with_trigger.py
[2025-06-11T11:30:50.903+0200] {processor.py:839} INFO - DAG(s) dict_keys(['latest_only_with_trigger']) retrieved from /home/diego.rivero/practica_creativa/env/lib/python3.11/site-packages/airflow/example_dags/example_latest_only_with_trigger.py
[2025-06-11T11:30:50.932+0200] {logging_mixin.py:154} INFO - [2025-06-11T11:30:50.932+0200] {dag.py:2941} INFO - Sync 1 DAGs
[2025-06-11T11:30:50.959+0200] {logging_mixin.py:154} INFO - [2025-06-11T11:30:50.959+0200] {dag.py:3722} INFO - Setting next_dagrun for latest_only_with_trigger to 2025-06-11T05:30:50.958946+00:00, run_after=2025-06-11T09:30:50.958946+00:00
[2025-06-11T11:30:51.019+0200] {processor.py:179} INFO - Processing /home/diego.rivero/practica_creativa/env/lib/python3.11/site-packages/airflow/example_dags/example_latest_only_with_trigger.py took 0.149 seconds
[2025-06-11T11:31:43.575+0200] {processor.py:157} INFO - Started process (PID=69995) to work on /home/diego.rivero/practica_creativa/env/lib/python3.11/site-packages/airflow/example_dags/example_latest_only_with_trigger.py
[2025-06-11T11:31:43.578+0200] {processor.py:829} INFO - Processing file /home/diego.rivero/practica_creativa/env/lib/python3.11/site-packages/airflow/example_dags/example_latest_only_with_trigger.py for tasks to queue
[2025-06-11T11:31:43.580+0200] {logging_mixin.py:154} INFO - [2025-06-11T11:31:43.579+0200] {dagbag.py:536} INFO - Filling up the DagBag from /home/diego.rivero/practica_creativa/env/lib/python3.11/site-packages/airflow/example_dags/example_latest_only_with_trigger.py
[2025-06-11T11:31:43.602+0200] {processor.py:839} INFO - DAG(s) dict_keys(['latest_only_with_trigger']) retrieved from /home/diego.rivero/practica_creativa/env/lib/python3.11/site-packages/airflow/example_dags/example_latest_only_with_trigger.py
[2025-06-11T11:31:43.646+0200] {logging_mixin.py:154} INFO - [2025-06-11T11:31:43.646+0200] {dag.py:2941} INFO - Sync 1 DAGs
[2025-06-11T11:31:43.687+0200] {logging_mixin.py:154} INFO - [2025-06-11T11:31:43.687+0200] {dag.py:3722} INFO - Setting next_dagrun for latest_only_with_trigger to 2025-06-11T05:31:43.687291+00:00, run_after=2025-06-11T09:31:43.687291+00:00
[2025-06-11T11:31:43.757+0200] {processor.py:179} INFO - Processing /home/diego.rivero/practica_creativa/env/lib/python3.11/site-packages/airflow/example_dags/example_latest_only_with_trigger.py took 0.191 seconds
[2025-06-11T11:32:30.160+0200] {processor.py:157} INFO - Started process (PID=70298) to work on /home/diego.rivero/practica_creativa/env/lib/python3.11/site-packages/airflow/example_dags/example_latest_only_with_trigger.py
[2025-06-11T11:32:30.162+0200] {processor.py:829} INFO - Processing file /home/diego.rivero/practica_creativa/env/lib/python3.11/site-packages/airflow/example_dags/example_latest_only_with_trigger.py for tasks to queue
[2025-06-11T11:32:30.163+0200] {logging_mixin.py:154} INFO - [2025-06-11T11:32:30.163+0200] {dagbag.py:536} INFO - Filling up the DagBag from /home/diego.rivero/practica_creativa/env/lib/python3.11/site-packages/airflow/example_dags/example_latest_only_with_trigger.py
[2025-06-11T11:32:30.176+0200] {processor.py:839} INFO - DAG(s) dict_keys(['latest_only_with_trigger']) retrieved from /home/diego.rivero/practica_creativa/env/lib/python3.11/site-packages/airflow/example_dags/example_latest_only_with_trigger.py
[2025-06-11T11:32:30.205+0200] {logging_mixin.py:154} INFO - [2025-06-11T11:32:30.205+0200] {dag.py:2941} INFO - Sync 1 DAGs
[2025-06-11T11:32:30.230+0200] {logging_mixin.py:154} INFO - [2025-06-11T11:32:30.230+0200] {dag.py:3722} INFO - Setting next_dagrun for latest_only_with_trigger to 2025-06-11T05:32:30.229908+00:00, run_after=2025-06-11T09:32:30.229908+00:00
[2025-06-11T11:32:30.281+0200] {processor.py:179} INFO - Processing /home/diego.rivero/practica_creativa/env/lib/python3.11/site-packages/airflow/example_dags/example_latest_only_with_trigger.py took 0.127 seconds
[2025-06-11T11:33:22.409+0200] {processor.py:157} INFO - Started process (PID=70669) to work on /home/diego.rivero/practica_creativa/env/lib/python3.11/site-packages/airflow/example_dags/example_latest_only_with_trigger.py
[2025-06-11T11:33:22.410+0200] {processor.py:829} INFO - Processing file /home/diego.rivero/practica_creativa/env/lib/python3.11/site-packages/airflow/example_dags/example_latest_only_with_trigger.py for tasks to queue
[2025-06-11T11:33:22.411+0200] {logging_mixin.py:154} INFO - [2025-06-11T11:33:22.410+0200] {dagbag.py:536} INFO - Filling up the DagBag from /home/diego.rivero/practica_creativa/env/lib/python3.11/site-packages/airflow/example_dags/example_latest_only_with_trigger.py
[2025-06-11T11:33:22.419+0200] {processor.py:839} INFO - DAG(s) dict_keys(['latest_only_with_trigger']) retrieved from /home/diego.rivero/practica_creativa/env/lib/python3.11/site-packages/airflow/example_dags/example_latest_only_with_trigger.py
[2025-06-11T11:33:22.446+0200] {logging_mixin.py:154} INFO - [2025-06-11T11:33:22.446+0200] {dag.py:2941} INFO - Sync 1 DAGs
[2025-06-11T11:33:22.472+0200] {logging_mixin.py:154} INFO - [2025-06-11T11:33:22.472+0200] {dag.py:3722} INFO - Setting next_dagrun for latest_only_with_trigger to 2025-06-11T05:33:22.472207+00:00, run_after=2025-06-11T09:33:22.472207+00:00
[2025-06-11T11:33:22.521+0200] {processor.py:179} INFO - Processing /home/diego.rivero/practica_creativa/env/lib/python3.11/site-packages/airflow/example_dags/example_latest_only_with_trigger.py took 0.117 seconds
[2025-06-11T11:34:16.763+0200] {processor.py:157} INFO - Started process (PID=71016) to work on /home/diego.rivero/practica_creativa/env/lib/python3.11/site-packages/airflow/example_dags/example_latest_only_with_trigger.py
[2025-06-11T11:34:16.766+0200] {processor.py:829} INFO - Processing file /home/diego.rivero/practica_creativa/env/lib/python3.11/site-packages/airflow/example_dags/example_latest_only_with_trigger.py for tasks to queue
[2025-06-11T11:34:16.768+0200] {logging_mixin.py:154} INFO - [2025-06-11T11:34:16.767+0200] {dagbag.py:536} INFO - Filling up the DagBag from /home/diego.rivero/practica_creativa/env/lib/python3.11/site-packages/airflow/example_dags/example_latest_only_with_trigger.py
[2025-06-11T11:34:16.790+0200] {processor.py:839} INFO - DAG(s) dict_keys(['latest_only_with_trigger']) retrieved from /home/diego.rivero/practica_creativa/env/lib/python3.11/site-packages/airflow/example_dags/example_latest_only_with_trigger.py
[2025-06-11T11:34:16.846+0200] {logging_mixin.py:154} INFO - [2025-06-11T11:34:16.846+0200] {dag.py:2941} INFO - Sync 1 DAGs
[2025-06-11T11:34:16.878+0200] {logging_mixin.py:154} INFO - [2025-06-11T11:34:16.878+0200] {dag.py:3722} INFO - Setting next_dagrun for latest_only_with_trigger to 2025-06-11T05:34:16.877877+00:00, run_after=2025-06-11T09:34:16.877877+00:00
[2025-06-11T11:34:16.961+0200] {processor.py:179} INFO - Processing /home/diego.rivero/practica_creativa/env/lib/python3.11/site-packages/airflow/example_dags/example_latest_only_with_trigger.py took 0.208 seconds
[2025-06-11T11:35:04.807+0200] {processor.py:157} INFO - Started process (PID=71338) to work on /home/diego.rivero/practica_creativa/env/lib/python3.11/site-packages/airflow/example_dags/example_latest_only_with_trigger.py
[2025-06-11T11:35:04.809+0200] {processor.py:829} INFO - Processing file /home/diego.rivero/practica_creativa/env/lib/python3.11/site-packages/airflow/example_dags/example_latest_only_with_trigger.py for tasks to queue
[2025-06-11T11:35:04.811+0200] {logging_mixin.py:154} INFO - [2025-06-11T11:35:04.810+0200] {dagbag.py:536} INFO - Filling up the DagBag from /home/diego.rivero/practica_creativa/env/lib/python3.11/site-packages/airflow/example_dags/example_latest_only_with_trigger.py
[2025-06-11T11:35:04.827+0200] {processor.py:839} INFO - DAG(s) dict_keys(['latest_only_with_trigger']) retrieved from /home/diego.rivero/practica_creativa/env/lib/python3.11/site-packages/airflow/example_dags/example_latest_only_with_trigger.py
[2025-06-11T11:35:04.857+0200] {logging_mixin.py:154} INFO - [2025-06-11T11:35:04.856+0200] {dag.py:2941} INFO - Sync 1 DAGs
[2025-06-11T11:35:04.883+0200] {logging_mixin.py:154} INFO - [2025-06-11T11:35:04.883+0200] {dag.py:3722} INFO - Setting next_dagrun for latest_only_with_trigger to 2025-06-11T05:35:04.883615+00:00, run_after=2025-06-11T09:35:04.883615+00:00
[2025-06-11T11:35:04.939+0200] {processor.py:179} INFO - Processing /home/diego.rivero/practica_creativa/env/lib/python3.11/site-packages/airflow/example_dags/example_latest_only_with_trigger.py took 0.142 seconds
[2025-06-11T11:35:58.958+0200] {processor.py:157} INFO - Started process (PID=71710) to work on /home/diego.rivero/practica_creativa/env/lib/python3.11/site-packages/airflow/example_dags/example_latest_only_with_trigger.py
[2025-06-11T11:35:58.959+0200] {processor.py:829} INFO - Processing file /home/diego.rivero/practica_creativa/env/lib/python3.11/site-packages/airflow/example_dags/example_latest_only_with_trigger.py for tasks to queue
[2025-06-11T11:35:58.960+0200] {logging_mixin.py:154} INFO - [2025-06-11T11:35:58.959+0200] {dagbag.py:536} INFO - Filling up the DagBag from /home/diego.rivero/practica_creativa/env/lib/python3.11/site-packages/airflow/example_dags/example_latest_only_with_trigger.py
[2025-06-11T11:35:58.966+0200] {processor.py:839} INFO - DAG(s) dict_keys(['latest_only_with_trigger']) retrieved from /home/diego.rivero/practica_creativa/env/lib/python3.11/site-packages/airflow/example_dags/example_latest_only_with_trigger.py
[2025-06-11T11:35:58.990+0200] {logging_mixin.py:154} INFO - [2025-06-11T11:35:58.989+0200] {dag.py:2941} INFO - Sync 1 DAGs
[2025-06-11T11:35:59.014+0200] {logging_mixin.py:154} INFO - [2025-06-11T11:35:59.013+0200] {dag.py:3722} INFO - Setting next_dagrun for latest_only_with_trigger to 2025-06-11T05:35:59.013766+00:00, run_after=2025-06-11T09:35:59.013766+00:00
[2025-06-11T11:35:59.063+0200] {processor.py:179} INFO - Processing /home/diego.rivero/practica_creativa/env/lib/python3.11/site-packages/airflow/example_dags/example_latest_only_with_trigger.py took 0.107 seconds
[2025-06-11T11:36:52.922+0200] {processor.py:157} INFO - Started process (PID=72088) to work on /home/diego.rivero/practica_creativa/env/lib/python3.11/site-packages/airflow/example_dags/example_latest_only_with_trigger.py
[2025-06-11T11:36:52.924+0200] {processor.py:829} INFO - Processing file /home/diego.rivero/practica_creativa/env/lib/python3.11/site-packages/airflow/example_dags/example_latest_only_with_trigger.py for tasks to queue
[2025-06-11T11:36:52.927+0200] {logging_mixin.py:154} INFO - [2025-06-11T11:36:52.925+0200] {dagbag.py:536} INFO - Filling up the DagBag from /home/diego.rivero/practica_creativa/env/lib/python3.11/site-packages/airflow/example_dags/example_latest_only_with_trigger.py
[2025-06-11T11:36:52.945+0200] {processor.py:839} INFO - DAG(s) dict_keys(['latest_only_with_trigger']) retrieved from /home/diego.rivero/practica_creativa/env/lib/python3.11/site-packages/airflow/example_dags/example_latest_only_with_trigger.py
[2025-06-11T11:36:52.976+0200] {logging_mixin.py:154} INFO - [2025-06-11T11:36:52.976+0200] {dag.py:2941} INFO - Sync 1 DAGs
[2025-06-11T11:36:53.003+0200] {logging_mixin.py:154} INFO - [2025-06-11T11:36:53.003+0200] {dag.py:3722} INFO - Setting next_dagrun for latest_only_with_trigger to 2025-06-11T05:36:53.003429+00:00, run_after=2025-06-11T09:36:53.003429+00:00
[2025-06-11T11:36:53.056+0200] {processor.py:179} INFO - Processing /home/diego.rivero/practica_creativa/env/lib/python3.11/site-packages/airflow/example_dags/example_latest_only_with_trigger.py took 0.144 seconds
