[2025-06-11T11:29:05.250+0200] {processor.py:157} INFO - Started process (PID=68931) to work on /home/diego.rivero/practica_creativa/env/lib/python3.11/site-packages/airflow/example_dags/example_datasets.py
[2025-06-11T11:29:05.252+0200] {processor.py:829} INFO - Processing file /home/diego.rivero/practica_creativa/env/lib/python3.11/site-packages/airflow/example_dags/example_datasets.py for tasks to queue
[2025-06-11T11:29:05.253+0200] {logging_mixin.py:154} INFO - [2025-06-11T11:29:05.252+0200] {dagbag.py:536} INFO - Filling up the DagBag from /home/diego.rivero/practica_creativa/env/lib/python3.11/site-packages/airflow/example_dags/example_datasets.py
[2025-06-11T11:29:05.266+0200] {processor.py:839} INFO - DAG(s) dict_keys(['dataset_consumes_1_and_2', 'dataset_consumes_1_never_scheduled', 'dataset_consumes_unknown_never_scheduled', 'dataset_consumes_1', 'dataset_produces_2', 'dataset_produces_1']) retrieved from /home/diego.rivero/practica_creativa/env/lib/python3.11/site-packages/airflow/example_dags/example_datasets.py
[2025-06-11T11:29:05.333+0200] {logging_mixin.py:154} INFO - [2025-06-11T11:29:05.333+0200] {dag.py:2941} INFO - Sync 6 DAGs
[2025-06-11T11:29:05.364+0200] {logging_mixin.py:154} INFO - [2025-06-11T11:29:05.364+0200] {dag.py:3722} INFO - Setting next_dagrun for dataset_consumes_1 to None, run_after=None
[2025-06-11T11:29:05.370+0200] {logging_mixin.py:154} INFO - [2025-06-11T11:29:05.370+0200] {dag.py:3722} INFO - Setting next_dagrun for dataset_consumes_1_and_2 to None, run_after=None
[2025-06-11T11:29:05.373+0200] {logging_mixin.py:154} INFO - [2025-06-11T11:29:05.373+0200] {dag.py:3722} INFO - Setting next_dagrun for dataset_consumes_1_never_scheduled to None, run_after=None
[2025-06-11T11:29:05.376+0200] {logging_mixin.py:154} INFO - [2025-06-11T11:29:05.376+0200] {dag.py:3722} INFO - Setting next_dagrun for dataset_consumes_unknown_never_scheduled to None, run_after=None
[2025-06-11T11:29:05.380+0200] {logging_mixin.py:154} INFO - [2025-06-11T11:29:05.380+0200] {dag.py:3722} INFO - Setting next_dagrun for dataset_produces_1 to 2025-06-10T00:00:00+00:00, run_after=2025-06-11T00:00:00+00:00
[2025-06-11T11:29:05.382+0200] {logging_mixin.py:154} INFO - [2025-06-11T11:29:05.382+0200] {dag.py:3722} INFO - Setting next_dagrun for dataset_produces_2 to None, run_after=None
[2025-06-11T11:29:05.462+0200] {processor.py:179} INFO - Processing /home/diego.rivero/practica_creativa/env/lib/python3.11/site-packages/airflow/example_dags/example_datasets.py took 0.216 seconds
[2025-06-11T11:30:01.078+0200] {processor.py:157} INFO - Started process (PID=69318) to work on /home/diego.rivero/practica_creativa/env/lib/python3.11/site-packages/airflow/example_dags/example_datasets.py
[2025-06-11T11:30:01.079+0200] {processor.py:829} INFO - Processing file /home/diego.rivero/practica_creativa/env/lib/python3.11/site-packages/airflow/example_dags/example_datasets.py for tasks to queue
[2025-06-11T11:30:01.080+0200] {logging_mixin.py:154} INFO - [2025-06-11T11:30:01.080+0200] {dagbag.py:536} INFO - Filling up the DagBag from /home/diego.rivero/practica_creativa/env/lib/python3.11/site-packages/airflow/example_dags/example_datasets.py
[2025-06-11T11:30:01.097+0200] {processor.py:839} INFO - DAG(s) dict_keys(['dataset_produces_2', 'dataset_consumes_1_and_2', 'dataset_consumes_1', 'dataset_consumes_unknown_never_scheduled', 'dataset_produces_1', 'dataset_consumes_1_never_scheduled']) retrieved from /home/diego.rivero/practica_creativa/env/lib/python3.11/site-packages/airflow/example_dags/example_datasets.py
[2025-06-11T11:30:01.160+0200] {logging_mixin.py:154} INFO - [2025-06-11T11:30:01.160+0200] {dag.py:2941} INFO - Sync 6 DAGs
[2025-06-11T11:30:01.186+0200] {logging_mixin.py:154} INFO - [2025-06-11T11:30:01.186+0200] {dag.py:3722} INFO - Setting next_dagrun for dataset_consumes_1 to None, run_after=None
[2025-06-11T11:30:01.191+0200] {logging_mixin.py:154} INFO - [2025-06-11T11:30:01.191+0200] {dag.py:3722} INFO - Setting next_dagrun for dataset_consumes_1_and_2 to None, run_after=None
[2025-06-11T11:30:01.194+0200] {logging_mixin.py:154} INFO - [2025-06-11T11:30:01.194+0200] {dag.py:3722} INFO - Setting next_dagrun for dataset_consumes_1_never_scheduled to None, run_after=None
[2025-06-11T11:30:01.197+0200] {logging_mixin.py:154} INFO - [2025-06-11T11:30:01.197+0200] {dag.py:3722} INFO - Setting next_dagrun for dataset_consumes_unknown_never_scheduled to None, run_after=None
[2025-06-11T11:30:01.201+0200] {logging_mixin.py:154} INFO - [2025-06-11T11:30:01.201+0200] {dag.py:3722} INFO - Setting next_dagrun for dataset_produces_1 to 2025-06-10T00:00:00+00:00, run_after=2025-06-11T00:00:00+00:00
[2025-06-11T11:30:01.204+0200] {logging_mixin.py:154} INFO - [2025-06-11T11:30:01.204+0200] {dag.py:3722} INFO - Setting next_dagrun for dataset_produces_2 to None, run_after=None
[2025-06-11T11:30:01.274+0200] {processor.py:179} INFO - Processing /home/diego.rivero/practica_creativa/env/lib/python3.11/site-packages/airflow/example_dags/example_datasets.py took 0.201 seconds
[2025-06-11T11:30:57.232+0200] {processor.py:157} INFO - Started process (PID=69701) to work on /home/diego.rivero/practica_creativa/env/lib/python3.11/site-packages/airflow/example_dags/example_datasets.py
[2025-06-11T11:30:57.233+0200] {processor.py:829} INFO - Processing file /home/diego.rivero/practica_creativa/env/lib/python3.11/site-packages/airflow/example_dags/example_datasets.py for tasks to queue
[2025-06-11T11:30:57.235+0200] {logging_mixin.py:154} INFO - [2025-06-11T11:30:57.234+0200] {dagbag.py:536} INFO - Filling up the DagBag from /home/diego.rivero/practica_creativa/env/lib/python3.11/site-packages/airflow/example_dags/example_datasets.py
[2025-06-11T11:30:57.251+0200] {processor.py:839} INFO - DAG(s) dict_keys(['dataset_consumes_unknown_never_scheduled', 'dataset_produces_1', 'dataset_produces_2', 'dataset_consumes_1_and_2', 'dataset_consumes_1', 'dataset_consumes_1_never_scheduled']) retrieved from /home/diego.rivero/practica_creativa/env/lib/python3.11/site-packages/airflow/example_dags/example_datasets.py
[2025-06-11T11:30:57.315+0200] {logging_mixin.py:154} INFO - [2025-06-11T11:30:57.315+0200] {dag.py:2941} INFO - Sync 6 DAGs
[2025-06-11T11:30:57.344+0200] {logging_mixin.py:154} INFO - [2025-06-11T11:30:57.344+0200] {dag.py:3722} INFO - Setting next_dagrun for dataset_consumes_1 to None, run_after=None
[2025-06-11T11:30:57.348+0200] {logging_mixin.py:154} INFO - [2025-06-11T11:30:57.348+0200] {dag.py:3722} INFO - Setting next_dagrun for dataset_consumes_1_and_2 to None, run_after=None
[2025-06-11T11:30:57.350+0200] {logging_mixin.py:154} INFO - [2025-06-11T11:30:57.350+0200] {dag.py:3722} INFO - Setting next_dagrun for dataset_consumes_1_never_scheduled to None, run_after=None
[2025-06-11T11:30:57.352+0200] {logging_mixin.py:154} INFO - [2025-06-11T11:30:57.352+0200] {dag.py:3722} INFO - Setting next_dagrun for dataset_consumes_unknown_never_scheduled to None, run_after=None
[2025-06-11T11:30:57.356+0200] {logging_mixin.py:154} INFO - [2025-06-11T11:30:57.356+0200] {dag.py:3722} INFO - Setting next_dagrun for dataset_produces_1 to 2025-06-10T00:00:00+00:00, run_after=2025-06-11T00:00:00+00:00
[2025-06-11T11:30:57.358+0200] {logging_mixin.py:154} INFO - [2025-06-11T11:30:57.358+0200] {dag.py:3722} INFO - Setting next_dagrun for dataset_produces_2 to None, run_after=None
[2025-06-11T11:30:57.427+0200] {processor.py:179} INFO - Processing /home/diego.rivero/practica_creativa/env/lib/python3.11/site-packages/airflow/example_dags/example_datasets.py took 0.202 seconds
[2025-06-11T11:32:35.781+0200] {processor.py:157} INFO - Started process (PID=70325) to work on /home/diego.rivero/practica_creativa/env/lib/python3.11/site-packages/airflow/example_dags/example_datasets.py
[2025-06-11T11:32:35.783+0200] {processor.py:829} INFO - Processing file /home/diego.rivero/practica_creativa/env/lib/python3.11/site-packages/airflow/example_dags/example_datasets.py for tasks to queue
[2025-06-11T11:32:35.784+0200] {logging_mixin.py:154} INFO - [2025-06-11T11:32:35.783+0200] {dagbag.py:536} INFO - Filling up the DagBag from /home/diego.rivero/practica_creativa/env/lib/python3.11/site-packages/airflow/example_dags/example_datasets.py
[2025-06-11T11:32:35.796+0200] {processor.py:839} INFO - DAG(s) dict_keys(['dataset_consumes_unknown_never_scheduled', 'dataset_consumes_1', 'dataset_consumes_1_never_scheduled', 'dataset_produces_1', 'dataset_consumes_1_and_2', 'dataset_produces_2']) retrieved from /home/diego.rivero/practica_creativa/env/lib/python3.11/site-packages/airflow/example_dags/example_datasets.py
[2025-06-11T11:32:35.857+0200] {logging_mixin.py:154} INFO - [2025-06-11T11:32:35.857+0200] {dag.py:2941} INFO - Sync 6 DAGs
[2025-06-11T11:32:35.889+0200] {logging_mixin.py:154} INFO - [2025-06-11T11:32:35.888+0200] {dag.py:3722} INFO - Setting next_dagrun for dataset_consumes_1 to None, run_after=None
[2025-06-11T11:32:35.896+0200] {logging_mixin.py:154} INFO - [2025-06-11T11:32:35.896+0200] {dag.py:3722} INFO - Setting next_dagrun for dataset_consumes_1_and_2 to None, run_after=None
[2025-06-11T11:32:35.899+0200] {logging_mixin.py:154} INFO - [2025-06-11T11:32:35.899+0200] {dag.py:3722} INFO - Setting next_dagrun for dataset_consumes_1_never_scheduled to None, run_after=None
[2025-06-11T11:32:35.902+0200] {logging_mixin.py:154} INFO - [2025-06-11T11:32:35.902+0200] {dag.py:3722} INFO - Setting next_dagrun for dataset_consumes_unknown_never_scheduled to None, run_after=None
[2025-06-11T11:32:35.907+0200] {logging_mixin.py:154} INFO - [2025-06-11T11:32:35.907+0200] {dag.py:3722} INFO - Setting next_dagrun for dataset_produces_1 to 2025-06-10T00:00:00+00:00, run_after=2025-06-11T00:00:00+00:00
[2025-06-11T11:32:35.910+0200] {logging_mixin.py:154} INFO - [2025-06-11T11:32:35.910+0200] {dag.py:3722} INFO - Setting next_dagrun for dataset_produces_2 to None, run_after=None
[2025-06-11T11:32:35.993+0200] {processor.py:179} INFO - Processing /home/diego.rivero/practica_creativa/env/lib/python3.11/site-packages/airflow/example_dags/example_datasets.py took 0.216 seconds
[2025-06-11T11:33:28.832+0200] {processor.py:157} INFO - Started process (PID=70696) to work on /home/diego.rivero/practica_creativa/env/lib/python3.11/site-packages/airflow/example_dags/example_datasets.py
[2025-06-11T11:33:28.833+0200] {processor.py:829} INFO - Processing file /home/diego.rivero/practica_creativa/env/lib/python3.11/site-packages/airflow/example_dags/example_datasets.py for tasks to queue
[2025-06-11T11:33:28.834+0200] {logging_mixin.py:154} INFO - [2025-06-11T11:33:28.834+0200] {dagbag.py:536} INFO - Filling up the DagBag from /home/diego.rivero/practica_creativa/env/lib/python3.11/site-packages/airflow/example_dags/example_datasets.py
[2025-06-11T11:33:28.846+0200] {processor.py:839} INFO - DAG(s) dict_keys(['dataset_produces_1', 'dataset_produces_2', 'dataset_consumes_1_and_2', 'dataset_consumes_1', 'dataset_consumes_1_never_scheduled', 'dataset_consumes_unknown_never_scheduled']) retrieved from /home/diego.rivero/practica_creativa/env/lib/python3.11/site-packages/airflow/example_dags/example_datasets.py
[2025-06-11T11:33:28.906+0200] {logging_mixin.py:154} INFO - [2025-06-11T11:33:28.905+0200] {dag.py:2941} INFO - Sync 6 DAGs
[2025-06-11T11:33:28.935+0200] {logging_mixin.py:154} INFO - [2025-06-11T11:33:28.935+0200] {dag.py:3722} INFO - Setting next_dagrun for dataset_consumes_1 to None, run_after=None
[2025-06-11T11:33:28.941+0200] {logging_mixin.py:154} INFO - [2025-06-11T11:33:28.941+0200] {dag.py:3722} INFO - Setting next_dagrun for dataset_consumes_1_and_2 to None, run_after=None
[2025-06-11T11:33:28.945+0200] {logging_mixin.py:154} INFO - [2025-06-11T11:33:28.945+0200] {dag.py:3722} INFO - Setting next_dagrun for dataset_consumes_1_never_scheduled to None, run_after=None
[2025-06-11T11:33:28.949+0200] {logging_mixin.py:154} INFO - [2025-06-11T11:33:28.948+0200] {dag.py:3722} INFO - Setting next_dagrun for dataset_consumes_unknown_never_scheduled to None, run_after=None
[2025-06-11T11:33:28.953+0200] {logging_mixin.py:154} INFO - [2025-06-11T11:33:28.953+0200] {dag.py:3722} INFO - Setting next_dagrun for dataset_produces_1 to 2025-06-10T00:00:00+00:00, run_after=2025-06-11T00:00:00+00:00
[2025-06-11T11:33:28.956+0200] {logging_mixin.py:154} INFO - [2025-06-11T11:33:28.956+0200] {dag.py:3722} INFO - Setting next_dagrun for dataset_produces_2 to None, run_after=None
[2025-06-11T11:33:29.039+0200] {processor.py:179} INFO - Processing /home/diego.rivero/practica_creativa/env/lib/python3.11/site-packages/airflow/example_dags/example_datasets.py took 0.211 seconds
[2025-06-11T11:34:22.750+0200] {processor.py:157} INFO - Started process (PID=71070) to work on /home/diego.rivero/practica_creativa/env/lib/python3.11/site-packages/airflow/example_dags/example_datasets.py
[2025-06-11T11:34:22.751+0200] {processor.py:829} INFO - Processing file /home/diego.rivero/practica_creativa/env/lib/python3.11/site-packages/airflow/example_dags/example_datasets.py for tasks to queue
[2025-06-11T11:34:22.752+0200] {logging_mixin.py:154} INFO - [2025-06-11T11:34:22.751+0200] {dagbag.py:536} INFO - Filling up the DagBag from /home/diego.rivero/practica_creativa/env/lib/python3.11/site-packages/airflow/example_dags/example_datasets.py
[2025-06-11T11:34:22.762+0200] {processor.py:839} INFO - DAG(s) dict_keys(['dataset_produces_1', 'dataset_consumes_1', 'dataset_consumes_1_never_scheduled', 'dataset_consumes_1_and_2', 'dataset_consumes_unknown_never_scheduled', 'dataset_produces_2']) retrieved from /home/diego.rivero/practica_creativa/env/lib/python3.11/site-packages/airflow/example_dags/example_datasets.py
[2025-06-11T11:34:22.830+0200] {logging_mixin.py:154} INFO - [2025-06-11T11:34:22.829+0200] {dag.py:2941} INFO - Sync 6 DAGs
[2025-06-11T11:34:22.862+0200] {logging_mixin.py:154} INFO - [2025-06-11T11:34:22.862+0200] {dag.py:3722} INFO - Setting next_dagrun for dataset_consumes_1 to None, run_after=None
[2025-06-11T11:34:22.867+0200] {logging_mixin.py:154} INFO - [2025-06-11T11:34:22.867+0200] {dag.py:3722} INFO - Setting next_dagrun for dataset_consumes_1_and_2 to None, run_after=None
[2025-06-11T11:34:22.870+0200] {logging_mixin.py:154} INFO - [2025-06-11T11:34:22.870+0200] {dag.py:3722} INFO - Setting next_dagrun for dataset_consumes_1_never_scheduled to None, run_after=None
[2025-06-11T11:34:22.873+0200] {logging_mixin.py:154} INFO - [2025-06-11T11:34:22.873+0200] {dag.py:3722} INFO - Setting next_dagrun for dataset_consumes_unknown_never_scheduled to None, run_after=None
[2025-06-11T11:34:22.878+0200] {logging_mixin.py:154} INFO - [2025-06-11T11:34:22.877+0200] {dag.py:3722} INFO - Setting next_dagrun for dataset_produces_1 to 2025-06-10T00:00:00+00:00, run_after=2025-06-11T00:00:00+00:00
[2025-06-11T11:34:22.881+0200] {logging_mixin.py:154} INFO - [2025-06-11T11:34:22.881+0200] {dag.py:3722} INFO - Setting next_dagrun for dataset_produces_2 to None, run_after=None
[2025-06-11T11:34:22.960+0200] {processor.py:179} INFO - Processing /home/diego.rivero/practica_creativa/env/lib/python3.11/site-packages/airflow/example_dags/example_datasets.py took 0.214 seconds
[2025-06-11T11:35:38.132+0200] {processor.py:157} INFO - Started process (PID=71567) to work on /home/diego.rivero/practica_creativa/env/lib/python3.11/site-packages/airflow/example_dags/example_datasets.py
[2025-06-11T11:35:38.134+0200] {processor.py:829} INFO - Processing file /home/diego.rivero/practica_creativa/env/lib/python3.11/site-packages/airflow/example_dags/example_datasets.py for tasks to queue
[2025-06-11T11:35:38.137+0200] {logging_mixin.py:154} INFO - [2025-06-11T11:35:38.135+0200] {dagbag.py:536} INFO - Filling up the DagBag from /home/diego.rivero/practica_creativa/env/lib/python3.11/site-packages/airflow/example_dags/example_datasets.py
[2025-06-11T11:35:38.159+0200] {processor.py:839} INFO - DAG(s) dict_keys(['dataset_consumes_1_never_scheduled', 'dataset_consumes_unknown_never_scheduled', 'dataset_produces_2', 'dataset_consumes_1', 'dataset_produces_1', 'dataset_consumes_1_and_2']) retrieved from /home/diego.rivero/practica_creativa/env/lib/python3.11/site-packages/airflow/example_dags/example_datasets.py
[2025-06-11T11:35:38.217+0200] {logging_mixin.py:154} INFO - [2025-06-11T11:35:38.217+0200] {dag.py:2941} INFO - Sync 6 DAGs
[2025-06-11T11:35:38.245+0200] {logging_mixin.py:154} INFO - [2025-06-11T11:35:38.245+0200] {dag.py:3722} INFO - Setting next_dagrun for dataset_consumes_1 to None, run_after=None
[2025-06-11T11:35:38.250+0200] {logging_mixin.py:154} INFO - [2025-06-11T11:35:38.250+0200] {dag.py:3722} INFO - Setting next_dagrun for dataset_consumes_1_and_2 to None, run_after=None
[2025-06-11T11:35:38.253+0200] {logging_mixin.py:154} INFO - [2025-06-11T11:35:38.253+0200] {dag.py:3722} INFO - Setting next_dagrun for dataset_consumes_1_never_scheduled to None, run_after=None
[2025-06-11T11:35:38.256+0200] {logging_mixin.py:154} INFO - [2025-06-11T11:35:38.256+0200] {dag.py:3722} INFO - Setting next_dagrun for dataset_consumes_unknown_never_scheduled to None, run_after=None
[2025-06-11T11:35:38.260+0200] {logging_mixin.py:154} INFO - [2025-06-11T11:35:38.260+0200] {dag.py:3722} INFO - Setting next_dagrun for dataset_produces_1 to 2025-06-10T00:00:00+00:00, run_after=2025-06-11T00:00:00+00:00
[2025-06-11T11:35:38.263+0200] {logging_mixin.py:154} INFO - [2025-06-11T11:35:38.263+0200] {dag.py:3722} INFO - Setting next_dagrun for dataset_produces_2 to None, run_after=None
[2025-06-11T11:35:38.352+0200] {processor.py:179} INFO - Processing /home/diego.rivero/practica_creativa/env/lib/python3.11/site-packages/airflow/example_dags/example_datasets.py took 0.230 seconds
[2025-06-11T11:36:30.974+0200] {processor.py:157} INFO - Started process (PID=71911) to work on /home/diego.rivero/practica_creativa/env/lib/python3.11/site-packages/airflow/example_dags/example_datasets.py
[2025-06-11T11:36:30.977+0200] {processor.py:829} INFO - Processing file /home/diego.rivero/practica_creativa/env/lib/python3.11/site-packages/airflow/example_dags/example_datasets.py for tasks to queue
[2025-06-11T11:36:30.979+0200] {logging_mixin.py:154} INFO - [2025-06-11T11:36:30.978+0200] {dagbag.py:536} INFO - Filling up the DagBag from /home/diego.rivero/practica_creativa/env/lib/python3.11/site-packages/airflow/example_dags/example_datasets.py
[2025-06-11T11:36:31.003+0200] {processor.py:839} INFO - DAG(s) dict_keys(['dataset_consumes_unknown_never_scheduled', 'dataset_consumes_1', 'dataset_produces_1', 'dataset_consumes_1_never_scheduled', 'dataset_consumes_1_and_2', 'dataset_produces_2']) retrieved from /home/diego.rivero/practica_creativa/env/lib/python3.11/site-packages/airflow/example_dags/example_datasets.py
[2025-06-11T11:36:31.063+0200] {logging_mixin.py:154} INFO - [2025-06-11T11:36:31.063+0200] {dag.py:2941} INFO - Sync 6 DAGs
[2025-06-11T11:36:31.092+0200] {logging_mixin.py:154} INFO - [2025-06-11T11:36:31.091+0200] {dag.py:3722} INFO - Setting next_dagrun for dataset_consumes_1 to None, run_after=None
[2025-06-11T11:36:31.096+0200] {logging_mixin.py:154} INFO - [2025-06-11T11:36:31.096+0200] {dag.py:3722} INFO - Setting next_dagrun for dataset_consumes_1_and_2 to None, run_after=None
[2025-06-11T11:36:31.100+0200] {logging_mixin.py:154} INFO - [2025-06-11T11:36:31.099+0200] {dag.py:3722} INFO - Setting next_dagrun for dataset_consumes_1_never_scheduled to None, run_after=None
[2025-06-11T11:36:31.102+0200] {logging_mixin.py:154} INFO - [2025-06-11T11:36:31.102+0200] {dag.py:3722} INFO - Setting next_dagrun for dataset_consumes_unknown_never_scheduled to None, run_after=None
[2025-06-11T11:36:31.107+0200] {logging_mixin.py:154} INFO - [2025-06-11T11:36:31.107+0200] {dag.py:3722} INFO - Setting next_dagrun for dataset_produces_1 to 2025-06-10T00:00:00+00:00, run_after=2025-06-11T00:00:00+00:00
[2025-06-11T11:36:31.110+0200] {logging_mixin.py:154} INFO - [2025-06-11T11:36:31.110+0200] {dag.py:3722} INFO - Setting next_dagrun for dataset_produces_2 to None, run_after=None
[2025-06-11T11:36:31.259+0200] {processor.py:179} INFO - Processing /home/diego.rivero/practica_creativa/env/lib/python3.11/site-packages/airflow/example_dags/example_datasets.py took 0.294 seconds
