[2025-06-11T11:28:42.432+0200] {processor.py:157} INFO - Started process (PID=68781) to work on /home/diego.rivero/practica_creativa/env/lib/python3.11/site-packages/airflow/example_dags/example_subdag_operator.py
[2025-06-11T11:28:42.433+0200] {processor.py:829} INFO - Processing file /home/diego.rivero/practica_creativa/env/lib/python3.11/site-packages/airflow/example_dags/example_subdag_operator.py for tasks to queue
[2025-06-11T11:28:42.434+0200] {logging_mixin.py:154} INFO - [2025-06-11T11:28:42.434+0200] {dagbag.py:536} INFO - Filling up the DagBag from /home/diego.rivero/practica_creativa/env/lib/python3.11/site-packages/airflow/example_dags/example_subdag_operator.py
[2025-06-11T11:28:42.480+0200] {processor.py:839} INFO - DAG(s) dict_keys(['example_subdag_operator.section-1', 'example_subdag_operator.section-2', 'example_subdag_operator']) retrieved from /home/diego.rivero/practica_creativa/env/lib/python3.11/site-packages/airflow/example_dags/example_subdag_operator.py
[2025-06-11T11:28:42.511+0200] {logging_mixin.py:154} INFO - [2025-06-11T11:28:42.511+0200] {dag.py:2941} INFO - Sync 3 DAGs
[2025-06-11T11:28:42.541+0200] {logging_mixin.py:154} INFO - [2025-06-11T11:28:42.540+0200] {dag.py:3722} INFO - Setting next_dagrun for example_subdag_operator to 2022-01-01T00:00:00+00:00, run_after=2022-01-01T00:00:00+00:00
[2025-06-11T11:28:42.546+0200] {logging_mixin.py:154} INFO - [2025-06-11T11:28:42.546+0200] {dag.py:3722} INFO - Setting next_dagrun for example_subdag_operator.section-1 to None, run_after=None
[2025-06-11T11:28:42.550+0200] {logging_mixin.py:154} INFO - [2025-06-11T11:28:42.550+0200] {dag.py:3722} INFO - Setting next_dagrun for example_subdag_operator.section-2 to None, run_after=None
[2025-06-11T11:28:42.565+0200] {logging_mixin.py:154} INFO - [2025-06-11T11:28:42.565+0200] {dag.py:2941} INFO - Sync 2 DAGs
[2025-06-11T11:28:42.569+0200] {logging_mixin.py:154} INFO - [2025-06-11T11:28:42.569+0200] {dag.py:3722} INFO - Setting next_dagrun for example_subdag_operator.section-1 to None, run_after=None
[2025-06-11T11:28:42.570+0200] {logging_mixin.py:154} INFO - [2025-06-11T11:28:42.570+0200] {dag.py:3722} INFO - Setting next_dagrun for example_subdag_operator.section-2 to None, run_after=None
[2025-06-11T11:28:42.620+0200] {processor.py:179} INFO - Processing /home/diego.rivero/practica_creativa/env/lib/python3.11/site-packages/airflow/example_dags/example_subdag_operator.py took 0.195 seconds
[2025-06-11T11:29:37.066+0200] {processor.py:157} INFO - Started process (PID=69164) to work on /home/diego.rivero/practica_creativa/env/lib/python3.11/site-packages/airflow/example_dags/example_subdag_operator.py
[2025-06-11T11:29:37.067+0200] {processor.py:829} INFO - Processing file /home/diego.rivero/practica_creativa/env/lib/python3.11/site-packages/airflow/example_dags/example_subdag_operator.py for tasks to queue
[2025-06-11T11:29:37.067+0200] {logging_mixin.py:154} INFO - [2025-06-11T11:29:37.067+0200] {dagbag.py:536} INFO - Filling up the DagBag from /home/diego.rivero/practica_creativa/env/lib/python3.11/site-packages/airflow/example_dags/example_subdag_operator.py
[2025-06-11T11:29:37.101+0200] {processor.py:839} INFO - DAG(s) dict_keys(['example_subdag_operator.section-1', 'example_subdag_operator.section-2', 'example_subdag_operator']) retrieved from /home/diego.rivero/practica_creativa/env/lib/python3.11/site-packages/airflow/example_dags/example_subdag_operator.py
[2025-06-11T11:29:37.126+0200] {logging_mixin.py:154} INFO - [2025-06-11T11:29:37.126+0200] {dag.py:2941} INFO - Sync 3 DAGs
[2025-06-11T11:29:37.151+0200] {logging_mixin.py:154} INFO - [2025-06-11T11:29:37.151+0200] {dag.py:3722} INFO - Setting next_dagrun for example_subdag_operator to 2022-01-01T00:00:00+00:00, run_after=2022-01-01T00:00:00+00:00
[2025-06-11T11:29:37.156+0200] {logging_mixin.py:154} INFO - [2025-06-11T11:29:37.156+0200] {dag.py:3722} INFO - Setting next_dagrun for example_subdag_operator.section-1 to None, run_after=None
[2025-06-11T11:29:37.160+0200] {logging_mixin.py:154} INFO - [2025-06-11T11:29:37.159+0200] {dag.py:3722} INFO - Setting next_dagrun for example_subdag_operator.section-2 to None, run_after=None
[2025-06-11T11:29:37.174+0200] {logging_mixin.py:154} INFO - [2025-06-11T11:29:37.173+0200] {dag.py:2941} INFO - Sync 2 DAGs
[2025-06-11T11:29:37.177+0200] {logging_mixin.py:154} INFO - [2025-06-11T11:29:37.177+0200] {dag.py:3722} INFO - Setting next_dagrun for example_subdag_operator.section-1 to None, run_after=None
[2025-06-11T11:29:37.177+0200] {logging_mixin.py:154} INFO - [2025-06-11T11:29:37.177+0200] {dag.py:3722} INFO - Setting next_dagrun for example_subdag_operator.section-2 to None, run_after=None
[2025-06-11T11:29:37.216+0200] {processor.py:179} INFO - Processing /home/diego.rivero/practica_creativa/env/lib/python3.11/site-packages/airflow/example_dags/example_subdag_operator.py took 0.152 seconds
[2025-06-11T11:30:30.164+0200] {processor.py:157} INFO - Started process (PID=69501) to work on /home/diego.rivero/practica_creativa/env/lib/python3.11/site-packages/airflow/example_dags/example_subdag_operator.py
[2025-06-11T11:30:30.165+0200] {processor.py:829} INFO - Processing file /home/diego.rivero/practica_creativa/env/lib/python3.11/site-packages/airflow/example_dags/example_subdag_operator.py for tasks to queue
[2025-06-11T11:30:30.166+0200] {logging_mixin.py:154} INFO - [2025-06-11T11:30:30.165+0200] {dagbag.py:536} INFO - Filling up the DagBag from /home/diego.rivero/practica_creativa/env/lib/python3.11/site-packages/airflow/example_dags/example_subdag_operator.py
[2025-06-11T11:30:30.205+0200] {processor.py:839} INFO - DAG(s) dict_keys(['example_subdag_operator.section-1', 'example_subdag_operator.section-2', 'example_subdag_operator']) retrieved from /home/diego.rivero/practica_creativa/env/lib/python3.11/site-packages/airflow/example_dags/example_subdag_operator.py
[2025-06-11T11:30:30.229+0200] {logging_mixin.py:154} INFO - [2025-06-11T11:30:30.229+0200] {dag.py:2941} INFO - Sync 3 DAGs
[2025-06-11T11:30:30.255+0200] {logging_mixin.py:154} INFO - [2025-06-11T11:30:30.255+0200] {dag.py:3722} INFO - Setting next_dagrun for example_subdag_operator to 2022-01-01T00:00:00+00:00, run_after=2022-01-01T00:00:00+00:00
[2025-06-11T11:30:30.260+0200] {logging_mixin.py:154} INFO - [2025-06-11T11:30:30.260+0200] {dag.py:3722} INFO - Setting next_dagrun for example_subdag_operator.section-1 to None, run_after=None
[2025-06-11T11:30:30.262+0200] {logging_mixin.py:154} INFO - [2025-06-11T11:30:30.262+0200] {dag.py:3722} INFO - Setting next_dagrun for example_subdag_operator.section-2 to None, run_after=None
[2025-06-11T11:30:30.276+0200] {logging_mixin.py:154} INFO - [2025-06-11T11:30:30.275+0200] {dag.py:2941} INFO - Sync 2 DAGs
[2025-06-11T11:30:30.279+0200] {logging_mixin.py:154} INFO - [2025-06-11T11:30:30.279+0200] {dag.py:3722} INFO - Setting next_dagrun for example_subdag_operator.section-1 to None, run_after=None
[2025-06-11T11:30:30.279+0200] {logging_mixin.py:154} INFO - [2025-06-11T11:30:30.279+0200] {dag.py:3722} INFO - Setting next_dagrun for example_subdag_operator.section-2 to None, run_after=None
[2025-06-11T11:30:30.319+0200] {processor.py:179} INFO - Processing /home/diego.rivero/practica_creativa/env/lib/python3.11/site-packages/airflow/example_dags/example_subdag_operator.py took 0.159 seconds
[2025-06-11T11:31:23.109+0200] {processor.py:157} INFO - Started process (PID=69866) to work on /home/diego.rivero/practica_creativa/env/lib/python3.11/site-packages/airflow/example_dags/example_subdag_operator.py
[2025-06-11T11:31:23.112+0200] {processor.py:829} INFO - Processing file /home/diego.rivero/practica_creativa/env/lib/python3.11/site-packages/airflow/example_dags/example_subdag_operator.py for tasks to queue
[2025-06-11T11:31:23.114+0200] {logging_mixin.py:154} INFO - [2025-06-11T11:31:23.113+0200] {dagbag.py:536} INFO - Filling up the DagBag from /home/diego.rivero/practica_creativa/env/lib/python3.11/site-packages/airflow/example_dags/example_subdag_operator.py
[2025-06-11T11:31:23.162+0200] {processor.py:839} INFO - DAG(s) dict_keys(['example_subdag_operator.section-1', 'example_subdag_operator.section-2', 'example_subdag_operator']) retrieved from /home/diego.rivero/practica_creativa/env/lib/python3.11/site-packages/airflow/example_dags/example_subdag_operator.py
[2025-06-11T11:31:23.187+0200] {logging_mixin.py:154} INFO - [2025-06-11T11:31:23.187+0200] {dag.py:2941} INFO - Sync 3 DAGs
[2025-06-11T11:31:23.216+0200] {logging_mixin.py:154} INFO - [2025-06-11T11:31:23.216+0200] {dag.py:3722} INFO - Setting next_dagrun for example_subdag_operator to 2022-01-01T00:00:00+00:00, run_after=2022-01-01T00:00:00+00:00
[2025-06-11T11:31:23.222+0200] {logging_mixin.py:154} INFO - [2025-06-11T11:31:23.222+0200] {dag.py:3722} INFO - Setting next_dagrun for example_subdag_operator.section-1 to None, run_after=None
[2025-06-11T11:31:23.225+0200] {logging_mixin.py:154} INFO - [2025-06-11T11:31:23.225+0200] {dag.py:3722} INFO - Setting next_dagrun for example_subdag_operator.section-2 to None, run_after=None
[2025-06-11T11:31:23.239+0200] {logging_mixin.py:154} INFO - [2025-06-11T11:31:23.239+0200] {dag.py:2941} INFO - Sync 2 DAGs
[2025-06-11T11:31:23.243+0200] {logging_mixin.py:154} INFO - [2025-06-11T11:31:23.243+0200] {dag.py:3722} INFO - Setting next_dagrun for example_subdag_operator.section-1 to None, run_after=None
[2025-06-11T11:31:23.243+0200] {logging_mixin.py:154} INFO - [2025-06-11T11:31:23.243+0200] {dag.py:3722} INFO - Setting next_dagrun for example_subdag_operator.section-2 to None, run_after=None
[2025-06-11T11:31:23.287+0200] {processor.py:179} INFO - Processing /home/diego.rivero/practica_creativa/env/lib/python3.11/site-packages/airflow/example_dags/example_subdag_operator.py took 0.187 seconds
[2025-06-11T11:32:14.141+0200] {processor.py:157} INFO - Started process (PID=70180) to work on /home/diego.rivero/practica_creativa/env/lib/python3.11/site-packages/airflow/example_dags/example_subdag_operator.py
[2025-06-11T11:32:14.143+0200] {processor.py:829} INFO - Processing file /home/diego.rivero/practica_creativa/env/lib/python3.11/site-packages/airflow/example_dags/example_subdag_operator.py for tasks to queue
[2025-06-11T11:32:14.144+0200] {logging_mixin.py:154} INFO - [2025-06-11T11:32:14.143+0200] {dagbag.py:536} INFO - Filling up the DagBag from /home/diego.rivero/practica_creativa/env/lib/python3.11/site-packages/airflow/example_dags/example_subdag_operator.py
[2025-06-11T11:32:14.185+0200] {processor.py:839} INFO - DAG(s) dict_keys(['example_subdag_operator.section-1', 'example_subdag_operator.section-2', 'example_subdag_operator']) retrieved from /home/diego.rivero/practica_creativa/env/lib/python3.11/site-packages/airflow/example_dags/example_subdag_operator.py
[2025-06-11T11:32:14.212+0200] {logging_mixin.py:154} INFO - [2025-06-11T11:32:14.212+0200] {dag.py:2941} INFO - Sync 3 DAGs
[2025-06-11T11:32:14.238+0200] {logging_mixin.py:154} INFO - [2025-06-11T11:32:14.238+0200] {dag.py:3722} INFO - Setting next_dagrun for example_subdag_operator to 2022-01-01T00:00:00+00:00, run_after=2022-01-01T00:00:00+00:00
[2025-06-11T11:32:14.243+0200] {logging_mixin.py:154} INFO - [2025-06-11T11:32:14.243+0200] {dag.py:3722} INFO - Setting next_dagrun for example_subdag_operator.section-1 to None, run_after=None
[2025-06-11T11:32:14.246+0200] {logging_mixin.py:154} INFO - [2025-06-11T11:32:14.246+0200] {dag.py:3722} INFO - Setting next_dagrun for example_subdag_operator.section-2 to None, run_after=None
[2025-06-11T11:32:14.261+0200] {logging_mixin.py:154} INFO - [2025-06-11T11:32:14.261+0200] {dag.py:2941} INFO - Sync 2 DAGs
[2025-06-11T11:32:14.265+0200] {logging_mixin.py:154} INFO - [2025-06-11T11:32:14.264+0200] {dag.py:3722} INFO - Setting next_dagrun for example_subdag_operator.section-1 to None, run_after=None
[2025-06-11T11:32:14.265+0200] {logging_mixin.py:154} INFO - [2025-06-11T11:32:14.265+0200] {dag.py:3722} INFO - Setting next_dagrun for example_subdag_operator.section-2 to None, run_after=None
[2025-06-11T11:32:14.303+0200] {processor.py:179} INFO - Processing /home/diego.rivero/practica_creativa/env/lib/python3.11/site-packages/airflow/example_dags/example_subdag_operator.py took 0.167 seconds
[2025-06-11T11:33:06.293+0200] {processor.py:157} INFO - Started process (PID=70545) to work on /home/diego.rivero/practica_creativa/env/lib/python3.11/site-packages/airflow/example_dags/example_subdag_operator.py
[2025-06-11T11:33:06.294+0200] {processor.py:829} INFO - Processing file /home/diego.rivero/practica_creativa/env/lib/python3.11/site-packages/airflow/example_dags/example_subdag_operator.py for tasks to queue
[2025-06-11T11:33:06.294+0200] {logging_mixin.py:154} INFO - [2025-06-11T11:33:06.294+0200] {dagbag.py:536} INFO - Filling up the DagBag from /home/diego.rivero/practica_creativa/env/lib/python3.11/site-packages/airflow/example_dags/example_subdag_operator.py
[2025-06-11T11:33:06.335+0200] {processor.py:839} INFO - DAG(s) dict_keys(['example_subdag_operator.section-1', 'example_subdag_operator.section-2', 'example_subdag_operator']) retrieved from /home/diego.rivero/practica_creativa/env/lib/python3.11/site-packages/airflow/example_dags/example_subdag_operator.py
[2025-06-11T11:33:06.363+0200] {logging_mixin.py:154} INFO - [2025-06-11T11:33:06.363+0200] {dag.py:2941} INFO - Sync 3 DAGs
[2025-06-11T11:33:06.393+0200] {logging_mixin.py:154} INFO - [2025-06-11T11:33:06.393+0200] {dag.py:3722} INFO - Setting next_dagrun for example_subdag_operator to 2022-01-01T00:00:00+00:00, run_after=2022-01-01T00:00:00+00:00
[2025-06-11T11:33:06.399+0200] {logging_mixin.py:154} INFO - [2025-06-11T11:33:06.398+0200] {dag.py:3722} INFO - Setting next_dagrun for example_subdag_operator.section-1 to None, run_after=None
[2025-06-11T11:33:06.402+0200] {logging_mixin.py:154} INFO - [2025-06-11T11:33:06.402+0200] {dag.py:3722} INFO - Setting next_dagrun for example_subdag_operator.section-2 to None, run_after=None
[2025-06-11T11:33:06.416+0200] {logging_mixin.py:154} INFO - [2025-06-11T11:33:06.416+0200] {dag.py:2941} INFO - Sync 2 DAGs
[2025-06-11T11:33:06.420+0200] {logging_mixin.py:154} INFO - [2025-06-11T11:33:06.420+0200] {dag.py:3722} INFO - Setting next_dagrun for example_subdag_operator.section-1 to None, run_after=None
[2025-06-11T11:33:06.421+0200] {logging_mixin.py:154} INFO - [2025-06-11T11:33:06.421+0200] {dag.py:3722} INFO - Setting next_dagrun for example_subdag_operator.section-2 to None, run_after=None
[2025-06-11T11:33:06.462+0200] {processor.py:179} INFO - Processing /home/diego.rivero/practica_creativa/env/lib/python3.11/site-packages/airflow/example_dags/example_subdag_operator.py took 0.173 seconds
[2025-06-11T11:33:59.563+0200] {processor.py:157} INFO - Started process (PID=70916) to work on /home/diego.rivero/practica_creativa/env/lib/python3.11/site-packages/airflow/example_dags/example_subdag_operator.py
[2025-06-11T11:33:59.566+0200] {processor.py:829} INFO - Processing file /home/diego.rivero/practica_creativa/env/lib/python3.11/site-packages/airflow/example_dags/example_subdag_operator.py for tasks to queue
[2025-06-11T11:33:59.568+0200] {logging_mixin.py:154} INFO - [2025-06-11T11:33:59.567+0200] {dagbag.py:536} INFO - Filling up the DagBag from /home/diego.rivero/practica_creativa/env/lib/python3.11/site-packages/airflow/example_dags/example_subdag_operator.py
[2025-06-11T11:33:59.636+0200] {processor.py:839} INFO - DAG(s) dict_keys(['example_subdag_operator.section-1', 'example_subdag_operator.section-2', 'example_subdag_operator']) retrieved from /home/diego.rivero/practica_creativa/env/lib/python3.11/site-packages/airflow/example_dags/example_subdag_operator.py
[2025-06-11T11:33:59.665+0200] {logging_mixin.py:154} INFO - [2025-06-11T11:33:59.665+0200] {dag.py:2941} INFO - Sync 3 DAGs
[2025-06-11T11:33:59.692+0200] {logging_mixin.py:154} INFO - [2025-06-11T11:33:59.692+0200] {dag.py:3722} INFO - Setting next_dagrun for example_subdag_operator to 2022-01-01T00:00:00+00:00, run_after=2022-01-01T00:00:00+00:00
[2025-06-11T11:33:59.696+0200] {logging_mixin.py:154} INFO - [2025-06-11T11:33:59.696+0200] {dag.py:3722} INFO - Setting next_dagrun for example_subdag_operator.section-1 to None, run_after=None
[2025-06-11T11:33:59.699+0200] {logging_mixin.py:154} INFO - [2025-06-11T11:33:59.699+0200] {dag.py:3722} INFO - Setting next_dagrun for example_subdag_operator.section-2 to None, run_after=None
[2025-06-11T11:33:59.711+0200] {logging_mixin.py:154} INFO - [2025-06-11T11:33:59.711+0200] {dag.py:2941} INFO - Sync 2 DAGs
[2025-06-11T11:33:59.714+0200] {logging_mixin.py:154} INFO - [2025-06-11T11:33:59.714+0200] {dag.py:3722} INFO - Setting next_dagrun for example_subdag_operator.section-1 to None, run_after=None
[2025-06-11T11:33:59.714+0200] {logging_mixin.py:154} INFO - [2025-06-11T11:33:59.714+0200] {dag.py:3722} INFO - Setting next_dagrun for example_subdag_operator.section-2 to None, run_after=None
[2025-06-11T11:33:59.753+0200] {processor.py:179} INFO - Processing /home/diego.rivero/practica_creativa/env/lib/python3.11/site-packages/airflow/example_dags/example_subdag_operator.py took 0.200 seconds
[2025-06-11T11:34:48.973+0200] {processor.py:157} INFO - Started process (PID=71261) to work on /home/diego.rivero/practica_creativa/env/lib/python3.11/site-packages/airflow/example_dags/example_subdag_operator.py
[2025-06-11T11:34:48.976+0200] {processor.py:829} INFO - Processing file /home/diego.rivero/practica_creativa/env/lib/python3.11/site-packages/airflow/example_dags/example_subdag_operator.py for tasks to queue
[2025-06-11T11:34:48.977+0200] {logging_mixin.py:154} INFO - [2025-06-11T11:34:48.977+0200] {dagbag.py:536} INFO - Filling up the DagBag from /home/diego.rivero/practica_creativa/env/lib/python3.11/site-packages/airflow/example_dags/example_subdag_operator.py
[2025-06-11T11:34:49.022+0200] {processor.py:839} INFO - DAG(s) dict_keys(['example_subdag_operator.section-1', 'example_subdag_operator.section-2', 'example_subdag_operator']) retrieved from /home/diego.rivero/practica_creativa/env/lib/python3.11/site-packages/airflow/example_dags/example_subdag_operator.py
[2025-06-11T11:34:49.047+0200] {logging_mixin.py:154} INFO - [2025-06-11T11:34:49.047+0200] {dag.py:2941} INFO - Sync 3 DAGs
[2025-06-11T11:34:49.075+0200] {logging_mixin.py:154} INFO - [2025-06-11T11:34:49.075+0200] {dag.py:3722} INFO - Setting next_dagrun for example_subdag_operator to 2022-01-01T00:00:00+00:00, run_after=2022-01-01T00:00:00+00:00
[2025-06-11T11:34:49.081+0200] {logging_mixin.py:154} INFO - [2025-06-11T11:34:49.080+0200] {dag.py:3722} INFO - Setting next_dagrun for example_subdag_operator.section-1 to None, run_after=None
[2025-06-11T11:34:49.084+0200] {logging_mixin.py:154} INFO - [2025-06-11T11:34:49.084+0200] {dag.py:3722} INFO - Setting next_dagrun for example_subdag_operator.section-2 to None, run_after=None
[2025-06-11T11:34:49.101+0200] {logging_mixin.py:154} INFO - [2025-06-11T11:34:49.101+0200] {dag.py:2941} INFO - Sync 2 DAGs
[2025-06-11T11:34:49.106+0200] {logging_mixin.py:154} INFO - [2025-06-11T11:34:49.105+0200] {dag.py:3722} INFO - Setting next_dagrun for example_subdag_operator.section-1 to None, run_after=None
[2025-06-11T11:34:49.106+0200] {logging_mixin.py:154} INFO - [2025-06-11T11:34:49.106+0200] {dag.py:3722} INFO - Setting next_dagrun for example_subdag_operator.section-2 to None, run_after=None
[2025-06-11T11:34:49.149+0200] {processor.py:179} INFO - Processing /home/diego.rivero/practica_creativa/env/lib/python3.11/site-packages/airflow/example_dags/example_subdag_operator.py took 0.185 seconds
[2025-06-11T11:35:41.282+0200] {processor.py:157} INFO - Started process (PID=71582) to work on /home/diego.rivero/practica_creativa/env/lib/python3.11/site-packages/airflow/example_dags/example_subdag_operator.py
[2025-06-11T11:35:41.282+0200] {processor.py:829} INFO - Processing file /home/diego.rivero/practica_creativa/env/lib/python3.11/site-packages/airflow/example_dags/example_subdag_operator.py for tasks to queue
[2025-06-11T11:35:41.283+0200] {logging_mixin.py:154} INFO - [2025-06-11T11:35:41.283+0200] {dagbag.py:536} INFO - Filling up the DagBag from /home/diego.rivero/practica_creativa/env/lib/python3.11/site-packages/airflow/example_dags/example_subdag_operator.py
[2025-06-11T11:35:41.319+0200] {processor.py:839} INFO - DAG(s) dict_keys(['example_subdag_operator.section-1', 'example_subdag_operator.section-2', 'example_subdag_operator']) retrieved from /home/diego.rivero/practica_creativa/env/lib/python3.11/site-packages/airflow/example_dags/example_subdag_operator.py
[2025-06-11T11:35:41.342+0200] {logging_mixin.py:154} INFO - [2025-06-11T11:35:41.342+0200] {dag.py:2941} INFO - Sync 3 DAGs
[2025-06-11T11:35:41.366+0200] {logging_mixin.py:154} INFO - [2025-06-11T11:35:41.366+0200] {dag.py:3722} INFO - Setting next_dagrun for example_subdag_operator to 2022-01-01T00:00:00+00:00, run_after=2022-01-01T00:00:00+00:00
[2025-06-11T11:35:41.371+0200] {logging_mixin.py:154} INFO - [2025-06-11T11:35:41.371+0200] {dag.py:3722} INFO - Setting next_dagrun for example_subdag_operator.section-1 to None, run_after=None
[2025-06-11T11:35:41.374+0200] {logging_mixin.py:154} INFO - [2025-06-11T11:35:41.373+0200] {dag.py:3722} INFO - Setting next_dagrun for example_subdag_operator.section-2 to None, run_after=None
[2025-06-11T11:35:41.386+0200] {logging_mixin.py:154} INFO - [2025-06-11T11:35:41.386+0200] {dag.py:2941} INFO - Sync 2 DAGs
[2025-06-11T11:35:41.390+0200] {logging_mixin.py:154} INFO - [2025-06-11T11:35:41.390+0200] {dag.py:3722} INFO - Setting next_dagrun for example_subdag_operator.section-1 to None, run_after=None
[2025-06-11T11:35:41.390+0200] {logging_mixin.py:154} INFO - [2025-06-11T11:35:41.390+0200] {dag.py:3722} INFO - Setting next_dagrun for example_subdag_operator.section-2 to None, run_after=None
[2025-06-11T11:35:41.428+0200] {processor.py:179} INFO - Processing /home/diego.rivero/practica_creativa/env/lib/python3.11/site-packages/airflow/example_dags/example_subdag_operator.py took 0.149 seconds
[2025-06-11T11:36:34.315+0200] {processor.py:157} INFO - Started process (PID=71925) to work on /home/diego.rivero/practica_creativa/env/lib/python3.11/site-packages/airflow/example_dags/example_subdag_operator.py
[2025-06-11T11:36:34.316+0200] {processor.py:829} INFO - Processing file /home/diego.rivero/practica_creativa/env/lib/python3.11/site-packages/airflow/example_dags/example_subdag_operator.py for tasks to queue
[2025-06-11T11:36:34.316+0200] {logging_mixin.py:154} INFO - [2025-06-11T11:36:34.316+0200] {dagbag.py:536} INFO - Filling up the DagBag from /home/diego.rivero/practica_creativa/env/lib/python3.11/site-packages/airflow/example_dags/example_subdag_operator.py
[2025-06-11T11:36:34.351+0200] {processor.py:839} INFO - DAG(s) dict_keys(['example_subdag_operator.section-1', 'example_subdag_operator.section-2', 'example_subdag_operator']) retrieved from /home/diego.rivero/practica_creativa/env/lib/python3.11/site-packages/airflow/example_dags/example_subdag_operator.py
[2025-06-11T11:36:34.373+0200] {logging_mixin.py:154} INFO - [2025-06-11T11:36:34.373+0200] {dag.py:2941} INFO - Sync 3 DAGs
[2025-06-11T11:36:34.398+0200] {logging_mixin.py:154} INFO - [2025-06-11T11:36:34.398+0200] {dag.py:3722} INFO - Setting next_dagrun for example_subdag_operator to 2022-01-01T00:00:00+00:00, run_after=2022-01-01T00:00:00+00:00
[2025-06-11T11:36:34.403+0200] {logging_mixin.py:154} INFO - [2025-06-11T11:36:34.403+0200] {dag.py:3722} INFO - Setting next_dagrun for example_subdag_operator.section-1 to None, run_after=None
[2025-06-11T11:36:34.405+0200] {logging_mixin.py:154} INFO - [2025-06-11T11:36:34.405+0200] {dag.py:3722} INFO - Setting next_dagrun for example_subdag_operator.section-2 to None, run_after=None
[2025-06-11T11:36:34.418+0200] {logging_mixin.py:154} INFO - [2025-06-11T11:36:34.418+0200] {dag.py:2941} INFO - Sync 2 DAGs
[2025-06-11T11:36:34.421+0200] {logging_mixin.py:154} INFO - [2025-06-11T11:36:34.421+0200] {dag.py:3722} INFO - Setting next_dagrun for example_subdag_operator.section-1 to None, run_after=None
[2025-06-11T11:36:34.422+0200] {logging_mixin.py:154} INFO - [2025-06-11T11:36:34.422+0200] {dag.py:3722} INFO - Setting next_dagrun for example_subdag_operator.section-2 to None, run_after=None
[2025-06-11T11:36:34.460+0200] {processor.py:179} INFO - Processing /home/diego.rivero/practica_creativa/env/lib/python3.11/site-packages/airflow/example_dags/example_subdag_operator.py took 0.148 seconds
