[2025-06-11T11:28:50.388+0200] {processor.py:157} INFO - Started process (PID=68861) to work on /home/diego.rivero/practica_creativa/env/lib/python3.11/site-packages/airflow/example_dags/example_sensor_decorator.py
[2025-06-11T11:28:50.389+0200] {processor.py:829} INFO - Processing file /home/diego.rivero/practica_creativa/env/lib/python3.11/site-packages/airflow/example_dags/example_sensor_decorator.py for tasks to queue
[2025-06-11T11:28:50.390+0200] {logging_mixin.py:154} INFO - [2025-06-11T11:28:50.389+0200] {dagbag.py:536} INFO - Filling up the DagBag from /home/diego.rivero/practica_creativa/env/lib/python3.11/site-packages/airflow/example_dags/example_sensor_decorator.py
[2025-06-11T11:28:50.396+0200] {processor.py:839} INFO - DAG(s) dict_keys(['example_sensor_decorator']) retrieved from /home/diego.rivero/practica_creativa/env/lib/python3.11/site-packages/airflow/example_dags/example_sensor_decorator.py
[2025-06-11T11:28:50.426+0200] {logging_mixin.py:154} INFO - [2025-06-11T11:28:50.426+0200] {dag.py:2941} INFO - Sync 1 DAGs
[2025-06-11T11:28:50.442+0200] {logging_mixin.py:154} INFO - [2025-06-11T11:28:50.442+0200] {dag.py:3722} INFO - Setting next_dagrun for example_sensor_decorator to None, run_after=None
[2025-06-11T11:28:50.499+0200] {processor.py:179} INFO - Processing /home/diego.rivero/practica_creativa/env/lib/python3.11/site-packages/airflow/example_dags/example_sensor_decorator.py took 0.115 seconds
[2025-06-11T11:29:45.161+0200] {processor.py:157} INFO - Started process (PID=69199) to work on /home/diego.rivero/practica_creativa/env/lib/python3.11/site-packages/airflow/example_dags/example_sensor_decorator.py
[2025-06-11T11:29:45.162+0200] {processor.py:829} INFO - Processing file /home/diego.rivero/practica_creativa/env/lib/python3.11/site-packages/airflow/example_dags/example_sensor_decorator.py for tasks to queue
[2025-06-11T11:29:45.162+0200] {logging_mixin.py:154} INFO - [2025-06-11T11:29:45.162+0200] {dagbag.py:536} INFO - Filling up the DagBag from /home/diego.rivero/practica_creativa/env/lib/python3.11/site-packages/airflow/example_dags/example_sensor_decorator.py
[2025-06-11T11:29:45.168+0200] {processor.py:839} INFO - DAG(s) dict_keys(['example_sensor_decorator']) retrieved from /home/diego.rivero/practica_creativa/env/lib/python3.11/site-packages/airflow/example_dags/example_sensor_decorator.py
[2025-06-11T11:29:45.195+0200] {logging_mixin.py:154} INFO - [2025-06-11T11:29:45.195+0200] {dag.py:2941} INFO - Sync 1 DAGs
[2025-06-11T11:29:45.211+0200] {logging_mixin.py:154} INFO - [2025-06-11T11:29:45.210+0200] {dag.py:3722} INFO - Setting next_dagrun for example_sensor_decorator to None, run_after=None
[2025-06-11T11:29:45.261+0200] {processor.py:179} INFO - Processing /home/diego.rivero/practica_creativa/env/lib/python3.11/site-packages/airflow/example_dags/example_sensor_decorator.py took 0.102 seconds
[2025-06-11T11:30:40.896+0200] {processor.py:157} INFO - Started process (PID=69583) to work on /home/diego.rivero/practica_creativa/env/lib/python3.11/site-packages/airflow/example_dags/example_sensor_decorator.py
[2025-06-11T11:30:40.898+0200] {processor.py:829} INFO - Processing file /home/diego.rivero/practica_creativa/env/lib/python3.11/site-packages/airflow/example_dags/example_sensor_decorator.py for tasks to queue
[2025-06-11T11:30:40.900+0200] {logging_mixin.py:154} INFO - [2025-06-11T11:30:40.899+0200] {dagbag.py:536} INFO - Filling up the DagBag from /home/diego.rivero/practica_creativa/env/lib/python3.11/site-packages/airflow/example_dags/example_sensor_decorator.py
[2025-06-11T11:30:40.909+0200] {processor.py:839} INFO - DAG(s) dict_keys(['example_sensor_decorator']) retrieved from /home/diego.rivero/practica_creativa/env/lib/python3.11/site-packages/airflow/example_dags/example_sensor_decorator.py
[2025-06-11T11:30:40.937+0200] {logging_mixin.py:154} INFO - [2025-06-11T11:30:40.937+0200] {dag.py:2941} INFO - Sync 1 DAGs
[2025-06-11T11:30:40.952+0200] {logging_mixin.py:154} INFO - [2025-06-11T11:30:40.952+0200] {dag.py:3722} INFO - Setting next_dagrun for example_sensor_decorator to None, run_after=None
[2025-06-11T11:30:41.008+0200] {processor.py:179} INFO - Processing /home/diego.rivero/practica_creativa/env/lib/python3.11/site-packages/airflow/example_dags/example_sensor_decorator.py took 0.121 seconds
[2025-06-11T11:31:34.981+0200] {processor.py:157} INFO - Started process (PID=69921) to work on /home/diego.rivero/practica_creativa/env/lib/python3.11/site-packages/airflow/example_dags/example_sensor_decorator.py
[2025-06-11T11:31:34.983+0200] {processor.py:829} INFO - Processing file /home/diego.rivero/practica_creativa/env/lib/python3.11/site-packages/airflow/example_dags/example_sensor_decorator.py for tasks to queue
[2025-06-11T11:31:34.985+0200] {logging_mixin.py:154} INFO - [2025-06-11T11:31:34.984+0200] {dagbag.py:536} INFO - Filling up the DagBag from /home/diego.rivero/practica_creativa/env/lib/python3.11/site-packages/airflow/example_dags/example_sensor_decorator.py
[2025-06-11T11:31:34.996+0200] {processor.py:839} INFO - DAG(s) dict_keys(['example_sensor_decorator']) retrieved from /home/diego.rivero/practica_creativa/env/lib/python3.11/site-packages/airflow/example_dags/example_sensor_decorator.py
[2025-06-11T11:31:35.028+0200] {logging_mixin.py:154} INFO - [2025-06-11T11:31:35.028+0200] {dag.py:2941} INFO - Sync 1 DAGs
[2025-06-11T11:31:35.045+0200] {logging_mixin.py:154} INFO - [2025-06-11T11:31:35.045+0200] {dag.py:3722} INFO - Setting next_dagrun for example_sensor_decorator to None, run_after=None
[2025-06-11T11:31:35.105+0200] {processor.py:179} INFO - Processing /home/diego.rivero/practica_creativa/env/lib/python3.11/site-packages/airflow/example_dags/example_sensor_decorator.py took 0.133 seconds
[2025-06-11T11:32:20.807+0200] {processor.py:157} INFO - Started process (PID=70258) to work on /home/diego.rivero/practica_creativa/env/lib/python3.11/site-packages/airflow/example_dags/example_sensor_decorator.py
[2025-06-11T11:32:20.809+0200] {processor.py:829} INFO - Processing file /home/diego.rivero/practica_creativa/env/lib/python3.11/site-packages/airflow/example_dags/example_sensor_decorator.py for tasks to queue
[2025-06-11T11:32:20.811+0200] {logging_mixin.py:154} INFO - [2025-06-11T11:32:20.810+0200] {dagbag.py:536} INFO - Filling up the DagBag from /home/diego.rivero/practica_creativa/env/lib/python3.11/site-packages/airflow/example_dags/example_sensor_decorator.py
[2025-06-11T11:32:20.823+0200] {processor.py:839} INFO - DAG(s) dict_keys(['example_sensor_decorator']) retrieved from /home/diego.rivero/practica_creativa/env/lib/python3.11/site-packages/airflow/example_dags/example_sensor_decorator.py
[2025-06-11T11:32:20.854+0200] {logging_mixin.py:154} INFO - [2025-06-11T11:32:20.853+0200] {dag.py:2941} INFO - Sync 1 DAGs
[2025-06-11T11:32:20.869+0200] {logging_mixin.py:154} INFO - [2025-06-11T11:32:20.868+0200] {dag.py:3722} INFO - Setting next_dagrun for example_sensor_decorator to None, run_after=None
[2025-06-11T11:32:20.967+0200] {processor.py:179} INFO - Processing /home/diego.rivero/practica_creativa/env/lib/python3.11/site-packages/airflow/example_dags/example_sensor_decorator.py took 0.167 seconds
[2025-06-11T11:33:12.381+0200] {processor.py:157} INFO - Started process (PID=70578) to work on /home/diego.rivero/practica_creativa/env/lib/python3.11/site-packages/airflow/example_dags/example_sensor_decorator.py
[2025-06-11T11:33:12.382+0200] {processor.py:829} INFO - Processing file /home/diego.rivero/practica_creativa/env/lib/python3.11/site-packages/airflow/example_dags/example_sensor_decorator.py for tasks to queue
[2025-06-11T11:33:12.383+0200] {logging_mixin.py:154} INFO - [2025-06-11T11:33:12.383+0200] {dagbag.py:536} INFO - Filling up the DagBag from /home/diego.rivero/practica_creativa/env/lib/python3.11/site-packages/airflow/example_dags/example_sensor_decorator.py
[2025-06-11T11:33:12.391+0200] {processor.py:839} INFO - DAG(s) dict_keys(['example_sensor_decorator']) retrieved from /home/diego.rivero/practica_creativa/env/lib/python3.11/site-packages/airflow/example_dags/example_sensor_decorator.py
[2025-06-11T11:33:12.421+0200] {logging_mixin.py:154} INFO - [2025-06-11T11:33:12.421+0200] {dag.py:2941} INFO - Sync 1 DAGs
[2025-06-11T11:33:12.437+0200] {logging_mixin.py:154} INFO - [2025-06-11T11:33:12.437+0200] {dag.py:3722} INFO - Setting next_dagrun for example_sensor_decorator to None, run_after=None
[2025-06-11T11:33:12.496+0200] {processor.py:179} INFO - Processing /home/diego.rivero/practica_creativa/env/lib/python3.11/site-packages/airflow/example_dags/example_sensor_decorator.py took 0.120 seconds
[2025-06-11T11:34:07.433+0200] {processor.py:157} INFO - Started process (PID=70956) to work on /home/diego.rivero/practica_creativa/env/lib/python3.11/site-packages/airflow/example_dags/example_sensor_decorator.py
[2025-06-11T11:34:07.434+0200] {processor.py:829} INFO - Processing file /home/diego.rivero/practica_creativa/env/lib/python3.11/site-packages/airflow/example_dags/example_sensor_decorator.py for tasks to queue
[2025-06-11T11:34:07.435+0200] {logging_mixin.py:154} INFO - [2025-06-11T11:34:07.435+0200] {dagbag.py:536} INFO - Filling up the DagBag from /home/diego.rivero/practica_creativa/env/lib/python3.11/site-packages/airflow/example_dags/example_sensor_decorator.py
[2025-06-11T11:34:07.444+0200] {processor.py:839} INFO - DAG(s) dict_keys(['example_sensor_decorator']) retrieved from /home/diego.rivero/practica_creativa/env/lib/python3.11/site-packages/airflow/example_dags/example_sensor_decorator.py
[2025-06-11T11:34:07.477+0200] {logging_mixin.py:154} INFO - [2025-06-11T11:34:07.477+0200] {dag.py:2941} INFO - Sync 1 DAGs
[2025-06-11T11:34:07.495+0200] {logging_mixin.py:154} INFO - [2025-06-11T11:34:07.494+0200] {dag.py:3722} INFO - Setting next_dagrun for example_sensor_decorator to None, run_after=None
[2025-06-11T11:34:07.555+0200] {processor.py:179} INFO - Processing /home/diego.rivero/practica_creativa/env/lib/python3.11/site-packages/airflow/example_dags/example_sensor_decorator.py took 0.127 seconds
[2025-06-11T11:34:55.412+0200] {processor.py:157} INFO - Started process (PID=71296) to work on /home/diego.rivero/practica_creativa/env/lib/python3.11/site-packages/airflow/example_dags/example_sensor_decorator.py
[2025-06-11T11:34:55.414+0200] {processor.py:829} INFO - Processing file /home/diego.rivero/practica_creativa/env/lib/python3.11/site-packages/airflow/example_dags/example_sensor_decorator.py for tasks to queue
[2025-06-11T11:34:55.415+0200] {logging_mixin.py:154} INFO - [2025-06-11T11:34:55.414+0200] {dagbag.py:536} INFO - Filling up the DagBag from /home/diego.rivero/practica_creativa/env/lib/python3.11/site-packages/airflow/example_dags/example_sensor_decorator.py
[2025-06-11T11:34:55.426+0200] {processor.py:839} INFO - DAG(s) dict_keys(['example_sensor_decorator']) retrieved from /home/diego.rivero/practica_creativa/env/lib/python3.11/site-packages/airflow/example_dags/example_sensor_decorator.py
[2025-06-11T11:34:55.452+0200] {logging_mixin.py:154} INFO - [2025-06-11T11:34:55.452+0200] {dag.py:2941} INFO - Sync 1 DAGs
[2025-06-11T11:34:55.468+0200] {logging_mixin.py:154} INFO - [2025-06-11T11:34:55.468+0200] {dag.py:3722} INFO - Setting next_dagrun for example_sensor_decorator to None, run_after=None
[2025-06-11T11:34:55.526+0200] {processor.py:179} INFO - Processing /home/diego.rivero/practica_creativa/env/lib/python3.11/site-packages/airflow/example_dags/example_sensor_decorator.py took 0.123 seconds
[2025-06-11T11:35:49.031+0200] {processor.py:157} INFO - Started process (PID=71661) to work on /home/diego.rivero/practica_creativa/env/lib/python3.11/site-packages/airflow/example_dags/example_sensor_decorator.py
[2025-06-11T11:35:49.033+0200] {processor.py:829} INFO - Processing file /home/diego.rivero/practica_creativa/env/lib/python3.11/site-packages/airflow/example_dags/example_sensor_decorator.py for tasks to queue
[2025-06-11T11:35:49.036+0200] {logging_mixin.py:154} INFO - [2025-06-11T11:35:49.034+0200] {dagbag.py:536} INFO - Filling up the DagBag from /home/diego.rivero/practica_creativa/env/lib/python3.11/site-packages/airflow/example_dags/example_sensor_decorator.py
[2025-06-11T11:35:49.049+0200] {processor.py:839} INFO - DAG(s) dict_keys(['example_sensor_decorator']) retrieved from /home/diego.rivero/practica_creativa/env/lib/python3.11/site-packages/airflow/example_dags/example_sensor_decorator.py
[2025-06-11T11:35:49.079+0200] {logging_mixin.py:154} INFO - [2025-06-11T11:35:49.079+0200] {dag.py:2941} INFO - Sync 1 DAGs
[2025-06-11T11:35:49.095+0200] {logging_mixin.py:154} INFO - [2025-06-11T11:35:49.095+0200] {dag.py:3722} INFO - Setting next_dagrun for example_sensor_decorator to None, run_after=None
[2025-06-11T11:35:49.148+0200] {processor.py:179} INFO - Processing /home/diego.rivero/practica_creativa/env/lib/python3.11/site-packages/airflow/example_dags/example_sensor_decorator.py took 0.128 seconds
[2025-06-11T11:36:42.404+0200] {processor.py:157} INFO - Started process (PID=71993) to work on /home/diego.rivero/practica_creativa/env/lib/python3.11/site-packages/airflow/example_dags/example_sensor_decorator.py
[2025-06-11T11:36:42.407+0200] {processor.py:829} INFO - Processing file /home/diego.rivero/practica_creativa/env/lib/python3.11/site-packages/airflow/example_dags/example_sensor_decorator.py for tasks to queue
[2025-06-11T11:36:42.409+0200] {logging_mixin.py:154} INFO - [2025-06-11T11:36:42.408+0200] {dagbag.py:536} INFO - Filling up the DagBag from /home/diego.rivero/practica_creativa/env/lib/python3.11/site-packages/airflow/example_dags/example_sensor_decorator.py
[2025-06-11T11:36:42.429+0200] {processor.py:839} INFO - DAG(s) dict_keys(['example_sensor_decorator']) retrieved from /home/diego.rivero/practica_creativa/env/lib/python3.11/site-packages/airflow/example_dags/example_sensor_decorator.py
[2025-06-11T11:36:42.462+0200] {logging_mixin.py:154} INFO - [2025-06-11T11:36:42.462+0200] {dag.py:2941} INFO - Sync 1 DAGs
[2025-06-11T11:36:42.478+0200] {logging_mixin.py:154} INFO - [2025-06-11T11:36:42.478+0200] {dag.py:3722} INFO - Setting next_dagrun for example_sensor_decorator to None, run_after=None
[2025-06-11T11:36:42.535+0200] {processor.py:179} INFO - Processing /home/diego.rivero/practica_creativa/env/lib/python3.11/site-packages/airflow/example_dags/example_sensor_decorator.py took 0.140 seconds
