[2025-06-11T11:28:45.185+0200] {processor.py:157} INFO - Started process (PID=68799) to work on /home/diego.rivero/practica_creativa/env/lib/python3.11/site-packages/airflow/example_dags/example_skip_dag.py
[2025-06-11T11:28:45.187+0200] {processor.py:829} INFO - Processing file /home/diego.rivero/practica_creativa/env/lib/python3.11/site-packages/airflow/example_dags/example_skip_dag.py for tasks to queue
[2025-06-11T11:28:45.190+0200] {logging_mixin.py:154} INFO - [2025-06-11T11:28:45.189+0200] {dagbag.py:536} INFO - Filling up the DagBag from /home/diego.rivero/practica_creativa/env/lib/python3.11/site-packages/airflow/example_dags/example_skip_dag.py
[2025-06-11T11:28:45.217+0200] {processor.py:839} INFO - DAG(s) dict_keys(['example_skip_dag']) retrieved from /home/diego.rivero/practica_creativa/env/lib/python3.11/site-packages/airflow/example_dags/example_skip_dag.py
[2025-06-11T11:28:45.370+0200] {logging_mixin.py:154} INFO - [2025-06-11T11:28:45.369+0200] {dag.py:2941} INFO - Sync 1 DAGs
[2025-06-11T11:28:45.447+0200] {logging_mixin.py:154} INFO - [2025-06-11T11:28:45.447+0200] {dag.py:3722} INFO - Setting next_dagrun for example_skip_dag to 2025-06-10T09:28:45.446601+00:00, run_after=2025-06-11T09:28:45.446601+00:00
[2025-06-11T11:28:45.567+0200] {processor.py:179} INFO - Processing /home/diego.rivero/practica_creativa/env/lib/python3.11/site-packages/airflow/example_dags/example_skip_dag.py took 0.393 seconds
[2025-06-11T11:29:39.811+0200] {processor.py:157} INFO - Started process (PID=69178) to work on /home/diego.rivero/practica_creativa/env/lib/python3.11/site-packages/airflow/example_dags/example_skip_dag.py
[2025-06-11T11:29:39.812+0200] {processor.py:829} INFO - Processing file /home/diego.rivero/practica_creativa/env/lib/python3.11/site-packages/airflow/example_dags/example_skip_dag.py for tasks to queue
[2025-06-11T11:29:39.813+0200] {logging_mixin.py:154} INFO - [2025-06-11T11:29:39.812+0200] {dagbag.py:536} INFO - Filling up the DagBag from /home/diego.rivero/practica_creativa/env/lib/python3.11/site-packages/airflow/example_dags/example_skip_dag.py
[2025-06-11T11:29:39.822+0200] {processor.py:839} INFO - DAG(s) dict_keys(['example_skip_dag']) retrieved from /home/diego.rivero/practica_creativa/env/lib/python3.11/site-packages/airflow/example_dags/example_skip_dag.py
[2025-06-11T11:29:39.850+0200] {logging_mixin.py:154} INFO - [2025-06-11T11:29:39.850+0200] {dag.py:2941} INFO - Sync 1 DAGs
[2025-06-11T11:29:39.878+0200] {logging_mixin.py:154} INFO - [2025-06-11T11:29:39.878+0200] {dag.py:3722} INFO - Setting next_dagrun for example_skip_dag to 2025-06-10T09:29:39.878184+00:00, run_after=2025-06-11T09:29:39.878184+00:00
[2025-06-11T11:29:39.932+0200] {processor.py:179} INFO - Processing /home/diego.rivero/practica_creativa/env/lib/python3.11/site-packages/airflow/example_dags/example_skip_dag.py took 0.125 seconds
[2025-06-11T11:30:32.006+0200] {processor.py:157} INFO - Started process (PID=69508) to work on /home/diego.rivero/practica_creativa/env/lib/python3.11/site-packages/airflow/example_dags/example_skip_dag.py
[2025-06-11T11:30:32.007+0200] {processor.py:829} INFO - Processing file /home/diego.rivero/practica_creativa/env/lib/python3.11/site-packages/airflow/example_dags/example_skip_dag.py for tasks to queue
[2025-06-11T11:30:32.008+0200] {logging_mixin.py:154} INFO - [2025-06-11T11:30:32.007+0200] {dagbag.py:536} INFO - Filling up the DagBag from /home/diego.rivero/practica_creativa/env/lib/python3.11/site-packages/airflow/example_dags/example_skip_dag.py
[2025-06-11T11:30:32.017+0200] {processor.py:839} INFO - DAG(s) dict_keys(['example_skip_dag']) retrieved from /home/diego.rivero/practica_creativa/env/lib/python3.11/site-packages/airflow/example_dags/example_skip_dag.py
[2025-06-11T11:30:32.043+0200] {logging_mixin.py:154} INFO - [2025-06-11T11:30:32.043+0200] {dag.py:2941} INFO - Sync 1 DAGs
[2025-06-11T11:30:32.070+0200] {logging_mixin.py:154} INFO - [2025-06-11T11:30:32.070+0200] {dag.py:3722} INFO - Setting next_dagrun for example_skip_dag to 2025-06-10T09:30:32.069847+00:00, run_after=2025-06-11T09:30:32.069847+00:00
[2025-06-11T11:30:32.122+0200] {processor.py:179} INFO - Processing /home/diego.rivero/practica_creativa/env/lib/python3.11/site-packages/airflow/example_dags/example_skip_dag.py took 0.121 seconds
[2025-06-11T11:31:25.545+0200] {processor.py:157} INFO - Started process (PID=69878) to work on /home/diego.rivero/practica_creativa/env/lib/python3.11/site-packages/airflow/example_dags/example_skip_dag.py
[2025-06-11T11:31:25.548+0200] {processor.py:829} INFO - Processing file /home/diego.rivero/practica_creativa/env/lib/python3.11/site-packages/airflow/example_dags/example_skip_dag.py for tasks to queue
[2025-06-11T11:31:25.550+0200] {logging_mixin.py:154} INFO - [2025-06-11T11:31:25.549+0200] {dagbag.py:536} INFO - Filling up the DagBag from /home/diego.rivero/practica_creativa/env/lib/python3.11/site-packages/airflow/example_dags/example_skip_dag.py
[2025-06-11T11:31:25.568+0200] {processor.py:839} INFO - DAG(s) dict_keys(['example_skip_dag']) retrieved from /home/diego.rivero/practica_creativa/env/lib/python3.11/site-packages/airflow/example_dags/example_skip_dag.py
[2025-06-11T11:31:25.601+0200] {logging_mixin.py:154} INFO - [2025-06-11T11:31:25.601+0200] {dag.py:2941} INFO - Sync 1 DAGs
[2025-06-11T11:31:25.632+0200] {logging_mixin.py:154} INFO - [2025-06-11T11:31:25.632+0200] {dag.py:3722} INFO - Setting next_dagrun for example_skip_dag to 2025-06-10T09:31:25.631772+00:00, run_after=2025-06-11T09:31:25.631772+00:00
[2025-06-11T11:31:25.692+0200] {processor.py:179} INFO - Processing /home/diego.rivero/practica_creativa/env/lib/python3.11/site-packages/airflow/example_dags/example_skip_dag.py took 0.157 seconds
[2025-06-11T11:32:15.472+0200] {processor.py:157} INFO - Started process (PID=70192) to work on /home/diego.rivero/practica_creativa/env/lib/python3.11/site-packages/airflow/example_dags/example_skip_dag.py
[2025-06-11T11:32:15.473+0200] {processor.py:829} INFO - Processing file /home/diego.rivero/practica_creativa/env/lib/python3.11/site-packages/airflow/example_dags/example_skip_dag.py for tasks to queue
[2025-06-11T11:32:15.475+0200] {logging_mixin.py:154} INFO - [2025-06-11T11:32:15.474+0200] {dagbag.py:536} INFO - Filling up the DagBag from /home/diego.rivero/practica_creativa/env/lib/python3.11/site-packages/airflow/example_dags/example_skip_dag.py
[2025-06-11T11:32:15.491+0200] {processor.py:839} INFO - DAG(s) dict_keys(['example_skip_dag']) retrieved from /home/diego.rivero/practica_creativa/env/lib/python3.11/site-packages/airflow/example_dags/example_skip_dag.py
[2025-06-11T11:32:15.526+0200] {logging_mixin.py:154} INFO - [2025-06-11T11:32:15.526+0200] {dag.py:2941} INFO - Sync 1 DAGs
[2025-06-11T11:32:15.553+0200] {logging_mixin.py:154} INFO - [2025-06-11T11:32:15.553+0200] {dag.py:3722} INFO - Setting next_dagrun for example_skip_dag to 2025-06-10T09:32:15.552758+00:00, run_after=2025-06-11T09:32:15.552758+00:00
[2025-06-11T11:32:15.611+0200] {processor.py:179} INFO - Processing /home/diego.rivero/practica_creativa/env/lib/python3.11/site-packages/airflow/example_dags/example_skip_dag.py took 0.145 seconds
[2025-06-11T11:33:08.155+0200] {processor.py:157} INFO - Started process (PID=70555) to work on /home/diego.rivero/practica_creativa/env/lib/python3.11/site-packages/airflow/example_dags/example_skip_dag.py
[2025-06-11T11:33:08.157+0200] {processor.py:829} INFO - Processing file /home/diego.rivero/practica_creativa/env/lib/python3.11/site-packages/airflow/example_dags/example_skip_dag.py for tasks to queue
[2025-06-11T11:33:08.158+0200] {logging_mixin.py:154} INFO - [2025-06-11T11:33:08.157+0200] {dagbag.py:536} INFO - Filling up the DagBag from /home/diego.rivero/practica_creativa/env/lib/python3.11/site-packages/airflow/example_dags/example_skip_dag.py
[2025-06-11T11:33:08.169+0200] {processor.py:839} INFO - DAG(s) dict_keys(['example_skip_dag']) retrieved from /home/diego.rivero/practica_creativa/env/lib/python3.11/site-packages/airflow/example_dags/example_skip_dag.py
[2025-06-11T11:33:08.198+0200] {logging_mixin.py:154} INFO - [2025-06-11T11:33:08.198+0200] {dag.py:2941} INFO - Sync 1 DAGs
[2025-06-11T11:33:08.225+0200] {logging_mixin.py:154} INFO - [2025-06-11T11:33:08.225+0200] {dag.py:3722} INFO - Setting next_dagrun for example_skip_dag to 2025-06-10T09:33:08.225120+00:00, run_after=2025-06-11T09:33:08.225120+00:00
[2025-06-11T11:33:08.281+0200] {processor.py:179} INFO - Processing /home/diego.rivero/practica_creativa/env/lib/python3.11/site-packages/airflow/example_dags/example_skip_dag.py took 0.130 seconds
[2025-06-11T11:34:02.186+0200] {processor.py:157} INFO - Started process (PID=70931) to work on /home/diego.rivero/practica_creativa/env/lib/python3.11/site-packages/airflow/example_dags/example_skip_dag.py
[2025-06-11T11:34:02.187+0200] {processor.py:829} INFO - Processing file /home/diego.rivero/practica_creativa/env/lib/python3.11/site-packages/airflow/example_dags/example_skip_dag.py for tasks to queue
[2025-06-11T11:34:02.188+0200] {logging_mixin.py:154} INFO - [2025-06-11T11:34:02.187+0200] {dagbag.py:536} INFO - Filling up the DagBag from /home/diego.rivero/practica_creativa/env/lib/python3.11/site-packages/airflow/example_dags/example_skip_dag.py
[2025-06-11T11:34:02.196+0200] {processor.py:839} INFO - DAG(s) dict_keys(['example_skip_dag']) retrieved from /home/diego.rivero/practica_creativa/env/lib/python3.11/site-packages/airflow/example_dags/example_skip_dag.py
[2025-06-11T11:34:02.225+0200] {logging_mixin.py:154} INFO - [2025-06-11T11:34:02.225+0200] {dag.py:2941} INFO - Sync 1 DAGs
[2025-06-11T11:34:02.253+0200] {logging_mixin.py:154} INFO - [2025-06-11T11:34:02.253+0200] {dag.py:3722} INFO - Setting next_dagrun for example_skip_dag to 2025-06-10T09:34:02.253534+00:00, run_after=2025-06-11T09:34:02.253534+00:00
[2025-06-11T11:34:02.312+0200] {processor.py:179} INFO - Processing /home/diego.rivero/practica_creativa/env/lib/python3.11/site-packages/airflow/example_dags/example_skip_dag.py took 0.129 seconds
[2025-06-11T11:34:50.064+0200] {processor.py:157} INFO - Started process (PID=71267) to work on /home/diego.rivero/practica_creativa/env/lib/python3.11/site-packages/airflow/example_dags/example_skip_dag.py
[2025-06-11T11:34:50.064+0200] {processor.py:829} INFO - Processing file /home/diego.rivero/practica_creativa/env/lib/python3.11/site-packages/airflow/example_dags/example_skip_dag.py for tasks to queue
[2025-06-11T11:34:50.065+0200] {logging_mixin.py:154} INFO - [2025-06-11T11:34:50.065+0200] {dagbag.py:536} INFO - Filling up the DagBag from /home/diego.rivero/practica_creativa/env/lib/python3.11/site-packages/airflow/example_dags/example_skip_dag.py
[2025-06-11T11:34:50.075+0200] {processor.py:839} INFO - DAG(s) dict_keys(['example_skip_dag']) retrieved from /home/diego.rivero/practica_creativa/env/lib/python3.11/site-packages/airflow/example_dags/example_skip_dag.py
[2025-06-11T11:34:50.107+0200] {logging_mixin.py:154} INFO - [2025-06-11T11:34:50.106+0200] {dag.py:2941} INFO - Sync 1 DAGs
[2025-06-11T11:34:50.135+0200] {logging_mixin.py:154} INFO - [2025-06-11T11:34:50.135+0200] {dag.py:3722} INFO - Setting next_dagrun for example_skip_dag to 2025-06-10T09:34:50.135330+00:00, run_after=2025-06-11T09:34:50.135330+00:00
[2025-06-11T11:34:50.191+0200] {processor.py:179} INFO - Processing /home/diego.rivero/practica_creativa/env/lib/python3.11/site-packages/airflow/example_dags/example_skip_dag.py took 0.131 seconds
[2025-06-11T11:35:43.550+0200] {processor.py:157} INFO - Started process (PID=71594) to work on /home/diego.rivero/practica_creativa/env/lib/python3.11/site-packages/airflow/example_dags/example_skip_dag.py
[2025-06-11T11:35:43.551+0200] {processor.py:829} INFO - Processing file /home/diego.rivero/practica_creativa/env/lib/python3.11/site-packages/airflow/example_dags/example_skip_dag.py for tasks to queue
[2025-06-11T11:35:43.551+0200] {logging_mixin.py:154} INFO - [2025-06-11T11:35:43.551+0200] {dagbag.py:536} INFO - Filling up the DagBag from /home/diego.rivero/practica_creativa/env/lib/python3.11/site-packages/airflow/example_dags/example_skip_dag.py
[2025-06-11T11:35:43.558+0200] {processor.py:839} INFO - DAG(s) dict_keys(['example_skip_dag']) retrieved from /home/diego.rivero/practica_creativa/env/lib/python3.11/site-packages/airflow/example_dags/example_skip_dag.py
[2025-06-11T11:35:43.582+0200] {logging_mixin.py:154} INFO - [2025-06-11T11:35:43.582+0200] {dag.py:2941} INFO - Sync 1 DAGs
[2025-06-11T11:35:43.609+0200] {logging_mixin.py:154} INFO - [2025-06-11T11:35:43.609+0200] {dag.py:3722} INFO - Setting next_dagrun for example_skip_dag to 2025-06-10T09:35:43.609504+00:00, run_after=2025-06-11T09:35:43.609504+00:00
[2025-06-11T11:35:43.714+0200] {processor.py:179} INFO - Processing /home/diego.rivero/practica_creativa/env/lib/python3.11/site-packages/airflow/example_dags/example_skip_dag.py took 0.166 seconds
[2025-06-11T11:36:36.980+0200] {processor.py:157} INFO - Started process (PID=71936) to work on /home/diego.rivero/practica_creativa/env/lib/python3.11/site-packages/airflow/example_dags/example_skip_dag.py
[2025-06-11T11:36:36.982+0200] {processor.py:829} INFO - Processing file /home/diego.rivero/practica_creativa/env/lib/python3.11/site-packages/airflow/example_dags/example_skip_dag.py for tasks to queue
[2025-06-11T11:36:36.983+0200] {logging_mixin.py:154} INFO - [2025-06-11T11:36:36.982+0200] {dagbag.py:536} INFO - Filling up the DagBag from /home/diego.rivero/practica_creativa/env/lib/python3.11/site-packages/airflow/example_dags/example_skip_dag.py
[2025-06-11T11:36:36.994+0200] {processor.py:839} INFO - DAG(s) dict_keys(['example_skip_dag']) retrieved from /home/diego.rivero/practica_creativa/env/lib/python3.11/site-packages/airflow/example_dags/example_skip_dag.py
[2025-06-11T11:36:37.021+0200] {logging_mixin.py:154} INFO - [2025-06-11T11:36:37.020+0200] {dag.py:2941} INFO - Sync 1 DAGs
[2025-06-11T11:36:37.047+0200] {logging_mixin.py:154} INFO - [2025-06-11T11:36:37.046+0200] {dag.py:3722} INFO - Setting next_dagrun for example_skip_dag to 2025-06-10T09:36:37.046649+00:00, run_after=2025-06-11T09:36:37.046649+00:00
[2025-06-11T11:36:37.099+0200] {processor.py:179} INFO - Processing /home/diego.rivero/practica_creativa/env/lib/python3.11/site-packages/airflow/example_dags/example_skip_dag.py took 0.125 seconds
