[2025-06-11T11:29:13.407+0200] {processor.py:157} INFO - Started process (PID=68973) to work on /home/diego.rivero/practica_creativa/env/lib/python3.11/site-packages/airflow/example_dags/example_branch_operator.py
[2025-06-11T11:29:13.409+0200] {processor.py:829} INFO - Processing file /home/diego.rivero/practica_creativa/env/lib/python3.11/site-packages/airflow/example_dags/example_branch_operator.py for tasks to queue
[2025-06-11T11:29:13.410+0200] {logging_mixin.py:154} INFO - [2025-06-11T11:29:13.409+0200] {dagbag.py:536} INFO - Filling up the DagBag from /home/diego.rivero/practica_creativa/env/lib/python3.11/site-packages/airflow/example_dags/example_branch_operator.py
[2025-06-11T11:29:13.421+0200] {processor.py:839} INFO - DAG(s) dict_keys(['example_branch_operator']) retrieved from /home/diego.rivero/practica_creativa/env/lib/python3.11/site-packages/airflow/example_dags/example_branch_operator.py
[2025-06-11T11:29:13.450+0200] {logging_mixin.py:154} INFO - [2025-06-11T11:29:13.449+0200] {dag.py:2941} INFO - Sync 1 DAGs
[2025-06-11T11:29:13.479+0200] {logging_mixin.py:154} INFO - [2025-06-11T11:29:13.479+0200] {dag.py:3722} INFO - Setting next_dagrun for example_branch_operator to 2025-06-10T00:00:00+00:00, run_after=2025-06-11T00:00:00+00:00
[2025-06-11T11:29:13.535+0200] {processor.py:179} INFO - Processing /home/diego.rivero/practica_creativa/env/lib/python3.11/site-packages/airflow/example_dags/example_branch_operator.py took 0.133 seconds
[2025-06-11T11:30:09.152+0200] {processor.py:157} INFO - Started process (PID=69354) to work on /home/diego.rivero/practica_creativa/env/lib/python3.11/site-packages/airflow/example_dags/example_branch_operator.py
[2025-06-11T11:30:09.153+0200] {processor.py:829} INFO - Processing file /home/diego.rivero/practica_creativa/env/lib/python3.11/site-packages/airflow/example_dags/example_branch_operator.py for tasks to queue
[2025-06-11T11:30:09.154+0200] {logging_mixin.py:154} INFO - [2025-06-11T11:30:09.153+0200] {dagbag.py:536} INFO - Filling up the DagBag from /home/diego.rivero/practica_creativa/env/lib/python3.11/site-packages/airflow/example_dags/example_branch_operator.py
[2025-06-11T11:30:09.164+0200] {processor.py:839} INFO - DAG(s) dict_keys(['example_branch_operator']) retrieved from /home/diego.rivero/practica_creativa/env/lib/python3.11/site-packages/airflow/example_dags/example_branch_operator.py
[2025-06-11T11:30:09.192+0200] {logging_mixin.py:154} INFO - [2025-06-11T11:30:09.191+0200] {dag.py:2941} INFO - Sync 1 DAGs
[2025-06-11T11:30:09.221+0200] {logging_mixin.py:154} INFO - [2025-06-11T11:30:09.221+0200] {dag.py:3722} INFO - Setting next_dagrun for example_branch_operator to 2025-06-10T00:00:00+00:00, run_after=2025-06-11T00:00:00+00:00
[2025-06-11T11:30:09.273+0200] {processor.py:179} INFO - Processing /home/diego.rivero/practica_creativa/env/lib/python3.11/site-packages/airflow/example_dags/example_branch_operator.py took 0.126 seconds
[2025-06-11T11:31:29.597+0200] {processor.py:157} INFO - Started process (PID=69897) to work on /home/diego.rivero/practica_creativa/env/lib/python3.11/site-packages/airflow/example_dags/example_branch_operator.py
[2025-06-11T11:31:29.599+0200] {processor.py:829} INFO - Processing file /home/diego.rivero/practica_creativa/env/lib/python3.11/site-packages/airflow/example_dags/example_branch_operator.py for tasks to queue
[2025-06-11T11:31:29.600+0200] {logging_mixin.py:154} INFO - [2025-06-11T11:31:29.600+0200] {dagbag.py:536} INFO - Filling up the DagBag from /home/diego.rivero/practica_creativa/env/lib/python3.11/site-packages/airflow/example_dags/example_branch_operator.py
[2025-06-11T11:31:29.615+0200] {processor.py:839} INFO - DAG(s) dict_keys(['example_branch_operator']) retrieved from /home/diego.rivero/practica_creativa/env/lib/python3.11/site-packages/airflow/example_dags/example_branch_operator.py
[2025-06-11T11:31:29.645+0200] {logging_mixin.py:154} INFO - [2025-06-11T11:31:29.645+0200] {dag.py:2941} INFO - Sync 1 DAGs
[2025-06-11T11:31:29.673+0200] {logging_mixin.py:154} INFO - [2025-06-11T11:31:29.673+0200] {dag.py:3722} INFO - Setting next_dagrun for example_branch_operator to 2025-06-10T00:00:00+00:00, run_after=2025-06-11T00:00:00+00:00
[2025-06-11T11:31:29.727+0200] {processor.py:179} INFO - Processing /home/diego.rivero/practica_creativa/env/lib/python3.11/site-packages/airflow/example_dags/example_branch_operator.py took 0.139 seconds
[2025-06-11T11:32:42.199+0200] {processor.py:157} INFO - Started process (PID=70387) to work on /home/diego.rivero/practica_creativa/env/lib/python3.11/site-packages/airflow/example_dags/example_branch_operator.py
[2025-06-11T11:32:42.201+0200] {processor.py:829} INFO - Processing file /home/diego.rivero/practica_creativa/env/lib/python3.11/site-packages/airflow/example_dags/example_branch_operator.py for tasks to queue
[2025-06-11T11:32:42.202+0200] {logging_mixin.py:154} INFO - [2025-06-11T11:32:42.201+0200] {dagbag.py:536} INFO - Filling up the DagBag from /home/diego.rivero/practica_creativa/env/lib/python3.11/site-packages/airflow/example_dags/example_branch_operator.py
[2025-06-11T11:32:42.216+0200] {processor.py:839} INFO - DAG(s) dict_keys(['example_branch_operator']) retrieved from /home/diego.rivero/practica_creativa/env/lib/python3.11/site-packages/airflow/example_dags/example_branch_operator.py
[2025-06-11T11:32:42.245+0200] {logging_mixin.py:154} INFO - [2025-06-11T11:32:42.244+0200] {dag.py:2941} INFO - Sync 1 DAGs
[2025-06-11T11:32:42.273+0200] {logging_mixin.py:154} INFO - [2025-06-11T11:32:42.273+0200] {dag.py:3722} INFO - Setting next_dagrun for example_branch_operator to 2025-06-10T00:00:00+00:00, run_after=2025-06-11T00:00:00+00:00
[2025-06-11T11:32:42.327+0200] {processor.py:179} INFO - Processing /home/diego.rivero/practica_creativa/env/lib/python3.11/site-packages/airflow/example_dags/example_branch_operator.py took 0.132 seconds
[2025-06-11T11:33:54.247+0200] {processor.py:157} INFO - Started process (PID=70891) to work on /home/diego.rivero/practica_creativa/env/lib/python3.11/site-packages/airflow/example_dags/example_branch_operator.py
[2025-06-11T11:33:54.249+0200] {processor.py:829} INFO - Processing file /home/diego.rivero/practica_creativa/env/lib/python3.11/site-packages/airflow/example_dags/example_branch_operator.py for tasks to queue
[2025-06-11T11:33:54.252+0200] {logging_mixin.py:154} INFO - [2025-06-11T11:33:54.250+0200] {dagbag.py:536} INFO - Filling up the DagBag from /home/diego.rivero/practica_creativa/env/lib/python3.11/site-packages/airflow/example_dags/example_branch_operator.py
[2025-06-11T11:33:54.286+0200] {processor.py:839} INFO - DAG(s) dict_keys(['example_branch_operator']) retrieved from /home/diego.rivero/practica_creativa/env/lib/python3.11/site-packages/airflow/example_dags/example_branch_operator.py
[2025-06-11T11:33:54.379+0200] {logging_mixin.py:154} INFO - [2025-06-11T11:33:54.379+0200] {dag.py:2941} INFO - Sync 1 DAGs
[2025-06-11T11:33:54.419+0200] {logging_mixin.py:154} INFO - [2025-06-11T11:33:54.419+0200] {dag.py:3722} INFO - Setting next_dagrun for example_branch_operator to 2025-06-10T00:00:00+00:00, run_after=2025-06-11T00:00:00+00:00
[2025-06-11T11:33:54.486+0200] {processor.py:179} INFO - Processing /home/diego.rivero/practica_creativa/env/lib/python3.11/site-packages/airflow/example_dags/example_branch_operator.py took 0.249 seconds
[2025-06-11T11:35:07.598+0200] {processor.py:157} INFO - Started process (PID=71350) to work on /home/diego.rivero/practica_creativa/env/lib/python3.11/site-packages/airflow/example_dags/example_branch_operator.py
[2025-06-11T11:35:07.600+0200] {processor.py:829} INFO - Processing file /home/diego.rivero/practica_creativa/env/lib/python3.11/site-packages/airflow/example_dags/example_branch_operator.py for tasks to queue
[2025-06-11T11:35:07.602+0200] {logging_mixin.py:154} INFO - [2025-06-11T11:35:07.601+0200] {dagbag.py:536} INFO - Filling up the DagBag from /home/diego.rivero/practica_creativa/env/lib/python3.11/site-packages/airflow/example_dags/example_branch_operator.py
[2025-06-11T11:35:07.620+0200] {processor.py:839} INFO - DAG(s) dict_keys(['example_branch_operator']) retrieved from /home/diego.rivero/practica_creativa/env/lib/python3.11/site-packages/airflow/example_dags/example_branch_operator.py
[2025-06-11T11:35:07.664+0200] {logging_mixin.py:154} INFO - [2025-06-11T11:35:07.664+0200] {dag.py:2941} INFO - Sync 1 DAGs
[2025-06-11T11:35:07.700+0200] {logging_mixin.py:154} INFO - [2025-06-11T11:35:07.699+0200] {dag.py:3722} INFO - Setting next_dagrun for example_branch_operator to 2025-06-10T00:00:00+00:00, run_after=2025-06-11T00:00:00+00:00
[2025-06-11T11:35:07.761+0200] {processor.py:179} INFO - Processing /home/diego.rivero/practica_creativa/env/lib/python3.11/site-packages/airflow/example_dags/example_branch_operator.py took 0.173 seconds
[2025-06-11T11:36:04.865+0200] {processor.py:157} INFO - Started process (PID=71745) to work on /home/diego.rivero/practica_creativa/env/lib/python3.11/site-packages/airflow/example_dags/example_branch_operator.py
[2025-06-11T11:36:04.867+0200] {processor.py:829} INFO - Processing file /home/diego.rivero/practica_creativa/env/lib/python3.11/site-packages/airflow/example_dags/example_branch_operator.py for tasks to queue
[2025-06-11T11:36:04.870+0200] {logging_mixin.py:154} INFO - [2025-06-11T11:36:04.868+0200] {dagbag.py:536} INFO - Filling up the DagBag from /home/diego.rivero/practica_creativa/env/lib/python3.11/site-packages/airflow/example_dags/example_branch_operator.py
[2025-06-11T11:36:04.894+0200] {processor.py:839} INFO - DAG(s) dict_keys(['example_branch_operator']) retrieved from /home/diego.rivero/practica_creativa/env/lib/python3.11/site-packages/airflow/example_dags/example_branch_operator.py
[2025-06-11T11:36:04.926+0200] {logging_mixin.py:154} INFO - [2025-06-11T11:36:04.925+0200] {dag.py:2941} INFO - Sync 1 DAGs
[2025-06-11T11:36:04.956+0200] {logging_mixin.py:154} INFO - [2025-06-11T11:36:04.955+0200] {dag.py:3722} INFO - Setting next_dagrun for example_branch_operator to 2025-06-10T00:00:00+00:00, run_after=2025-06-11T00:00:00+00:00
[2025-06-11T11:36:05.010+0200] {processor.py:179} INFO - Processing /home/diego.rivero/practica_creativa/env/lib/python3.11/site-packages/airflow/example_dags/example_branch_operator.py took 0.154 seconds
