[2025-06-11T11:29:15.871+0200] {processor.py:157} INFO - Started process (PID=69009) to work on /home/diego.rivero/practica_creativa/env/lib/python3.11/site-packages/airflow/example_dags/example_branch_day_of_week_operator.py
[2025-06-11T11:29:15.873+0200] {processor.py:829} INFO - Processing file /home/diego.rivero/practica_creativa/env/lib/python3.11/site-packages/airflow/example_dags/example_branch_day_of_week_operator.py for tasks to queue
[2025-06-11T11:29:15.875+0200] {logging_mixin.py:154} INFO - [2025-06-11T11:29:15.874+0200] {dagbag.py:536} INFO - Filling up the DagBag from /home/diego.rivero/practica_creativa/env/lib/python3.11/site-packages/airflow/example_dags/example_branch_day_of_week_operator.py
[2025-06-11T11:29:15.890+0200] {processor.py:839} INFO - DAG(s) dict_keys(['example_weekday_branch_operator']) retrieved from /home/diego.rivero/practica_creativa/env/lib/python3.11/site-packages/airflow/example_dags/example_branch_day_of_week_operator.py
[2025-06-11T11:29:15.921+0200] {logging_mixin.py:154} INFO - [2025-06-11T11:29:15.921+0200] {dag.py:2941} INFO - Sync 1 DAGs
[2025-06-11T11:29:15.949+0200] {logging_mixin.py:154} INFO - [2025-06-11T11:29:15.949+0200] {dag.py:3722} INFO - Setting next_dagrun for example_weekday_branch_operator to 2025-06-10T00:00:00+00:00, run_after=2025-06-11T00:00:00+00:00
[2025-06-11T11:29:16.004+0200] {processor.py:179} INFO - Processing /home/diego.rivero/practica_creativa/env/lib/python3.11/site-packages/airflow/example_dags/example_branch_day_of_week_operator.py took 0.139 seconds
[2025-06-11T11:30:34.659+0200] {processor.py:157} INFO - Started process (PID=69521) to work on /home/diego.rivero/practica_creativa/env/lib/python3.11/site-packages/airflow/example_dags/example_branch_day_of_week_operator.py
[2025-06-11T11:30:34.661+0200] {processor.py:829} INFO - Processing file /home/diego.rivero/practica_creativa/env/lib/python3.11/site-packages/airflow/example_dags/example_branch_day_of_week_operator.py for tasks to queue
[2025-06-11T11:30:34.662+0200] {logging_mixin.py:154} INFO - [2025-06-11T11:30:34.662+0200] {dagbag.py:536} INFO - Filling up the DagBag from /home/diego.rivero/practica_creativa/env/lib/python3.11/site-packages/airflow/example_dags/example_branch_day_of_week_operator.py
[2025-06-11T11:30:34.673+0200] {processor.py:839} INFO - DAG(s) dict_keys(['example_weekday_branch_operator']) retrieved from /home/diego.rivero/practica_creativa/env/lib/python3.11/site-packages/airflow/example_dags/example_branch_day_of_week_operator.py
[2025-06-11T11:30:34.700+0200] {logging_mixin.py:154} INFO - [2025-06-11T11:30:34.699+0200] {dag.py:2941} INFO - Sync 1 DAGs
[2025-06-11T11:30:34.727+0200] {logging_mixin.py:154} INFO - [2025-06-11T11:30:34.727+0200] {dag.py:3722} INFO - Setting next_dagrun for example_weekday_branch_operator to 2025-06-10T00:00:00+00:00, run_after=2025-06-11T00:00:00+00:00
[2025-06-11T11:30:34.780+0200] {processor.py:179} INFO - Processing /home/diego.rivero/practica_creativa/env/lib/python3.11/site-packages/airflow/example_dags/example_branch_day_of_week_operator.py took 0.127 seconds
[2025-06-11T11:32:44.849+0200] {processor.py:157} INFO - Started process (PID=70404) to work on /home/diego.rivero/practica_creativa/env/lib/python3.11/site-packages/airflow/example_dags/example_branch_day_of_week_operator.py
[2025-06-11T11:32:44.850+0200] {processor.py:829} INFO - Processing file /home/diego.rivero/practica_creativa/env/lib/python3.11/site-packages/airflow/example_dags/example_branch_day_of_week_operator.py for tasks to queue
[2025-06-11T11:32:44.851+0200] {logging_mixin.py:154} INFO - [2025-06-11T11:32:44.850+0200] {dagbag.py:536} INFO - Filling up the DagBag from /home/diego.rivero/practica_creativa/env/lib/python3.11/site-packages/airflow/example_dags/example_branch_day_of_week_operator.py
[2025-06-11T11:32:44.862+0200] {processor.py:839} INFO - DAG(s) dict_keys(['example_weekday_branch_operator']) retrieved from /home/diego.rivero/practica_creativa/env/lib/python3.11/site-packages/airflow/example_dags/example_branch_day_of_week_operator.py
[2025-06-11T11:32:44.889+0200] {logging_mixin.py:154} INFO - [2025-06-11T11:32:44.889+0200] {dag.py:2941} INFO - Sync 1 DAGs
[2025-06-11T11:32:44.916+0200] {logging_mixin.py:154} INFO - [2025-06-11T11:32:44.916+0200] {dag.py:3722} INFO - Setting next_dagrun for example_weekday_branch_operator to 2025-06-10T00:00:00+00:00, run_after=2025-06-11T00:00:00+00:00
[2025-06-11T11:32:44.971+0200] {processor.py:179} INFO - Processing /home/diego.rivero/practica_creativa/env/lib/python3.11/site-packages/airflow/example_dags/example_branch_day_of_week_operator.py took 0.126 seconds
[2025-06-11T11:33:56.422+0200] {processor.py:157} INFO - Started process (PID=70902) to work on /home/diego.rivero/practica_creativa/env/lib/python3.11/site-packages/airflow/example_dags/example_branch_day_of_week_operator.py
[2025-06-11T11:33:56.423+0200] {processor.py:829} INFO - Processing file /home/diego.rivero/practica_creativa/env/lib/python3.11/site-packages/airflow/example_dags/example_branch_day_of_week_operator.py for tasks to queue
[2025-06-11T11:33:56.424+0200] {logging_mixin.py:154} INFO - [2025-06-11T11:33:56.424+0200] {dagbag.py:536} INFO - Filling up the DagBag from /home/diego.rivero/practica_creativa/env/lib/python3.11/site-packages/airflow/example_dags/example_branch_day_of_week_operator.py
[2025-06-11T11:33:56.433+0200] {processor.py:839} INFO - DAG(s) dict_keys(['example_weekday_branch_operator']) retrieved from /home/diego.rivero/practica_creativa/env/lib/python3.11/site-packages/airflow/example_dags/example_branch_day_of_week_operator.py
[2025-06-11T11:33:56.460+0200] {logging_mixin.py:154} INFO - [2025-06-11T11:33:56.460+0200] {dag.py:2941} INFO - Sync 1 DAGs
[2025-06-11T11:33:56.488+0200] {logging_mixin.py:154} INFO - [2025-06-11T11:33:56.488+0200] {dag.py:3722} INFO - Setting next_dagrun for example_weekday_branch_operator to 2025-06-10T00:00:00+00:00, run_after=2025-06-11T00:00:00+00:00
[2025-06-11T11:33:56.540+0200] {processor.py:179} INFO - Processing /home/diego.rivero/practica_creativa/env/lib/python3.11/site-packages/airflow/example_dags/example_branch_day_of_week_operator.py took 0.121 seconds
[2025-06-11T11:35:10.239+0200] {processor.py:157} INFO - Started process (PID=71365) to work on /home/diego.rivero/practica_creativa/env/lib/python3.11/site-packages/airflow/example_dags/example_branch_day_of_week_operator.py
[2025-06-11T11:35:10.241+0200] {processor.py:829} INFO - Processing file /home/diego.rivero/practica_creativa/env/lib/python3.11/site-packages/airflow/example_dags/example_branch_day_of_week_operator.py for tasks to queue
[2025-06-11T11:35:10.244+0200] {logging_mixin.py:154} INFO - [2025-06-11T11:35:10.243+0200] {dagbag.py:536} INFO - Filling up the DagBag from /home/diego.rivero/practica_creativa/env/lib/python3.11/site-packages/airflow/example_dags/example_branch_day_of_week_operator.py
[2025-06-11T11:35:10.266+0200] {processor.py:839} INFO - DAG(s) dict_keys(['example_weekday_branch_operator']) retrieved from /home/diego.rivero/practica_creativa/env/lib/python3.11/site-packages/airflow/example_dags/example_branch_day_of_week_operator.py
[2025-06-11T11:35:10.301+0200] {logging_mixin.py:154} INFO - [2025-06-11T11:35:10.300+0200] {dag.py:2941} INFO - Sync 1 DAGs
[2025-06-11T11:35:10.342+0200] {logging_mixin.py:154} INFO - [2025-06-11T11:35:10.342+0200] {dag.py:3722} INFO - Setting next_dagrun for example_weekday_branch_operator to 2025-06-10T00:00:00+00:00, run_after=2025-06-11T00:00:00+00:00
[2025-06-11T11:35:10.461+0200] {processor.py:179} INFO - Processing /home/diego.rivero/practica_creativa/env/lib/python3.11/site-packages/airflow/example_dags/example_branch_day_of_week_operator.py took 0.232 seconds
[2025-06-11T11:36:07.640+0200] {processor.py:157} INFO - Started process (PID=71758) to work on /home/diego.rivero/practica_creativa/env/lib/python3.11/site-packages/airflow/example_dags/example_branch_day_of_week_operator.py
[2025-06-11T11:36:07.643+0200] {processor.py:829} INFO - Processing file /home/diego.rivero/practica_creativa/env/lib/python3.11/site-packages/airflow/example_dags/example_branch_day_of_week_operator.py for tasks to queue
[2025-06-11T11:36:07.645+0200] {logging_mixin.py:154} INFO - [2025-06-11T11:36:07.644+0200] {dagbag.py:536} INFO - Filling up the DagBag from /home/diego.rivero/practica_creativa/env/lib/python3.11/site-packages/airflow/example_dags/example_branch_day_of_week_operator.py
[2025-06-11T11:36:07.671+0200] {processor.py:839} INFO - DAG(s) dict_keys(['example_weekday_branch_operator']) retrieved from /home/diego.rivero/practica_creativa/env/lib/python3.11/site-packages/airflow/example_dags/example_branch_day_of_week_operator.py
[2025-06-11T11:36:07.713+0200] {logging_mixin.py:154} INFO - [2025-06-11T11:36:07.713+0200] {dag.py:2941} INFO - Sync 1 DAGs
[2025-06-11T11:36:07.740+0200] {logging_mixin.py:154} INFO - [2025-06-11T11:36:07.740+0200] {dag.py:3722} INFO - Setting next_dagrun for example_weekday_branch_operator to 2025-06-10T00:00:00+00:00, run_after=2025-06-11T00:00:00+00:00
[2025-06-11T11:36:07.793+0200] {processor.py:179} INFO - Processing /home/diego.rivero/practica_creativa/env/lib/python3.11/site-packages/airflow/example_dags/example_branch_day_of_week_operator.py took 0.162 seconds
