[2025-06-11T11:29:10.706+0200] {processor.py:157} INFO - Started process (PID=68961) to work on /home/diego.rivero/practica_creativa/env/lib/python3.11/site-packages/airflow/example_dags/example_branch_python_dop_operator_3.py
[2025-06-11T11:29:10.706+0200] {processor.py:829} INFO - Processing file /home/diego.rivero/practica_creativa/env/lib/python3.11/site-packages/airflow/example_dags/example_branch_python_dop_operator_3.py for tasks to queue
[2025-06-11T11:29:10.707+0200] {logging_mixin.py:154} INFO - [2025-06-11T11:29:10.707+0200] {dagbag.py:536} INFO - Filling up the DagBag from /home/diego.rivero/practica_creativa/env/lib/python3.11/site-packages/airflow/example_dags/example_branch_python_dop_operator_3.py
[2025-06-11T11:29:10.716+0200] {processor.py:839} INFO - DAG(s) dict_keys(['example_branch_dop_operator_v3']) retrieved from /home/diego.rivero/practica_creativa/env/lib/python3.11/site-packages/airflow/example_dags/example_branch_python_dop_operator_3.py
[2025-06-11T11:29:10.744+0200] {logging_mixin.py:154} INFO - [2025-06-11T11:29:10.743+0200] {dag.py:2941} INFO - Sync 1 DAGs
[2025-06-11T11:29:10.773+0200] {logging_mixin.py:154} INFO - [2025-06-11T11:29:10.773+0200] {dag.py:3722} INFO - Setting next_dagrun for example_branch_dop_operator_v3 to 2025-06-11T09:28:00+00:00, run_after=2025-06-11T09:29:00+00:00
[2025-06-11T11:29:10.831+0200] {processor.py:179} INFO - Processing /home/diego.rivero/practica_creativa/env/lib/python3.11/site-packages/airflow/example_dags/example_branch_python_dop_operator_3.py took 0.129 seconds
[2025-06-11T11:30:06.654+0200] {processor.py:157} INFO - Started process (PID=69344) to work on /home/diego.rivero/practica_creativa/env/lib/python3.11/site-packages/airflow/example_dags/example_branch_python_dop_operator_3.py
[2025-06-11T11:30:06.655+0200] {processor.py:829} INFO - Processing file /home/diego.rivero/practica_creativa/env/lib/python3.11/site-packages/airflow/example_dags/example_branch_python_dop_operator_3.py for tasks to queue
[2025-06-11T11:30:06.656+0200] {logging_mixin.py:154} INFO - [2025-06-11T11:30:06.656+0200] {dagbag.py:536} INFO - Filling up the DagBag from /home/diego.rivero/practica_creativa/env/lib/python3.11/site-packages/airflow/example_dags/example_branch_python_dop_operator_3.py
[2025-06-11T11:30:06.666+0200] {processor.py:839} INFO - DAG(s) dict_keys(['example_branch_dop_operator_v3']) retrieved from /home/diego.rivero/practica_creativa/env/lib/python3.11/site-packages/airflow/example_dags/example_branch_python_dop_operator_3.py
[2025-06-11T11:30:06.692+0200] {logging_mixin.py:154} INFO - [2025-06-11T11:30:06.692+0200] {dag.py:2941} INFO - Sync 1 DAGs
[2025-06-11T11:30:06.724+0200] {logging_mixin.py:154} INFO - [2025-06-11T11:30:06.724+0200] {dag.py:3722} INFO - Setting next_dagrun for example_branch_dop_operator_v3 to 2025-06-11T09:29:00+00:00, run_after=2025-06-11T09:30:00+00:00
[2025-06-11T11:30:06.780+0200] {processor.py:179} INFO - Processing /home/diego.rivero/practica_creativa/env/lib/python3.11/site-packages/airflow/example_dags/example_branch_python_dop_operator_3.py took 0.132 seconds
[2025-06-11T11:31:02.731+0200] {processor.py:157} INFO - Started process (PID=69724) to work on /home/diego.rivero/practica_creativa/env/lib/python3.11/site-packages/airflow/example_dags/example_branch_python_dop_operator_3.py
[2025-06-11T11:31:02.732+0200] {processor.py:829} INFO - Processing file /home/diego.rivero/practica_creativa/env/lib/python3.11/site-packages/airflow/example_dags/example_branch_python_dop_operator_3.py for tasks to queue
[2025-06-11T11:31:02.732+0200] {logging_mixin.py:154} INFO - [2025-06-11T11:31:02.732+0200] {dagbag.py:536} INFO - Filling up the DagBag from /home/diego.rivero/practica_creativa/env/lib/python3.11/site-packages/airflow/example_dags/example_branch_python_dop_operator_3.py
[2025-06-11T11:31:02.740+0200] {processor.py:839} INFO - DAG(s) dict_keys(['example_branch_dop_operator_v3']) retrieved from /home/diego.rivero/practica_creativa/env/lib/python3.11/site-packages/airflow/example_dags/example_branch_python_dop_operator_3.py
[2025-06-11T11:31:02.766+0200] {logging_mixin.py:154} INFO - [2025-06-11T11:31:02.766+0200] {dag.py:2941} INFO - Sync 1 DAGs
[2025-06-11T11:31:02.797+0200] {logging_mixin.py:154} INFO - [2025-06-11T11:31:02.797+0200] {dag.py:3722} INFO - Setting next_dagrun for example_branch_dop_operator_v3 to 2025-06-11T09:30:00+00:00, run_after=2025-06-11T09:31:00+00:00
[2025-06-11T11:31:02.852+0200] {processor.py:179} INFO - Processing /home/diego.rivero/practica_creativa/env/lib/python3.11/site-packages/airflow/example_dags/example_branch_python_dop_operator_3.py took 0.124 seconds
[2025-06-11T11:32:40.286+0200] {processor.py:157} INFO - Started process (PID=70379) to work on /home/diego.rivero/practica_creativa/env/lib/python3.11/site-packages/airflow/example_dags/example_branch_python_dop_operator_3.py
[2025-06-11T11:32:40.288+0200] {processor.py:829} INFO - Processing file /home/diego.rivero/practica_creativa/env/lib/python3.11/site-packages/airflow/example_dags/example_branch_python_dop_operator_3.py for tasks to queue
[2025-06-11T11:32:40.289+0200] {logging_mixin.py:154} INFO - [2025-06-11T11:32:40.288+0200] {dagbag.py:536} INFO - Filling up the DagBag from /home/diego.rivero/practica_creativa/env/lib/python3.11/site-packages/airflow/example_dags/example_branch_python_dop_operator_3.py
[2025-06-11T11:32:40.303+0200] {processor.py:839} INFO - DAG(s) dict_keys(['example_branch_dop_operator_v3']) retrieved from /home/diego.rivero/practica_creativa/env/lib/python3.11/site-packages/airflow/example_dags/example_branch_python_dop_operator_3.py
[2025-06-11T11:32:40.332+0200] {logging_mixin.py:154} INFO - [2025-06-11T11:32:40.332+0200] {dag.py:2941} INFO - Sync 1 DAGs
[2025-06-11T11:32:40.361+0200] {logging_mixin.py:154} INFO - [2025-06-11T11:32:40.361+0200] {dag.py:3722} INFO - Setting next_dagrun for example_branch_dop_operator_v3 to 2025-06-11T09:31:00+00:00, run_after=2025-06-11T09:32:00+00:00
[2025-06-11T11:32:40.444+0200] {processor.py:179} INFO - Processing /home/diego.rivero/practica_creativa/env/lib/python3.11/site-packages/airflow/example_dags/example_branch_python_dop_operator_3.py took 0.163 seconds
[2025-06-11T11:33:34.462+0200] {processor.py:157} INFO - Started process (PID=70724) to work on /home/diego.rivero/practica_creativa/env/lib/python3.11/site-packages/airflow/example_dags/example_branch_python_dop_operator_3.py
[2025-06-11T11:33:34.464+0200] {processor.py:829} INFO - Processing file /home/diego.rivero/practica_creativa/env/lib/python3.11/site-packages/airflow/example_dags/example_branch_python_dop_operator_3.py for tasks to queue
[2025-06-11T11:33:34.464+0200] {logging_mixin.py:154} INFO - [2025-06-11T11:33:34.464+0200] {dagbag.py:536} INFO - Filling up the DagBag from /home/diego.rivero/practica_creativa/env/lib/python3.11/site-packages/airflow/example_dags/example_branch_python_dop_operator_3.py
[2025-06-11T11:33:34.473+0200] {processor.py:839} INFO - DAG(s) dict_keys(['example_branch_dop_operator_v3']) retrieved from /home/diego.rivero/practica_creativa/env/lib/python3.11/site-packages/airflow/example_dags/example_branch_python_dop_operator_3.py
[2025-06-11T11:33:34.508+0200] {logging_mixin.py:154} INFO - [2025-06-11T11:33:34.507+0200] {dag.py:2941} INFO - Sync 1 DAGs
[2025-06-11T11:33:34.540+0200] {logging_mixin.py:154} INFO - [2025-06-11T11:33:34.540+0200] {dag.py:3722} INFO - Setting next_dagrun for example_branch_dop_operator_v3 to 2025-06-11T09:32:00+00:00, run_after=2025-06-11T09:33:00+00:00
[2025-06-11T11:33:34.599+0200] {processor.py:179} INFO - Processing /home/diego.rivero/practica_creativa/env/lib/python3.11/site-packages/airflow/example_dags/example_branch_python_dop_operator_3.py took 0.141 seconds
[2025-06-11T11:34:46.115+0200] {processor.py:157} INFO - Started process (PID=71210) to work on /home/diego.rivero/practica_creativa/env/lib/python3.11/site-packages/airflow/example_dags/example_branch_python_dop_operator_3.py
[2025-06-11T11:34:46.117+0200] {processor.py:829} INFO - Processing file /home/diego.rivero/practica_creativa/env/lib/python3.11/site-packages/airflow/example_dags/example_branch_python_dop_operator_3.py for tasks to queue
[2025-06-11T11:34:46.128+0200] {logging_mixin.py:154} INFO - [2025-06-11T11:34:46.126+0200] {dagbag.py:536} INFO - Filling up the DagBag from /home/diego.rivero/practica_creativa/env/lib/python3.11/site-packages/airflow/example_dags/example_branch_python_dop_operator_3.py
[2025-06-11T11:34:46.170+0200] {processor.py:839} INFO - DAG(s) dict_keys(['example_branch_dop_operator_v3']) retrieved from /home/diego.rivero/practica_creativa/env/lib/python3.11/site-packages/airflow/example_dags/example_branch_python_dop_operator_3.py
[2025-06-11T11:34:46.233+0200] {logging_mixin.py:154} INFO - [2025-06-11T11:34:46.233+0200] {dag.py:2941} INFO - Sync 1 DAGs
[2025-06-11T11:34:46.300+0200] {logging_mixin.py:154} INFO - [2025-06-11T11:34:46.299+0200] {dag.py:3722} INFO - Setting next_dagrun for example_branch_dop_operator_v3 to 2025-06-11T09:33:00+00:00, run_after=2025-06-11T09:34:00+00:00
[2025-06-11T11:34:46.362+0200] {processor.py:179} INFO - Processing /home/diego.rivero/practica_creativa/env/lib/python3.11/site-packages/airflow/example_dags/example_branch_python_dop_operator_3.py took 0.269 seconds
[2025-06-11T11:36:02.109+0200] {processor.py:157} INFO - Started process (PID=71729) to work on /home/diego.rivero/practica_creativa/env/lib/python3.11/site-packages/airflow/example_dags/example_branch_python_dop_operator_3.py
[2025-06-11T11:36:02.112+0200] {processor.py:829} INFO - Processing file /home/diego.rivero/practica_creativa/env/lib/python3.11/site-packages/airflow/example_dags/example_branch_python_dop_operator_3.py for tasks to queue
[2025-06-11T11:36:02.114+0200] {logging_mixin.py:154} INFO - [2025-06-11T11:36:02.113+0200] {dagbag.py:536} INFO - Filling up the DagBag from /home/diego.rivero/practica_creativa/env/lib/python3.11/site-packages/airflow/example_dags/example_branch_python_dop_operator_3.py
[2025-06-11T11:36:02.151+0200] {processor.py:839} INFO - DAG(s) dict_keys(['example_branch_dop_operator_v3']) retrieved from /home/diego.rivero/practica_creativa/env/lib/python3.11/site-packages/airflow/example_dags/example_branch_python_dop_operator_3.py
[2025-06-11T11:36:02.194+0200] {logging_mixin.py:154} INFO - [2025-06-11T11:36:02.193+0200] {dag.py:2941} INFO - Sync 1 DAGs
[2025-06-11T11:36:02.236+0200] {logging_mixin.py:154} INFO - [2025-06-11T11:36:02.235+0200] {dag.py:3722} INFO - Setting next_dagrun for example_branch_dop_operator_v3 to 2025-06-11T09:35:00+00:00, run_after=2025-06-11T09:36:00+00:00
[2025-06-11T11:36:02.296+0200] {processor.py:179} INFO - Processing /home/diego.rivero/practica_creativa/env/lib/python3.11/site-packages/airflow/example_dags/example_branch_python_dop_operator_3.py took 0.196 seconds
[2025-06-11T11:36:58.316+0200] {processor.py:157} INFO - Started process (PID=72113) to work on /home/diego.rivero/practica_creativa/env/lib/python3.11/site-packages/airflow/example_dags/example_branch_python_dop_operator_3.py
[2025-06-11T11:36:58.317+0200] {processor.py:829} INFO - Processing file /home/diego.rivero/practica_creativa/env/lib/python3.11/site-packages/airflow/example_dags/example_branch_python_dop_operator_3.py for tasks to queue
[2025-06-11T11:36:58.318+0200] {logging_mixin.py:154} INFO - [2025-06-11T11:36:58.317+0200] {dagbag.py:536} INFO - Filling up the DagBag from /home/diego.rivero/practica_creativa/env/lib/python3.11/site-packages/airflow/example_dags/example_branch_python_dop_operator_3.py
[2025-06-11T11:36:58.328+0200] {processor.py:839} INFO - DAG(s) dict_keys(['example_branch_dop_operator_v3']) retrieved from /home/diego.rivero/practica_creativa/env/lib/python3.11/site-packages/airflow/example_dags/example_branch_python_dop_operator_3.py
[2025-06-11T11:36:58.355+0200] {logging_mixin.py:154} INFO - [2025-06-11T11:36:58.355+0200] {dag.py:2941} INFO - Sync 1 DAGs
[2025-06-11T11:36:58.386+0200] {logging_mixin.py:154} INFO - [2025-06-11T11:36:58.386+0200] {dag.py:3722} INFO - Setting next_dagrun for example_branch_dop_operator_v3 to 2025-06-11T09:35:00+00:00, run_after=2025-06-11T09:36:00+00:00
[2025-06-11T11:36:58.438+0200] {processor.py:179} INFO - Processing /home/diego.rivero/practica_creativa/env/lib/python3.11/site-packages/airflow/example_dags/example_branch_python_dop_operator_3.py took 0.127 seconds
