[2025-06-11T11:29:14.536+0200] {processor.py:157} INFO - Started process (PID=68981) to work on /home/diego.rivero/practica_creativa/env/lib/python3.11/site-packages/airflow/example_dags/example_branch_labels.py
[2025-06-11T11:29:14.537+0200] {processor.py:829} INFO - Processing file /home/diego.rivero/practica_creativa/env/lib/python3.11/site-packages/airflow/example_dags/example_branch_labels.py for tasks to queue
[2025-06-11T11:29:14.539+0200] {logging_mixin.py:154} INFO - [2025-06-11T11:29:14.538+0200] {dagbag.py:536} INFO - Filling up the DagBag from /home/diego.rivero/practica_creativa/env/lib/python3.11/site-packages/airflow/example_dags/example_branch_labels.py
[2025-06-11T11:29:14.551+0200] {processor.py:839} INFO - DAG(s) dict_keys(['example_branch_labels']) retrieved from /home/diego.rivero/practica_creativa/env/lib/python3.11/site-packages/airflow/example_dags/example_branch_labels.py
[2025-06-11T11:29:14.578+0200] {logging_mixin.py:154} INFO - [2025-06-11T11:29:14.578+0200] {dag.py:2941} INFO - Sync 1 DAGs
[2025-06-11T11:29:14.608+0200] {logging_mixin.py:154} INFO - [2025-06-11T11:29:14.608+0200] {dag.py:3722} INFO - Setting next_dagrun for example_branch_labels to 2025-06-10T00:00:00+00:00, run_after=2025-06-11T00:00:00+00:00
[2025-06-11T11:29:14.664+0200] {processor.py:179} INFO - Processing /home/diego.rivero/practica_creativa/env/lib/python3.11/site-packages/airflow/example_dags/example_branch_labels.py took 0.137 seconds
[2025-06-11T11:30:10.518+0200] {processor.py:157} INFO - Started process (PID=69369) to work on /home/diego.rivero/practica_creativa/env/lib/python3.11/site-packages/airflow/example_dags/example_branch_labels.py
[2025-06-11T11:30:10.519+0200] {processor.py:829} INFO - Processing file /home/diego.rivero/practica_creativa/env/lib/python3.11/site-packages/airflow/example_dags/example_branch_labels.py for tasks to queue
[2025-06-11T11:30:10.520+0200] {logging_mixin.py:154} INFO - [2025-06-11T11:30:10.520+0200] {dagbag.py:536} INFO - Filling up the DagBag from /home/diego.rivero/practica_creativa/env/lib/python3.11/site-packages/airflow/example_dags/example_branch_labels.py
[2025-06-11T11:30:10.531+0200] {processor.py:839} INFO - DAG(s) dict_keys(['example_branch_labels']) retrieved from /home/diego.rivero/practica_creativa/env/lib/python3.11/site-packages/airflow/example_dags/example_branch_labels.py
[2025-06-11T11:30:10.559+0200] {logging_mixin.py:154} INFO - [2025-06-11T11:30:10.559+0200] {dag.py:2941} INFO - Sync 1 DAGs
[2025-06-11T11:30:10.588+0200] {logging_mixin.py:154} INFO - [2025-06-11T11:30:10.588+0200] {dag.py:3722} INFO - Setting next_dagrun for example_branch_labels to 2025-06-10T00:00:00+00:00, run_after=2025-06-11T00:00:00+00:00
[2025-06-11T11:30:10.641+0200] {processor.py:179} INFO - Processing /home/diego.rivero/practica_creativa/env/lib/python3.11/site-packages/airflow/example_dags/example_branch_labels.py took 0.127 seconds
[2025-06-11T11:31:30.979+0200] {processor.py:157} INFO - Started process (PID=69903) to work on /home/diego.rivero/practica_creativa/env/lib/python3.11/site-packages/airflow/example_dags/example_branch_labels.py
[2025-06-11T11:31:30.981+0200] {processor.py:829} INFO - Processing file /home/diego.rivero/practica_creativa/env/lib/python3.11/site-packages/airflow/example_dags/example_branch_labels.py for tasks to queue
[2025-06-11T11:31:30.984+0200] {logging_mixin.py:154} INFO - [2025-06-11T11:31:30.982+0200] {dagbag.py:536} INFO - Filling up the DagBag from /home/diego.rivero/practica_creativa/env/lib/python3.11/site-packages/airflow/example_dags/example_branch_labels.py
[2025-06-11T11:31:31.001+0200] {processor.py:839} INFO - DAG(s) dict_keys(['example_branch_labels']) retrieved from /home/diego.rivero/practica_creativa/env/lib/python3.11/site-packages/airflow/example_dags/example_branch_labels.py
[2025-06-11T11:31:31.030+0200] {logging_mixin.py:154} INFO - [2025-06-11T11:31:31.030+0200] {dag.py:2941} INFO - Sync 1 DAGs
[2025-06-11T11:31:31.060+0200] {logging_mixin.py:154} INFO - [2025-06-11T11:31:31.060+0200] {dag.py:3722} INFO - Setting next_dagrun for example_branch_labels to 2025-06-10T00:00:00+00:00, run_after=2025-06-11T00:00:00+00:00
[2025-06-11T11:31:31.111+0200] {processor.py:179} INFO - Processing /home/diego.rivero/practica_creativa/env/lib/python3.11/site-packages/airflow/example_dags/example_branch_labels.py took 0.142 seconds
[2025-06-11T11:32:43.546+0200] {processor.py:157} INFO - Started process (PID=70397) to work on /home/diego.rivero/practica_creativa/env/lib/python3.11/site-packages/airflow/example_dags/example_branch_labels.py
[2025-06-11T11:32:43.547+0200] {processor.py:829} INFO - Processing file /home/diego.rivero/practica_creativa/env/lib/python3.11/site-packages/airflow/example_dags/example_branch_labels.py for tasks to queue
[2025-06-11T11:32:43.549+0200] {logging_mixin.py:154} INFO - [2025-06-11T11:32:43.548+0200] {dagbag.py:536} INFO - Filling up the DagBag from /home/diego.rivero/practica_creativa/env/lib/python3.11/site-packages/airflow/example_dags/example_branch_labels.py
[2025-06-11T11:32:43.561+0200] {processor.py:839} INFO - DAG(s) dict_keys(['example_branch_labels']) retrieved from /home/diego.rivero/practica_creativa/env/lib/python3.11/site-packages/airflow/example_dags/example_branch_labels.py
[2025-06-11T11:32:43.591+0200] {logging_mixin.py:154} INFO - [2025-06-11T11:32:43.591+0200] {dag.py:2941} INFO - Sync 1 DAGs
[2025-06-11T11:32:43.619+0200] {logging_mixin.py:154} INFO - [2025-06-11T11:32:43.619+0200] {dag.py:3722} INFO - Setting next_dagrun for example_branch_labels to 2025-06-10T00:00:00+00:00, run_after=2025-06-11T00:00:00+00:00
[2025-06-11T11:32:43.673+0200] {processor.py:179} INFO - Processing /home/diego.rivero/practica_creativa/env/lib/python3.11/site-packages/airflow/example_dags/example_branch_labels.py took 0.132 seconds
[2025-06-11T11:33:54.975+0200] {processor.py:157} INFO - Started process (PID=70895) to work on /home/diego.rivero/practica_creativa/env/lib/python3.11/site-packages/airflow/example_dags/example_branch_labels.py
[2025-06-11T11:33:54.977+0200] {processor.py:829} INFO - Processing file /home/diego.rivero/practica_creativa/env/lib/python3.11/site-packages/airflow/example_dags/example_branch_labels.py for tasks to queue
[2025-06-11T11:33:54.978+0200] {logging_mixin.py:154} INFO - [2025-06-11T11:33:54.977+0200] {dagbag.py:536} INFO - Filling up the DagBag from /home/diego.rivero/practica_creativa/env/lib/python3.11/site-packages/airflow/example_dags/example_branch_labels.py
[2025-06-11T11:33:54.988+0200] {processor.py:839} INFO - DAG(s) dict_keys(['example_branch_labels']) retrieved from /home/diego.rivero/practica_creativa/env/lib/python3.11/site-packages/airflow/example_dags/example_branch_labels.py
[2025-06-11T11:33:55.020+0200] {logging_mixin.py:154} INFO - [2025-06-11T11:33:55.020+0200] {dag.py:2941} INFO - Sync 1 DAGs
[2025-06-11T11:33:55.050+0200] {logging_mixin.py:154} INFO - [2025-06-11T11:33:55.050+0200] {dag.py:3722} INFO - Setting next_dagrun for example_branch_labels to 2025-06-10T00:00:00+00:00, run_after=2025-06-11T00:00:00+00:00
[2025-06-11T11:33:55.108+0200] {processor.py:179} INFO - Processing /home/diego.rivero/practica_creativa/env/lib/python3.11/site-packages/airflow/example_dags/example_branch_labels.py took 0.137 seconds
[2025-06-11T11:35:08.935+0200] {processor.py:157} INFO - Started process (PID=71355) to work on /home/diego.rivero/practica_creativa/env/lib/python3.11/site-packages/airflow/example_dags/example_branch_labels.py
[2025-06-11T11:35:08.937+0200] {processor.py:829} INFO - Processing file /home/diego.rivero/practica_creativa/env/lib/python3.11/site-packages/airflow/example_dags/example_branch_labels.py for tasks to queue
[2025-06-11T11:35:08.938+0200] {logging_mixin.py:154} INFO - [2025-06-11T11:35:08.938+0200] {dagbag.py:536} INFO - Filling up the DagBag from /home/diego.rivero/practica_creativa/env/lib/python3.11/site-packages/airflow/example_dags/example_branch_labels.py
[2025-06-11T11:35:08.950+0200] {processor.py:839} INFO - DAG(s) dict_keys(['example_branch_labels']) retrieved from /home/diego.rivero/practica_creativa/env/lib/python3.11/site-packages/airflow/example_dags/example_branch_labels.py
[2025-06-11T11:35:08.980+0200] {logging_mixin.py:154} INFO - [2025-06-11T11:35:08.980+0200] {dag.py:2941} INFO - Sync 1 DAGs
[2025-06-11T11:35:09.009+0200] {logging_mixin.py:154} INFO - [2025-06-11T11:35:09.009+0200] {dag.py:3722} INFO - Setting next_dagrun for example_branch_labels to 2025-06-10T00:00:00+00:00, run_after=2025-06-11T00:00:00+00:00
[2025-06-11T11:35:09.082+0200] {processor.py:179} INFO - Processing /home/diego.rivero/practica_creativa/env/lib/python3.11/site-packages/airflow/example_dags/example_branch_labels.py took 0.156 seconds
[2025-06-11T11:36:06.271+0200] {processor.py:157} INFO - Started process (PID=71753) to work on /home/diego.rivero/practica_creativa/env/lib/python3.11/site-packages/airflow/example_dags/example_branch_labels.py
[2025-06-11T11:36:06.272+0200] {processor.py:829} INFO - Processing file /home/diego.rivero/practica_creativa/env/lib/python3.11/site-packages/airflow/example_dags/example_branch_labels.py for tasks to queue
[2025-06-11T11:36:06.274+0200] {logging_mixin.py:154} INFO - [2025-06-11T11:36:06.273+0200] {dagbag.py:536} INFO - Filling up the DagBag from /home/diego.rivero/practica_creativa/env/lib/python3.11/site-packages/airflow/example_dags/example_branch_labels.py
[2025-06-11T11:36:06.285+0200] {processor.py:839} INFO - DAG(s) dict_keys(['example_branch_labels']) retrieved from /home/diego.rivero/practica_creativa/env/lib/python3.11/site-packages/airflow/example_dags/example_branch_labels.py
[2025-06-11T11:36:06.311+0200] {logging_mixin.py:154} INFO - [2025-06-11T11:36:06.311+0200] {dag.py:2941} INFO - Sync 1 DAGs
[2025-06-11T11:36:06.339+0200] {logging_mixin.py:154} INFO - [2025-06-11T11:36:06.339+0200] {dag.py:3722} INFO - Setting next_dagrun for example_branch_labels to 2025-06-10T00:00:00+00:00, run_after=2025-06-11T00:00:00+00:00
[2025-06-11T11:36:06.395+0200] {processor.py:179} INFO - Processing /home/diego.rivero/practica_creativa/env/lib/python3.11/site-packages/airflow/example_dags/example_branch_labels.py took 0.131 seconds
