[2025-06-11T11:28:39.754+0200] {processor.py:157} INFO - Started process (PID=68768) to work on /home/diego.rivero/practica_creativa/env/lib/python3.11/site-packages/airflow/example_dags/example_task_group_decorator.py
[2025-06-11T11:28:39.757+0200] {processor.py:829} INFO - Processing file /home/diego.rivero/practica_creativa/env/lib/python3.11/site-packages/airflow/example_dags/example_task_group_decorator.py for tasks to queue
[2025-06-11T11:28:39.759+0200] {logging_mixin.py:154} INFO - [2025-06-11T11:28:39.758+0200] {dagbag.py:536} INFO - Filling up the DagBag from /home/diego.rivero/practica_creativa/env/lib/python3.11/site-packages/airflow/example_dags/example_task_group_decorator.py
[2025-06-11T11:28:39.796+0200] {processor.py:839} INFO - DAG(s) dict_keys(['example_task_group_decorator']) retrieved from /home/diego.rivero/practica_creativa/env/lib/python3.11/site-packages/airflow/example_dags/example_task_group_decorator.py
[2025-06-11T11:28:39.828+0200] {logging_mixin.py:154} INFO - [2025-06-11T11:28:39.827+0200] {dag.py:2941} INFO - Sync 1 DAGs
[2025-06-11T11:28:39.852+0200] {logging_mixin.py:154} INFO - [2025-06-11T11:28:39.852+0200] {dag.py:3722} INFO - Setting next_dagrun for example_task_group_decorator to 2025-06-10T09:28:39.852607+00:00, run_after=2025-06-11T09:28:39.852607+00:00
[2025-06-11T11:28:39.903+0200] {processor.py:179} INFO - Processing /home/diego.rivero/practica_creativa/env/lib/python3.11/site-packages/airflow/example_dags/example_task_group_decorator.py took 0.159 seconds
[2025-06-11T11:29:35.071+0200] {processor.py:157} INFO - Started process (PID=69124) to work on /home/diego.rivero/practica_creativa/env/lib/python3.11/site-packages/airflow/example_dags/example_task_group_decorator.py
[2025-06-11T11:29:35.072+0200] {processor.py:829} INFO - Processing file /home/diego.rivero/practica_creativa/env/lib/python3.11/site-packages/airflow/example_dags/example_task_group_decorator.py for tasks to queue
[2025-06-11T11:29:35.074+0200] {logging_mixin.py:154} INFO - [2025-06-11T11:29:35.073+0200] {dagbag.py:536} INFO - Filling up the DagBag from /home/diego.rivero/practica_creativa/env/lib/python3.11/site-packages/airflow/example_dags/example_task_group_decorator.py
[2025-06-11T11:29:35.094+0200] {processor.py:839} INFO - DAG(s) dict_keys(['example_task_group_decorator']) retrieved from /home/diego.rivero/practica_creativa/env/lib/python3.11/site-packages/airflow/example_dags/example_task_group_decorator.py
[2025-06-11T11:29:35.123+0200] {logging_mixin.py:154} INFO - [2025-06-11T11:29:35.123+0200] {dag.py:2941} INFO - Sync 1 DAGs
[2025-06-11T11:29:35.150+0200] {logging_mixin.py:154} INFO - [2025-06-11T11:29:35.150+0200] {dag.py:3722} INFO - Setting next_dagrun for example_task_group_decorator to 2025-06-10T09:29:35.150163+00:00, run_after=2025-06-11T09:29:35.150163+00:00
[2025-06-11T11:29:35.201+0200] {processor.py:179} INFO - Processing /home/diego.rivero/practica_creativa/env/lib/python3.11/site-packages/airflow/example_dags/example_task_group_decorator.py took 0.139 seconds
[2025-06-11T11:30:27.525+0200] {processor.py:157} INFO - Started process (PID=69487) to work on /home/diego.rivero/practica_creativa/env/lib/python3.11/site-packages/airflow/example_dags/example_task_group_decorator.py
[2025-06-11T11:30:27.526+0200] {processor.py:829} INFO - Processing file /home/diego.rivero/practica_creativa/env/lib/python3.11/site-packages/airflow/example_dags/example_task_group_decorator.py for tasks to queue
[2025-06-11T11:30:27.527+0200] {logging_mixin.py:154} INFO - [2025-06-11T11:30:27.526+0200] {dagbag.py:536} INFO - Filling up the DagBag from /home/diego.rivero/practica_creativa/env/lib/python3.11/site-packages/airflow/example_dags/example_task_group_decorator.py
[2025-06-11T11:30:27.541+0200] {processor.py:839} INFO - DAG(s) dict_keys(['example_task_group_decorator']) retrieved from /home/diego.rivero/practica_creativa/env/lib/python3.11/site-packages/airflow/example_dags/example_task_group_decorator.py
[2025-06-11T11:30:27.569+0200] {logging_mixin.py:154} INFO - [2025-06-11T11:30:27.569+0200] {dag.py:2941} INFO - Sync 1 DAGs
[2025-06-11T11:30:27.593+0200] {logging_mixin.py:154} INFO - [2025-06-11T11:30:27.593+0200] {dag.py:3722} INFO - Setting next_dagrun for example_task_group_decorator to 2025-06-10T09:30:27.593349+00:00, run_after=2025-06-11T09:30:27.593349+00:00
[2025-06-11T11:30:27.645+0200] {processor.py:179} INFO - Processing /home/diego.rivero/practica_creativa/env/lib/python3.11/site-packages/airflow/example_dags/example_task_group_decorator.py took 0.122 seconds
[2025-06-11T11:31:20.427+0200] {processor.py:157} INFO - Started process (PID=69856) to work on /home/diego.rivero/practica_creativa/env/lib/python3.11/site-packages/airflow/example_dags/example_task_group_decorator.py
[2025-06-11T11:31:20.429+0200] {processor.py:829} INFO - Processing file /home/diego.rivero/practica_creativa/env/lib/python3.11/site-packages/airflow/example_dags/example_task_group_decorator.py for tasks to queue
[2025-06-11T11:31:20.431+0200] {logging_mixin.py:154} INFO - [2025-06-11T11:31:20.430+0200] {dagbag.py:536} INFO - Filling up the DagBag from /home/diego.rivero/practica_creativa/env/lib/python3.11/site-packages/airflow/example_dags/example_task_group_decorator.py
[2025-06-11T11:31:20.451+0200] {processor.py:839} INFO - DAG(s) dict_keys(['example_task_group_decorator']) retrieved from /home/diego.rivero/practica_creativa/env/lib/python3.11/site-packages/airflow/example_dags/example_task_group_decorator.py
[2025-06-11T11:31:20.480+0200] {logging_mixin.py:154} INFO - [2025-06-11T11:31:20.480+0200] {dag.py:2941} INFO - Sync 1 DAGs
[2025-06-11T11:31:20.507+0200] {logging_mixin.py:154} INFO - [2025-06-11T11:31:20.507+0200] {dag.py:3722} INFO - Setting next_dagrun for example_task_group_decorator to 2025-06-10T09:31:20.507177+00:00, run_after=2025-06-11T09:31:20.507177+00:00
[2025-06-11T11:31:20.559+0200] {processor.py:179} INFO - Processing /home/diego.rivero/practica_creativa/env/lib/python3.11/site-packages/airflow/example_dags/example_task_group_decorator.py took 0.142 seconds
[2025-06-11T11:32:11.488+0200] {processor.py:157} INFO - Started process (PID=70172) to work on /home/diego.rivero/practica_creativa/env/lib/python3.11/site-packages/airflow/example_dags/example_task_group_decorator.py
[2025-06-11T11:32:11.489+0200] {processor.py:829} INFO - Processing file /home/diego.rivero/practica_creativa/env/lib/python3.11/site-packages/airflow/example_dags/example_task_group_decorator.py for tasks to queue
[2025-06-11T11:32:11.490+0200] {logging_mixin.py:154} INFO - [2025-06-11T11:32:11.489+0200] {dagbag.py:536} INFO - Filling up the DagBag from /home/diego.rivero/practica_creativa/env/lib/python3.11/site-packages/airflow/example_dags/example_task_group_decorator.py
[2025-06-11T11:32:11.512+0200] {processor.py:839} INFO - DAG(s) dict_keys(['example_task_group_decorator']) retrieved from /home/diego.rivero/practica_creativa/env/lib/python3.11/site-packages/airflow/example_dags/example_task_group_decorator.py
[2025-06-11T11:32:11.542+0200] {logging_mixin.py:154} INFO - [2025-06-11T11:32:11.542+0200] {dag.py:2941} INFO - Sync 1 DAGs
[2025-06-11T11:32:11.568+0200] {logging_mixin.py:154} INFO - [2025-06-11T11:32:11.568+0200] {dag.py:3722} INFO - Setting next_dagrun for example_task_group_decorator to 2025-06-10T09:32:11.568190+00:00, run_after=2025-06-11T09:32:11.568190+00:00
[2025-06-11T11:32:11.622+0200] {processor.py:179} INFO - Processing /home/diego.rivero/practica_creativa/env/lib/python3.11/site-packages/airflow/example_dags/example_task_group_decorator.py took 0.139 seconds
[2025-06-11T11:33:03.588+0200] {processor.py:157} INFO - Started process (PID=70533) to work on /home/diego.rivero/practica_creativa/env/lib/python3.11/site-packages/airflow/example_dags/example_task_group_decorator.py
[2025-06-11T11:33:03.589+0200] {processor.py:829} INFO - Processing file /home/diego.rivero/practica_creativa/env/lib/python3.11/site-packages/airflow/example_dags/example_task_group_decorator.py for tasks to queue
[2025-06-11T11:33:03.590+0200] {logging_mixin.py:154} INFO - [2025-06-11T11:33:03.589+0200] {dagbag.py:536} INFO - Filling up the DagBag from /home/diego.rivero/practica_creativa/env/lib/python3.11/site-packages/airflow/example_dags/example_task_group_decorator.py
[2025-06-11T11:33:03.606+0200] {processor.py:839} INFO - DAG(s) dict_keys(['example_task_group_decorator']) retrieved from /home/diego.rivero/practica_creativa/env/lib/python3.11/site-packages/airflow/example_dags/example_task_group_decorator.py
[2025-06-11T11:33:03.633+0200] {logging_mixin.py:154} INFO - [2025-06-11T11:33:03.633+0200] {dag.py:2941} INFO - Sync 1 DAGs
[2025-06-11T11:33:03.658+0200] {logging_mixin.py:154} INFO - [2025-06-11T11:33:03.658+0200] {dag.py:3722} INFO - Setting next_dagrun for example_task_group_decorator to 2025-06-10T09:33:03.658395+00:00, run_after=2025-06-11T09:33:03.658395+00:00
[2025-06-11T11:33:03.713+0200] {processor.py:179} INFO - Processing /home/diego.rivero/practica_creativa/env/lib/python3.11/site-packages/airflow/example_dags/example_task_group_decorator.py took 0.130 seconds
[2025-06-11T11:33:50.861+0200] {processor.py:157} INFO - Started process (PID=70876) to work on /home/diego.rivero/practica_creativa/env/lib/python3.11/site-packages/airflow/example_dags/example_task_group_decorator.py
[2025-06-11T11:33:50.862+0200] {processor.py:829} INFO - Processing file /home/diego.rivero/practica_creativa/env/lib/python3.11/site-packages/airflow/example_dags/example_task_group_decorator.py for tasks to queue
[2025-06-11T11:33:50.864+0200] {logging_mixin.py:154} INFO - [2025-06-11T11:33:50.863+0200] {dagbag.py:536} INFO - Filling up the DagBag from /home/diego.rivero/practica_creativa/env/lib/python3.11/site-packages/airflow/example_dags/example_task_group_decorator.py
[2025-06-11T11:33:50.884+0200] {processor.py:839} INFO - DAG(s) dict_keys(['example_task_group_decorator']) retrieved from /home/diego.rivero/practica_creativa/env/lib/python3.11/site-packages/airflow/example_dags/example_task_group_decorator.py
[2025-06-11T11:33:50.911+0200] {logging_mixin.py:154} INFO - [2025-06-11T11:33:50.911+0200] {dag.py:2941} INFO - Sync 1 DAGs
[2025-06-11T11:33:50.935+0200] {logging_mixin.py:154} INFO - [2025-06-11T11:33:50.935+0200] {dag.py:3722} INFO - Setting next_dagrun for example_task_group_decorator to 2025-06-10T09:33:50.935143+00:00, run_after=2025-06-11T09:33:50.935143+00:00
[2025-06-11T11:33:50.988+0200] {processor.py:179} INFO - Processing /home/diego.rivero/practica_creativa/env/lib/python3.11/site-packages/airflow/example_dags/example_task_group_decorator.py took 0.134 seconds
[2025-06-11T11:34:40.462+0200] {processor.py:157} INFO - Started process (PID=71186) to work on /home/diego.rivero/practica_creativa/env/lib/python3.11/site-packages/airflow/example_dags/example_task_group_decorator.py
[2025-06-11T11:34:40.463+0200] {processor.py:829} INFO - Processing file /home/diego.rivero/practica_creativa/env/lib/python3.11/site-packages/airflow/example_dags/example_task_group_decorator.py for tasks to queue
[2025-06-11T11:34:40.464+0200] {logging_mixin.py:154} INFO - [2025-06-11T11:34:40.463+0200] {dagbag.py:536} INFO - Filling up the DagBag from /home/diego.rivero/practica_creativa/env/lib/python3.11/site-packages/airflow/example_dags/example_task_group_decorator.py
[2025-06-11T11:34:40.481+0200] {processor.py:839} INFO - DAG(s) dict_keys(['example_task_group_decorator']) retrieved from /home/diego.rivero/practica_creativa/env/lib/python3.11/site-packages/airflow/example_dags/example_task_group_decorator.py
[2025-06-11T11:34:40.510+0200] {logging_mixin.py:154} INFO - [2025-06-11T11:34:40.510+0200] {dag.py:2941} INFO - Sync 1 DAGs
[2025-06-11T11:34:40.539+0200] {logging_mixin.py:154} INFO - [2025-06-11T11:34:40.539+0200] {dag.py:3722} INFO - Setting next_dagrun for example_task_group_decorator to 2025-06-10T09:34:40.539402+00:00, run_after=2025-06-11T09:34:40.539402+00:00
[2025-06-11T11:34:40.601+0200] {processor.py:179} INFO - Processing /home/diego.rivero/practica_creativa/env/lib/python3.11/site-packages/airflow/example_dags/example_task_group_decorator.py took 0.142 seconds
[2025-06-11T11:35:32.322+0200] {processor.py:157} INFO - Started process (PID=71509) to work on /home/diego.rivero/practica_creativa/env/lib/python3.11/site-packages/airflow/example_dags/example_task_group_decorator.py
[2025-06-11T11:35:32.325+0200] {processor.py:829} INFO - Processing file /home/diego.rivero/practica_creativa/env/lib/python3.11/site-packages/airflow/example_dags/example_task_group_decorator.py for tasks to queue
[2025-06-11T11:35:32.327+0200] {logging_mixin.py:154} INFO - [2025-06-11T11:35:32.326+0200] {dagbag.py:536} INFO - Filling up the DagBag from /home/diego.rivero/practica_creativa/env/lib/python3.11/site-packages/airflow/example_dags/example_task_group_decorator.py
[2025-06-11T11:35:32.364+0200] {processor.py:839} INFO - DAG(s) dict_keys(['example_task_group_decorator']) retrieved from /home/diego.rivero/practica_creativa/env/lib/python3.11/site-packages/airflow/example_dags/example_task_group_decorator.py
[2025-06-11T11:35:32.394+0200] {logging_mixin.py:154} INFO - [2025-06-11T11:35:32.394+0200] {dag.py:2941} INFO - Sync 1 DAGs
[2025-06-11T11:35:32.420+0200] {logging_mixin.py:154} INFO - [2025-06-11T11:35:32.420+0200] {dag.py:3722} INFO - Setting next_dagrun for example_task_group_decorator to 2025-06-10T09:35:32.419883+00:00, run_after=2025-06-11T09:35:32.419883+00:00
[2025-06-11T11:35:32.470+0200] {processor.py:179} INFO - Processing /home/diego.rivero/practica_creativa/env/lib/python3.11/site-packages/airflow/example_dags/example_task_group_decorator.py took 0.157 seconds
[2025-06-11T11:36:25.565+0200] {processor.py:157} INFO - Started process (PID=71888) to work on /home/diego.rivero/practica_creativa/env/lib/python3.11/site-packages/airflow/example_dags/example_task_group_decorator.py
[2025-06-11T11:36:25.565+0200] {processor.py:829} INFO - Processing file /home/diego.rivero/practica_creativa/env/lib/python3.11/site-packages/airflow/example_dags/example_task_group_decorator.py for tasks to queue
[2025-06-11T11:36:25.566+0200] {logging_mixin.py:154} INFO - [2025-06-11T11:36:25.566+0200] {dagbag.py:536} INFO - Filling up the DagBag from /home/diego.rivero/practica_creativa/env/lib/python3.11/site-packages/airflow/example_dags/example_task_group_decorator.py
[2025-06-11T11:36:25.580+0200] {processor.py:839} INFO - DAG(s) dict_keys(['example_task_group_decorator']) retrieved from /home/diego.rivero/practica_creativa/env/lib/python3.11/site-packages/airflow/example_dags/example_task_group_decorator.py
[2025-06-11T11:36:25.606+0200] {logging_mixin.py:154} INFO - [2025-06-11T11:36:25.606+0200] {dag.py:2941} INFO - Sync 1 DAGs
[2025-06-11T11:36:25.630+0200] {logging_mixin.py:154} INFO - [2025-06-11T11:36:25.630+0200] {dag.py:3722} INFO - Setting next_dagrun for example_task_group_decorator to 2025-06-10T09:36:25.630603+00:00, run_after=2025-06-11T09:36:25.630603+00:00
[2025-06-11T11:36:25.685+0200] {processor.py:179} INFO - Processing /home/diego.rivero/practica_creativa/env/lib/python3.11/site-packages/airflow/example_dags/example_task_group_decorator.py took 0.123 seconds
[2025-06-11T11:37:16.788+0200] {processor.py:157} INFO - Started process (PID=72205) to work on /home/diego.rivero/practica_creativa/env/lib/python3.11/site-packages/airflow/example_dags/example_task_group_decorator.py
[2025-06-11T11:37:16.790+0200] {processor.py:829} INFO - Processing file /home/diego.rivero/practica_creativa/env/lib/python3.11/site-packages/airflow/example_dags/example_task_group_decorator.py for tasks to queue
[2025-06-11T11:37:16.792+0200] {logging_mixin.py:154} INFO - [2025-06-11T11:37:16.791+0200] {dagbag.py:536} INFO - Filling up the DagBag from /home/diego.rivero/practica_creativa/env/lib/python3.11/site-packages/airflow/example_dags/example_task_group_decorator.py
[2025-06-11T11:37:16.829+0200] {processor.py:839} INFO - DAG(s) dict_keys(['example_task_group_decorator']) retrieved from /home/diego.rivero/practica_creativa/env/lib/python3.11/site-packages/airflow/example_dags/example_task_group_decorator.py
[2025-06-11T11:37:16.859+0200] {logging_mixin.py:154} INFO - [2025-06-11T11:37:16.859+0200] {dag.py:2941} INFO - Sync 1 DAGs
[2025-06-11T11:37:16.886+0200] {logging_mixin.py:154} INFO - [2025-06-11T11:37:16.886+0200] {dag.py:3722} INFO - Setting next_dagrun for example_task_group_decorator to 2025-06-10T09:37:16.886377+00:00, run_after=2025-06-11T09:37:16.886377+00:00
[2025-06-11T11:37:16.942+0200] {processor.py:179} INFO - Processing /home/diego.rivero/practica_creativa/env/lib/python3.11/site-packages/airflow/example_dags/example_task_group_decorator.py took 0.165 seconds
