[2025-06-11T11:29:01.283+0200] {processor.py:157} INFO - Started process (PID=68911) to work on /home/diego.rivero/practica_creativa/env/lib/python3.11/site-packages/airflow/example_dags/example_latest_only.py
[2025-06-11T11:29:01.286+0200] {processor.py:829} INFO - Processing file /home/diego.rivero/practica_creativa/env/lib/python3.11/site-packages/airflow/example_dags/example_latest_only.py for tasks to queue
[2025-06-11T11:29:01.289+0200] {logging_mixin.py:154} INFO - [2025-06-11T11:29:01.288+0200] {dagbag.py:536} INFO - Filling up the DagBag from /home/diego.rivero/practica_creativa/env/lib/python3.11/site-packages/airflow/example_dags/example_latest_only.py
[2025-06-11T11:29:01.310+0200] {processor.py:839} INFO - DAG(s) dict_keys(['latest_only']) retrieved from /home/diego.rivero/practica_creativa/env/lib/python3.11/site-packages/airflow/example_dags/example_latest_only.py
[2025-06-11T11:29:01.364+0200] {logging_mixin.py:154} INFO - [2025-06-11T11:29:01.364+0200] {dag.py:2941} INFO - Sync 1 DAGs
[2025-06-11T11:29:01.397+0200] {logging_mixin.py:154} INFO - [2025-06-11T11:29:01.397+0200] {dag.py:3722} INFO - Setting next_dagrun for latest_only to 2025-06-11T05:29:01.397579+00:00, run_after=2025-06-11T09:29:01.397579+00:00
[2025-06-11T11:29:01.452+0200] {processor.py:179} INFO - Processing /home/diego.rivero/practica_creativa/env/lib/python3.11/site-packages/airflow/example_dags/example_latest_only.py took 0.179 seconds
[2025-06-11T11:29:56.615+0200] {processor.py:157} INFO - Started process (PID=69294) to work on /home/diego.rivero/practica_creativa/env/lib/python3.11/site-packages/airflow/example_dags/example_latest_only.py
[2025-06-11T11:29:56.618+0200] {processor.py:829} INFO - Processing file /home/diego.rivero/practica_creativa/env/lib/python3.11/site-packages/airflow/example_dags/example_latest_only.py for tasks to queue
[2025-06-11T11:29:56.620+0200] {logging_mixin.py:154} INFO - [2025-06-11T11:29:56.619+0200] {dagbag.py:536} INFO - Filling up the DagBag from /home/diego.rivero/practica_creativa/env/lib/python3.11/site-packages/airflow/example_dags/example_latest_only.py
[2025-06-11T11:29:56.637+0200] {processor.py:839} INFO - DAG(s) dict_keys(['latest_only']) retrieved from /home/diego.rivero/practica_creativa/env/lib/python3.11/site-packages/airflow/example_dags/example_latest_only.py
[2025-06-11T11:29:56.675+0200] {logging_mixin.py:154} INFO - [2025-06-11T11:29:56.675+0200] {dag.py:2941} INFO - Sync 1 DAGs
[2025-06-11T11:29:56.715+0200] {logging_mixin.py:154} INFO - [2025-06-11T11:29:56.714+0200] {dag.py:3722} INFO - Setting next_dagrun for latest_only to 2025-06-11T05:29:56.714642+00:00, run_after=2025-06-11T09:29:56.714642+00:00
[2025-06-11T11:29:56.770+0200] {processor.py:179} INFO - Processing /home/diego.rivero/practica_creativa/env/lib/python3.11/site-packages/airflow/example_dags/example_latest_only.py took 0.164 seconds
[2025-06-11T11:30:52.230+0200] {processor.py:157} INFO - Started process (PID=69678) to work on /home/diego.rivero/practica_creativa/env/lib/python3.11/site-packages/airflow/example_dags/example_latest_only.py
[2025-06-11T11:30:52.233+0200] {processor.py:829} INFO - Processing file /home/diego.rivero/practica_creativa/env/lib/python3.11/site-packages/airflow/example_dags/example_latest_only.py for tasks to queue
[2025-06-11T11:30:52.235+0200] {logging_mixin.py:154} INFO - [2025-06-11T11:30:52.234+0200] {dagbag.py:536} INFO - Filling up the DagBag from /home/diego.rivero/practica_creativa/env/lib/python3.11/site-packages/airflow/example_dags/example_latest_only.py
[2025-06-11T11:30:52.255+0200] {processor.py:839} INFO - DAG(s) dict_keys(['latest_only']) retrieved from /home/diego.rivero/practica_creativa/env/lib/python3.11/site-packages/airflow/example_dags/example_latest_only.py
[2025-06-11T11:30:52.291+0200] {logging_mixin.py:154} INFO - [2025-06-11T11:30:52.291+0200] {dag.py:2941} INFO - Sync 1 DAGs
[2025-06-11T11:30:52.327+0200] {logging_mixin.py:154} INFO - [2025-06-11T11:30:52.327+0200] {dag.py:3722} INFO - Setting next_dagrun for latest_only to 2025-06-11T05:30:52.327112+00:00, run_after=2025-06-11T09:30:52.327112+00:00
[2025-06-11T11:30:52.391+0200] {processor.py:179} INFO - Processing /home/diego.rivero/practica_creativa/env/lib/python3.11/site-packages/airflow/example_dags/example_latest_only.py took 0.170 seconds
[2025-06-11T11:32:31.481+0200] {processor.py:157} INFO - Started process (PID=70304) to work on /home/diego.rivero/practica_creativa/env/lib/python3.11/site-packages/airflow/example_dags/example_latest_only.py
[2025-06-11T11:32:31.482+0200] {processor.py:829} INFO - Processing file /home/diego.rivero/practica_creativa/env/lib/python3.11/site-packages/airflow/example_dags/example_latest_only.py for tasks to queue
[2025-06-11T11:32:31.484+0200] {logging_mixin.py:154} INFO - [2025-06-11T11:32:31.483+0200] {dagbag.py:536} INFO - Filling up the DagBag from /home/diego.rivero/practica_creativa/env/lib/python3.11/site-packages/airflow/example_dags/example_latest_only.py
[2025-06-11T11:32:31.494+0200] {processor.py:839} INFO - DAG(s) dict_keys(['latest_only']) retrieved from /home/diego.rivero/practica_creativa/env/lib/python3.11/site-packages/airflow/example_dags/example_latest_only.py
[2025-06-11T11:32:31.521+0200] {logging_mixin.py:154} INFO - [2025-06-11T11:32:31.521+0200] {dag.py:2941} INFO - Sync 1 DAGs
[2025-06-11T11:32:31.546+0200] {logging_mixin.py:154} INFO - [2025-06-11T11:32:31.546+0200] {dag.py:3722} INFO - Setting next_dagrun for latest_only to 2025-06-11T05:32:31.546580+00:00, run_after=2025-06-11T09:32:31.546580+00:00
[2025-06-11T11:32:31.599+0200] {processor.py:179} INFO - Processing /home/diego.rivero/practica_creativa/env/lib/python3.11/site-packages/airflow/example_dags/example_latest_only.py took 0.129 seconds
[2025-06-11T11:33:23.729+0200] {processor.py:157} INFO - Started process (PID=70674) to work on /home/diego.rivero/practica_creativa/env/lib/python3.11/site-packages/airflow/example_dags/example_latest_only.py
[2025-06-11T11:33:23.732+0200] {processor.py:829} INFO - Processing file /home/diego.rivero/practica_creativa/env/lib/python3.11/site-packages/airflow/example_dags/example_latest_only.py for tasks to queue
[2025-06-11T11:33:23.734+0200] {logging_mixin.py:154} INFO - [2025-06-11T11:33:23.733+0200] {dagbag.py:536} INFO - Filling up the DagBag from /home/diego.rivero/practica_creativa/env/lib/python3.11/site-packages/airflow/example_dags/example_latest_only.py
[2025-06-11T11:33:23.748+0200] {processor.py:839} INFO - DAG(s) dict_keys(['latest_only']) retrieved from /home/diego.rivero/practica_creativa/env/lib/python3.11/site-packages/airflow/example_dags/example_latest_only.py
[2025-06-11T11:33:23.775+0200] {logging_mixin.py:154} INFO - [2025-06-11T11:33:23.775+0200] {dag.py:2941} INFO - Sync 1 DAGs
[2025-06-11T11:33:23.803+0200] {logging_mixin.py:154} INFO - [2025-06-11T11:33:23.803+0200] {dag.py:3722} INFO - Setting next_dagrun for latest_only to 2025-06-11T05:33:23.802971+00:00, run_after=2025-06-11T09:33:23.802971+00:00
[2025-06-11T11:33:23.856+0200] {processor.py:179} INFO - Processing /home/diego.rivero/practica_creativa/env/lib/python3.11/site-packages/airflow/example_dags/example_latest_only.py took 0.136 seconds
[2025-06-11T11:34:18.148+0200] {processor.py:157} INFO - Started process (PID=71048) to work on /home/diego.rivero/practica_creativa/env/lib/python3.11/site-packages/airflow/example_dags/example_latest_only.py
[2025-06-11T11:34:18.150+0200] {processor.py:829} INFO - Processing file /home/diego.rivero/practica_creativa/env/lib/python3.11/site-packages/airflow/example_dags/example_latest_only.py for tasks to queue
[2025-06-11T11:34:18.151+0200] {logging_mixin.py:154} INFO - [2025-06-11T11:34:18.151+0200] {dagbag.py:536} INFO - Filling up the DagBag from /home/diego.rivero/practica_creativa/env/lib/python3.11/site-packages/airflow/example_dags/example_latest_only.py
[2025-06-11T11:34:18.161+0200] {processor.py:839} INFO - DAG(s) dict_keys(['latest_only']) retrieved from /home/diego.rivero/practica_creativa/env/lib/python3.11/site-packages/airflow/example_dags/example_latest_only.py
[2025-06-11T11:34:18.187+0200] {logging_mixin.py:154} INFO - [2025-06-11T11:34:18.187+0200] {dag.py:2941} INFO - Sync 1 DAGs
[2025-06-11T11:34:18.215+0200] {logging_mixin.py:154} INFO - [2025-06-11T11:34:18.215+0200] {dag.py:3722} INFO - Setting next_dagrun for latest_only to 2025-06-11T05:34:18.214846+00:00, run_after=2025-06-11T09:34:18.214846+00:00
[2025-06-11T11:34:18.269+0200] {processor.py:179} INFO - Processing /home/diego.rivero/practica_creativa/env/lib/python3.11/site-packages/airflow/example_dags/example_latest_only.py took 0.129 seconds
[2025-06-11T11:35:06.141+0200] {processor.py:157} INFO - Started process (PID=71342) to work on /home/diego.rivero/practica_creativa/env/lib/python3.11/site-packages/airflow/example_dags/example_latest_only.py
[2025-06-11T11:35:06.141+0200] {processor.py:829} INFO - Processing file /home/diego.rivero/practica_creativa/env/lib/python3.11/site-packages/airflow/example_dags/example_latest_only.py for tasks to queue
[2025-06-11T11:35:06.142+0200] {logging_mixin.py:154} INFO - [2025-06-11T11:35:06.142+0200] {dagbag.py:536} INFO - Filling up the DagBag from /home/diego.rivero/practica_creativa/env/lib/python3.11/site-packages/airflow/example_dags/example_latest_only.py
[2025-06-11T11:35:06.149+0200] {processor.py:839} INFO - DAG(s) dict_keys(['latest_only']) retrieved from /home/diego.rivero/practica_creativa/env/lib/python3.11/site-packages/airflow/example_dags/example_latest_only.py
[2025-06-11T11:35:06.173+0200] {logging_mixin.py:154} INFO - [2025-06-11T11:35:06.173+0200] {dag.py:2941} INFO - Sync 1 DAGs
[2025-06-11T11:35:06.198+0200] {logging_mixin.py:154} INFO - [2025-06-11T11:35:06.198+0200] {dag.py:3722} INFO - Setting next_dagrun for latest_only to 2025-06-11T05:35:06.198354+00:00, run_after=2025-06-11T09:35:06.198354+00:00
[2025-06-11T11:35:06.250+0200] {processor.py:179} INFO - Processing /home/diego.rivero/practica_creativa/env/lib/python3.11/site-packages/airflow/example_dags/example_latest_only.py took 0.113 seconds
[2025-06-11T11:35:59.713+0200] {processor.py:157} INFO - Started process (PID=71719) to work on /home/diego.rivero/practica_creativa/env/lib/python3.11/site-packages/airflow/example_dags/example_latest_only.py
[2025-06-11T11:35:59.715+0200] {processor.py:829} INFO - Processing file /home/diego.rivero/practica_creativa/env/lib/python3.11/site-packages/airflow/example_dags/example_latest_only.py for tasks to queue
[2025-06-11T11:35:59.717+0200] {logging_mixin.py:154} INFO - [2025-06-11T11:35:59.716+0200] {dagbag.py:536} INFO - Filling up the DagBag from /home/diego.rivero/practica_creativa/env/lib/python3.11/site-packages/airflow/example_dags/example_latest_only.py
[2025-06-11T11:35:59.739+0200] {processor.py:839} INFO - DAG(s) dict_keys(['latest_only']) retrieved from /home/diego.rivero/practica_creativa/env/lib/python3.11/site-packages/airflow/example_dags/example_latest_only.py
[2025-06-11T11:35:59.812+0200] {logging_mixin.py:154} INFO - [2025-06-11T11:35:59.811+0200] {dag.py:2941} INFO - Sync 1 DAGs
[2025-06-11T11:35:59.864+0200] {logging_mixin.py:154} INFO - [2025-06-11T11:35:59.864+0200] {dag.py:3722} INFO - Setting next_dagrun for latest_only to 2025-06-11T05:35:59.864002+00:00, run_after=2025-06-11T09:35:59.864002+00:00
[2025-06-11T11:35:59.939+0200] {processor.py:179} INFO - Processing /home/diego.rivero/practica_creativa/env/lib/python3.11/site-packages/airflow/example_dags/example_latest_only.py took 0.237 seconds
[2025-06-11T11:36:53.720+0200] {processor.py:157} INFO - Started process (PID=72092) to work on /home/diego.rivero/practica_creativa/env/lib/python3.11/site-packages/airflow/example_dags/example_latest_only.py
[2025-06-11T11:36:53.723+0200] {processor.py:829} INFO - Processing file /home/diego.rivero/practica_creativa/env/lib/python3.11/site-packages/airflow/example_dags/example_latest_only.py for tasks to queue
[2025-06-11T11:36:53.725+0200] {logging_mixin.py:154} INFO - [2025-06-11T11:36:53.724+0200] {dagbag.py:536} INFO - Filling up the DagBag from /home/diego.rivero/practica_creativa/env/lib/python3.11/site-packages/airflow/example_dags/example_latest_only.py
[2025-06-11T11:36:53.739+0200] {processor.py:839} INFO - DAG(s) dict_keys(['latest_only']) retrieved from /home/diego.rivero/practica_creativa/env/lib/python3.11/site-packages/airflow/example_dags/example_latest_only.py
[2025-06-11T11:36:53.766+0200] {logging_mixin.py:154} INFO - [2025-06-11T11:36:53.766+0200] {dag.py:2941} INFO - Sync 1 DAGs
[2025-06-11T11:36:53.794+0200] {logging_mixin.py:154} INFO - [2025-06-11T11:36:53.794+0200] {dag.py:3722} INFO - Setting next_dagrun for latest_only to 2025-06-11T05:36:53.794022+00:00, run_after=2025-06-11T09:36:53.794022+00:00
[2025-06-11T11:36:53.852+0200] {processor.py:179} INFO - Processing /home/diego.rivero/practica_creativa/env/lib/python3.11/site-packages/airflow/example_dags/example_latest_only.py took 0.141 seconds
