[2025-06-11T11:28:35.809+0200] {processor.py:157} INFO - Started process (PID=68719) to work on /home/diego.rivero/practica_creativa/env/lib/python3.11/site-packages/airflow/example_dags/example_trigger_target_dag.py
[2025-06-11T11:28:35.810+0200] {processor.py:829} INFO - Processing file /home/diego.rivero/practica_creativa/env/lib/python3.11/site-packages/airflow/example_dags/example_trigger_target_dag.py for tasks to queue
[2025-06-11T11:28:35.811+0200] {logging_mixin.py:154} INFO - [2025-06-11T11:28:35.810+0200] {dagbag.py:536} INFO - Filling up the DagBag from /home/diego.rivero/practica_creativa/env/lib/python3.11/site-packages/airflow/example_dags/example_trigger_target_dag.py
[2025-06-11T11:28:35.822+0200] {processor.py:839} INFO - DAG(s) dict_keys(['example_trigger_target_dag']) retrieved from /home/diego.rivero/practica_creativa/env/lib/python3.11/site-packages/airflow/example_dags/example_trigger_target_dag.py
[2025-06-11T11:28:35.858+0200] {logging_mixin.py:154} INFO - [2025-06-11T11:28:35.858+0200] {dag.py:2941} INFO - Sync 1 DAGs
[2025-06-11T11:28:35.873+0200] {logging_mixin.py:154} INFO - [2025-06-11T11:28:35.873+0200] {dag.py:3722} INFO - Setting next_dagrun for example_trigger_target_dag to None, run_after=None
[2025-06-11T11:28:35.927+0200] {processor.py:179} INFO - Processing /home/diego.rivero/practica_creativa/env/lib/python3.11/site-packages/airflow/example_dags/example_trigger_target_dag.py took 0.121 seconds
[2025-06-11T11:29:30.405+0200] {processor.py:157} INFO - Started process (PID=69100) to work on /home/diego.rivero/practica_creativa/env/lib/python3.11/site-packages/airflow/example_dags/example_trigger_target_dag.py
[2025-06-11T11:29:30.406+0200] {processor.py:829} INFO - Processing file /home/diego.rivero/practica_creativa/env/lib/python3.11/site-packages/airflow/example_dags/example_trigger_target_dag.py for tasks to queue
[2025-06-11T11:29:30.408+0200] {logging_mixin.py:154} INFO - [2025-06-11T11:29:30.407+0200] {dagbag.py:536} INFO - Filling up the DagBag from /home/diego.rivero/practica_creativa/env/lib/python3.11/site-packages/airflow/example_dags/example_trigger_target_dag.py
[2025-06-11T11:29:30.418+0200] {processor.py:839} INFO - DAG(s) dict_keys(['example_trigger_target_dag']) retrieved from /home/diego.rivero/practica_creativa/env/lib/python3.11/site-packages/airflow/example_dags/example_trigger_target_dag.py
[2025-06-11T11:29:30.444+0200] {logging_mixin.py:154} INFO - [2025-06-11T11:29:30.444+0200] {dag.py:2941} INFO - Sync 1 DAGs
[2025-06-11T11:29:30.458+0200] {logging_mixin.py:154} INFO - [2025-06-11T11:29:30.458+0200] {dag.py:3722} INFO - Setting next_dagrun for example_trigger_target_dag to None, run_after=None
[2025-06-11T11:29:30.507+0200] {processor.py:179} INFO - Processing /home/diego.rivero/practica_creativa/env/lib/python3.11/site-packages/airflow/example_dags/example_trigger_target_dag.py took 0.106 seconds
[2025-06-11T11:30:22.951+0200] {processor.py:157} INFO - Started process (PID=69463) to work on /home/diego.rivero/practica_creativa/env/lib/python3.11/site-packages/airflow/example_dags/example_trigger_target_dag.py
[2025-06-11T11:30:22.952+0200] {processor.py:829} INFO - Processing file /home/diego.rivero/practica_creativa/env/lib/python3.11/site-packages/airflow/example_dags/example_trigger_target_dag.py for tasks to queue
[2025-06-11T11:30:22.953+0200] {logging_mixin.py:154} INFO - [2025-06-11T11:30:22.952+0200] {dagbag.py:536} INFO - Filling up the DagBag from /home/diego.rivero/practica_creativa/env/lib/python3.11/site-packages/airflow/example_dags/example_trigger_target_dag.py
[2025-06-11T11:30:22.959+0200] {processor.py:839} INFO - DAG(s) dict_keys(['example_trigger_target_dag']) retrieved from /home/diego.rivero/practica_creativa/env/lib/python3.11/site-packages/airflow/example_dags/example_trigger_target_dag.py
[2025-06-11T11:30:22.986+0200] {logging_mixin.py:154} INFO - [2025-06-11T11:30:22.986+0200] {dag.py:2941} INFO - Sync 1 DAGs
[2025-06-11T11:30:23.001+0200] {logging_mixin.py:154} INFO - [2025-06-11T11:30:23.001+0200] {dag.py:3722} INFO - Setting next_dagrun for example_trigger_target_dag to None, run_after=None
[2025-06-11T11:30:23.052+0200] {processor.py:179} INFO - Processing /home/diego.rivero/practica_creativa/env/lib/python3.11/site-packages/airflow/example_dags/example_trigger_target_dag.py took 0.105 seconds
[2025-06-11T11:31:15.026+0200] {processor.py:157} INFO - Started process (PID=69788) to work on /home/diego.rivero/practica_creativa/env/lib/python3.11/site-packages/airflow/example_dags/example_trigger_target_dag.py
[2025-06-11T11:31:15.029+0200] {processor.py:829} INFO - Processing file /home/diego.rivero/practica_creativa/env/lib/python3.11/site-packages/airflow/example_dags/example_trigger_target_dag.py for tasks to queue
[2025-06-11T11:31:15.031+0200] {logging_mixin.py:154} INFO - [2025-06-11T11:31:15.030+0200] {dagbag.py:536} INFO - Filling up the DagBag from /home/diego.rivero/practica_creativa/env/lib/python3.11/site-packages/airflow/example_dags/example_trigger_target_dag.py
[2025-06-11T11:31:15.051+0200] {processor.py:839} INFO - DAG(s) dict_keys(['example_trigger_target_dag']) retrieved from /home/diego.rivero/practica_creativa/env/lib/python3.11/site-packages/airflow/example_dags/example_trigger_target_dag.py
[2025-06-11T11:31:15.095+0200] {logging_mixin.py:154} INFO - [2025-06-11T11:31:15.095+0200] {dag.py:2941} INFO - Sync 1 DAGs
[2025-06-11T11:31:15.117+0200] {logging_mixin.py:154} INFO - [2025-06-11T11:31:15.117+0200] {dag.py:3722} INFO - Setting next_dagrun for example_trigger_target_dag to None, run_after=None
[2025-06-11T11:31:15.175+0200] {processor.py:179} INFO - Processing /home/diego.rivero/practica_creativa/env/lib/python3.11/site-packages/airflow/example_dags/example_trigger_target_dag.py took 0.158 seconds
[2025-06-11T11:32:07.411+0200] {processor.py:157} INFO - Started process (PID=70151) to work on /home/diego.rivero/practica_creativa/env/lib/python3.11/site-packages/airflow/example_dags/example_trigger_target_dag.py
[2025-06-11T11:32:07.412+0200] {processor.py:829} INFO - Processing file /home/diego.rivero/practica_creativa/env/lib/python3.11/site-packages/airflow/example_dags/example_trigger_target_dag.py for tasks to queue
[2025-06-11T11:32:07.413+0200] {logging_mixin.py:154} INFO - [2025-06-11T11:32:07.412+0200] {dagbag.py:536} INFO - Filling up the DagBag from /home/diego.rivero/practica_creativa/env/lib/python3.11/site-packages/airflow/example_dags/example_trigger_target_dag.py
[2025-06-11T11:32:07.422+0200] {processor.py:839} INFO - DAG(s) dict_keys(['example_trigger_target_dag']) retrieved from /home/diego.rivero/practica_creativa/env/lib/python3.11/site-packages/airflow/example_dags/example_trigger_target_dag.py
[2025-06-11T11:32:07.457+0200] {logging_mixin.py:154} INFO - [2025-06-11T11:32:07.457+0200] {dag.py:2941} INFO - Sync 1 DAGs
[2025-06-11T11:32:07.472+0200] {logging_mixin.py:154} INFO - [2025-06-11T11:32:07.472+0200] {dag.py:3722} INFO - Setting next_dagrun for example_trigger_target_dag to None, run_after=None
[2025-06-11T11:32:07.526+0200] {processor.py:179} INFO - Processing /home/diego.rivero/practica_creativa/env/lib/python3.11/site-packages/airflow/example_dags/example_trigger_target_dag.py took 0.117 seconds
[2025-06-11T11:32:58.234+0200] {processor.py:157} INFO - Started process (PID=70506) to work on /home/diego.rivero/practica_creativa/env/lib/python3.11/site-packages/airflow/example_dags/example_trigger_target_dag.py
[2025-06-11T11:32:58.235+0200] {processor.py:829} INFO - Processing file /home/diego.rivero/practica_creativa/env/lib/python3.11/site-packages/airflow/example_dags/example_trigger_target_dag.py for tasks to queue
[2025-06-11T11:32:58.235+0200] {logging_mixin.py:154} INFO - [2025-06-11T11:32:58.235+0200] {dagbag.py:536} INFO - Filling up the DagBag from /home/diego.rivero/practica_creativa/env/lib/python3.11/site-packages/airflow/example_dags/example_trigger_target_dag.py
[2025-06-11T11:32:58.242+0200] {processor.py:839} INFO - DAG(s) dict_keys(['example_trigger_target_dag']) retrieved from /home/diego.rivero/practica_creativa/env/lib/python3.11/site-packages/airflow/example_dags/example_trigger_target_dag.py
[2025-06-11T11:32:58.267+0200] {logging_mixin.py:154} INFO - [2025-06-11T11:32:58.267+0200] {dag.py:2941} INFO - Sync 1 DAGs
[2025-06-11T11:32:58.282+0200] {logging_mixin.py:154} INFO - [2025-06-11T11:32:58.281+0200] {dag.py:3722} INFO - Setting next_dagrun for example_trigger_target_dag to None, run_after=None
[2025-06-11T11:32:58.334+0200] {processor.py:179} INFO - Processing /home/diego.rivero/practica_creativa/env/lib/python3.11/site-packages/airflow/example_dags/example_trigger_target_dag.py took 0.103 seconds
[2025-06-11T11:33:46.097+0200] {processor.py:157} INFO - Started process (PID=70812) to work on /home/diego.rivero/practica_creativa/env/lib/python3.11/site-packages/airflow/example_dags/example_trigger_target_dag.py
[2025-06-11T11:33:46.098+0200] {processor.py:829} INFO - Processing file /home/diego.rivero/practica_creativa/env/lib/python3.11/site-packages/airflow/example_dags/example_trigger_target_dag.py for tasks to queue
[2025-06-11T11:33:46.099+0200] {logging_mixin.py:154} INFO - [2025-06-11T11:33:46.098+0200] {dagbag.py:536} INFO - Filling up the DagBag from /home/diego.rivero/practica_creativa/env/lib/python3.11/site-packages/airflow/example_dags/example_trigger_target_dag.py
[2025-06-11T11:33:46.107+0200] {processor.py:839} INFO - DAG(s) dict_keys(['example_trigger_target_dag']) retrieved from /home/diego.rivero/practica_creativa/env/lib/python3.11/site-packages/airflow/example_dags/example_trigger_target_dag.py
[2025-06-11T11:33:46.133+0200] {logging_mixin.py:154} INFO - [2025-06-11T11:33:46.133+0200] {dag.py:2941} INFO - Sync 1 DAGs
[2025-06-11T11:33:46.148+0200] {logging_mixin.py:154} INFO - [2025-06-11T11:33:46.148+0200] {dag.py:3722} INFO - Setting next_dagrun for example_trigger_target_dag to None, run_after=None
[2025-06-11T11:33:46.219+0200] {processor.py:179} INFO - Processing /home/diego.rivero/practica_creativa/env/lib/python3.11/site-packages/airflow/example_dags/example_trigger_target_dag.py took 0.128 seconds
[2025-06-11T11:34:35.228+0200] {processor.py:157} INFO - Started process (PID=71131) to work on /home/diego.rivero/practica_creativa/env/lib/python3.11/site-packages/airflow/example_dags/example_trigger_target_dag.py
[2025-06-11T11:34:35.228+0200] {processor.py:829} INFO - Processing file /home/diego.rivero/practica_creativa/env/lib/python3.11/site-packages/airflow/example_dags/example_trigger_target_dag.py for tasks to queue
[2025-06-11T11:34:35.229+0200] {logging_mixin.py:154} INFO - [2025-06-11T11:34:35.229+0200] {dagbag.py:536} INFO - Filling up the DagBag from /home/diego.rivero/practica_creativa/env/lib/python3.11/site-packages/airflow/example_dags/example_trigger_target_dag.py
[2025-06-11T11:34:35.236+0200] {processor.py:839} INFO - DAG(s) dict_keys(['example_trigger_target_dag']) retrieved from /home/diego.rivero/practica_creativa/env/lib/python3.11/site-packages/airflow/example_dags/example_trigger_target_dag.py
[2025-06-11T11:34:35.263+0200] {logging_mixin.py:154} INFO - [2025-06-11T11:34:35.263+0200] {dag.py:2941} INFO - Sync 1 DAGs
[2025-06-11T11:34:35.279+0200] {logging_mixin.py:154} INFO - [2025-06-11T11:34:35.279+0200] {dag.py:3722} INFO - Setting next_dagrun for example_trigger_target_dag to None, run_after=None
[2025-06-11T11:34:35.339+0200] {processor.py:179} INFO - Processing /home/diego.rivero/practica_creativa/env/lib/python3.11/site-packages/airflow/example_dags/example_trigger_target_dag.py took 0.114 seconds
[2025-06-11T11:35:27.392+0200] {processor.py:157} INFO - Started process (PID=71487) to work on /home/diego.rivero/practica_creativa/env/lib/python3.11/site-packages/airflow/example_dags/example_trigger_target_dag.py
[2025-06-11T11:35:27.395+0200] {processor.py:829} INFO - Processing file /home/diego.rivero/practica_creativa/env/lib/python3.11/site-packages/airflow/example_dags/example_trigger_target_dag.py for tasks to queue
[2025-06-11T11:35:27.397+0200] {logging_mixin.py:154} INFO - [2025-06-11T11:35:27.396+0200] {dagbag.py:536} INFO - Filling up the DagBag from /home/diego.rivero/practica_creativa/env/lib/python3.11/site-packages/airflow/example_dags/example_trigger_target_dag.py
[2025-06-11T11:35:27.414+0200] {processor.py:839} INFO - DAG(s) dict_keys(['example_trigger_target_dag']) retrieved from /home/diego.rivero/practica_creativa/env/lib/python3.11/site-packages/airflow/example_dags/example_trigger_target_dag.py
[2025-06-11T11:35:27.443+0200] {logging_mixin.py:154} INFO - [2025-06-11T11:35:27.443+0200] {dag.py:2941} INFO - Sync 1 DAGs
[2025-06-11T11:35:27.458+0200] {logging_mixin.py:154} INFO - [2025-06-11T11:35:27.457+0200] {dag.py:3722} INFO - Setting next_dagrun for example_trigger_target_dag to None, run_after=None
[2025-06-11T11:35:27.512+0200] {processor.py:179} INFO - Processing /home/diego.rivero/practica_creativa/env/lib/python3.11/site-packages/airflow/example_dags/example_trigger_target_dag.py took 0.129 seconds
[2025-06-11T11:36:20.888+0200] {processor.py:157} INFO - Started process (PID=71863) to work on /home/diego.rivero/practica_creativa/env/lib/python3.11/site-packages/airflow/example_dags/example_trigger_target_dag.py
[2025-06-11T11:36:20.890+0200] {processor.py:829} INFO - Processing file /home/diego.rivero/practica_creativa/env/lib/python3.11/site-packages/airflow/example_dags/example_trigger_target_dag.py for tasks to queue
[2025-06-11T11:36:20.893+0200] {logging_mixin.py:154} INFO - [2025-06-11T11:36:20.891+0200] {dagbag.py:536} INFO - Filling up the DagBag from /home/diego.rivero/practica_creativa/env/lib/python3.11/site-packages/airflow/example_dags/example_trigger_target_dag.py
[2025-06-11T11:36:20.910+0200] {processor.py:839} INFO - DAG(s) dict_keys(['example_trigger_target_dag']) retrieved from /home/diego.rivero/practica_creativa/env/lib/python3.11/site-packages/airflow/example_dags/example_trigger_target_dag.py
[2025-06-11T11:36:20.939+0200] {logging_mixin.py:154} INFO - [2025-06-11T11:36:20.939+0200] {dag.py:2941} INFO - Sync 1 DAGs
[2025-06-11T11:36:20.954+0200] {logging_mixin.py:154} INFO - [2025-06-11T11:36:20.954+0200] {dag.py:3722} INFO - Setting next_dagrun for example_trigger_target_dag to None, run_after=None
[2025-06-11T11:36:21.005+0200] {processor.py:179} INFO - Processing /home/diego.rivero/practica_creativa/env/lib/python3.11/site-packages/airflow/example_dags/example_trigger_target_dag.py took 0.127 seconds
[2025-06-11T11:37:11.693+0200] {processor.py:157} INFO - Started process (PID=72182) to work on /home/diego.rivero/practica_creativa/env/lib/python3.11/site-packages/airflow/example_dags/example_trigger_target_dag.py
[2025-06-11T11:37:11.693+0200] {processor.py:829} INFO - Processing file /home/diego.rivero/practica_creativa/env/lib/python3.11/site-packages/airflow/example_dags/example_trigger_target_dag.py for tasks to queue
[2025-06-11T11:37:11.694+0200] {logging_mixin.py:154} INFO - [2025-06-11T11:37:11.694+0200] {dagbag.py:536} INFO - Filling up the DagBag from /home/diego.rivero/practica_creativa/env/lib/python3.11/site-packages/airflow/example_dags/example_trigger_target_dag.py
[2025-06-11T11:37:11.699+0200] {processor.py:839} INFO - DAG(s) dict_keys(['example_trigger_target_dag']) retrieved from /home/diego.rivero/practica_creativa/env/lib/python3.11/site-packages/airflow/example_dags/example_trigger_target_dag.py
[2025-06-11T11:37:11.723+0200] {logging_mixin.py:154} INFO - [2025-06-11T11:37:11.723+0200] {dag.py:2941} INFO - Sync 1 DAGs
[2025-06-11T11:37:11.738+0200] {logging_mixin.py:154} INFO - [2025-06-11T11:37:11.738+0200] {dag.py:3722} INFO - Setting next_dagrun for example_trigger_target_dag to None, run_after=None
[2025-06-11T11:37:11.790+0200] {processor.py:179} INFO - Processing /home/diego.rivero/practica_creativa/env/lib/python3.11/site-packages/airflow/example_dags/example_trigger_target_dag.py took 0.100 seconds
