[2025-06-11T11:28:55.959+0200] {processor.py:157} INFO - Started process (PID=68888) to work on /home/diego.rivero/practica_creativa/env/lib/python3.11/site-packages/airflow/example_dags/example_params_trigger_ui.py
[2025-06-11T11:28:55.961+0200] {processor.py:829} INFO - Processing file /home/diego.rivero/practica_creativa/env/lib/python3.11/site-packages/airflow/example_dags/example_params_trigger_ui.py for tasks to queue
[2025-06-11T11:28:55.961+0200] {logging_mixin.py:154} INFO - [2025-06-11T11:28:55.961+0200] {dagbag.py:536} INFO - Filling up the DagBag from /home/diego.rivero/practica_creativa/env/lib/python3.11/site-packages/airflow/example_dags/example_params_trigger_ui.py
[2025-06-11T11:28:55.980+0200] {processor.py:839} INFO - DAG(s) dict_keys(['example_params_trigger_ui']) retrieved from /home/diego.rivero/practica_creativa/env/lib/python3.11/site-packages/airflow/example_dags/example_params_trigger_ui.py
[2025-06-11T11:28:56.024+0200] {logging_mixin.py:154} INFO - [2025-06-11T11:28:56.024+0200] {dag.py:2941} INFO - Sync 1 DAGs
[2025-06-11T11:28:56.038+0200] {logging_mixin.py:154} INFO - [2025-06-11T11:28:56.038+0200] {dag.py:3722} INFO - Setting next_dagrun for example_params_trigger_ui to None, run_after=None
[2025-06-11T11:28:56.089+0200] {processor.py:179} INFO - Processing /home/diego.rivero/practica_creativa/env/lib/python3.11/site-packages/airflow/example_dags/example_params_trigger_ui.py took 0.134 seconds
[2025-06-11T11:29:52.178+0200] {processor.py:157} INFO - Started process (PID=69272) to work on /home/diego.rivero/practica_creativa/env/lib/python3.11/site-packages/airflow/example_dags/example_params_trigger_ui.py
[2025-06-11T11:29:52.181+0200] {processor.py:829} INFO - Processing file /home/diego.rivero/practica_creativa/env/lib/python3.11/site-packages/airflow/example_dags/example_params_trigger_ui.py for tasks to queue
[2025-06-11T11:29:52.183+0200] {logging_mixin.py:154} INFO - [2025-06-11T11:29:52.182+0200] {dagbag.py:536} INFO - Filling up the DagBag from /home/diego.rivero/practica_creativa/env/lib/python3.11/site-packages/airflow/example_dags/example_params_trigger_ui.py
[2025-06-11T11:29:52.235+0200] {processor.py:839} INFO - DAG(s) dict_keys(['example_params_trigger_ui']) retrieved from /home/diego.rivero/practica_creativa/env/lib/python3.11/site-packages/airflow/example_dags/example_params_trigger_ui.py
[2025-06-11T11:29:52.305+0200] {logging_mixin.py:154} INFO - [2025-06-11T11:29:52.305+0200] {dag.py:2941} INFO - Sync 1 DAGs
[2025-06-11T11:29:52.320+0200] {logging_mixin.py:154} INFO - [2025-06-11T11:29:52.320+0200] {dag.py:3722} INFO - Setting next_dagrun for example_params_trigger_ui to None, run_after=None
[2025-06-11T11:29:52.371+0200] {processor.py:179} INFO - Processing /home/diego.rivero/practica_creativa/env/lib/python3.11/site-packages/airflow/example_dags/example_params_trigger_ui.py took 0.202 seconds
[2025-06-11T11:30:46.868+0200] {processor.py:157} INFO - Started process (PID=69648) to work on /home/diego.rivero/practica_creativa/env/lib/python3.11/site-packages/airflow/example_dags/example_params_trigger_ui.py
[2025-06-11T11:30:46.871+0200] {processor.py:829} INFO - Processing file /home/diego.rivero/practica_creativa/env/lib/python3.11/site-packages/airflow/example_dags/example_params_trigger_ui.py for tasks to queue
[2025-06-11T11:30:46.873+0200] {logging_mixin.py:154} INFO - [2025-06-11T11:30:46.872+0200] {dagbag.py:536} INFO - Filling up the DagBag from /home/diego.rivero/practica_creativa/env/lib/python3.11/site-packages/airflow/example_dags/example_params_trigger_ui.py
[2025-06-11T11:30:46.899+0200] {processor.py:839} INFO - DAG(s) dict_keys(['example_params_trigger_ui']) retrieved from /home/diego.rivero/practica_creativa/env/lib/python3.11/site-packages/airflow/example_dags/example_params_trigger_ui.py
[2025-06-11T11:30:46.946+0200] {logging_mixin.py:154} INFO - [2025-06-11T11:30:46.946+0200] {dag.py:2941} INFO - Sync 1 DAGs
[2025-06-11T11:30:46.960+0200] {logging_mixin.py:154} INFO - [2025-06-11T11:30:46.960+0200] {dag.py:3722} INFO - Setting next_dagrun for example_params_trigger_ui to None, run_after=None
[2025-06-11T11:30:47.017+0200] {processor.py:179} INFO - Processing /home/diego.rivero/practica_creativa/env/lib/python3.11/site-packages/airflow/example_dags/example_params_trigger_ui.py took 0.158 seconds
[2025-06-11T11:31:40.447+0200] {processor.py:157} INFO - Started process (PID=69985) to work on /home/diego.rivero/practica_creativa/env/lib/python3.11/site-packages/airflow/example_dags/example_params_trigger_ui.py
[2025-06-11T11:31:40.449+0200] {processor.py:829} INFO - Processing file /home/diego.rivero/practica_creativa/env/lib/python3.11/site-packages/airflow/example_dags/example_params_trigger_ui.py for tasks to queue
[2025-06-11T11:31:40.450+0200] {logging_mixin.py:154} INFO - [2025-06-11T11:31:40.450+0200] {dagbag.py:536} INFO - Filling up the DagBag from /home/diego.rivero/practica_creativa/env/lib/python3.11/site-packages/airflow/example_dags/example_params_trigger_ui.py
[2025-06-11T11:31:40.470+0200] {processor.py:839} INFO - DAG(s) dict_keys(['example_params_trigger_ui']) retrieved from /home/diego.rivero/practica_creativa/env/lib/python3.11/site-packages/airflow/example_dags/example_params_trigger_ui.py
[2025-06-11T11:31:40.518+0200] {logging_mixin.py:154} INFO - [2025-06-11T11:31:40.518+0200] {dag.py:2941} INFO - Sync 1 DAGs
[2025-06-11T11:31:40.533+0200] {logging_mixin.py:154} INFO - [2025-06-11T11:31:40.533+0200] {dag.py:3722} INFO - Setting next_dagrun for example_params_trigger_ui to None, run_after=None
[2025-06-11T11:31:40.586+0200] {processor.py:179} INFO - Processing /home/diego.rivero/practica_creativa/env/lib/python3.11/site-packages/airflow/example_dags/example_params_trigger_ui.py took 0.144 seconds
[2025-06-11T11:32:26.181+0200] {processor.py:157} INFO - Started process (PID=70282) to work on /home/diego.rivero/practica_creativa/env/lib/python3.11/site-packages/airflow/example_dags/example_params_trigger_ui.py
[2025-06-11T11:32:26.182+0200] {processor.py:829} INFO - Processing file /home/diego.rivero/practica_creativa/env/lib/python3.11/site-packages/airflow/example_dags/example_params_trigger_ui.py for tasks to queue
[2025-06-11T11:32:26.183+0200] {logging_mixin.py:154} INFO - [2025-06-11T11:32:26.182+0200] {dagbag.py:536} INFO - Filling up the DagBag from /home/diego.rivero/practica_creativa/env/lib/python3.11/site-packages/airflow/example_dags/example_params_trigger_ui.py
[2025-06-11T11:32:26.199+0200] {processor.py:839} INFO - DAG(s) dict_keys(['example_params_trigger_ui']) retrieved from /home/diego.rivero/practica_creativa/env/lib/python3.11/site-packages/airflow/example_dags/example_params_trigger_ui.py
[2025-06-11T11:32:26.244+0200] {logging_mixin.py:154} INFO - [2025-06-11T11:32:26.243+0200] {dag.py:2941} INFO - Sync 1 DAGs
[2025-06-11T11:32:26.257+0200] {logging_mixin.py:154} INFO - [2025-06-11T11:32:26.257+0200] {dag.py:3722} INFO - Setting next_dagrun for example_params_trigger_ui to None, run_after=None
[2025-06-11T11:32:26.307+0200] {processor.py:179} INFO - Processing /home/diego.rivero/practica_creativa/env/lib/python3.11/site-packages/airflow/example_dags/example_params_trigger_ui.py took 0.129 seconds
[2025-06-11T11:33:18.475+0200] {processor.py:157} INFO - Started process (PID=70654) to work on /home/diego.rivero/practica_creativa/env/lib/python3.11/site-packages/airflow/example_dags/example_params_trigger_ui.py
[2025-06-11T11:33:18.476+0200] {processor.py:829} INFO - Processing file /home/diego.rivero/practica_creativa/env/lib/python3.11/site-packages/airflow/example_dags/example_params_trigger_ui.py for tasks to queue
[2025-06-11T11:33:18.477+0200] {logging_mixin.py:154} INFO - [2025-06-11T11:33:18.476+0200] {dagbag.py:536} INFO - Filling up the DagBag from /home/diego.rivero/practica_creativa/env/lib/python3.11/site-packages/airflow/example_dags/example_params_trigger_ui.py
[2025-06-11T11:33:18.501+0200] {processor.py:839} INFO - DAG(s) dict_keys(['example_params_trigger_ui']) retrieved from /home/diego.rivero/practica_creativa/env/lib/python3.11/site-packages/airflow/example_dags/example_params_trigger_ui.py
[2025-06-11T11:33:18.548+0200] {logging_mixin.py:154} INFO - [2025-06-11T11:33:18.548+0200] {dag.py:2941} INFO - Sync 1 DAGs
[2025-06-11T11:33:18.563+0200] {logging_mixin.py:154} INFO - [2025-06-11T11:33:18.562+0200] {dag.py:3722} INFO - Setting next_dagrun for example_params_trigger_ui to None, run_after=None
[2025-06-11T11:33:18.614+0200] {processor.py:179} INFO - Processing /home/diego.rivero/practica_creativa/env/lib/python3.11/site-packages/airflow/example_dags/example_params_trigger_ui.py took 0.144 seconds
[2025-06-11T11:34:12.770+0200] {processor.py:157} INFO - Started process (PID=70979) to work on /home/diego.rivero/practica_creativa/env/lib/python3.11/site-packages/airflow/example_dags/example_params_trigger_ui.py
[2025-06-11T11:34:12.771+0200] {processor.py:829} INFO - Processing file /home/diego.rivero/practica_creativa/env/lib/python3.11/site-packages/airflow/example_dags/example_params_trigger_ui.py for tasks to queue
[2025-06-11T11:34:12.772+0200] {logging_mixin.py:154} INFO - [2025-06-11T11:34:12.772+0200] {dagbag.py:536} INFO - Filling up the DagBag from /home/diego.rivero/practica_creativa/env/lib/python3.11/site-packages/airflow/example_dags/example_params_trigger_ui.py
[2025-06-11T11:34:12.790+0200] {processor.py:839} INFO - DAG(s) dict_keys(['example_params_trigger_ui']) retrieved from /home/diego.rivero/practica_creativa/env/lib/python3.11/site-packages/airflow/example_dags/example_params_trigger_ui.py
[2025-06-11T11:34:12.841+0200] {logging_mixin.py:154} INFO - [2025-06-11T11:34:12.841+0200] {dag.py:2941} INFO - Sync 1 DAGs
[2025-06-11T11:34:12.856+0200] {logging_mixin.py:154} INFO - [2025-06-11T11:34:12.856+0200] {dag.py:3722} INFO - Setting next_dagrun for example_params_trigger_ui to None, run_after=None
[2025-06-11T11:34:12.911+0200] {processor.py:179} INFO - Processing /home/diego.rivero/practica_creativa/env/lib/python3.11/site-packages/airflow/example_dags/example_params_trigger_ui.py took 0.143 seconds
[2025-06-11T11:35:00.831+0200] {processor.py:157} INFO - Started process (PID=71318) to work on /home/diego.rivero/practica_creativa/env/lib/python3.11/site-packages/airflow/example_dags/example_params_trigger_ui.py
[2025-06-11T11:35:00.833+0200] {processor.py:829} INFO - Processing file /home/diego.rivero/practica_creativa/env/lib/python3.11/site-packages/airflow/example_dags/example_params_trigger_ui.py for tasks to queue
[2025-06-11T11:35:00.836+0200] {logging_mixin.py:154} INFO - [2025-06-11T11:35:00.835+0200] {dagbag.py:536} INFO - Filling up the DagBag from /home/diego.rivero/practica_creativa/env/lib/python3.11/site-packages/airflow/example_dags/example_params_trigger_ui.py
[2025-06-11T11:35:00.862+0200] {processor.py:839} INFO - DAG(s) dict_keys(['example_params_trigger_ui']) retrieved from /home/diego.rivero/practica_creativa/env/lib/python3.11/site-packages/airflow/example_dags/example_params_trigger_ui.py
[2025-06-11T11:35:00.909+0200] {logging_mixin.py:154} INFO - [2025-06-11T11:35:00.908+0200] {dag.py:2941} INFO - Sync 1 DAGs
[2025-06-11T11:35:00.922+0200] {logging_mixin.py:154} INFO - [2025-06-11T11:35:00.922+0200] {dag.py:3722} INFO - Setting next_dagrun for example_params_trigger_ui to None, run_after=None
[2025-06-11T11:35:00.988+0200] {processor.py:179} INFO - Processing /home/diego.rivero/practica_creativa/env/lib/python3.11/site-packages/airflow/example_dags/example_params_trigger_ui.py took 0.167 seconds
[2025-06-11T11:35:55.719+0200] {processor.py:157} INFO - Started process (PID=71699) to work on /home/diego.rivero/practica_creativa/env/lib/python3.11/site-packages/airflow/example_dags/example_params_trigger_ui.py
[2025-06-11T11:35:55.721+0200] {processor.py:829} INFO - Processing file /home/diego.rivero/practica_creativa/env/lib/python3.11/site-packages/airflow/example_dags/example_params_trigger_ui.py for tasks to queue
[2025-06-11T11:35:55.723+0200] {logging_mixin.py:154} INFO - [2025-06-11T11:35:55.722+0200] {dagbag.py:536} INFO - Filling up the DagBag from /home/diego.rivero/practica_creativa/env/lib/python3.11/site-packages/airflow/example_dags/example_params_trigger_ui.py
[2025-06-11T11:35:55.769+0200] {processor.py:839} INFO - DAG(s) dict_keys(['example_params_trigger_ui']) retrieved from /home/diego.rivero/practica_creativa/env/lib/python3.11/site-packages/airflow/example_dags/example_params_trigger_ui.py
[2025-06-11T11:35:55.823+0200] {logging_mixin.py:154} INFO - [2025-06-11T11:35:55.823+0200] {dag.py:2941} INFO - Sync 1 DAGs
[2025-06-11T11:35:55.837+0200] {logging_mixin.py:154} INFO - [2025-06-11T11:35:55.837+0200] {dag.py:3722} INFO - Setting next_dagrun for example_params_trigger_ui to None, run_after=None
[2025-06-11T11:35:55.891+0200] {processor.py:179} INFO - Processing /home/diego.rivero/practica_creativa/env/lib/python3.11/site-packages/airflow/example_dags/example_params_trigger_ui.py took 0.182 seconds
[2025-06-11T11:36:48.927+0200] {processor.py:157} INFO - Started process (PID=72067) to work on /home/diego.rivero/practica_creativa/env/lib/python3.11/site-packages/airflow/example_dags/example_params_trigger_ui.py
[2025-06-11T11:36:48.929+0200] {processor.py:829} INFO - Processing file /home/diego.rivero/practica_creativa/env/lib/python3.11/site-packages/airflow/example_dags/example_params_trigger_ui.py for tasks to queue
[2025-06-11T11:36:48.931+0200] {logging_mixin.py:154} INFO - [2025-06-11T11:36:48.930+0200] {dagbag.py:536} INFO - Filling up the DagBag from /home/diego.rivero/practica_creativa/env/lib/python3.11/site-packages/airflow/example_dags/example_params_trigger_ui.py
[2025-06-11T11:36:48.957+0200] {processor.py:839} INFO - DAG(s) dict_keys(['example_params_trigger_ui']) retrieved from /home/diego.rivero/practica_creativa/env/lib/python3.11/site-packages/airflow/example_dags/example_params_trigger_ui.py
[2025-06-11T11:36:49.002+0200] {logging_mixin.py:154} INFO - [2025-06-11T11:36:49.002+0200] {dag.py:2941} INFO - Sync 1 DAGs
[2025-06-11T11:36:49.017+0200] {logging_mixin.py:154} INFO - [2025-06-11T11:36:49.016+0200] {dag.py:3722} INFO - Setting next_dagrun for example_params_trigger_ui to None, run_after=None
[2025-06-11T11:36:49.068+0200] {processor.py:179} INFO - Processing /home/diego.rivero/practica_creativa/env/lib/python3.11/site-packages/airflow/example_dags/example_params_trigger_ui.py took 0.152 seconds
