[2025-06-11T11:29:04.187+0200] {processor.py:157} INFO - Started process (PID=68923) to work on /home/diego.rivero/practica_creativa/env/lib/python3.11/site-packages/airflow/example_dags/example_dynamic_task_mapping_with_no_taskflow_operators.py
[2025-06-11T11:29:04.188+0200] {processor.py:829} INFO - Processing file /home/diego.rivero/practica_creativa/env/lib/python3.11/site-packages/airflow/example_dags/example_dynamic_task_mapping_with_no_taskflow_operators.py for tasks to queue
[2025-06-11T11:29:04.189+0200] {logging_mixin.py:154} INFO - [2025-06-11T11:29:04.189+0200] {dagbag.py:536} INFO - Filling up the DagBag from /home/diego.rivero/practica_creativa/env/lib/python3.11/site-packages/airflow/example_dags/example_dynamic_task_mapping_with_no_taskflow_operators.py
[2025-06-11T11:29:04.197+0200] {processor.py:839} INFO - DAG(s) dict_keys(['example_dynamic_task_mapping_with_no_taskflow_operators']) retrieved from /home/diego.rivero/practica_creativa/env/lib/python3.11/site-packages/airflow/example_dags/example_dynamic_task_mapping_with_no_taskflow_operators.py
[2025-06-11T11:29:04.220+0200] {logging_mixin.py:154} INFO - [2025-06-11T11:29:04.220+0200] {dag.py:2941} INFO - Sync 1 DAGs
[2025-06-11T11:29:04.246+0200] {logging_mixin.py:154} INFO - [2025-06-11T11:29:04.246+0200] {dag.py:3722} INFO - Setting next_dagrun for example_dynamic_task_mapping_with_no_taskflow_operators to 2025-06-10T09:29:04.246032+00:00, run_after=2025-06-11T09:29:04.246032+00:00
[2025-06-11T11:29:04.296+0200] {processor.py:179} INFO - Processing /home/diego.rivero/practica_creativa/env/lib/python3.11/site-packages/airflow/example_dags/example_dynamic_task_mapping_with_no_taskflow_operators.py took 0.112 seconds
[2025-06-11T11:29:59.771+0200] {processor.py:157} INFO - Started process (PID=69316) to work on /home/diego.rivero/practica_creativa/env/lib/python3.11/site-packages/airflow/example_dags/example_dynamic_task_mapping_with_no_taskflow_operators.py
[2025-06-11T11:29:59.772+0200] {processor.py:829} INFO - Processing file /home/diego.rivero/practica_creativa/env/lib/python3.11/site-packages/airflow/example_dags/example_dynamic_task_mapping_with_no_taskflow_operators.py for tasks to queue
[2025-06-11T11:29:59.773+0200] {logging_mixin.py:154} INFO - [2025-06-11T11:29:59.773+0200] {dagbag.py:536} INFO - Filling up the DagBag from /home/diego.rivero/practica_creativa/env/lib/python3.11/site-packages/airflow/example_dags/example_dynamic_task_mapping_with_no_taskflow_operators.py
[2025-06-11T11:29:59.785+0200] {processor.py:839} INFO - DAG(s) dict_keys(['example_dynamic_task_mapping_with_no_taskflow_operators']) retrieved from /home/diego.rivero/practica_creativa/env/lib/python3.11/site-packages/airflow/example_dags/example_dynamic_task_mapping_with_no_taskflow_operators.py
[2025-06-11T11:29:59.812+0200] {logging_mixin.py:154} INFO - [2025-06-11T11:29:59.811+0200] {dag.py:2941} INFO - Sync 1 DAGs
[2025-06-11T11:29:59.838+0200] {logging_mixin.py:154} INFO - [2025-06-11T11:29:59.838+0200] {dag.py:3722} INFO - Setting next_dagrun for example_dynamic_task_mapping_with_no_taskflow_operators to 2025-06-10T09:29:59.837953+00:00, run_after=2025-06-11T09:29:59.837953+00:00
[2025-06-11T11:29:59.902+0200] {processor.py:179} INFO - Processing /home/diego.rivero/practica_creativa/env/lib/python3.11/site-packages/airflow/example_dags/example_dynamic_task_mapping_with_no_taskflow_operators.py took 0.136 seconds
[2025-06-11T11:30:56.129+0200] {processor.py:157} INFO - Started process (PID=69699) to work on /home/diego.rivero/practica_creativa/env/lib/python3.11/site-packages/airflow/example_dags/example_dynamic_task_mapping_with_no_taskflow_operators.py
[2025-06-11T11:30:56.129+0200] {processor.py:829} INFO - Processing file /home/diego.rivero/practica_creativa/env/lib/python3.11/site-packages/airflow/example_dags/example_dynamic_task_mapping_with_no_taskflow_operators.py for tasks to queue
[2025-06-11T11:30:56.130+0200] {logging_mixin.py:154} INFO - [2025-06-11T11:30:56.130+0200] {dagbag.py:536} INFO - Filling up the DagBag from /home/diego.rivero/practica_creativa/env/lib/python3.11/site-packages/airflow/example_dags/example_dynamic_task_mapping_with_no_taskflow_operators.py
[2025-06-11T11:30:56.137+0200] {processor.py:839} INFO - DAG(s) dict_keys(['example_dynamic_task_mapping_with_no_taskflow_operators']) retrieved from /home/diego.rivero/practica_creativa/env/lib/python3.11/site-packages/airflow/example_dags/example_dynamic_task_mapping_with_no_taskflow_operators.py
[2025-06-11T11:30:56.160+0200] {logging_mixin.py:154} INFO - [2025-06-11T11:30:56.160+0200] {dag.py:2941} INFO - Sync 1 DAGs
[2025-06-11T11:30:56.185+0200] {logging_mixin.py:154} INFO - [2025-06-11T11:30:56.185+0200] {dag.py:3722} INFO - Setting next_dagrun for example_dynamic_task_mapping_with_no_taskflow_operators to 2025-06-10T09:30:56.185528+00:00, run_after=2025-06-11T09:30:56.185528+00:00
[2025-06-11T11:30:56.238+0200] {processor.py:179} INFO - Processing /home/diego.rivero/practica_creativa/env/lib/python3.11/site-packages/airflow/example_dags/example_dynamic_task_mapping_with_no_taskflow_operators.py took 0.112 seconds
[2025-06-11T11:32:35.423+0200] {processor.py:157} INFO - Started process (PID=70324) to work on /home/diego.rivero/practica_creativa/env/lib/python3.11/site-packages/airflow/example_dags/example_dynamic_task_mapping_with_no_taskflow_operators.py
[2025-06-11T11:32:35.425+0200] {processor.py:829} INFO - Processing file /home/diego.rivero/practica_creativa/env/lib/python3.11/site-packages/airflow/example_dags/example_dynamic_task_mapping_with_no_taskflow_operators.py for tasks to queue
[2025-06-11T11:32:35.426+0200] {logging_mixin.py:154} INFO - [2025-06-11T11:32:35.425+0200] {dagbag.py:536} INFO - Filling up the DagBag from /home/diego.rivero/practica_creativa/env/lib/python3.11/site-packages/airflow/example_dags/example_dynamic_task_mapping_with_no_taskflow_operators.py
[2025-06-11T11:32:35.435+0200] {processor.py:839} INFO - DAG(s) dict_keys(['example_dynamic_task_mapping_with_no_taskflow_operators']) retrieved from /home/diego.rivero/practica_creativa/env/lib/python3.11/site-packages/airflow/example_dags/example_dynamic_task_mapping_with_no_taskflow_operators.py
[2025-06-11T11:32:35.460+0200] {logging_mixin.py:154} INFO - [2025-06-11T11:32:35.460+0200] {dag.py:2941} INFO - Sync 1 DAGs
[2025-06-11T11:32:35.487+0200] {logging_mixin.py:154} INFO - [2025-06-11T11:32:35.487+0200] {dag.py:3722} INFO - Setting next_dagrun for example_dynamic_task_mapping_with_no_taskflow_operators to 2025-06-10T09:32:35.487313+00:00, run_after=2025-06-11T09:32:35.487313+00:00
[2025-06-11T11:32:35.541+0200] {processor.py:179} INFO - Processing /home/diego.rivero/practica_creativa/env/lib/python3.11/site-packages/airflow/example_dags/example_dynamic_task_mapping_with_no_taskflow_operators.py took 0.123 seconds
[2025-06-11T11:33:27.475+0200] {processor.py:157} INFO - Started process (PID=70694) to work on /home/diego.rivero/practica_creativa/env/lib/python3.11/site-packages/airflow/example_dags/example_dynamic_task_mapping_with_no_taskflow_operators.py
[2025-06-11T11:33:27.477+0200] {processor.py:829} INFO - Processing file /home/diego.rivero/practica_creativa/env/lib/python3.11/site-packages/airflow/example_dags/example_dynamic_task_mapping_with_no_taskflow_operators.py for tasks to queue
[2025-06-11T11:33:27.478+0200] {logging_mixin.py:154} INFO - [2025-06-11T11:33:27.477+0200] {dagbag.py:536} INFO - Filling up the DagBag from /home/diego.rivero/practica_creativa/env/lib/python3.11/site-packages/airflow/example_dags/example_dynamic_task_mapping_with_no_taskflow_operators.py
[2025-06-11T11:33:27.491+0200] {processor.py:839} INFO - DAG(s) dict_keys(['example_dynamic_task_mapping_with_no_taskflow_operators']) retrieved from /home/diego.rivero/practica_creativa/env/lib/python3.11/site-packages/airflow/example_dags/example_dynamic_task_mapping_with_no_taskflow_operators.py
[2025-06-11T11:33:27.528+0200] {logging_mixin.py:154} INFO - [2025-06-11T11:33:27.527+0200] {dag.py:2941} INFO - Sync 1 DAGs
[2025-06-11T11:33:27.564+0200] {logging_mixin.py:154} INFO - [2025-06-11T11:33:27.564+0200] {dag.py:3722} INFO - Setting next_dagrun for example_dynamic_task_mapping_with_no_taskflow_operators to 2025-06-10T09:33:27.564578+00:00, run_after=2025-06-11T09:33:27.564578+00:00
[2025-06-11T11:33:27.613+0200] {processor.py:179} INFO - Processing /home/diego.rivero/practica_creativa/env/lib/python3.11/site-packages/airflow/example_dags/example_dynamic_task_mapping_with_no_taskflow_operators.py took 0.143 seconds
[2025-06-11T11:34:21.470+0200] {processor.py:157} INFO - Started process (PID=71063) to work on /home/diego.rivero/practica_creativa/env/lib/python3.11/site-packages/airflow/example_dags/example_dynamic_task_mapping_with_no_taskflow_operators.py
[2025-06-11T11:34:21.473+0200] {processor.py:829} INFO - Processing file /home/diego.rivero/practica_creativa/env/lib/python3.11/site-packages/airflow/example_dags/example_dynamic_task_mapping_with_no_taskflow_operators.py for tasks to queue
[2025-06-11T11:34:21.475+0200] {logging_mixin.py:154} INFO - [2025-06-11T11:34:21.474+0200] {dagbag.py:536} INFO - Filling up the DagBag from /home/diego.rivero/practica_creativa/env/lib/python3.11/site-packages/airflow/example_dags/example_dynamic_task_mapping_with_no_taskflow_operators.py
[2025-06-11T11:34:21.496+0200] {processor.py:839} INFO - DAG(s) dict_keys(['example_dynamic_task_mapping_with_no_taskflow_operators']) retrieved from /home/diego.rivero/practica_creativa/env/lib/python3.11/site-packages/airflow/example_dags/example_dynamic_task_mapping_with_no_taskflow_operators.py
[2025-06-11T11:34:21.527+0200] {logging_mixin.py:154} INFO - [2025-06-11T11:34:21.527+0200] {dag.py:2941} INFO - Sync 1 DAGs
[2025-06-11T11:34:21.556+0200] {logging_mixin.py:154} INFO - [2025-06-11T11:34:21.555+0200] {dag.py:3722} INFO - Setting next_dagrun for example_dynamic_task_mapping_with_no_taskflow_operators to 2025-06-10T09:34:21.555645+00:00, run_after=2025-06-11T09:34:21.555645+00:00
[2025-06-11T11:34:21.618+0200] {processor.py:179} INFO - Processing /home/diego.rivero/practica_creativa/env/lib/python3.11/site-packages/airflow/example_dags/example_dynamic_task_mapping_with_no_taskflow_operators.py took 0.159 seconds
[2025-06-11T11:35:36.816+0200] {processor.py:157} INFO - Started process (PID=71528) to work on /home/diego.rivero/practica_creativa/env/lib/python3.11/site-packages/airflow/example_dags/example_dynamic_task_mapping_with_no_taskflow_operators.py
[2025-06-11T11:35:36.819+0200] {processor.py:829} INFO - Processing file /home/diego.rivero/practica_creativa/env/lib/python3.11/site-packages/airflow/example_dags/example_dynamic_task_mapping_with_no_taskflow_operators.py for tasks to queue
[2025-06-11T11:35:36.821+0200] {logging_mixin.py:154} INFO - [2025-06-11T11:35:36.820+0200] {dagbag.py:536} INFO - Filling up the DagBag from /home/diego.rivero/practica_creativa/env/lib/python3.11/site-packages/airflow/example_dags/example_dynamic_task_mapping_with_no_taskflow_operators.py
[2025-06-11T11:35:36.843+0200] {processor.py:839} INFO - DAG(s) dict_keys(['example_dynamic_task_mapping_with_no_taskflow_operators']) retrieved from /home/diego.rivero/practica_creativa/env/lib/python3.11/site-packages/airflow/example_dags/example_dynamic_task_mapping_with_no_taskflow_operators.py
[2025-06-11T11:35:36.873+0200] {logging_mixin.py:154} INFO - [2025-06-11T11:35:36.872+0200] {dag.py:2941} INFO - Sync 1 DAGs
[2025-06-11T11:35:36.900+0200] {logging_mixin.py:154} INFO - [2025-06-11T11:35:36.900+0200] {dag.py:3722} INFO - Setting next_dagrun for example_dynamic_task_mapping_with_no_taskflow_operators to 2025-06-10T09:35:36.899808+00:00, run_after=2025-06-11T09:35:36.899808+00:00
[2025-06-11T11:35:36.952+0200] {processor.py:179} INFO - Processing /home/diego.rivero/practica_creativa/env/lib/python3.11/site-packages/airflow/example_dags/example_dynamic_task_mapping_with_no_taskflow_operators.py took 0.146 seconds
[2025-06-11T11:36:29.585+0200] {processor.py:157} INFO - Started process (PID=71905) to work on /home/diego.rivero/practica_creativa/env/lib/python3.11/site-packages/airflow/example_dags/example_dynamic_task_mapping_with_no_taskflow_operators.py
[2025-06-11T11:36:29.588+0200] {processor.py:829} INFO - Processing file /home/diego.rivero/practica_creativa/env/lib/python3.11/site-packages/airflow/example_dags/example_dynamic_task_mapping_with_no_taskflow_operators.py for tasks to queue
[2025-06-11T11:36:29.590+0200] {logging_mixin.py:154} INFO - [2025-06-11T11:36:29.589+0200] {dagbag.py:536} INFO - Filling up the DagBag from /home/diego.rivero/practica_creativa/env/lib/python3.11/site-packages/airflow/example_dags/example_dynamic_task_mapping_with_no_taskflow_operators.py
[2025-06-11T11:36:29.606+0200] {processor.py:839} INFO - DAG(s) dict_keys(['example_dynamic_task_mapping_with_no_taskflow_operators']) retrieved from /home/diego.rivero/practica_creativa/env/lib/python3.11/site-packages/airflow/example_dags/example_dynamic_task_mapping_with_no_taskflow_operators.py
[2025-06-11T11:36:29.631+0200] {logging_mixin.py:154} INFO - [2025-06-11T11:36:29.631+0200] {dag.py:2941} INFO - Sync 1 DAGs
[2025-06-11T11:36:29.660+0200] {logging_mixin.py:154} INFO - [2025-06-11T11:36:29.660+0200] {dag.py:3722} INFO - Setting next_dagrun for example_dynamic_task_mapping_with_no_taskflow_operators to 2025-06-10T09:36:29.660503+00:00, run_after=2025-06-11T09:36:29.660503+00:00
[2025-06-11T11:36:29.725+0200] {processor.py:179} INFO - Processing /home/diego.rivero/practica_creativa/env/lib/python3.11/site-packages/airflow/example_dags/example_dynamic_task_mapping_with_no_taskflow_operators.py took 0.149 seconds
