[2025-06-11T11:29:02.575+0200] {processor.py:157} INFO - Started process (PID=68918) to work on /home/diego.rivero/practica_creativa/env/lib/python3.11/site-packages/airflow/example_dags/example_external_task_marker_dag.py
[2025-06-11T11:29:02.576+0200] {processor.py:829} INFO - Processing file /home/diego.rivero/practica_creativa/env/lib/python3.11/site-packages/airflow/example_dags/example_external_task_marker_dag.py for tasks to queue
[2025-06-11T11:29:02.577+0200] {logging_mixin.py:154} INFO - [2025-06-11T11:29:02.577+0200] {dagbag.py:536} INFO - Filling up the DagBag from /home/diego.rivero/practica_creativa/env/lib/python3.11/site-packages/airflow/example_dags/example_external_task_marker_dag.py
[2025-06-11T11:29:02.587+0200] {processor.py:839} INFO - DAG(s) dict_keys(['example_external_task_marker_parent', 'example_external_task_marker_child']) retrieved from /home/diego.rivero/practica_creativa/env/lib/python3.11/site-packages/airflow/example_dags/example_external_task_marker_dag.py
[2025-06-11T11:29:02.625+0200] {logging_mixin.py:154} INFO - [2025-06-11T11:29:02.625+0200] {dag.py:2941} INFO - Sync 2 DAGs
[2025-06-11T11:29:02.642+0200] {logging_mixin.py:154} INFO - [2025-06-11T11:29:02.642+0200] {dag.py:3722} INFO - Setting next_dagrun for example_external_task_marker_child to None, run_after=None
[2025-06-11T11:29:02.648+0200] {logging_mixin.py:154} INFO - [2025-06-11T11:29:02.648+0200] {dag.py:3722} INFO - Setting next_dagrun for example_external_task_marker_parent to None, run_after=None
[2025-06-11T11:29:02.702+0200] {processor.py:179} INFO - Processing /home/diego.rivero/practica_creativa/env/lib/python3.11/site-packages/airflow/example_dags/example_external_task_marker_dag.py took 0.132 seconds
[2025-06-11T11:29:57.944+0200] {processor.py:157} INFO - Started process (PID=69302) to work on /home/diego.rivero/practica_creativa/env/lib/python3.11/site-packages/airflow/example_dags/example_external_task_marker_dag.py
[2025-06-11T11:29:57.947+0200] {processor.py:829} INFO - Processing file /home/diego.rivero/practica_creativa/env/lib/python3.11/site-packages/airflow/example_dags/example_external_task_marker_dag.py for tasks to queue
[2025-06-11T11:29:57.949+0200] {logging_mixin.py:154} INFO - [2025-06-11T11:29:57.948+0200] {dagbag.py:536} INFO - Filling up the DagBag from /home/diego.rivero/practica_creativa/env/lib/python3.11/site-packages/airflow/example_dags/example_external_task_marker_dag.py
[2025-06-11T11:29:57.971+0200] {processor.py:839} INFO - DAG(s) dict_keys(['example_external_task_marker_parent', 'example_external_task_marker_child']) retrieved from /home/diego.rivero/practica_creativa/env/lib/python3.11/site-packages/airflow/example_dags/example_external_task_marker_dag.py
[2025-06-11T11:29:58.027+0200] {logging_mixin.py:154} INFO - [2025-06-11T11:29:58.026+0200] {dag.py:2941} INFO - Sync 2 DAGs
[2025-06-11T11:29:58.053+0200] {logging_mixin.py:154} INFO - [2025-06-11T11:29:58.053+0200] {dag.py:3722} INFO - Setting next_dagrun for example_external_task_marker_child to None, run_after=None
[2025-06-11T11:29:58.063+0200] {logging_mixin.py:154} INFO - [2025-06-11T11:29:58.063+0200] {dag.py:3722} INFO - Setting next_dagrun for example_external_task_marker_parent to None, run_after=None
[2025-06-11T11:29:58.138+0200] {processor.py:179} INFO - Processing /home/diego.rivero/practica_creativa/env/lib/python3.11/site-packages/airflow/example_dags/example_external_task_marker_dag.py took 0.207 seconds
[2025-06-11T11:30:53.614+0200] {processor.py:157} INFO - Started process (PID=69680) to work on /home/diego.rivero/practica_creativa/env/lib/python3.11/site-packages/airflow/example_dags/example_external_task_marker_dag.py
[2025-06-11T11:30:53.617+0200] {processor.py:829} INFO - Processing file /home/diego.rivero/practica_creativa/env/lib/python3.11/site-packages/airflow/example_dags/example_external_task_marker_dag.py for tasks to queue
[2025-06-11T11:30:53.619+0200] {logging_mixin.py:154} INFO - [2025-06-11T11:30:53.618+0200] {dagbag.py:536} INFO - Filling up the DagBag from /home/diego.rivero/practica_creativa/env/lib/python3.11/site-packages/airflow/example_dags/example_external_task_marker_dag.py
[2025-06-11T11:30:53.636+0200] {processor.py:839} INFO - DAG(s) dict_keys(['example_external_task_marker_parent', 'example_external_task_marker_child']) retrieved from /home/diego.rivero/practica_creativa/env/lib/python3.11/site-packages/airflow/example_dags/example_external_task_marker_dag.py
[2025-06-11T11:30:53.676+0200] {logging_mixin.py:154} INFO - [2025-06-11T11:30:53.676+0200] {dag.py:2941} INFO - Sync 2 DAGs
[2025-06-11T11:30:53.693+0200] {logging_mixin.py:154} INFO - [2025-06-11T11:30:53.693+0200] {dag.py:3722} INFO - Setting next_dagrun for example_external_task_marker_child to None, run_after=None
[2025-06-11T11:30:53.699+0200] {logging_mixin.py:154} INFO - [2025-06-11T11:30:53.699+0200] {dag.py:3722} INFO - Setting next_dagrun for example_external_task_marker_parent to None, run_after=None
[2025-06-11T11:30:53.754+0200] {processor.py:179} INFO - Processing /home/diego.rivero/practica_creativa/env/lib/python3.11/site-packages/airflow/example_dags/example_external_task_marker_dag.py took 0.149 seconds
[2025-06-11T11:32:32.877+0200] {processor.py:157} INFO - Started process (PID=70311) to work on /home/diego.rivero/practica_creativa/env/lib/python3.11/site-packages/airflow/example_dags/example_external_task_marker_dag.py
[2025-06-11T11:32:32.878+0200] {processor.py:829} INFO - Processing file /home/diego.rivero/practica_creativa/env/lib/python3.11/site-packages/airflow/example_dags/example_external_task_marker_dag.py for tasks to queue
[2025-06-11T11:32:32.879+0200] {logging_mixin.py:154} INFO - [2025-06-11T11:32:32.878+0200] {dagbag.py:536} INFO - Filling up the DagBag from /home/diego.rivero/practica_creativa/env/lib/python3.11/site-packages/airflow/example_dags/example_external_task_marker_dag.py
[2025-06-11T11:32:32.885+0200] {processor.py:839} INFO - DAG(s) dict_keys(['example_external_task_marker_child', 'example_external_task_marker_parent']) retrieved from /home/diego.rivero/practica_creativa/env/lib/python3.11/site-packages/airflow/example_dags/example_external_task_marker_dag.py
[2025-06-11T11:32:32.919+0200] {logging_mixin.py:154} INFO - [2025-06-11T11:32:32.919+0200] {dag.py:2941} INFO - Sync 2 DAGs
[2025-06-11T11:32:32.936+0200] {logging_mixin.py:154} INFO - [2025-06-11T11:32:32.935+0200] {dag.py:3722} INFO - Setting next_dagrun for example_external_task_marker_child to None, run_after=None
[2025-06-11T11:32:32.941+0200] {logging_mixin.py:154} INFO - [2025-06-11T11:32:32.941+0200] {dag.py:3722} INFO - Setting next_dagrun for example_external_task_marker_parent to None, run_after=None
[2025-06-11T11:32:32.994+0200] {processor.py:179} INFO - Processing /home/diego.rivero/practica_creativa/env/lib/python3.11/site-packages/airflow/example_dags/example_external_task_marker_dag.py took 0.121 seconds
[2025-06-11T11:33:25.049+0200] {processor.py:157} INFO - Started process (PID=70684) to work on /home/diego.rivero/practica_creativa/env/lib/python3.11/site-packages/airflow/example_dags/example_external_task_marker_dag.py
[2025-06-11T11:33:25.050+0200] {processor.py:829} INFO - Processing file /home/diego.rivero/practica_creativa/env/lib/python3.11/site-packages/airflow/example_dags/example_external_task_marker_dag.py for tasks to queue
[2025-06-11T11:33:25.052+0200] {logging_mixin.py:154} INFO - [2025-06-11T11:33:25.051+0200] {dagbag.py:536} INFO - Filling up the DagBag from /home/diego.rivero/practica_creativa/env/lib/python3.11/site-packages/airflow/example_dags/example_external_task_marker_dag.py
[2025-06-11T11:33:25.062+0200] {processor.py:839} INFO - DAG(s) dict_keys(['example_external_task_marker_parent', 'example_external_task_marker_child']) retrieved from /home/diego.rivero/practica_creativa/env/lib/python3.11/site-packages/airflow/example_dags/example_external_task_marker_dag.py
[2025-06-11T11:33:25.097+0200] {logging_mixin.py:154} INFO - [2025-06-11T11:33:25.097+0200] {dag.py:2941} INFO - Sync 2 DAGs
[2025-06-11T11:33:25.112+0200] {logging_mixin.py:154} INFO - [2025-06-11T11:33:25.111+0200] {dag.py:3722} INFO - Setting next_dagrun for example_external_task_marker_child to None, run_after=None
[2025-06-11T11:33:25.116+0200] {logging_mixin.py:154} INFO - [2025-06-11T11:33:25.116+0200] {dag.py:3722} INFO - Setting next_dagrun for example_external_task_marker_parent to None, run_after=None
[2025-06-11T11:33:25.167+0200] {processor.py:179} INFO - Processing /home/diego.rivero/practica_creativa/env/lib/python3.11/site-packages/airflow/example_dags/example_external_task_marker_dag.py took 0.122 seconds
[2025-06-11T11:34:18.862+0200] {processor.py:157} INFO - Started process (PID=71049) to work on /home/diego.rivero/practica_creativa/env/lib/python3.11/site-packages/airflow/example_dags/example_external_task_marker_dag.py
[2025-06-11T11:34:18.864+0200] {processor.py:829} INFO - Processing file /home/diego.rivero/practica_creativa/env/lib/python3.11/site-packages/airflow/example_dags/example_external_task_marker_dag.py for tasks to queue
[2025-06-11T11:34:18.865+0200] {logging_mixin.py:154} INFO - [2025-06-11T11:34:18.865+0200] {dagbag.py:536} INFO - Filling up the DagBag from /home/diego.rivero/practica_creativa/env/lib/python3.11/site-packages/airflow/example_dags/example_external_task_marker_dag.py
[2025-06-11T11:34:18.876+0200] {processor.py:839} INFO - DAG(s) dict_keys(['example_external_task_marker_parent', 'example_external_task_marker_child']) retrieved from /home/diego.rivero/practica_creativa/env/lib/python3.11/site-packages/airflow/example_dags/example_external_task_marker_dag.py
[2025-06-11T11:34:18.911+0200] {logging_mixin.py:154} INFO - [2025-06-11T11:34:18.911+0200] {dag.py:2941} INFO - Sync 2 DAGs
[2025-06-11T11:34:18.928+0200] {logging_mixin.py:154} INFO - [2025-06-11T11:34:18.927+0200] {dag.py:3722} INFO - Setting next_dagrun for example_external_task_marker_child to None, run_after=None
[2025-06-11T11:34:18.933+0200] {logging_mixin.py:154} INFO - [2025-06-11T11:34:18.933+0200] {dag.py:3722} INFO - Setting next_dagrun for example_external_task_marker_parent to None, run_after=None
[2025-06-11T11:34:18.984+0200] {processor.py:179} INFO - Processing /home/diego.rivero/practica_creativa/env/lib/python3.11/site-packages/airflow/example_dags/example_external_task_marker_dag.py took 0.131 seconds
[2025-06-11T11:35:34.184+0200] {processor.py:157} INFO - Started process (PID=71517) to work on /home/diego.rivero/practica_creativa/env/lib/python3.11/site-packages/airflow/example_dags/example_external_task_marker_dag.py
[2025-06-11T11:35:34.187+0200] {processor.py:829} INFO - Processing file /home/diego.rivero/practica_creativa/env/lib/python3.11/site-packages/airflow/example_dags/example_external_task_marker_dag.py for tasks to queue
[2025-06-11T11:35:34.189+0200] {logging_mixin.py:154} INFO - [2025-06-11T11:35:34.188+0200] {dagbag.py:536} INFO - Filling up the DagBag from /home/diego.rivero/practica_creativa/env/lib/python3.11/site-packages/airflow/example_dags/example_external_task_marker_dag.py
[2025-06-11T11:35:34.212+0200] {processor.py:839} INFO - DAG(s) dict_keys(['example_external_task_marker_child', 'example_external_task_marker_parent']) retrieved from /home/diego.rivero/practica_creativa/env/lib/python3.11/site-packages/airflow/example_dags/example_external_task_marker_dag.py
[2025-06-11T11:35:34.258+0200] {logging_mixin.py:154} INFO - [2025-06-11T11:35:34.258+0200] {dag.py:2941} INFO - Sync 2 DAGs
[2025-06-11T11:35:34.274+0200] {logging_mixin.py:154} INFO - [2025-06-11T11:35:34.274+0200] {dag.py:3722} INFO - Setting next_dagrun for example_external_task_marker_child to None, run_after=None
[2025-06-11T11:35:34.279+0200] {logging_mixin.py:154} INFO - [2025-06-11T11:35:34.279+0200] {dag.py:3722} INFO - Setting next_dagrun for example_external_task_marker_parent to None, run_after=None
[2025-06-11T11:35:34.332+0200] {processor.py:179} INFO - Processing /home/diego.rivero/practica_creativa/env/lib/python3.11/site-packages/airflow/example_dags/example_external_task_marker_dag.py took 0.158 seconds
[2025-06-11T11:36:27.612+0200] {processor.py:157} INFO - Started process (PID=71893) to work on /home/diego.rivero/practica_creativa/env/lib/python3.11/site-packages/airflow/example_dags/example_external_task_marker_dag.py
[2025-06-11T11:36:27.614+0200] {processor.py:829} INFO - Processing file /home/diego.rivero/practica_creativa/env/lib/python3.11/site-packages/airflow/example_dags/example_external_task_marker_dag.py for tasks to queue
[2025-06-11T11:36:27.617+0200] {logging_mixin.py:154} INFO - [2025-06-11T11:36:27.616+0200] {dagbag.py:536} INFO - Filling up the DagBag from /home/diego.rivero/practica_creativa/env/lib/python3.11/site-packages/airflow/example_dags/example_external_task_marker_dag.py
[2025-06-11T11:36:27.637+0200] {processor.py:839} INFO - DAG(s) dict_keys(['example_external_task_marker_child', 'example_external_task_marker_parent']) retrieved from /home/diego.rivero/practica_creativa/env/lib/python3.11/site-packages/airflow/example_dags/example_external_task_marker_dag.py
[2025-06-11T11:36:27.712+0200] {logging_mixin.py:154} INFO - [2025-06-11T11:36:27.712+0200] {dag.py:2941} INFO - Sync 2 DAGs
[2025-06-11T11:36:27.729+0200] {logging_mixin.py:154} INFO - [2025-06-11T11:36:27.729+0200] {dag.py:3722} INFO - Setting next_dagrun for example_external_task_marker_child to None, run_after=None
[2025-06-11T11:36:27.735+0200] {logging_mixin.py:154} INFO - [2025-06-11T11:36:27.735+0200] {dag.py:3722} INFO - Setting next_dagrun for example_external_task_marker_parent to None, run_after=None
[2025-06-11T11:36:27.784+0200] {processor.py:179} INFO - Processing /home/diego.rivero/practica_creativa/env/lib/python3.11/site-packages/airflow/example_dags/example_external_task_marker_dag.py took 0.181 seconds
