[2025-06-11T11:28:30.369+0200] {processor.py:157} INFO - Started process (PID=68686) to work on /home/diego.rivero/practica_creativa/env/lib/python3.11/site-packages/airflow/example_dags/example_xcomargs.py
[2025-06-11T11:28:30.369+0200] {processor.py:829} INFO - Processing file /home/diego.rivero/practica_creativa/env/lib/python3.11/site-packages/airflow/example_dags/example_xcomargs.py for tasks to queue
[2025-06-11T11:28:30.370+0200] {logging_mixin.py:154} INFO - [2025-06-11T11:28:30.370+0200] {dagbag.py:536} INFO - Filling up the DagBag from /home/diego.rivero/practica_creativa/env/lib/python3.11/site-packages/airflow/example_dags/example_xcomargs.py
[2025-06-11T11:28:30.384+0200] {processor.py:839} INFO - DAG(s) dict_keys(['example_xcom_args_with_operators', 'example_xcom_args']) retrieved from /home/diego.rivero/practica_creativa/env/lib/python3.11/site-packages/airflow/example_dags/example_xcomargs.py
[2025-06-11T11:28:30.424+0200] {logging_mixin.py:154} INFO - [2025-06-11T11:28:30.424+0200] {dag.py:2941} INFO - Sync 2 DAGs
[2025-06-11T11:28:30.438+0200] {logging_mixin.py:154} INFO - [2025-06-11T11:28:30.438+0200] {dag.py:3722} INFO - Setting next_dagrun for example_xcom_args to None, run_after=None
[2025-06-11T11:28:30.443+0200] {logging_mixin.py:154} INFO - [2025-06-11T11:28:30.443+0200] {dag.py:3722} INFO - Setting next_dagrun for example_xcom_args_with_operators to None, run_after=None
[2025-06-11T11:28:30.488+0200] {processor.py:179} INFO - Processing /home/diego.rivero/practica_creativa/env/lib/python3.11/site-packages/airflow/example_dags/example_xcomargs.py took 0.123 seconds
[2025-06-11T11:29:26.071+0200] {processor.py:157} INFO - Started process (PID=69079) to work on /home/diego.rivero/practica_creativa/env/lib/python3.11/site-packages/airflow/example_dags/example_xcomargs.py
[2025-06-11T11:29:26.074+0200] {processor.py:829} INFO - Processing file /home/diego.rivero/practica_creativa/env/lib/python3.11/site-packages/airflow/example_dags/example_xcomargs.py for tasks to queue
[2025-06-11T11:29:26.076+0200] {logging_mixin.py:154} INFO - [2025-06-11T11:29:26.075+0200] {dagbag.py:536} INFO - Filling up the DagBag from /home/diego.rivero/practica_creativa/env/lib/python3.11/site-packages/airflow/example_dags/example_xcomargs.py
[2025-06-11T11:29:26.093+0200] {processor.py:839} INFO - DAG(s) dict_keys(['example_xcom_args', 'example_xcom_args_with_operators']) retrieved from /home/diego.rivero/practica_creativa/env/lib/python3.11/site-packages/airflow/example_dags/example_xcomargs.py
[2025-06-11T11:29:26.128+0200] {logging_mixin.py:154} INFO - [2025-06-11T11:29:26.128+0200] {dag.py:2941} INFO - Sync 2 DAGs
[2025-06-11T11:29:26.143+0200] {logging_mixin.py:154} INFO - [2025-06-11T11:29:26.143+0200] {dag.py:3722} INFO - Setting next_dagrun for example_xcom_args to None, run_after=None
[2025-06-11T11:29:26.148+0200] {logging_mixin.py:154} INFO - [2025-06-11T11:29:26.147+0200] {dag.py:3722} INFO - Setting next_dagrun for example_xcom_args_with_operators to None, run_after=None
[2025-06-11T11:29:26.195+0200] {processor.py:179} INFO - Processing /home/diego.rivero/practica_creativa/env/lib/python3.11/site-packages/airflow/example_dags/example_xcomargs.py took 0.134 seconds
[2025-06-11T11:30:18.403+0200] {processor.py:157} INFO - Started process (PID=69442) to work on /home/diego.rivero/practica_creativa/env/lib/python3.11/site-packages/airflow/example_dags/example_xcomargs.py
[2025-06-11T11:30:18.404+0200] {processor.py:829} INFO - Processing file /home/diego.rivero/practica_creativa/env/lib/python3.11/site-packages/airflow/example_dags/example_xcomargs.py for tasks to queue
[2025-06-11T11:30:18.405+0200] {logging_mixin.py:154} INFO - [2025-06-11T11:30:18.405+0200] {dagbag.py:536} INFO - Filling up the DagBag from /home/diego.rivero/practica_creativa/env/lib/python3.11/site-packages/airflow/example_dags/example_xcomargs.py
[2025-06-11T11:30:18.417+0200] {processor.py:839} INFO - DAG(s) dict_keys(['example_xcom_args_with_operators', 'example_xcom_args']) retrieved from /home/diego.rivero/practica_creativa/env/lib/python3.11/site-packages/airflow/example_dags/example_xcomargs.py
[2025-06-11T11:30:18.451+0200] {logging_mixin.py:154} INFO - [2025-06-11T11:30:18.450+0200] {dag.py:2941} INFO - Sync 2 DAGs
[2025-06-11T11:30:18.465+0200] {logging_mixin.py:154} INFO - [2025-06-11T11:30:18.465+0200] {dag.py:3722} INFO - Setting next_dagrun for example_xcom_args to None, run_after=None
[2025-06-11T11:30:18.471+0200] {logging_mixin.py:154} INFO - [2025-06-11T11:30:18.470+0200] {dag.py:3722} INFO - Setting next_dagrun for example_xcom_args_with_operators to None, run_after=None
[2025-06-11T11:30:18.521+0200] {processor.py:179} INFO - Processing /home/diego.rivero/practica_creativa/env/lib/python3.11/site-packages/airflow/example_dags/example_xcomargs.py took 0.122 seconds
[2025-06-11T11:31:10.171+0200] {processor.py:157} INFO - Started process (PID=69765) to work on /home/diego.rivero/practica_creativa/env/lib/python3.11/site-packages/airflow/example_dags/example_xcomargs.py
[2025-06-11T11:31:10.174+0200] {processor.py:829} INFO - Processing file /home/diego.rivero/practica_creativa/env/lib/python3.11/site-packages/airflow/example_dags/example_xcomargs.py for tasks to queue
[2025-06-11T11:31:10.176+0200] {logging_mixin.py:154} INFO - [2025-06-11T11:31:10.175+0200] {dagbag.py:536} INFO - Filling up the DagBag from /home/diego.rivero/practica_creativa/env/lib/python3.11/site-packages/airflow/example_dags/example_xcomargs.py
[2025-06-11T11:31:10.190+0200] {processor.py:839} INFO - DAG(s) dict_keys(['example_xcom_args', 'example_xcom_args_with_operators']) retrieved from /home/diego.rivero/practica_creativa/env/lib/python3.11/site-packages/airflow/example_dags/example_xcomargs.py
[2025-06-11T11:31:10.222+0200] {logging_mixin.py:154} INFO - [2025-06-11T11:31:10.222+0200] {dag.py:2941} INFO - Sync 2 DAGs
[2025-06-11T11:31:10.238+0200] {logging_mixin.py:154} INFO - [2025-06-11T11:31:10.238+0200] {dag.py:3722} INFO - Setting next_dagrun for example_xcom_args to None, run_after=None
[2025-06-11T11:31:10.244+0200] {logging_mixin.py:154} INFO - [2025-06-11T11:31:10.244+0200] {dag.py:3722} INFO - Setting next_dagrun for example_xcom_args_with_operators to None, run_after=None
[2025-06-11T11:31:10.295+0200] {processor.py:179} INFO - Processing /home/diego.rivero/practica_creativa/env/lib/python3.11/site-packages/airflow/example_dags/example_xcomargs.py took 0.134 seconds
[2025-06-11T11:32:02.266+0200] {processor.py:157} INFO - Started process (PID=70125) to work on /home/diego.rivero/practica_creativa/env/lib/python3.11/site-packages/airflow/example_dags/example_xcomargs.py
[2025-06-11T11:32:02.267+0200] {processor.py:829} INFO - Processing file /home/diego.rivero/practica_creativa/env/lib/python3.11/site-packages/airflow/example_dags/example_xcomargs.py for tasks to queue
[2025-06-11T11:32:02.268+0200] {logging_mixin.py:154} INFO - [2025-06-11T11:32:02.268+0200] {dagbag.py:536} INFO - Filling up the DagBag from /home/diego.rivero/practica_creativa/env/lib/python3.11/site-packages/airflow/example_dags/example_xcomargs.py
[2025-06-11T11:32:02.281+0200] {processor.py:839} INFO - DAG(s) dict_keys(['example_xcom_args', 'example_xcom_args_with_operators']) retrieved from /home/diego.rivero/practica_creativa/env/lib/python3.11/site-packages/airflow/example_dags/example_xcomargs.py
[2025-06-11T11:32:02.325+0200] {logging_mixin.py:154} INFO - [2025-06-11T11:32:02.325+0200] {dag.py:2941} INFO - Sync 2 DAGs
[2025-06-11T11:32:02.340+0200] {logging_mixin.py:154} INFO - [2025-06-11T11:32:02.340+0200] {dag.py:3722} INFO - Setting next_dagrun for example_xcom_args to None, run_after=None
[2025-06-11T11:32:02.345+0200] {logging_mixin.py:154} INFO - [2025-06-11T11:32:02.345+0200] {dag.py:3722} INFO - Setting next_dagrun for example_xcom_args_with_operators to None, run_after=None
[2025-06-11T11:32:02.398+0200] {processor.py:179} INFO - Processing /home/diego.rivero/practica_creativa/env/lib/python3.11/site-packages/airflow/example_dags/example_xcomargs.py took 0.135 seconds
[2025-06-11T11:32:54.613+0200] {processor.py:157} INFO - Started process (PID=70493) to work on /home/diego.rivero/practica_creativa/env/lib/python3.11/site-packages/airflow/example_dags/example_xcomargs.py
[2025-06-11T11:32:54.615+0200] {processor.py:829} INFO - Processing file /home/diego.rivero/practica_creativa/env/lib/python3.11/site-packages/airflow/example_dags/example_xcomargs.py for tasks to queue
[2025-06-11T11:32:54.616+0200] {logging_mixin.py:154} INFO - [2025-06-11T11:32:54.616+0200] {dagbag.py:536} INFO - Filling up the DagBag from /home/diego.rivero/practica_creativa/env/lib/python3.11/site-packages/airflow/example_dags/example_xcomargs.py
[2025-06-11T11:32:54.628+0200] {processor.py:839} INFO - DAG(s) dict_keys(['example_xcom_args', 'example_xcom_args_with_operators']) retrieved from /home/diego.rivero/practica_creativa/env/lib/python3.11/site-packages/airflow/example_dags/example_xcomargs.py
[2025-06-11T11:32:54.659+0200] {logging_mixin.py:154} INFO - [2025-06-11T11:32:54.659+0200] {dag.py:2941} INFO - Sync 2 DAGs
[2025-06-11T11:32:54.674+0200] {logging_mixin.py:154} INFO - [2025-06-11T11:32:54.674+0200] {dag.py:3722} INFO - Setting next_dagrun for example_xcom_args to None, run_after=None
[2025-06-11T11:32:54.679+0200] {logging_mixin.py:154} INFO - [2025-06-11T11:32:54.679+0200] {dag.py:3722} INFO - Setting next_dagrun for example_xcom_args_with_operators to None, run_after=None
[2025-06-11T11:32:54.729+0200] {processor.py:179} INFO - Processing /home/diego.rivero/practica_creativa/env/lib/python3.11/site-packages/airflow/example_dags/example_xcomargs.py took 0.121 seconds
[2025-06-11T11:33:41.659+0200] {processor.py:157} INFO - Started process (PID=70789) to work on /home/diego.rivero/practica_creativa/env/lib/python3.11/site-packages/airflow/example_dags/example_xcomargs.py
[2025-06-11T11:33:41.660+0200] {processor.py:829} INFO - Processing file /home/diego.rivero/practica_creativa/env/lib/python3.11/site-packages/airflow/example_dags/example_xcomargs.py for tasks to queue
[2025-06-11T11:33:41.662+0200] {logging_mixin.py:154} INFO - [2025-06-11T11:33:41.661+0200] {dagbag.py:536} INFO - Filling up the DagBag from /home/diego.rivero/practica_creativa/env/lib/python3.11/site-packages/airflow/example_dags/example_xcomargs.py
[2025-06-11T11:33:41.674+0200] {processor.py:839} INFO - DAG(s) dict_keys(['example_xcom_args_with_operators', 'example_xcom_args']) retrieved from /home/diego.rivero/practica_creativa/env/lib/python3.11/site-packages/airflow/example_dags/example_xcomargs.py
[2025-06-11T11:33:41.708+0200] {logging_mixin.py:154} INFO - [2025-06-11T11:33:41.708+0200] {dag.py:2941} INFO - Sync 2 DAGs
[2025-06-11T11:33:41.723+0200] {logging_mixin.py:154} INFO - [2025-06-11T11:33:41.723+0200] {dag.py:3722} INFO - Setting next_dagrun for example_xcom_args to None, run_after=None
[2025-06-11T11:33:41.728+0200] {logging_mixin.py:154} INFO - [2025-06-11T11:33:41.728+0200] {dag.py:3722} INFO - Setting next_dagrun for example_xcom_args_with_operators to None, run_after=None
[2025-06-11T11:33:41.782+0200] {processor.py:179} INFO - Processing /home/diego.rivero/practica_creativa/env/lib/python3.11/site-packages/airflow/example_dags/example_xcomargs.py took 0.132 seconds
[2025-06-11T11:34:30.391+0200] {processor.py:157} INFO - Started process (PID=71104) to work on /home/diego.rivero/practica_creativa/env/lib/python3.11/site-packages/airflow/example_dags/example_xcomargs.py
[2025-06-11T11:34:30.392+0200] {processor.py:829} INFO - Processing file /home/diego.rivero/practica_creativa/env/lib/python3.11/site-packages/airflow/example_dags/example_xcomargs.py for tasks to queue
[2025-06-11T11:34:30.392+0200] {logging_mixin.py:154} INFO - [2025-06-11T11:34:30.392+0200] {dagbag.py:536} INFO - Filling up the DagBag from /home/diego.rivero/practica_creativa/env/lib/python3.11/site-packages/airflow/example_dags/example_xcomargs.py
[2025-06-11T11:34:30.401+0200] {processor.py:839} INFO - DAG(s) dict_keys(['example_xcom_args_with_operators', 'example_xcom_args']) retrieved from /home/diego.rivero/practica_creativa/env/lib/python3.11/site-packages/airflow/example_dags/example_xcomargs.py
[2025-06-11T11:34:30.434+0200] {logging_mixin.py:154} INFO - [2025-06-11T11:34:30.434+0200] {dag.py:2941} INFO - Sync 2 DAGs
[2025-06-11T11:34:30.448+0200] {logging_mixin.py:154} INFO - [2025-06-11T11:34:30.448+0200] {dag.py:3722} INFO - Setting next_dagrun for example_xcom_args to None, run_after=None
[2025-06-11T11:34:30.454+0200] {logging_mixin.py:154} INFO - [2025-06-11T11:34:30.454+0200] {dag.py:3722} INFO - Setting next_dagrun for example_xcom_args_with_operators to None, run_after=None
[2025-06-11T11:34:30.510+0200] {processor.py:179} INFO - Processing /home/diego.rivero/practica_creativa/env/lib/python3.11/site-packages/airflow/example_dags/example_xcomargs.py took 0.123 seconds
[2025-06-11T11:35:21.945+0200] {processor.py:157} INFO - Started process (PID=71465) to work on /home/diego.rivero/practica_creativa/env/lib/python3.11/site-packages/airflow/example_dags/example_xcomargs.py
[2025-06-11T11:35:21.946+0200] {processor.py:829} INFO - Processing file /home/diego.rivero/practica_creativa/env/lib/python3.11/site-packages/airflow/example_dags/example_xcomargs.py for tasks to queue
[2025-06-11T11:35:21.948+0200] {logging_mixin.py:154} INFO - [2025-06-11T11:35:21.947+0200] {dagbag.py:536} INFO - Filling up the DagBag from /home/diego.rivero/practica_creativa/env/lib/python3.11/site-packages/airflow/example_dags/example_xcomargs.py
[2025-06-11T11:35:21.962+0200] {processor.py:839} INFO - DAG(s) dict_keys(['example_xcom_args', 'example_xcom_args_with_operators']) retrieved from /home/diego.rivero/practica_creativa/env/lib/python3.11/site-packages/airflow/example_dags/example_xcomargs.py
[2025-06-11T11:35:21.996+0200] {logging_mixin.py:154} INFO - [2025-06-11T11:35:21.995+0200] {dag.py:2941} INFO - Sync 2 DAGs
[2025-06-11T11:35:22.011+0200] {logging_mixin.py:154} INFO - [2025-06-11T11:35:22.010+0200] {dag.py:3722} INFO - Setting next_dagrun for example_xcom_args to None, run_after=None
[2025-06-11T11:35:22.017+0200] {logging_mixin.py:154} INFO - [2025-06-11T11:35:22.016+0200] {dag.py:3722} INFO - Setting next_dagrun for example_xcom_args_with_operators to None, run_after=None
[2025-06-11T11:35:22.073+0200] {processor.py:179} INFO - Processing /home/diego.rivero/practica_creativa/env/lib/python3.11/site-packages/airflow/example_dags/example_xcomargs.py took 0.135 seconds
[2025-06-11T11:36:15.509+0200] {processor.py:157} INFO - Started process (PID=71798) to work on /home/diego.rivero/practica_creativa/env/lib/python3.11/site-packages/airflow/example_dags/example_xcomargs.py
[2025-06-11T11:36:15.510+0200] {processor.py:829} INFO - Processing file /home/diego.rivero/practica_creativa/env/lib/python3.11/site-packages/airflow/example_dags/example_xcomargs.py for tasks to queue
[2025-06-11T11:36:15.512+0200] {logging_mixin.py:154} INFO - [2025-06-11T11:36:15.511+0200] {dagbag.py:536} INFO - Filling up the DagBag from /home/diego.rivero/practica_creativa/env/lib/python3.11/site-packages/airflow/example_dags/example_xcomargs.py
[2025-06-11T11:36:15.523+0200] {processor.py:839} INFO - DAG(s) dict_keys(['example_xcom_args_with_operators', 'example_xcom_args']) retrieved from /home/diego.rivero/practica_creativa/env/lib/python3.11/site-packages/airflow/example_dags/example_xcomargs.py
[2025-06-11T11:36:15.555+0200] {logging_mixin.py:154} INFO - [2025-06-11T11:36:15.555+0200] {dag.py:2941} INFO - Sync 2 DAGs
[2025-06-11T11:36:15.571+0200] {logging_mixin.py:154} INFO - [2025-06-11T11:36:15.570+0200] {dag.py:3722} INFO - Setting next_dagrun for example_xcom_args to None, run_after=None
[2025-06-11T11:36:15.576+0200] {logging_mixin.py:154} INFO - [2025-06-11T11:36:15.576+0200] {dag.py:3722} INFO - Setting next_dagrun for example_xcom_args_with_operators to None, run_after=None
[2025-06-11T11:36:15.630+0200] {processor.py:179} INFO - Processing /home/diego.rivero/practica_creativa/env/lib/python3.11/site-packages/airflow/example_dags/example_xcomargs.py took 0.130 seconds
[2025-06-11T11:37:06.733+0200] {processor.py:157} INFO - Started process (PID=72155) to work on /home/diego.rivero/practica_creativa/env/lib/python3.11/site-packages/airflow/example_dags/example_xcomargs.py
[2025-06-11T11:37:06.735+0200] {processor.py:829} INFO - Processing file /home/diego.rivero/practica_creativa/env/lib/python3.11/site-packages/airflow/example_dags/example_xcomargs.py for tasks to queue
[2025-06-11T11:37:06.736+0200] {logging_mixin.py:154} INFO - [2025-06-11T11:37:06.735+0200] {dagbag.py:536} INFO - Filling up the DagBag from /home/diego.rivero/practica_creativa/env/lib/python3.11/site-packages/airflow/example_dags/example_xcomargs.py
[2025-06-11T11:37:06.746+0200] {processor.py:839} INFO - DAG(s) dict_keys(['example_xcom_args', 'example_xcom_args_with_operators']) retrieved from /home/diego.rivero/practica_creativa/env/lib/python3.11/site-packages/airflow/example_dags/example_xcomargs.py
[2025-06-11T11:37:06.781+0200] {logging_mixin.py:154} INFO - [2025-06-11T11:37:06.781+0200] {dag.py:2941} INFO - Sync 2 DAGs
[2025-06-11T11:37:06.797+0200] {logging_mixin.py:154} INFO - [2025-06-11T11:37:06.797+0200] {dag.py:3722} INFO - Setting next_dagrun for example_xcom_args to None, run_after=None
[2025-06-11T11:37:06.802+0200] {logging_mixin.py:154} INFO - [2025-06-11T11:37:06.802+0200] {dag.py:3722} INFO - Setting next_dagrun for example_xcom_args_with_operators to None, run_after=None
[2025-06-11T11:37:06.858+0200] {processor.py:179} INFO - Processing /home/diego.rivero/practica_creativa/env/lib/python3.11/site-packages/airflow/example_dags/example_xcomargs.py took 0.131 seconds
