[2025-06-11T11:29:06.744+0200] {processor.py:157} INFO - Started process (PID=68941) to work on /home/diego.rivero/practica_creativa/env/lib/python3.11/site-packages/airflow/example_dags/example_dynamic_task_mapping.py
[2025-06-11T11:29:06.745+0200] {processor.py:829} INFO - Processing file /home/diego.rivero/practica_creativa/env/lib/python3.11/site-packages/airflow/example_dags/example_dynamic_task_mapping.py for tasks to queue
[2025-06-11T11:29:06.747+0200] {logging_mixin.py:154} INFO - [2025-06-11T11:29:06.746+0200] {dagbag.py:536} INFO - Filling up the DagBag from /home/diego.rivero/practica_creativa/env/lib/python3.11/site-packages/airflow/example_dags/example_dynamic_task_mapping.py
[2025-06-11T11:29:06.758+0200] {processor.py:839} INFO - DAG(s) dict_keys(['example_dynamic_task_mapping']) retrieved from /home/diego.rivero/practica_creativa/env/lib/python3.11/site-packages/airflow/example_dags/example_dynamic_task_mapping.py
[2025-06-11T11:29:06.782+0200] {logging_mixin.py:154} INFO - [2025-06-11T11:29:06.782+0200] {dag.py:2941} INFO - Sync 1 DAGs
[2025-06-11T11:29:06.808+0200] {logging_mixin.py:154} INFO - [2025-06-11T11:29:06.808+0200] {dag.py:3722} INFO - Setting next_dagrun for example_dynamic_task_mapping to 2022-03-04T00:00:00+00:00, run_after=2022-03-05T00:00:00+00:00
[2025-06-11T11:29:06.863+0200] {processor.py:179} INFO - Processing /home/diego.rivero/practica_creativa/env/lib/python3.11/site-packages/airflow/example_dags/example_dynamic_task_mapping.py took 0.128 seconds
[2025-06-11T11:30:02.503+0200] {processor.py:157} INFO - Started process (PID=69325) to work on /home/diego.rivero/practica_creativa/env/lib/python3.11/site-packages/airflow/example_dags/example_dynamic_task_mapping.py
[2025-06-11T11:30:02.504+0200] {processor.py:829} INFO - Processing file /home/diego.rivero/practica_creativa/env/lib/python3.11/site-packages/airflow/example_dags/example_dynamic_task_mapping.py for tasks to queue
[2025-06-11T11:30:02.505+0200] {logging_mixin.py:154} INFO - [2025-06-11T11:30:02.504+0200] {dagbag.py:536} INFO - Filling up the DagBag from /home/diego.rivero/practica_creativa/env/lib/python3.11/site-packages/airflow/example_dags/example_dynamic_task_mapping.py
[2025-06-11T11:30:02.514+0200] {processor.py:839} INFO - DAG(s) dict_keys(['example_dynamic_task_mapping']) retrieved from /home/diego.rivero/practica_creativa/env/lib/python3.11/site-packages/airflow/example_dags/example_dynamic_task_mapping.py
[2025-06-11T11:30:02.546+0200] {logging_mixin.py:154} INFO - [2025-06-11T11:30:02.546+0200] {dag.py:2941} INFO - Sync 1 DAGs
[2025-06-11T11:30:02.573+0200] {logging_mixin.py:154} INFO - [2025-06-11T11:30:02.573+0200] {dag.py:3722} INFO - Setting next_dagrun for example_dynamic_task_mapping to 2022-03-04T00:00:00+00:00, run_after=2022-03-05T00:00:00+00:00
[2025-06-11T11:30:02.623+0200] {processor.py:179} INFO - Processing /home/diego.rivero/practica_creativa/env/lib/python3.11/site-packages/airflow/example_dags/example_dynamic_task_mapping.py took 0.124 seconds
[2025-06-11T11:30:58.774+0200] {processor.py:157} INFO - Started process (PID=69706) to work on /home/diego.rivero/practica_creativa/env/lib/python3.11/site-packages/airflow/example_dags/example_dynamic_task_mapping.py
[2025-06-11T11:30:58.776+0200] {processor.py:829} INFO - Processing file /home/diego.rivero/practica_creativa/env/lib/python3.11/site-packages/airflow/example_dags/example_dynamic_task_mapping.py for tasks to queue
[2025-06-11T11:30:58.777+0200] {logging_mixin.py:154} INFO - [2025-06-11T11:30:58.777+0200] {dagbag.py:536} INFO - Filling up the DagBag from /home/diego.rivero/practica_creativa/env/lib/python3.11/site-packages/airflow/example_dags/example_dynamic_task_mapping.py
[2025-06-11T11:30:58.790+0200] {processor.py:839} INFO - DAG(s) dict_keys(['example_dynamic_task_mapping']) retrieved from /home/diego.rivero/practica_creativa/env/lib/python3.11/site-packages/airflow/example_dags/example_dynamic_task_mapping.py
[2025-06-11T11:30:58.816+0200] {logging_mixin.py:154} INFO - [2025-06-11T11:30:58.816+0200] {dag.py:2941} INFO - Sync 1 DAGs
[2025-06-11T11:30:58.843+0200] {logging_mixin.py:154} INFO - [2025-06-11T11:30:58.843+0200] {dag.py:3722} INFO - Setting next_dagrun for example_dynamic_task_mapping to 2022-03-04T00:00:00+00:00, run_after=2022-03-05T00:00:00+00:00
[2025-06-11T11:30:58.897+0200] {processor.py:179} INFO - Processing /home/diego.rivero/practica_creativa/env/lib/python3.11/site-packages/airflow/example_dags/example_dynamic_task_mapping.py took 0.132 seconds
[2025-06-11T11:32:36.844+0200] {processor.py:157} INFO - Started process (PID=70331) to work on /home/diego.rivero/practica_creativa/env/lib/python3.11/site-packages/airflow/example_dags/example_dynamic_task_mapping.py
[2025-06-11T11:32:36.845+0200] {processor.py:829} INFO - Processing file /home/diego.rivero/practica_creativa/env/lib/python3.11/site-packages/airflow/example_dags/example_dynamic_task_mapping.py for tasks to queue
[2025-06-11T11:32:36.846+0200] {logging_mixin.py:154} INFO - [2025-06-11T11:32:36.845+0200] {dagbag.py:536} INFO - Filling up the DagBag from /home/diego.rivero/practica_creativa/env/lib/python3.11/site-packages/airflow/example_dags/example_dynamic_task_mapping.py
[2025-06-11T11:32:36.853+0200] {processor.py:839} INFO - DAG(s) dict_keys(['example_dynamic_task_mapping']) retrieved from /home/diego.rivero/practica_creativa/env/lib/python3.11/site-packages/airflow/example_dags/example_dynamic_task_mapping.py
[2025-06-11T11:32:36.876+0200] {logging_mixin.py:154} INFO - [2025-06-11T11:32:36.876+0200] {dag.py:2941} INFO - Sync 1 DAGs
[2025-06-11T11:32:36.902+0200] {logging_mixin.py:154} INFO - [2025-06-11T11:32:36.902+0200] {dag.py:3722} INFO - Setting next_dagrun for example_dynamic_task_mapping to 2022-03-04T00:00:00+00:00, run_after=2022-03-05T00:00:00+00:00
[2025-06-11T11:32:36.956+0200] {processor.py:179} INFO - Processing /home/diego.rivero/practica_creativa/env/lib/python3.11/site-packages/airflow/example_dags/example_dynamic_task_mapping.py took 0.114 seconds
[2025-06-11T11:33:30.233+0200] {processor.py:157} INFO - Started process (PID=70705) to work on /home/diego.rivero/practica_creativa/env/lib/python3.11/site-packages/airflow/example_dags/example_dynamic_task_mapping.py
[2025-06-11T11:33:30.234+0200] {processor.py:829} INFO - Processing file /home/diego.rivero/practica_creativa/env/lib/python3.11/site-packages/airflow/example_dags/example_dynamic_task_mapping.py for tasks to queue
[2025-06-11T11:33:30.235+0200] {logging_mixin.py:154} INFO - [2025-06-11T11:33:30.235+0200] {dagbag.py:536} INFO - Filling up the DagBag from /home/diego.rivero/practica_creativa/env/lib/python3.11/site-packages/airflow/example_dags/example_dynamic_task_mapping.py
[2025-06-11T11:33:30.246+0200] {processor.py:839} INFO - DAG(s) dict_keys(['example_dynamic_task_mapping']) retrieved from /home/diego.rivero/practica_creativa/env/lib/python3.11/site-packages/airflow/example_dags/example_dynamic_task_mapping.py
[2025-06-11T11:33:30.272+0200] {logging_mixin.py:154} INFO - [2025-06-11T11:33:30.272+0200] {dag.py:2941} INFO - Sync 1 DAGs
[2025-06-11T11:33:30.299+0200] {logging_mixin.py:154} INFO - [2025-06-11T11:33:30.299+0200] {dag.py:3722} INFO - Setting next_dagrun for example_dynamic_task_mapping to 2022-03-04T00:00:00+00:00, run_after=2022-03-05T00:00:00+00:00
[2025-06-11T11:33:30.366+0200] {processor.py:179} INFO - Processing /home/diego.rivero/practica_creativa/env/lib/python3.11/site-packages/airflow/example_dags/example_dynamic_task_mapping.py took 0.138 seconds
[2025-06-11T11:34:42.553+0200] {processor.py:157} INFO - Started process (PID=71194) to work on /home/diego.rivero/practica_creativa/env/lib/python3.11/site-packages/airflow/example_dags/example_dynamic_task_mapping.py
[2025-06-11T11:34:42.554+0200] {processor.py:829} INFO - Processing file /home/diego.rivero/practica_creativa/env/lib/python3.11/site-packages/airflow/example_dags/example_dynamic_task_mapping.py for tasks to queue
[2025-06-11T11:34:42.555+0200] {logging_mixin.py:154} INFO - [2025-06-11T11:34:42.554+0200] {dagbag.py:536} INFO - Filling up the DagBag from /home/diego.rivero/practica_creativa/env/lib/python3.11/site-packages/airflow/example_dags/example_dynamic_task_mapping.py
[2025-06-11T11:34:42.564+0200] {processor.py:839} INFO - DAG(s) dict_keys(['example_dynamic_task_mapping']) retrieved from /home/diego.rivero/practica_creativa/env/lib/python3.11/site-packages/airflow/example_dags/example_dynamic_task_mapping.py
[2025-06-11T11:34:42.591+0200] {logging_mixin.py:154} INFO - [2025-06-11T11:34:42.591+0200] {dag.py:2941} INFO - Sync 1 DAGs
[2025-06-11T11:34:42.621+0200] {logging_mixin.py:154} INFO - [2025-06-11T11:34:42.621+0200] {dag.py:3722} INFO - Setting next_dagrun for example_dynamic_task_mapping to 2022-03-04T00:00:00+00:00, run_after=2022-03-05T00:00:00+00:00
[2025-06-11T11:34:42.677+0200] {processor.py:179} INFO - Processing /home/diego.rivero/practica_creativa/env/lib/python3.11/site-packages/airflow/example_dags/example_dynamic_task_mapping.py took 0.127 seconds
[2025-06-11T11:35:39.593+0200] {processor.py:157} INFO - Started process (PID=71578) to work on /home/diego.rivero/practica_creativa/env/lib/python3.11/site-packages/airflow/example_dags/example_dynamic_task_mapping.py
[2025-06-11T11:35:39.595+0200] {processor.py:829} INFO - Processing file /home/diego.rivero/practica_creativa/env/lib/python3.11/site-packages/airflow/example_dags/example_dynamic_task_mapping.py for tasks to queue
[2025-06-11T11:35:39.597+0200] {logging_mixin.py:154} INFO - [2025-06-11T11:35:39.596+0200] {dagbag.py:536} INFO - Filling up the DagBag from /home/diego.rivero/practica_creativa/env/lib/python3.11/site-packages/airflow/example_dags/example_dynamic_task_mapping.py
[2025-06-11T11:35:39.610+0200] {processor.py:839} INFO - DAG(s) dict_keys(['example_dynamic_task_mapping']) retrieved from /home/diego.rivero/practica_creativa/env/lib/python3.11/site-packages/airflow/example_dags/example_dynamic_task_mapping.py
[2025-06-11T11:35:39.634+0200] {logging_mixin.py:154} INFO - [2025-06-11T11:35:39.634+0200] {dag.py:2941} INFO - Sync 1 DAGs
[2025-06-11T11:35:39.660+0200] {logging_mixin.py:154} INFO - [2025-06-11T11:35:39.660+0200] {dag.py:3722} INFO - Setting next_dagrun for example_dynamic_task_mapping to 2022-03-04T00:00:00+00:00, run_after=2022-03-05T00:00:00+00:00
[2025-06-11T11:35:39.716+0200] {processor.py:179} INFO - Processing /home/diego.rivero/practica_creativa/env/lib/python3.11/site-packages/airflow/example_dags/example_dynamic_task_mapping.py took 0.133 seconds
[2025-06-11T11:36:54.741+0200] {processor.py:157} INFO - Started process (PID=72102) to work on /home/diego.rivero/practica_creativa/env/lib/python3.11/site-packages/airflow/example_dags/example_dynamic_task_mapping.py
[2025-06-11T11:36:54.742+0200] {processor.py:829} INFO - Processing file /home/diego.rivero/practica_creativa/env/lib/python3.11/site-packages/airflow/example_dags/example_dynamic_task_mapping.py for tasks to queue
[2025-06-11T11:36:54.743+0200] {logging_mixin.py:154} INFO - [2025-06-11T11:36:54.743+0200] {dagbag.py:536} INFO - Filling up the DagBag from /home/diego.rivero/practica_creativa/env/lib/python3.11/site-packages/airflow/example_dags/example_dynamic_task_mapping.py
[2025-06-11T11:36:54.754+0200] {processor.py:839} INFO - DAG(s) dict_keys(['example_dynamic_task_mapping']) retrieved from /home/diego.rivero/practica_creativa/env/lib/python3.11/site-packages/airflow/example_dags/example_dynamic_task_mapping.py
[2025-06-11T11:36:54.778+0200] {logging_mixin.py:154} INFO - [2025-06-11T11:36:54.778+0200] {dag.py:2941} INFO - Sync 1 DAGs
[2025-06-11T11:36:54.805+0200] {logging_mixin.py:154} INFO - [2025-06-11T11:36:54.805+0200] {dag.py:3722} INFO - Setting next_dagrun for example_dynamic_task_mapping to 2022-03-04T00:00:00+00:00, run_after=2022-03-05T00:00:00+00:00
[2025-06-11T11:36:54.857+0200] {processor.py:179} INFO - Processing /home/diego.rivero/practica_creativa/env/lib/python3.11/site-packages/airflow/example_dags/example_dynamic_task_mapping.py took 0.120 seconds
