[2025-06-11T11:29:18.594+0200] {processor.py:157} INFO - Started process (PID=69041) to work on /home/diego.rivero/practica_creativa/env/lib/python3.11/site-packages/airflow/example_dags/example_bash_operator.py
[2025-06-11T11:29:18.595+0200] {processor.py:829} INFO - Processing file /home/diego.rivero/practica_creativa/env/lib/python3.11/site-packages/airflow/example_dags/example_bash_operator.py for tasks to queue
[2025-06-11T11:29:18.596+0200] {logging_mixin.py:154} INFO - [2025-06-11T11:29:18.596+0200] {dagbag.py:536} INFO - Filling up the DagBag from /home/diego.rivero/practica_creativa/env/lib/python3.11/site-packages/airflow/example_dags/example_bash_operator.py
[2025-06-11T11:29:18.610+0200] {processor.py:839} INFO - DAG(s) dict_keys(['example_bash_operator']) retrieved from /home/diego.rivero/practica_creativa/env/lib/python3.11/site-packages/airflow/example_dags/example_bash_operator.py
[2025-06-11T11:29:18.643+0200] {logging_mixin.py:154} INFO - [2025-06-11T11:29:18.643+0200] {dag.py:2941} INFO - Sync 1 DAGs
[2025-06-11T11:29:18.673+0200] {logging_mixin.py:154} INFO - [2025-06-11T11:29:18.673+0200] {dag.py:3722} INFO - Setting next_dagrun for example_bash_operator to 2025-06-10T00:00:00+00:00, run_after=2025-06-11T00:00:00+00:00
[2025-06-11T11:29:18.729+0200] {processor.py:179} INFO - Processing /home/diego.rivero/practica_creativa/env/lib/python3.11/site-packages/airflow/example_dags/example_bash_operator.py took 0.139 seconds
[2025-06-11T11:30:36.560+0200] {processor.py:157} INFO - Started process (PID=69530) to work on /home/diego.rivero/practica_creativa/env/lib/python3.11/site-packages/airflow/example_dags/example_bash_operator.py
[2025-06-11T11:30:36.561+0200] {processor.py:829} INFO - Processing file /home/diego.rivero/practica_creativa/env/lib/python3.11/site-packages/airflow/example_dags/example_bash_operator.py for tasks to queue
[2025-06-11T11:30:36.562+0200] {logging_mixin.py:154} INFO - [2025-06-11T11:30:36.562+0200] {dagbag.py:536} INFO - Filling up the DagBag from /home/diego.rivero/practica_creativa/env/lib/python3.11/site-packages/airflow/example_dags/example_bash_operator.py
[2025-06-11T11:30:36.576+0200] {processor.py:839} INFO - DAG(s) dict_keys(['example_bash_operator']) retrieved from /home/diego.rivero/practica_creativa/env/lib/python3.11/site-packages/airflow/example_dags/example_bash_operator.py
[2025-06-11T11:30:36.609+0200] {logging_mixin.py:154} INFO - [2025-06-11T11:30:36.609+0200] {dag.py:2941} INFO - Sync 1 DAGs
[2025-06-11T11:30:36.638+0200] {logging_mixin.py:154} INFO - [2025-06-11T11:30:36.638+0200] {dag.py:3722} INFO - Setting next_dagrun for example_bash_operator to 2025-06-10T00:00:00+00:00, run_after=2025-06-11T00:00:00+00:00
[2025-06-11T11:30:36.691+0200] {processor.py:179} INFO - Processing /home/diego.rivero/practica_creativa/env/lib/python3.11/site-packages/airflow/example_dags/example_bash_operator.py took 0.136 seconds
[2025-06-11T11:32:47.530+0200] {processor.py:157} INFO - Started process (PID=70455) to work on /home/diego.rivero/practica_creativa/env/lib/python3.11/site-packages/airflow/example_dags/example_bash_operator.py
[2025-06-11T11:32:47.531+0200] {processor.py:829} INFO - Processing file /home/diego.rivero/practica_creativa/env/lib/python3.11/site-packages/airflow/example_dags/example_bash_operator.py for tasks to queue
[2025-06-11T11:32:47.532+0200] {logging_mixin.py:154} INFO - [2025-06-11T11:32:47.531+0200] {dagbag.py:536} INFO - Filling up the DagBag from /home/diego.rivero/practica_creativa/env/lib/python3.11/site-packages/airflow/example_dags/example_bash_operator.py
[2025-06-11T11:32:47.546+0200] {processor.py:839} INFO - DAG(s) dict_keys(['example_bash_operator']) retrieved from /home/diego.rivero/practica_creativa/env/lib/python3.11/site-packages/airflow/example_dags/example_bash_operator.py
[2025-06-11T11:32:47.578+0200] {logging_mixin.py:154} INFO - [2025-06-11T11:32:47.577+0200] {dag.py:2941} INFO - Sync 1 DAGs
[2025-06-11T11:32:47.605+0200] {logging_mixin.py:154} INFO - [2025-06-11T11:32:47.605+0200] {dag.py:3722} INFO - Setting next_dagrun for example_bash_operator to 2025-06-10T00:00:00+00:00, run_after=2025-06-11T00:00:00+00:00
[2025-06-11T11:32:47.655+0200] {processor.py:179} INFO - Processing /home/diego.rivero/practica_creativa/env/lib/python3.11/site-packages/airflow/example_dags/example_bash_operator.py took 0.131 seconds
[2025-06-11T11:33:58.210+0200] {processor.py:157} INFO - Started process (PID=70910) to work on /home/diego.rivero/practica_creativa/env/lib/python3.11/site-packages/airflow/example_dags/example_bash_operator.py
[2025-06-11T11:33:58.211+0200] {processor.py:829} INFO - Processing file /home/diego.rivero/practica_creativa/env/lib/python3.11/site-packages/airflow/example_dags/example_bash_operator.py for tasks to queue
[2025-06-11T11:33:58.212+0200] {logging_mixin.py:154} INFO - [2025-06-11T11:33:58.211+0200] {dagbag.py:536} INFO - Filling up the DagBag from /home/diego.rivero/practica_creativa/env/lib/python3.11/site-packages/airflow/example_dags/example_bash_operator.py
[2025-06-11T11:33:58.230+0200] {processor.py:839} INFO - DAG(s) dict_keys(['example_bash_operator']) retrieved from /home/diego.rivero/practica_creativa/env/lib/python3.11/site-packages/airflow/example_dags/example_bash_operator.py
[2025-06-11T11:33:58.264+0200] {logging_mixin.py:154} INFO - [2025-06-11T11:33:58.264+0200] {dag.py:2941} INFO - Sync 1 DAGs
[2025-06-11T11:33:58.297+0200] {logging_mixin.py:154} INFO - [2025-06-11T11:33:58.296+0200] {dag.py:3722} INFO - Setting next_dagrun for example_bash_operator to 2025-06-10T00:00:00+00:00, run_after=2025-06-11T00:00:00+00:00
[2025-06-11T11:33:58.355+0200] {processor.py:179} INFO - Processing /home/diego.rivero/practica_creativa/env/lib/python3.11/site-packages/airflow/example_dags/example_bash_operator.py took 0.151 seconds
[2025-06-11T11:35:13.008+0200] {processor.py:157} INFO - Started process (PID=71379) to work on /home/diego.rivero/practica_creativa/env/lib/python3.11/site-packages/airflow/example_dags/example_bash_operator.py
[2025-06-11T11:35:13.010+0200] {processor.py:829} INFO - Processing file /home/diego.rivero/practica_creativa/env/lib/python3.11/site-packages/airflow/example_dags/example_bash_operator.py for tasks to queue
[2025-06-11T11:35:13.012+0200] {logging_mixin.py:154} INFO - [2025-06-11T11:35:13.011+0200] {dagbag.py:536} INFO - Filling up the DagBag from /home/diego.rivero/practica_creativa/env/lib/python3.11/site-packages/airflow/example_dags/example_bash_operator.py
[2025-06-11T11:35:13.028+0200] {processor.py:839} INFO - DAG(s) dict_keys(['example_bash_operator']) retrieved from /home/diego.rivero/practica_creativa/env/lib/python3.11/site-packages/airflow/example_dags/example_bash_operator.py
[2025-06-11T11:35:13.060+0200] {logging_mixin.py:154} INFO - [2025-06-11T11:35:13.060+0200] {dag.py:2941} INFO - Sync 1 DAGs
[2025-06-11T11:35:13.090+0200] {logging_mixin.py:154} INFO - [2025-06-11T11:35:13.090+0200] {dag.py:3722} INFO - Setting next_dagrun for example_bash_operator to 2025-06-10T00:00:00+00:00, run_after=2025-06-11T00:00:00+00:00
[2025-06-11T11:35:13.151+0200] {processor.py:179} INFO - Processing /home/diego.rivero/practica_creativa/env/lib/python3.11/site-packages/airflow/example_dags/example_bash_operator.py took 0.151 seconds
[2025-06-11T11:36:32.988+0200] {processor.py:157} INFO - Started process (PID=71919) to work on /home/diego.rivero/practica_creativa/env/lib/python3.11/site-packages/airflow/example_dags/example_bash_operator.py
[2025-06-11T11:36:32.990+0200] {processor.py:829} INFO - Processing file /home/diego.rivero/practica_creativa/env/lib/python3.11/site-packages/airflow/example_dags/example_bash_operator.py for tasks to queue
[2025-06-11T11:36:32.993+0200] {logging_mixin.py:154} INFO - [2025-06-11T11:36:32.992+0200] {dagbag.py:536} INFO - Filling up the DagBag from /home/diego.rivero/practica_creativa/env/lib/python3.11/site-packages/airflow/example_dags/example_bash_operator.py
[2025-06-11T11:36:33.022+0200] {processor.py:839} INFO - DAG(s) dict_keys(['example_bash_operator']) retrieved from /home/diego.rivero/practica_creativa/env/lib/python3.11/site-packages/airflow/example_dags/example_bash_operator.py
[2025-06-11T11:36:33.056+0200] {logging_mixin.py:154} INFO - [2025-06-11T11:36:33.055+0200] {dag.py:2941} INFO - Sync 1 DAGs
[2025-06-11T11:36:33.083+0200] {logging_mixin.py:154} INFO - [2025-06-11T11:36:33.083+0200] {dag.py:3722} INFO - Setting next_dagrun for example_bash_operator to 2025-06-10T00:00:00+00:00, run_after=2025-06-11T00:00:00+00:00
[2025-06-11T11:36:33.133+0200] {processor.py:179} INFO - Processing /home/diego.rivero/practica_creativa/env/lib/python3.11/site-packages/airflow/example_dags/example_bash_operator.py took 0.155 seconds
