[2025-06-11T11:28:52.986+0200] {processor.py:157} INFO - Started process (PID=68869) to work on /home/diego.rivero/practica_creativa/env/lib/python3.11/site-packages/airflow/example_dags/example_python_operator.py
[2025-06-11T11:28:52.988+0200] {processor.py:829} INFO - Processing file /home/diego.rivero/practica_creativa/env/lib/python3.11/site-packages/airflow/example_dags/example_python_operator.py for tasks to queue
[2025-06-11T11:28:52.989+0200] {logging_mixin.py:154} INFO - [2025-06-11T11:28:52.988+0200] {dagbag.py:536} INFO - Filling up the DagBag from /home/diego.rivero/practica_creativa/env/lib/python3.11/site-packages/airflow/example_dags/example_python_operator.py
[2025-06-11T11:28:52.998+0200] {logging_mixin.py:154} INFO - [2025-06-11T11:28:52.998+0200] {example_python_operator.py:86} WARNING - The virtalenv_python example task requires virtualenv, please install it.
[2025-06-11T11:28:52.999+0200] {processor.py:839} INFO - DAG(s) dict_keys(['example_python_operator']) retrieved from /home/diego.rivero/practica_creativa/env/lib/python3.11/site-packages/airflow/example_dags/example_python_operator.py
[2025-06-11T11:28:53.033+0200] {logging_mixin.py:154} INFO - [2025-06-11T11:28:53.032+0200] {dag.py:2941} INFO - Sync 1 DAGs
[2025-06-11T11:28:53.050+0200] {logging_mixin.py:154} INFO - [2025-06-11T11:28:53.050+0200] {dag.py:3722} INFO - Setting next_dagrun for example_python_operator to None, run_after=None
[2025-06-11T11:28:53.109+0200] {processor.py:179} INFO - Processing /home/diego.rivero/practica_creativa/env/lib/python3.11/site-packages/airflow/example_dags/example_python_operator.py took 0.127 seconds
[2025-06-11T11:29:47.819+0200] {processor.py:157} INFO - Started process (PID=69251) to work on /home/diego.rivero/practica_creativa/env/lib/python3.11/site-packages/airflow/example_dags/example_python_operator.py
[2025-06-11T11:29:47.820+0200] {processor.py:829} INFO - Processing file /home/diego.rivero/practica_creativa/env/lib/python3.11/site-packages/airflow/example_dags/example_python_operator.py for tasks to queue
[2025-06-11T11:29:47.821+0200] {logging_mixin.py:154} INFO - [2025-06-11T11:29:47.820+0200] {dagbag.py:536} INFO - Filling up the DagBag from /home/diego.rivero/practica_creativa/env/lib/python3.11/site-packages/airflow/example_dags/example_python_operator.py
[2025-06-11T11:29:47.838+0200] {logging_mixin.py:154} INFO - [2025-06-11T11:29:47.838+0200] {example_python_operator.py:86} WARNING - The virtalenv_python example task requires virtualenv, please install it.
[2025-06-11T11:29:47.839+0200] {processor.py:839} INFO - DAG(s) dict_keys(['example_python_operator']) retrieved from /home/diego.rivero/practica_creativa/env/lib/python3.11/site-packages/airflow/example_dags/example_python_operator.py
[2025-06-11T11:29:47.868+0200] {logging_mixin.py:154} INFO - [2025-06-11T11:29:47.868+0200] {dag.py:2941} INFO - Sync 1 DAGs
[2025-06-11T11:29:47.883+0200] {logging_mixin.py:154} INFO - [2025-06-11T11:29:47.883+0200] {dag.py:3722} INFO - Setting next_dagrun for example_python_operator to None, run_after=None
[2025-06-11T11:29:47.934+0200] {processor.py:179} INFO - Processing /home/diego.rivero/practica_creativa/env/lib/python3.11/site-packages/airflow/example_dags/example_python_operator.py took 0.119 seconds
[2025-06-11T11:30:42.829+0200] {processor.py:157} INFO - Started process (PID=69592) to work on /home/diego.rivero/practica_creativa/env/lib/python3.11/site-packages/airflow/example_dags/example_python_operator.py
[2025-06-11T11:30:42.830+0200] {processor.py:829} INFO - Processing file /home/diego.rivero/practica_creativa/env/lib/python3.11/site-packages/airflow/example_dags/example_python_operator.py for tasks to queue
[2025-06-11T11:30:42.831+0200] {logging_mixin.py:154} INFO - [2025-06-11T11:30:42.830+0200] {dagbag.py:536} INFO - Filling up the DagBag from /home/diego.rivero/practica_creativa/env/lib/python3.11/site-packages/airflow/example_dags/example_python_operator.py
[2025-06-11T11:30:42.839+0200] {logging_mixin.py:154} INFO - [2025-06-11T11:30:42.838+0200] {example_python_operator.py:86} WARNING - The virtalenv_python example task requires virtualenv, please install it.
[2025-06-11T11:30:42.839+0200] {processor.py:839} INFO - DAG(s) dict_keys(['example_python_operator']) retrieved from /home/diego.rivero/practica_creativa/env/lib/python3.11/site-packages/airflow/example_dags/example_python_operator.py
[2025-06-11T11:30:42.865+0200] {logging_mixin.py:154} INFO - [2025-06-11T11:30:42.865+0200] {dag.py:2941} INFO - Sync 1 DAGs
[2025-06-11T11:30:42.879+0200] {logging_mixin.py:154} INFO - [2025-06-11T11:30:42.878+0200] {dag.py:3722} INFO - Setting next_dagrun for example_python_operator to None, run_after=None
[2025-06-11T11:30:42.929+0200] {processor.py:179} INFO - Processing /home/diego.rivero/practica_creativa/env/lib/python3.11/site-packages/airflow/example_dags/example_python_operator.py took 0.102 seconds
[2025-06-11T11:31:37.755+0200] {processor.py:157} INFO - Started process (PID=69965) to work on /home/diego.rivero/practica_creativa/env/lib/python3.11/site-packages/airflow/example_dags/example_python_operator.py
[2025-06-11T11:31:37.756+0200] {processor.py:829} INFO - Processing file /home/diego.rivero/practica_creativa/env/lib/python3.11/site-packages/airflow/example_dags/example_python_operator.py for tasks to queue
[2025-06-11T11:31:37.756+0200] {logging_mixin.py:154} INFO - [2025-06-11T11:31:37.756+0200] {dagbag.py:536} INFO - Filling up the DagBag from /home/diego.rivero/practica_creativa/env/lib/python3.11/site-packages/airflow/example_dags/example_python_operator.py
[2025-06-11T11:31:37.764+0200] {logging_mixin.py:154} INFO - [2025-06-11T11:31:37.763+0200] {example_python_operator.py:86} WARNING - The virtalenv_python example task requires virtualenv, please install it.
[2025-06-11T11:31:37.764+0200] {processor.py:839} INFO - DAG(s) dict_keys(['example_python_operator']) retrieved from /home/diego.rivero/practica_creativa/env/lib/python3.11/site-packages/airflow/example_dags/example_python_operator.py
[2025-06-11T11:31:37.790+0200] {logging_mixin.py:154} INFO - [2025-06-11T11:31:37.789+0200] {dag.py:2941} INFO - Sync 1 DAGs
[2025-06-11T11:31:37.804+0200] {logging_mixin.py:154} INFO - [2025-06-11T11:31:37.804+0200] {dag.py:3722} INFO - Setting next_dagrun for example_python_operator to None, run_after=None
[2025-06-11T11:31:37.859+0200] {processor.py:179} INFO - Processing /home/diego.rivero/practica_creativa/env/lib/python3.11/site-packages/airflow/example_dags/example_python_operator.py took 0.106 seconds
[2025-06-11T11:32:23.518+0200] {processor.py:157} INFO - Started process (PID=70265) to work on /home/diego.rivero/practica_creativa/env/lib/python3.11/site-packages/airflow/example_dags/example_python_operator.py
[2025-06-11T11:32:23.520+0200] {processor.py:829} INFO - Processing file /home/diego.rivero/practica_creativa/env/lib/python3.11/site-packages/airflow/example_dags/example_python_operator.py for tasks to queue
[2025-06-11T11:32:23.522+0200] {logging_mixin.py:154} INFO - [2025-06-11T11:32:23.521+0200] {dagbag.py:536} INFO - Filling up the DagBag from /home/diego.rivero/practica_creativa/env/lib/python3.11/site-packages/airflow/example_dags/example_python_operator.py
[2025-06-11T11:32:23.548+0200] {logging_mixin.py:154} INFO - [2025-06-11T11:32:23.547+0200] {example_python_operator.py:86} WARNING - The virtalenv_python example task requires virtualenv, please install it.
[2025-06-11T11:32:23.549+0200] {processor.py:839} INFO - DAG(s) dict_keys(['example_python_operator']) retrieved from /home/diego.rivero/practica_creativa/env/lib/python3.11/site-packages/airflow/example_dags/example_python_operator.py
[2025-06-11T11:32:23.613+0200] {logging_mixin.py:154} INFO - [2025-06-11T11:32:23.613+0200] {dag.py:2941} INFO - Sync 1 DAGs
[2025-06-11T11:32:23.645+0200] {logging_mixin.py:154} INFO - [2025-06-11T11:32:23.644+0200] {dag.py:3722} INFO - Setting next_dagrun for example_python_operator to None, run_after=None
[2025-06-11T11:32:23.708+0200] {processor.py:179} INFO - Processing /home/diego.rivero/practica_creativa/env/lib/python3.11/site-packages/airflow/example_dags/example_python_operator.py took 0.197 seconds
[2025-06-11T11:33:14.343+0200] {processor.py:157} INFO - Started process (PID=70593) to work on /home/diego.rivero/practica_creativa/env/lib/python3.11/site-packages/airflow/example_dags/example_python_operator.py
[2025-06-11T11:33:14.344+0200] {processor.py:829} INFO - Processing file /home/diego.rivero/practica_creativa/env/lib/python3.11/site-packages/airflow/example_dags/example_python_operator.py for tasks to queue
[2025-06-11T11:33:14.345+0200] {logging_mixin.py:154} INFO - [2025-06-11T11:33:14.345+0200] {dagbag.py:536} INFO - Filling up the DagBag from /home/diego.rivero/practica_creativa/env/lib/python3.11/site-packages/airflow/example_dags/example_python_operator.py
[2025-06-11T11:33:14.357+0200] {logging_mixin.py:154} INFO - [2025-06-11T11:33:14.357+0200] {example_python_operator.py:86} WARNING - The virtalenv_python example task requires virtualenv, please install it.
[2025-06-11T11:33:14.358+0200] {processor.py:839} INFO - DAG(s) dict_keys(['example_python_operator']) retrieved from /home/diego.rivero/practica_creativa/env/lib/python3.11/site-packages/airflow/example_dags/example_python_operator.py
[2025-06-11T11:33:14.387+0200] {logging_mixin.py:154} INFO - [2025-06-11T11:33:14.386+0200] {dag.py:2941} INFO - Sync 1 DAGs
[2025-06-11T11:33:14.403+0200] {logging_mixin.py:154} INFO - [2025-06-11T11:33:14.403+0200] {dag.py:3722} INFO - Setting next_dagrun for example_python_operator to None, run_after=None
[2025-06-11T11:33:14.457+0200] {processor.py:179} INFO - Processing /home/diego.rivero/practica_creativa/env/lib/python3.11/site-packages/airflow/example_dags/example_python_operator.py took 0.117 seconds
[2025-06-11T11:34:09.844+0200] {processor.py:157} INFO - Started process (PID=70968) to work on /home/diego.rivero/practica_creativa/env/lib/python3.11/site-packages/airflow/example_dags/example_python_operator.py
[2025-06-11T11:34:09.845+0200] {processor.py:829} INFO - Processing file /home/diego.rivero/practica_creativa/env/lib/python3.11/site-packages/airflow/example_dags/example_python_operator.py for tasks to queue
[2025-06-11T11:34:09.846+0200] {logging_mixin.py:154} INFO - [2025-06-11T11:34:09.845+0200] {dagbag.py:536} INFO - Filling up the DagBag from /home/diego.rivero/practica_creativa/env/lib/python3.11/site-packages/airflow/example_dags/example_python_operator.py
[2025-06-11T11:34:09.855+0200] {logging_mixin.py:154} INFO - [2025-06-11T11:34:09.855+0200] {example_python_operator.py:86} WARNING - The virtalenv_python example task requires virtualenv, please install it.
[2025-06-11T11:34:09.856+0200] {processor.py:839} INFO - DAG(s) dict_keys(['example_python_operator']) retrieved from /home/diego.rivero/practica_creativa/env/lib/python3.11/site-packages/airflow/example_dags/example_python_operator.py
[2025-06-11T11:34:09.885+0200] {logging_mixin.py:154} INFO - [2025-06-11T11:34:09.885+0200] {dag.py:2941} INFO - Sync 1 DAGs
[2025-06-11T11:34:09.901+0200] {logging_mixin.py:154} INFO - [2025-06-11T11:34:09.901+0200] {dag.py:3722} INFO - Setting next_dagrun for example_python_operator to None, run_after=None
[2025-06-11T11:34:09.957+0200] {processor.py:179} INFO - Processing /home/diego.rivero/practica_creativa/env/lib/python3.11/site-packages/airflow/example_dags/example_python_operator.py took 0.116 seconds
[2025-06-11T11:34:57.967+0200] {processor.py:157} INFO - Started process (PID=71305) to work on /home/diego.rivero/practica_creativa/env/lib/python3.11/site-packages/airflow/example_dags/example_python_operator.py
[2025-06-11T11:34:57.970+0200] {processor.py:829} INFO - Processing file /home/diego.rivero/practica_creativa/env/lib/python3.11/site-packages/airflow/example_dags/example_python_operator.py for tasks to queue
[2025-06-11T11:34:57.971+0200] {logging_mixin.py:154} INFO - [2025-06-11T11:34:57.971+0200] {dagbag.py:536} INFO - Filling up the DagBag from /home/diego.rivero/practica_creativa/env/lib/python3.11/site-packages/airflow/example_dags/example_python_operator.py
[2025-06-11T11:34:57.985+0200] {logging_mixin.py:154} INFO - [2025-06-11T11:34:57.985+0200] {example_python_operator.py:86} WARNING - The virtalenv_python example task requires virtualenv, please install it.
[2025-06-11T11:34:57.986+0200] {processor.py:839} INFO - DAG(s) dict_keys(['example_python_operator']) retrieved from /home/diego.rivero/practica_creativa/env/lib/python3.11/site-packages/airflow/example_dags/example_python_operator.py
[2025-06-11T11:34:58.013+0200] {logging_mixin.py:154} INFO - [2025-06-11T11:34:58.013+0200] {dag.py:2941} INFO - Sync 1 DAGs
[2025-06-11T11:34:58.028+0200] {logging_mixin.py:154} INFO - [2025-06-11T11:34:58.028+0200] {dag.py:3722} INFO - Setting next_dagrun for example_python_operator to None, run_after=None
[2025-06-11T11:34:58.089+0200] {processor.py:179} INFO - Processing /home/diego.rivero/practica_creativa/env/lib/python3.11/site-packages/airflow/example_dags/example_python_operator.py took 0.131 seconds
[2025-06-11T11:35:51.703+0200] {processor.py:157} INFO - Started process (PID=71677) to work on /home/diego.rivero/practica_creativa/env/lib/python3.11/site-packages/airflow/example_dags/example_python_operator.py
[2025-06-11T11:35:51.705+0200] {processor.py:829} INFO - Processing file /home/diego.rivero/practica_creativa/env/lib/python3.11/site-packages/airflow/example_dags/example_python_operator.py for tasks to queue
[2025-06-11T11:35:51.706+0200] {logging_mixin.py:154} INFO - [2025-06-11T11:35:51.705+0200] {dagbag.py:536} INFO - Filling up the DagBag from /home/diego.rivero/practica_creativa/env/lib/python3.11/site-packages/airflow/example_dags/example_python_operator.py
[2025-06-11T11:35:51.724+0200] {logging_mixin.py:154} INFO - [2025-06-11T11:35:51.724+0200] {example_python_operator.py:86} WARNING - The virtalenv_python example task requires virtualenv, please install it.
[2025-06-11T11:35:51.724+0200] {processor.py:839} INFO - DAG(s) dict_keys(['example_python_operator']) retrieved from /home/diego.rivero/practica_creativa/env/lib/python3.11/site-packages/airflow/example_dags/example_python_operator.py
[2025-06-11T11:35:51.755+0200] {logging_mixin.py:154} INFO - [2025-06-11T11:35:51.755+0200] {dag.py:2941} INFO - Sync 1 DAGs
[2025-06-11T11:35:51.772+0200] {logging_mixin.py:154} INFO - [2025-06-11T11:35:51.771+0200] {dag.py:3722} INFO - Setting next_dagrun for example_python_operator to None, run_after=None
[2025-06-11T11:35:51.832+0200] {processor.py:179} INFO - Processing /home/diego.rivero/practica_creativa/env/lib/python3.11/site-packages/airflow/example_dags/example_python_operator.py took 0.136 seconds
[2025-06-11T11:36:44.721+0200] {processor.py:157} INFO - Started process (PID=72005) to work on /home/diego.rivero/practica_creativa/env/lib/python3.11/site-packages/airflow/example_dags/example_python_operator.py
[2025-06-11T11:36:44.724+0200] {processor.py:829} INFO - Processing file /home/diego.rivero/practica_creativa/env/lib/python3.11/site-packages/airflow/example_dags/example_python_operator.py for tasks to queue
[2025-06-11T11:36:44.726+0200] {logging_mixin.py:154} INFO - [2025-06-11T11:36:44.725+0200] {dagbag.py:536} INFO - Filling up the DagBag from /home/diego.rivero/practica_creativa/env/lib/python3.11/site-packages/airflow/example_dags/example_python_operator.py
[2025-06-11T11:36:44.753+0200] {logging_mixin.py:154} INFO - [2025-06-11T11:36:44.752+0200] {example_python_operator.py:86} WARNING - The virtalenv_python example task requires virtualenv, please install it.
[2025-06-11T11:36:44.754+0200] {processor.py:839} INFO - DAG(s) dict_keys(['example_python_operator']) retrieved from /home/diego.rivero/practica_creativa/env/lib/python3.11/site-packages/airflow/example_dags/example_python_operator.py
[2025-06-11T11:36:44.785+0200] {logging_mixin.py:154} INFO - [2025-06-11T11:36:44.785+0200] {dag.py:2941} INFO - Sync 1 DAGs
[2025-06-11T11:36:44.802+0200] {logging_mixin.py:154} INFO - [2025-06-11T11:36:44.802+0200] {dag.py:3722} INFO - Setting next_dagrun for example_python_operator to None, run_after=None
[2025-06-11T11:36:44.857+0200] {processor.py:179} INFO - Processing /home/diego.rivero/practica_creativa/env/lib/python3.11/site-packages/airflow/example_dags/example_python_operator.py took 0.146 seconds
