[2025-06-11T11:28:54.440+0200] {processor.py:157} INFO - Started process (PID=68882) to work on /home/diego.rivero/practica_creativa/env/lib/python3.11/site-packages/airflow/example_dags/example_params_ui_tutorial.py
[2025-06-11T11:28:54.443+0200] {processor.py:829} INFO - Processing file /home/diego.rivero/practica_creativa/env/lib/python3.11/site-packages/airflow/example_dags/example_params_ui_tutorial.py for tasks to queue
[2025-06-11T11:28:54.446+0200] {logging_mixin.py:154} INFO - [2025-06-11T11:28:54.445+0200] {dagbag.py:536} INFO - Filling up the DagBag from /home/diego.rivero/practica_creativa/env/lib/python3.11/site-packages/airflow/example_dags/example_params_ui_tutorial.py
[2025-06-11T11:28:54.506+0200] {processor.py:839} INFO - DAG(s) dict_keys(['example_params_ui_tutorial']) retrieved from /home/diego.rivero/practica_creativa/env/lib/python3.11/site-packages/airflow/example_dags/example_params_ui_tutorial.py
[2025-06-11T11:28:54.553+0200] {logging_mixin.py:154} INFO - [2025-06-11T11:28:54.552+0200] {dag.py:2941} INFO - Sync 1 DAGs
[2025-06-11T11:28:54.565+0200] {logging_mixin.py:154} INFO - [2025-06-11T11:28:54.565+0200] {dag.py:3722} INFO - Setting next_dagrun for example_params_ui_tutorial to None, run_after=None
[2025-06-11T11:28:54.622+0200] {processor.py:179} INFO - Processing /home/diego.rivero/practica_creativa/env/lib/python3.11/site-packages/airflow/example_dags/example_params_ui_tutorial.py took 0.192 seconds
[2025-06-11T11:29:50.687+0200] {processor.py:157} INFO - Started process (PID=69268) to work on /home/diego.rivero/practica_creativa/env/lib/python3.11/site-packages/airflow/example_dags/example_params_ui_tutorial.py
[2025-06-11T11:29:50.690+0200] {processor.py:829} INFO - Processing file /home/diego.rivero/practica_creativa/env/lib/python3.11/site-packages/airflow/example_dags/example_params_ui_tutorial.py for tasks to queue
[2025-06-11T11:29:50.692+0200] {logging_mixin.py:154} INFO - [2025-06-11T11:29:50.691+0200] {dagbag.py:536} INFO - Filling up the DagBag from /home/diego.rivero/practica_creativa/env/lib/python3.11/site-packages/airflow/example_dags/example_params_ui_tutorial.py
[2025-06-11T11:29:50.751+0200] {processor.py:839} INFO - DAG(s) dict_keys(['example_params_ui_tutorial']) retrieved from /home/diego.rivero/practica_creativa/env/lib/python3.11/site-packages/airflow/example_dags/example_params_ui_tutorial.py
[2025-06-11T11:29:50.805+0200] {logging_mixin.py:154} INFO - [2025-06-11T11:29:50.804+0200] {dag.py:2941} INFO - Sync 1 DAGs
[2025-06-11T11:29:50.820+0200] {logging_mixin.py:154} INFO - [2025-06-11T11:29:50.820+0200] {dag.py:3722} INFO - Setting next_dagrun for example_params_ui_tutorial to None, run_after=None
[2025-06-11T11:29:50.882+0200] {processor.py:179} INFO - Processing /home/diego.rivero/practica_creativa/env/lib/python3.11/site-packages/airflow/example_dags/example_params_ui_tutorial.py took 0.207 seconds
[2025-06-11T11:30:45.527+0200] {processor.py:157} INFO - Started process (PID=69605) to work on /home/diego.rivero/practica_creativa/env/lib/python3.11/site-packages/airflow/example_dags/example_params_ui_tutorial.py
[2025-06-11T11:30:45.528+0200] {processor.py:829} INFO - Processing file /home/diego.rivero/practica_creativa/env/lib/python3.11/site-packages/airflow/example_dags/example_params_ui_tutorial.py for tasks to queue
[2025-06-11T11:30:45.529+0200] {logging_mixin.py:154} INFO - [2025-06-11T11:30:45.528+0200] {dagbag.py:536} INFO - Filling up the DagBag from /home/diego.rivero/practica_creativa/env/lib/python3.11/site-packages/airflow/example_dags/example_params_ui_tutorial.py
[2025-06-11T11:30:45.554+0200] {processor.py:839} INFO - DAG(s) dict_keys(['example_params_ui_tutorial']) retrieved from /home/diego.rivero/practica_creativa/env/lib/python3.11/site-packages/airflow/example_dags/example_params_ui_tutorial.py
[2025-06-11T11:30:45.600+0200] {logging_mixin.py:154} INFO - [2025-06-11T11:30:45.599+0200] {dag.py:2941} INFO - Sync 1 DAGs
[2025-06-11T11:30:45.614+0200] {logging_mixin.py:154} INFO - [2025-06-11T11:30:45.614+0200] {dag.py:3722} INFO - Setting next_dagrun for example_params_ui_tutorial to None, run_after=None
[2025-06-11T11:30:45.670+0200] {processor.py:179} INFO - Processing /home/diego.rivero/practica_creativa/env/lib/python3.11/site-packages/airflow/example_dags/example_params_ui_tutorial.py took 0.145 seconds
[2025-06-11T11:31:39.926+0200] {processor.py:157} INFO - Started process (PID=69978) to work on /home/diego.rivero/practica_creativa/env/lib/python3.11/site-packages/airflow/example_dags/example_params_ui_tutorial.py
[2025-06-11T11:31:39.927+0200] {processor.py:829} INFO - Processing file /home/diego.rivero/practica_creativa/env/lib/python3.11/site-packages/airflow/example_dags/example_params_ui_tutorial.py for tasks to queue
[2025-06-11T11:31:39.928+0200] {logging_mixin.py:154} INFO - [2025-06-11T11:31:39.927+0200] {dagbag.py:536} INFO - Filling up the DagBag from /home/diego.rivero/practica_creativa/env/lib/python3.11/site-packages/airflow/example_dags/example_params_ui_tutorial.py
[2025-06-11T11:31:39.950+0200] {processor.py:839} INFO - DAG(s) dict_keys(['example_params_ui_tutorial']) retrieved from /home/diego.rivero/practica_creativa/env/lib/python3.11/site-packages/airflow/example_dags/example_params_ui_tutorial.py
[2025-06-11T11:31:39.995+0200] {logging_mixin.py:154} INFO - [2025-06-11T11:31:39.994+0200] {dag.py:2941} INFO - Sync 1 DAGs
[2025-06-11T11:31:40.008+0200] {logging_mixin.py:154} INFO - [2025-06-11T11:31:40.008+0200] {dag.py:3722} INFO - Setting next_dagrun for example_params_ui_tutorial to None, run_after=None
[2025-06-11T11:31:40.060+0200] {processor.py:179} INFO - Processing /home/diego.rivero/practica_creativa/env/lib/python3.11/site-packages/airflow/example_dags/example_params_ui_tutorial.py took 0.136 seconds
[2025-06-11T11:32:25.426+0200] {processor.py:157} INFO - Started process (PID=70277) to work on /home/diego.rivero/practica_creativa/env/lib/python3.11/site-packages/airflow/example_dags/example_params_ui_tutorial.py
[2025-06-11T11:32:25.427+0200] {processor.py:829} INFO - Processing file /home/diego.rivero/practica_creativa/env/lib/python3.11/site-packages/airflow/example_dags/example_params_ui_tutorial.py for tasks to queue
[2025-06-11T11:32:25.429+0200] {logging_mixin.py:154} INFO - [2025-06-11T11:32:25.428+0200] {dagbag.py:536} INFO - Filling up the DagBag from /home/diego.rivero/practica_creativa/env/lib/python3.11/site-packages/airflow/example_dags/example_params_ui_tutorial.py
[2025-06-11T11:32:25.458+0200] {processor.py:839} INFO - DAG(s) dict_keys(['example_params_ui_tutorial']) retrieved from /home/diego.rivero/practica_creativa/env/lib/python3.11/site-packages/airflow/example_dags/example_params_ui_tutorial.py
[2025-06-11T11:32:25.506+0200] {logging_mixin.py:154} INFO - [2025-06-11T11:32:25.506+0200] {dag.py:2941} INFO - Sync 1 DAGs
[2025-06-11T11:32:25.520+0200] {logging_mixin.py:154} INFO - [2025-06-11T11:32:25.520+0200] {dag.py:3722} INFO - Setting next_dagrun for example_params_ui_tutorial to None, run_after=None
[2025-06-11T11:32:25.582+0200] {processor.py:179} INFO - Processing /home/diego.rivero/practica_creativa/env/lib/python3.11/site-packages/airflow/example_dags/example_params_ui_tutorial.py took 0.166 seconds
[2025-06-11T11:33:17.132+0200] {processor.py:157} INFO - Started process (PID=70623) to work on /home/diego.rivero/practica_creativa/env/lib/python3.11/site-packages/airflow/example_dags/example_params_ui_tutorial.py
[2025-06-11T11:33:17.134+0200] {processor.py:829} INFO - Processing file /home/diego.rivero/practica_creativa/env/lib/python3.11/site-packages/airflow/example_dags/example_params_ui_tutorial.py for tasks to queue
[2025-06-11T11:33:17.135+0200] {logging_mixin.py:154} INFO - [2025-06-11T11:33:17.134+0200] {dagbag.py:536} INFO - Filling up the DagBag from /home/diego.rivero/practica_creativa/env/lib/python3.11/site-packages/airflow/example_dags/example_params_ui_tutorial.py
[2025-06-11T11:33:17.177+0200] {processor.py:839} INFO - DAG(s) dict_keys(['example_params_ui_tutorial']) retrieved from /home/diego.rivero/practica_creativa/env/lib/python3.11/site-packages/airflow/example_dags/example_params_ui_tutorial.py
[2025-06-11T11:33:17.224+0200] {logging_mixin.py:154} INFO - [2025-06-11T11:33:17.224+0200] {dag.py:2941} INFO - Sync 1 DAGs
[2025-06-11T11:33:17.238+0200] {logging_mixin.py:154} INFO - [2025-06-11T11:33:17.238+0200] {dag.py:3722} INFO - Setting next_dagrun for example_params_ui_tutorial to None, run_after=None
[2025-06-11T11:33:17.290+0200] {processor.py:179} INFO - Processing /home/diego.rivero/practica_creativa/env/lib/python3.11/site-packages/airflow/example_dags/example_params_ui_tutorial.py took 0.165 seconds
[2025-06-11T11:34:12.197+0200] {processor.py:157} INFO - Started process (PID=70978) to work on /home/diego.rivero/practica_creativa/env/lib/python3.11/site-packages/airflow/example_dags/example_params_ui_tutorial.py
[2025-06-11T11:34:12.198+0200] {processor.py:829} INFO - Processing file /home/diego.rivero/practica_creativa/env/lib/python3.11/site-packages/airflow/example_dags/example_params_ui_tutorial.py for tasks to queue
[2025-06-11T11:34:12.199+0200] {logging_mixin.py:154} INFO - [2025-06-11T11:34:12.198+0200] {dagbag.py:536} INFO - Filling up the DagBag from /home/diego.rivero/practica_creativa/env/lib/python3.11/site-packages/airflow/example_dags/example_params_ui_tutorial.py
[2025-06-11T11:34:12.227+0200] {processor.py:839} INFO - DAG(s) dict_keys(['example_params_ui_tutorial']) retrieved from /home/diego.rivero/practica_creativa/env/lib/python3.11/site-packages/airflow/example_dags/example_params_ui_tutorial.py
[2025-06-11T11:34:12.277+0200] {logging_mixin.py:154} INFO - [2025-06-11T11:34:12.277+0200] {dag.py:2941} INFO - Sync 1 DAGs
[2025-06-11T11:34:12.292+0200] {logging_mixin.py:154} INFO - [2025-06-11T11:34:12.292+0200] {dag.py:3722} INFO - Setting next_dagrun for example_params_ui_tutorial to None, run_after=None
[2025-06-11T11:34:12.349+0200] {processor.py:179} INFO - Processing /home/diego.rivero/practica_creativa/env/lib/python3.11/site-packages/airflow/example_dags/example_params_ui_tutorial.py took 0.155 seconds
[2025-06-11T11:34:59.878+0200] {processor.py:157} INFO - Started process (PID=71316) to work on /home/diego.rivero/practica_creativa/env/lib/python3.11/site-packages/airflow/example_dags/example_params_ui_tutorial.py
[2025-06-11T11:34:59.880+0200] {processor.py:829} INFO - Processing file /home/diego.rivero/practica_creativa/env/lib/python3.11/site-packages/airflow/example_dags/example_params_ui_tutorial.py for tasks to queue
[2025-06-11T11:34:59.882+0200] {logging_mixin.py:154} INFO - [2025-06-11T11:34:59.881+0200] {dagbag.py:536} INFO - Filling up the DagBag from /home/diego.rivero/practica_creativa/env/lib/python3.11/site-packages/airflow/example_dags/example_params_ui_tutorial.py
[2025-06-11T11:34:59.912+0200] {processor.py:839} INFO - DAG(s) dict_keys(['example_params_ui_tutorial']) retrieved from /home/diego.rivero/practica_creativa/env/lib/python3.11/site-packages/airflow/example_dags/example_params_ui_tutorial.py
[2025-06-11T11:34:59.958+0200] {logging_mixin.py:154} INFO - [2025-06-11T11:34:59.958+0200] {dag.py:2941} INFO - Sync 1 DAGs
[2025-06-11T11:34:59.971+0200] {logging_mixin.py:154} INFO - [2025-06-11T11:34:59.971+0200] {dag.py:3722} INFO - Setting next_dagrun for example_params_ui_tutorial to None, run_after=None
[2025-06-11T11:35:00.029+0200] {processor.py:179} INFO - Processing /home/diego.rivero/practica_creativa/env/lib/python3.11/site-packages/airflow/example_dags/example_params_ui_tutorial.py took 0.157 seconds
[2025-06-11T11:35:54.369+0200] {processor.py:157} INFO - Started process (PID=71692) to work on /home/diego.rivero/practica_creativa/env/lib/python3.11/site-packages/airflow/example_dags/example_params_ui_tutorial.py
[2025-06-11T11:35:54.371+0200] {processor.py:829} INFO - Processing file /home/diego.rivero/practica_creativa/env/lib/python3.11/site-packages/airflow/example_dags/example_params_ui_tutorial.py for tasks to queue
[2025-06-11T11:35:54.374+0200] {logging_mixin.py:154} INFO - [2025-06-11T11:35:54.373+0200] {dagbag.py:536} INFO - Filling up the DagBag from /home/diego.rivero/practica_creativa/env/lib/python3.11/site-packages/airflow/example_dags/example_params_ui_tutorial.py
[2025-06-11T11:35:54.429+0200] {processor.py:839} INFO - DAG(s) dict_keys(['example_params_ui_tutorial']) retrieved from /home/diego.rivero/practica_creativa/env/lib/python3.11/site-packages/airflow/example_dags/example_params_ui_tutorial.py
[2025-06-11T11:35:54.477+0200] {logging_mixin.py:154} INFO - [2025-06-11T11:35:54.477+0200] {dag.py:2941} INFO - Sync 1 DAGs
[2025-06-11T11:35:54.490+0200] {logging_mixin.py:154} INFO - [2025-06-11T11:35:54.490+0200] {dag.py:3722} INFO - Setting next_dagrun for example_params_ui_tutorial to None, run_after=None
[2025-06-11T11:35:54.541+0200] {processor.py:179} INFO - Processing /home/diego.rivero/practica_creativa/env/lib/python3.11/site-packages/airflow/example_dags/example_params_ui_tutorial.py took 0.182 seconds
[2025-06-11T11:36:47.473+0200] {processor.py:157} INFO - Started process (PID=72013) to work on /home/diego.rivero/practica_creativa/env/lib/python3.11/site-packages/airflow/example_dags/example_params_ui_tutorial.py
[2025-06-11T11:36:47.476+0200] {processor.py:829} INFO - Processing file /home/diego.rivero/practica_creativa/env/lib/python3.11/site-packages/airflow/example_dags/example_params_ui_tutorial.py for tasks to queue
[2025-06-11T11:36:47.478+0200] {logging_mixin.py:154} INFO - [2025-06-11T11:36:47.477+0200] {dagbag.py:536} INFO - Filling up the DagBag from /home/diego.rivero/practica_creativa/env/lib/python3.11/site-packages/airflow/example_dags/example_params_ui_tutorial.py
[2025-06-11T11:36:47.525+0200] {processor.py:839} INFO - DAG(s) dict_keys(['example_params_ui_tutorial']) retrieved from /home/diego.rivero/practica_creativa/env/lib/python3.11/site-packages/airflow/example_dags/example_params_ui_tutorial.py
[2025-06-11T11:36:47.605+0200] {logging_mixin.py:154} INFO - [2025-06-11T11:36:47.605+0200] {dag.py:2941} INFO - Sync 1 DAGs
[2025-06-11T11:36:47.621+0200] {logging_mixin.py:154} INFO - [2025-06-11T11:36:47.620+0200] {dag.py:3722} INFO - Setting next_dagrun for example_params_ui_tutorial to None, run_after=None
[2025-06-11T11:36:47.671+0200] {processor.py:179} INFO - Processing /home/diego.rivero/practica_creativa/env/lib/python3.11/site-packages/airflow/example_dags/example_params_ui_tutorial.py took 0.208 seconds
