[2025-06-11T11:29:17.288+0200] {processor.py:157} INFO - Started process (PID=69037) to work on /home/diego.rivero/practica_creativa/env/lib/python3.11/site-packages/airflow/example_dags/example_branch_datetime_operator.py
[2025-06-11T11:29:17.291+0200] {processor.py:829} INFO - Processing file /home/diego.rivero/practica_creativa/env/lib/python3.11/site-packages/airflow/example_dags/example_branch_datetime_operator.py for tasks to queue
[2025-06-11T11:29:17.293+0200] {logging_mixin.py:154} INFO - [2025-06-11T11:29:17.292+0200] {dagbag.py:536} INFO - Filling up the DagBag from /home/diego.rivero/practica_creativa/env/lib/python3.11/site-packages/airflow/example_dags/example_branch_datetime_operator.py
[2025-06-11T11:29:17.320+0200] {processor.py:839} INFO - DAG(s) dict_keys(['example_branch_datetime_operator_2', 'example_branch_datetime_operator_3', 'example_branch_datetime_operator']) retrieved from /home/diego.rivero/practica_creativa/env/lib/python3.11/site-packages/airflow/example_dags/example_branch_datetime_operator.py
[2025-06-11T11:29:17.364+0200] {logging_mixin.py:154} INFO - [2025-06-11T11:29:17.363+0200] {dag.py:2941} INFO - Sync 3 DAGs
[2025-06-11T11:29:17.391+0200] {logging_mixin.py:154} INFO - [2025-06-11T11:29:17.391+0200] {dag.py:3722} INFO - Setting next_dagrun for example_branch_datetime_operator to 2025-06-10T00:00:00+00:00, run_after=2025-06-11T00:00:00+00:00
[2025-06-11T11:29:17.397+0200] {logging_mixin.py:154} INFO - [2025-06-11T11:29:17.397+0200] {dag.py:3722} INFO - Setting next_dagrun for example_branch_datetime_operator_2 to 2025-06-10T00:00:00+00:00, run_after=2025-06-11T00:00:00+00:00
[2025-06-11T11:29:17.401+0200] {logging_mixin.py:154} INFO - [2025-06-11T11:29:17.401+0200] {dag.py:3722} INFO - Setting next_dagrun for example_branch_datetime_operator_3 to 2025-06-10T00:00:00+00:00, run_after=2025-06-11T00:00:00+00:00
[2025-06-11T11:29:17.449+0200] {processor.py:179} INFO - Processing /home/diego.rivero/practica_creativa/env/lib/python3.11/site-packages/airflow/example_dags/example_branch_datetime_operator.py took 0.171 seconds
[2025-06-11T11:30:35.963+0200] {processor.py:157} INFO - Started process (PID=69523) to work on /home/diego.rivero/practica_creativa/env/lib/python3.11/site-packages/airflow/example_dags/example_branch_datetime_operator.py
[2025-06-11T11:30:35.964+0200] {processor.py:829} INFO - Processing file /home/diego.rivero/practica_creativa/env/lib/python3.11/site-packages/airflow/example_dags/example_branch_datetime_operator.py for tasks to queue
[2025-06-11T11:30:35.964+0200] {logging_mixin.py:154} INFO - [2025-06-11T11:30:35.964+0200] {dagbag.py:536} INFO - Filling up the DagBag from /home/diego.rivero/practica_creativa/env/lib/python3.11/site-packages/airflow/example_dags/example_branch_datetime_operator.py
[2025-06-11T11:30:35.974+0200] {processor.py:839} INFO - DAG(s) dict_keys(['example_branch_datetime_operator_3', 'example_branch_datetime_operator_2', 'example_branch_datetime_operator']) retrieved from /home/diego.rivero/practica_creativa/env/lib/python3.11/site-packages/airflow/example_dags/example_branch_datetime_operator.py
[2025-06-11T11:30:36.009+0200] {logging_mixin.py:154} INFO - [2025-06-11T11:30:36.009+0200] {dag.py:2941} INFO - Sync 3 DAGs
[2025-06-11T11:30:36.036+0200] {logging_mixin.py:154} INFO - [2025-06-11T11:30:36.035+0200] {dag.py:3722} INFO - Setting next_dagrun for example_branch_datetime_operator to 2025-06-10T00:00:00+00:00, run_after=2025-06-11T00:00:00+00:00
[2025-06-11T11:30:36.041+0200] {logging_mixin.py:154} INFO - [2025-06-11T11:30:36.041+0200] {dag.py:3722} INFO - Setting next_dagrun for example_branch_datetime_operator_2 to 2025-06-10T00:00:00+00:00, run_after=2025-06-11T00:00:00+00:00
[2025-06-11T11:30:36.045+0200] {logging_mixin.py:154} INFO - [2025-06-11T11:30:36.045+0200] {dag.py:3722} INFO - Setting next_dagrun for example_branch_datetime_operator_3 to 2025-06-10T00:00:00+00:00, run_after=2025-06-11T00:00:00+00:00
[2025-06-11T11:30:36.093+0200] {processor.py:179} INFO - Processing /home/diego.rivero/practica_creativa/env/lib/python3.11/site-packages/airflow/example_dags/example_branch_datetime_operator.py took 0.133 seconds
[2025-06-11T11:32:46.181+0200] {processor.py:157} INFO - Started process (PID=70411) to work on /home/diego.rivero/practica_creativa/env/lib/python3.11/site-packages/airflow/example_dags/example_branch_datetime_operator.py
[2025-06-11T11:32:46.183+0200] {processor.py:829} INFO - Processing file /home/diego.rivero/practica_creativa/env/lib/python3.11/site-packages/airflow/example_dags/example_branch_datetime_operator.py for tasks to queue
[2025-06-11T11:32:46.184+0200] {logging_mixin.py:154} INFO - [2025-06-11T11:32:46.183+0200] {dagbag.py:536} INFO - Filling up the DagBag from /home/diego.rivero/practica_creativa/env/lib/python3.11/site-packages/airflow/example_dags/example_branch_datetime_operator.py
[2025-06-11T11:32:46.197+0200] {processor.py:839} INFO - DAG(s) dict_keys(['example_branch_datetime_operator_2', 'example_branch_datetime_operator_3', 'example_branch_datetime_operator']) retrieved from /home/diego.rivero/practica_creativa/env/lib/python3.11/site-packages/airflow/example_dags/example_branch_datetime_operator.py
[2025-06-11T11:32:46.238+0200] {logging_mixin.py:154} INFO - [2025-06-11T11:32:46.238+0200] {dag.py:2941} INFO - Sync 3 DAGs
[2025-06-11T11:32:46.267+0200] {logging_mixin.py:154} INFO - [2025-06-11T11:32:46.267+0200] {dag.py:3722} INFO - Setting next_dagrun for example_branch_datetime_operator to 2025-06-10T00:00:00+00:00, run_after=2025-06-11T00:00:00+00:00
[2025-06-11T11:32:46.273+0200] {logging_mixin.py:154} INFO - [2025-06-11T11:32:46.273+0200] {dag.py:3722} INFO - Setting next_dagrun for example_branch_datetime_operator_2 to 2025-06-10T00:00:00+00:00, run_after=2025-06-11T00:00:00+00:00
[2025-06-11T11:32:46.277+0200] {logging_mixin.py:154} INFO - [2025-06-11T11:32:46.277+0200] {dag.py:3722} INFO - Setting next_dagrun for example_branch_datetime_operator_3 to 2025-06-10T00:00:00+00:00, run_after=2025-06-11T00:00:00+00:00
[2025-06-11T11:32:46.327+0200] {processor.py:179} INFO - Processing /home/diego.rivero/practica_creativa/env/lib/python3.11/site-packages/airflow/example_dags/example_branch_datetime_operator.py took 0.150 seconds
[2025-06-11T11:33:56.786+0200] {processor.py:157} INFO - Started process (PID=70903) to work on /home/diego.rivero/practica_creativa/env/lib/python3.11/site-packages/airflow/example_dags/example_branch_datetime_operator.py
[2025-06-11T11:33:56.789+0200] {processor.py:829} INFO - Processing file /home/diego.rivero/practica_creativa/env/lib/python3.11/site-packages/airflow/example_dags/example_branch_datetime_operator.py for tasks to queue
[2025-06-11T11:33:56.790+0200] {logging_mixin.py:154} INFO - [2025-06-11T11:33:56.789+0200] {dagbag.py:536} INFO - Filling up the DagBag from /home/diego.rivero/practica_creativa/env/lib/python3.11/site-packages/airflow/example_dags/example_branch_datetime_operator.py
[2025-06-11T11:33:56.818+0200] {processor.py:839} INFO - DAG(s) dict_keys(['example_branch_datetime_operator', 'example_branch_datetime_operator_2', 'example_branch_datetime_operator_3']) retrieved from /home/diego.rivero/practica_creativa/env/lib/python3.11/site-packages/airflow/example_dags/example_branch_datetime_operator.py
[2025-06-11T11:33:56.904+0200] {logging_mixin.py:154} INFO - [2025-06-11T11:33:56.903+0200] {dag.py:2941} INFO - Sync 3 DAGs
[2025-06-11T11:33:56.944+0200] {logging_mixin.py:154} INFO - [2025-06-11T11:33:56.944+0200] {dag.py:3722} INFO - Setting next_dagrun for example_branch_datetime_operator to 2025-06-10T00:00:00+00:00, run_after=2025-06-11T00:00:00+00:00
[2025-06-11T11:33:56.952+0200] {logging_mixin.py:154} INFO - [2025-06-11T11:33:56.952+0200] {dag.py:3722} INFO - Setting next_dagrun for example_branch_datetime_operator_2 to 2025-06-10T00:00:00+00:00, run_after=2025-06-11T00:00:00+00:00
[2025-06-11T11:33:56.960+0200] {logging_mixin.py:154} INFO - [2025-06-11T11:33:56.959+0200] {dag.py:3722} INFO - Setting next_dagrun for example_branch_datetime_operator_3 to 2025-06-10T00:00:00+00:00, run_after=2025-06-11T00:00:00+00:00
[2025-06-11T11:33:57.025+0200] {processor.py:179} INFO - Processing /home/diego.rivero/practica_creativa/env/lib/python3.11/site-packages/airflow/example_dags/example_branch_datetime_operator.py took 0.248 seconds
[2025-06-11T11:35:11.598+0200] {processor.py:157} INFO - Started process (PID=71372) to work on /home/diego.rivero/practica_creativa/env/lib/python3.11/site-packages/airflow/example_dags/example_branch_datetime_operator.py
[2025-06-11T11:35:11.601+0200] {processor.py:829} INFO - Processing file /home/diego.rivero/practica_creativa/env/lib/python3.11/site-packages/airflow/example_dags/example_branch_datetime_operator.py for tasks to queue
[2025-06-11T11:35:11.603+0200] {logging_mixin.py:154} INFO - [2025-06-11T11:35:11.602+0200] {dagbag.py:536} INFO - Filling up the DagBag from /home/diego.rivero/practica_creativa/env/lib/python3.11/site-packages/airflow/example_dags/example_branch_datetime_operator.py
[2025-06-11T11:35:11.623+0200] {processor.py:839} INFO - DAG(s) dict_keys(['example_branch_datetime_operator_2', 'example_branch_datetime_operator_3', 'example_branch_datetime_operator']) retrieved from /home/diego.rivero/practica_creativa/env/lib/python3.11/site-packages/airflow/example_dags/example_branch_datetime_operator.py
[2025-06-11T11:35:11.665+0200] {logging_mixin.py:154} INFO - [2025-06-11T11:35:11.665+0200] {dag.py:2941} INFO - Sync 3 DAGs
[2025-06-11T11:35:11.695+0200] {logging_mixin.py:154} INFO - [2025-06-11T11:35:11.695+0200] {dag.py:3722} INFO - Setting next_dagrun for example_branch_datetime_operator to 2025-06-10T00:00:00+00:00, run_after=2025-06-11T00:00:00+00:00
[2025-06-11T11:35:11.701+0200] {logging_mixin.py:154} INFO - [2025-06-11T11:35:11.701+0200] {dag.py:3722} INFO - Setting next_dagrun for example_branch_datetime_operator_2 to 2025-06-10T00:00:00+00:00, run_after=2025-06-11T00:00:00+00:00
[2025-06-11T11:35:11.705+0200] {logging_mixin.py:154} INFO - [2025-06-11T11:35:11.705+0200] {dag.py:3722} INFO - Setting next_dagrun for example_branch_datetime_operator_3 to 2025-06-10T00:00:00+00:00, run_after=2025-06-11T00:00:00+00:00
[2025-06-11T11:35:11.757+0200] {processor.py:179} INFO - Processing /home/diego.rivero/practica_creativa/env/lib/python3.11/site-packages/airflow/example_dags/example_branch_datetime_operator.py took 0.169 seconds
[2025-06-11T11:36:31.608+0200] {processor.py:157} INFO - Started process (PID=71912) to work on /home/diego.rivero/practica_creativa/env/lib/python3.11/site-packages/airflow/example_dags/example_branch_datetime_operator.py
[2025-06-11T11:36:31.610+0200] {processor.py:829} INFO - Processing file /home/diego.rivero/practica_creativa/env/lib/python3.11/site-packages/airflow/example_dags/example_branch_datetime_operator.py for tasks to queue
[2025-06-11T11:36:31.611+0200] {logging_mixin.py:154} INFO - [2025-06-11T11:36:31.611+0200] {dagbag.py:536} INFO - Filling up the DagBag from /home/diego.rivero/practica_creativa/env/lib/python3.11/site-packages/airflow/example_dags/example_branch_datetime_operator.py
[2025-06-11T11:36:31.627+0200] {processor.py:839} INFO - DAG(s) dict_keys(['example_branch_datetime_operator_2', 'example_branch_datetime_operator_3', 'example_branch_datetime_operator']) retrieved from /home/diego.rivero/practica_creativa/env/lib/python3.11/site-packages/airflow/example_dags/example_branch_datetime_operator.py
[2025-06-11T11:36:31.671+0200] {logging_mixin.py:154} INFO - [2025-06-11T11:36:31.671+0200] {dag.py:2941} INFO - Sync 3 DAGs
[2025-06-11T11:36:31.705+0200] {logging_mixin.py:154} INFO - [2025-06-11T11:36:31.705+0200] {dag.py:3722} INFO - Setting next_dagrun for example_branch_datetime_operator to 2025-06-10T00:00:00+00:00, run_after=2025-06-11T00:00:00+00:00
[2025-06-11T11:36:31.712+0200] {logging_mixin.py:154} INFO - [2025-06-11T11:36:31.712+0200] {dag.py:3722} INFO - Setting next_dagrun for example_branch_datetime_operator_2 to 2025-06-10T00:00:00+00:00, run_after=2025-06-11T00:00:00+00:00
[2025-06-11T11:36:31.718+0200] {logging_mixin.py:154} INFO - [2025-06-11T11:36:31.718+0200] {dag.py:3722} INFO - Setting next_dagrun for example_branch_datetime_operator_3 to 2025-06-10T00:00:00+00:00, run_after=2025-06-11T00:00:00+00:00
[2025-06-11T11:36:31.779+0200] {processor.py:179} INFO - Processing /home/diego.rivero/practica_creativa/env/lib/python3.11/site-packages/airflow/example_dags/example_branch_datetime_operator.py took 0.178 seconds
