[2025-06-11T11:28:46.827+0200] {processor.py:157} INFO - Started process (PID=68846) to work on /home/diego.rivero/practica_creativa/env/lib/python3.11/site-packages/airflow/example_dags/example_setup_teardown.py
[2025-06-11T11:28:46.827+0200] {processor.py:829} INFO - Processing file /home/diego.rivero/practica_creativa/env/lib/python3.11/site-packages/airflow/example_dags/example_setup_teardown.py for tasks to queue
[2025-06-11T11:28:46.828+0200] {logging_mixin.py:154} INFO - [2025-06-11T11:28:46.828+0200] {dagbag.py:536} INFO - Filling up the DagBag from /home/diego.rivero/practica_creativa/env/lib/python3.11/site-packages/airflow/example_dags/example_setup_teardown.py
[2025-06-11T11:28:46.837+0200] {processor.py:839} INFO - DAG(s) dict_keys(['example_setup_teardown']) retrieved from /home/diego.rivero/practica_creativa/env/lib/python3.11/site-packages/airflow/example_dags/example_setup_teardown.py
[2025-06-11T11:28:46.866+0200] {logging_mixin.py:154} INFO - [2025-06-11T11:28:46.866+0200] {dag.py:2941} INFO - Sync 1 DAGs
[2025-06-11T11:28:46.895+0200] {logging_mixin.py:154} INFO - [2025-06-11T11:28:46.895+0200] {dag.py:3722} INFO - Setting next_dagrun for example_setup_teardown to 2025-06-10T09:28:46.894950+00:00, run_after=2025-06-11T09:28:46.894950+00:00
[2025-06-11T11:28:46.953+0200] {processor.py:179} INFO - Processing /home/diego.rivero/practica_creativa/env/lib/python3.11/site-packages/airflow/example_dags/example_setup_teardown.py took 0.131 seconds
[2025-06-11T11:29:41.130+0200] {processor.py:157} INFO - Started process (PID=69180) to work on /home/diego.rivero/practica_creativa/env/lib/python3.11/site-packages/airflow/example_dags/example_setup_teardown.py
[2025-06-11T11:29:41.131+0200] {processor.py:829} INFO - Processing file /home/diego.rivero/practica_creativa/env/lib/python3.11/site-packages/airflow/example_dags/example_setup_teardown.py for tasks to queue
[2025-06-11T11:29:41.132+0200] {logging_mixin.py:154} INFO - [2025-06-11T11:29:41.132+0200] {dagbag.py:536} INFO - Filling up the DagBag from /home/diego.rivero/practica_creativa/env/lib/python3.11/site-packages/airflow/example_dags/example_setup_teardown.py
[2025-06-11T11:29:41.141+0200] {processor.py:839} INFO - DAG(s) dict_keys(['example_setup_teardown']) retrieved from /home/diego.rivero/practica_creativa/env/lib/python3.11/site-packages/airflow/example_dags/example_setup_teardown.py
[2025-06-11T11:29:41.168+0200] {logging_mixin.py:154} INFO - [2025-06-11T11:29:41.168+0200] {dag.py:2941} INFO - Sync 1 DAGs
[2025-06-11T11:29:41.194+0200] {logging_mixin.py:154} INFO - [2025-06-11T11:29:41.194+0200] {dag.py:3722} INFO - Setting next_dagrun for example_setup_teardown to 2025-06-10T09:29:41.194439+00:00, run_after=2025-06-11T09:29:41.194439+00:00
[2025-06-11T11:29:41.249+0200] {processor.py:179} INFO - Processing /home/diego.rivero/practica_creativa/env/lib/python3.11/site-packages/airflow/example_dags/example_setup_teardown.py took 0.122 seconds
[2025-06-11T11:30:33.316+0200] {processor.py:157} INFO - Started process (PID=69511) to work on /home/diego.rivero/practica_creativa/env/lib/python3.11/site-packages/airflow/example_dags/example_setup_teardown.py
[2025-06-11T11:30:33.317+0200] {processor.py:829} INFO - Processing file /home/diego.rivero/practica_creativa/env/lib/python3.11/site-packages/airflow/example_dags/example_setup_teardown.py for tasks to queue
[2025-06-11T11:30:33.317+0200] {logging_mixin.py:154} INFO - [2025-06-11T11:30:33.317+0200] {dagbag.py:536} INFO - Filling up the DagBag from /home/diego.rivero/practica_creativa/env/lib/python3.11/site-packages/airflow/example_dags/example_setup_teardown.py
[2025-06-11T11:30:33.327+0200] {processor.py:839} INFO - DAG(s) dict_keys(['example_setup_teardown']) retrieved from /home/diego.rivero/practica_creativa/env/lib/python3.11/site-packages/airflow/example_dags/example_setup_teardown.py
[2025-06-11T11:30:33.352+0200] {logging_mixin.py:154} INFO - [2025-06-11T11:30:33.352+0200] {dag.py:2941} INFO - Sync 1 DAGs
[2025-06-11T11:30:33.378+0200] {logging_mixin.py:154} INFO - [2025-06-11T11:30:33.378+0200] {dag.py:3722} INFO - Setting next_dagrun for example_setup_teardown to 2025-06-10T09:30:33.378120+00:00, run_after=2025-06-11T09:30:33.378120+00:00
[2025-06-11T11:30:33.432+0200] {processor.py:179} INFO - Processing /home/diego.rivero/practica_creativa/env/lib/python3.11/site-packages/airflow/example_dags/example_setup_teardown.py took 0.120 seconds
[2025-06-11T11:31:26.860+0200] {processor.py:157} INFO - Started process (PID=69883) to work on /home/diego.rivero/practica_creativa/env/lib/python3.11/site-packages/airflow/example_dags/example_setup_teardown.py
[2025-06-11T11:31:26.861+0200] {processor.py:829} INFO - Processing file /home/diego.rivero/practica_creativa/env/lib/python3.11/site-packages/airflow/example_dags/example_setup_teardown.py for tasks to queue
[2025-06-11T11:31:26.861+0200] {logging_mixin.py:154} INFO - [2025-06-11T11:31:26.861+0200] {dagbag.py:536} INFO - Filling up the DagBag from /home/diego.rivero/practica_creativa/env/lib/python3.11/site-packages/airflow/example_dags/example_setup_teardown.py
[2025-06-11T11:31:26.869+0200] {processor.py:839} INFO - DAG(s) dict_keys(['example_setup_teardown']) retrieved from /home/diego.rivero/practica_creativa/env/lib/python3.11/site-packages/airflow/example_dags/example_setup_teardown.py
[2025-06-11T11:31:26.895+0200] {logging_mixin.py:154} INFO - [2025-06-11T11:31:26.894+0200] {dag.py:2941} INFO - Sync 1 DAGs
[2025-06-11T11:31:26.922+0200] {logging_mixin.py:154} INFO - [2025-06-11T11:31:26.921+0200] {dag.py:3722} INFO - Setting next_dagrun for example_setup_teardown to 2025-06-10T09:31:26.921636+00:00, run_after=2025-06-11T09:31:26.921636+00:00
[2025-06-11T11:31:26.977+0200] {processor.py:179} INFO - Processing /home/diego.rivero/practica_creativa/env/lib/python3.11/site-packages/airflow/example_dags/example_setup_teardown.py took 0.119 seconds
[2025-06-11T11:32:16.834+0200] {processor.py:157} INFO - Started process (PID=70217) to work on /home/diego.rivero/practica_creativa/env/lib/python3.11/site-packages/airflow/example_dags/example_setup_teardown.py
[2025-06-11T11:32:16.835+0200] {processor.py:829} INFO - Processing file /home/diego.rivero/practica_creativa/env/lib/python3.11/site-packages/airflow/example_dags/example_setup_teardown.py for tasks to queue
[2025-06-11T11:32:16.836+0200] {logging_mixin.py:154} INFO - [2025-06-11T11:32:16.836+0200] {dagbag.py:536} INFO - Filling up the DagBag from /home/diego.rivero/practica_creativa/env/lib/python3.11/site-packages/airflow/example_dags/example_setup_teardown.py
[2025-06-11T11:32:16.847+0200] {processor.py:839} INFO - DAG(s) dict_keys(['example_setup_teardown']) retrieved from /home/diego.rivero/practica_creativa/env/lib/python3.11/site-packages/airflow/example_dags/example_setup_teardown.py
[2025-06-11T11:32:16.876+0200] {logging_mixin.py:154} INFO - [2025-06-11T11:32:16.876+0200] {dag.py:2941} INFO - Sync 1 DAGs
[2025-06-11T11:32:16.903+0200] {logging_mixin.py:154} INFO - [2025-06-11T11:32:16.903+0200] {dag.py:3722} INFO - Setting next_dagrun for example_setup_teardown to 2025-06-10T09:32:16.903027+00:00, run_after=2025-06-11T09:32:16.903027+00:00
[2025-06-11T11:32:16.968+0200] {processor.py:179} INFO - Processing /home/diego.rivero/practica_creativa/env/lib/python3.11/site-packages/airflow/example_dags/example_setup_teardown.py took 0.137 seconds
[2025-06-11T11:33:08.977+0200] {processor.py:157} INFO - Started process (PID=70556) to work on /home/diego.rivero/practica_creativa/env/lib/python3.11/site-packages/airflow/example_dags/example_setup_teardown.py
[2025-06-11T11:33:08.979+0200] {processor.py:829} INFO - Processing file /home/diego.rivero/practica_creativa/env/lib/python3.11/site-packages/airflow/example_dags/example_setup_teardown.py for tasks to queue
[2025-06-11T11:33:08.981+0200] {logging_mixin.py:154} INFO - [2025-06-11T11:33:08.980+0200] {dagbag.py:536} INFO - Filling up the DagBag from /home/diego.rivero/practica_creativa/env/lib/python3.11/site-packages/airflow/example_dags/example_setup_teardown.py
[2025-06-11T11:33:08.995+0200] {processor.py:839} INFO - DAG(s) dict_keys(['example_setup_teardown']) retrieved from /home/diego.rivero/practica_creativa/env/lib/python3.11/site-packages/airflow/example_dags/example_setup_teardown.py
[2025-06-11T11:33:09.023+0200] {logging_mixin.py:154} INFO - [2025-06-11T11:33:09.023+0200] {dag.py:2941} INFO - Sync 1 DAGs
[2025-06-11T11:33:09.052+0200] {logging_mixin.py:154} INFO - [2025-06-11T11:33:09.052+0200] {dag.py:3722} INFO - Setting next_dagrun for example_setup_teardown to 2025-06-10T09:33:09.052078+00:00, run_after=2025-06-11T09:33:09.052078+00:00
[2025-06-11T11:33:09.108+0200] {processor.py:179} INFO - Processing /home/diego.rivero/practica_creativa/env/lib/python3.11/site-packages/airflow/example_dags/example_setup_teardown.py took 0.138 seconds
[2025-06-11T11:34:03.514+0200] {processor.py:157} INFO - Started process (PID=70934) to work on /home/diego.rivero/practica_creativa/env/lib/python3.11/site-packages/airflow/example_dags/example_setup_teardown.py
[2025-06-11T11:34:03.515+0200] {processor.py:829} INFO - Processing file /home/diego.rivero/practica_creativa/env/lib/python3.11/site-packages/airflow/example_dags/example_setup_teardown.py for tasks to queue
[2025-06-11T11:34:03.516+0200] {logging_mixin.py:154} INFO - [2025-06-11T11:34:03.516+0200] {dagbag.py:536} INFO - Filling up the DagBag from /home/diego.rivero/practica_creativa/env/lib/python3.11/site-packages/airflow/example_dags/example_setup_teardown.py
[2025-06-11T11:34:03.524+0200] {processor.py:839} INFO - DAG(s) dict_keys(['example_setup_teardown']) retrieved from /home/diego.rivero/practica_creativa/env/lib/python3.11/site-packages/airflow/example_dags/example_setup_teardown.py
[2025-06-11T11:34:03.553+0200] {logging_mixin.py:154} INFO - [2025-06-11T11:34:03.553+0200] {dag.py:2941} INFO - Sync 1 DAGs
[2025-06-11T11:34:03.582+0200] {logging_mixin.py:154} INFO - [2025-06-11T11:34:03.582+0200] {dag.py:3722} INFO - Setting next_dagrun for example_setup_teardown to 2025-06-10T09:34:03.582178+00:00, run_after=2025-06-11T09:34:03.582178+00:00
[2025-06-11T11:34:03.637+0200] {processor.py:179} INFO - Processing /home/diego.rivero/practica_creativa/env/lib/python3.11/site-packages/airflow/example_dags/example_setup_teardown.py took 0.126 seconds
[2025-06-11T11:34:51.483+0200] {processor.py:157} INFO - Started process (PID=71275) to work on /home/diego.rivero/practica_creativa/env/lib/python3.11/site-packages/airflow/example_dags/example_setup_teardown.py
[2025-06-11T11:34:51.486+0200] {processor.py:829} INFO - Processing file /home/diego.rivero/practica_creativa/env/lib/python3.11/site-packages/airflow/example_dags/example_setup_teardown.py for tasks to queue
[2025-06-11T11:34:51.488+0200] {logging_mixin.py:154} INFO - [2025-06-11T11:34:51.487+0200] {dagbag.py:536} INFO - Filling up the DagBag from /home/diego.rivero/practica_creativa/env/lib/python3.11/site-packages/airflow/example_dags/example_setup_teardown.py
[2025-06-11T11:34:51.515+0200] {processor.py:839} INFO - DAG(s) dict_keys(['example_setup_teardown']) retrieved from /home/diego.rivero/practica_creativa/env/lib/python3.11/site-packages/airflow/example_dags/example_setup_teardown.py
[2025-06-11T11:34:51.583+0200] {logging_mixin.py:154} INFO - [2025-06-11T11:34:51.582+0200] {dag.py:2941} INFO - Sync 1 DAGs
[2025-06-11T11:34:51.643+0200] {logging_mixin.py:154} INFO - [2025-06-11T11:34:51.643+0200] {dag.py:3722} INFO - Setting next_dagrun for example_setup_teardown to 2025-06-10T09:34:51.642961+00:00, run_after=2025-06-11T09:34:51.642961+00:00
[2025-06-11T11:34:51.716+0200] {processor.py:179} INFO - Processing /home/diego.rivero/practica_creativa/env/lib/python3.11/site-packages/airflow/example_dags/example_setup_teardown.py took 0.244 seconds
[2025-06-11T11:35:45.002+0200] {processor.py:157} INFO - Started process (PID=71602) to work on /home/diego.rivero/practica_creativa/env/lib/python3.11/site-packages/airflow/example_dags/example_setup_teardown.py
[2025-06-11T11:35:45.005+0200] {processor.py:829} INFO - Processing file /home/diego.rivero/practica_creativa/env/lib/python3.11/site-packages/airflow/example_dags/example_setup_teardown.py for tasks to queue
[2025-06-11T11:35:45.007+0200] {logging_mixin.py:154} INFO - [2025-06-11T11:35:45.006+0200] {dagbag.py:536} INFO - Filling up the DagBag from /home/diego.rivero/practica_creativa/env/lib/python3.11/site-packages/airflow/example_dags/example_setup_teardown.py
[2025-06-11T11:35:45.027+0200] {processor.py:839} INFO - DAG(s) dict_keys(['example_setup_teardown']) retrieved from /home/diego.rivero/practica_creativa/env/lib/python3.11/site-packages/airflow/example_dags/example_setup_teardown.py
[2025-06-11T11:35:45.054+0200] {logging_mixin.py:154} INFO - [2025-06-11T11:35:45.054+0200] {dag.py:2941} INFO - Sync 1 DAGs
[2025-06-11T11:35:45.082+0200] {logging_mixin.py:154} INFO - [2025-06-11T11:35:45.081+0200] {dag.py:3722} INFO - Setting next_dagrun for example_setup_teardown to 2025-06-10T09:35:45.081630+00:00, run_after=2025-06-11T09:35:45.081630+00:00
[2025-06-11T11:35:45.135+0200] {processor.py:179} INFO - Processing /home/diego.rivero/practica_creativa/env/lib/python3.11/site-packages/airflow/example_dags/example_setup_teardown.py took 0.143 seconds
[2025-06-11T11:36:38.406+0200] {processor.py:157} INFO - Started process (PID=71972) to work on /home/diego.rivero/practica_creativa/env/lib/python3.11/site-packages/airflow/example_dags/example_setup_teardown.py
[2025-06-11T11:36:38.408+0200] {processor.py:829} INFO - Processing file /home/diego.rivero/practica_creativa/env/lib/python3.11/site-packages/airflow/example_dags/example_setup_teardown.py for tasks to queue
[2025-06-11T11:36:38.410+0200] {logging_mixin.py:154} INFO - [2025-06-11T11:36:38.409+0200] {dagbag.py:536} INFO - Filling up the DagBag from /home/diego.rivero/practica_creativa/env/lib/python3.11/site-packages/airflow/example_dags/example_setup_teardown.py
[2025-06-11T11:36:38.432+0200] {processor.py:839} INFO - DAG(s) dict_keys(['example_setup_teardown']) retrieved from /home/diego.rivero/practica_creativa/env/lib/python3.11/site-packages/airflow/example_dags/example_setup_teardown.py
[2025-06-11T11:36:38.462+0200] {logging_mixin.py:154} INFO - [2025-06-11T11:36:38.462+0200] {dag.py:2941} INFO - Sync 1 DAGs
[2025-06-11T11:36:38.490+0200] {logging_mixin.py:154} INFO - [2025-06-11T11:36:38.490+0200] {dag.py:3722} INFO - Setting next_dagrun for example_setup_teardown to 2025-06-10T09:36:38.489841+00:00, run_after=2025-06-11T09:36:38.489841+00:00
[2025-06-11T11:36:38.542+0200] {processor.py:179} INFO - Processing /home/diego.rivero/practica_creativa/env/lib/python3.11/site-packages/airflow/example_dags/example_setup_teardown.py took 0.146 seconds
