[2025-06-11T11:28:37.113+0200] {processor.py:157} INFO - Started process (PID=68753) to work on /home/diego.rivero/practica_creativa/env/lib/python3.11/site-packages/airflow/example_dags/example_time_delta_sensor_async.py
[2025-06-11T11:28:37.114+0200] {processor.py:829} INFO - Processing file /home/diego.rivero/practica_creativa/env/lib/python3.11/site-packages/airflow/example_dags/example_time_delta_sensor_async.py for tasks to queue
[2025-06-11T11:28:37.115+0200] {logging_mixin.py:154} INFO - [2025-06-11T11:28:37.114+0200] {dagbag.py:536} INFO - Filling up the DagBag from /home/diego.rivero/practica_creativa/env/lib/python3.11/site-packages/airflow/example_dags/example_time_delta_sensor_async.py
[2025-06-11T11:28:37.126+0200] {processor.py:839} INFO - DAG(s) dict_keys(['example_time_delta_sensor_async']) retrieved from /home/diego.rivero/practica_creativa/env/lib/python3.11/site-packages/airflow/example_dags/example_time_delta_sensor_async.py
[2025-06-11T11:28:37.166+0200] {logging_mixin.py:154} INFO - [2025-06-11T11:28:37.166+0200] {dag.py:2941} INFO - Sync 1 DAGs
[2025-06-11T11:28:37.182+0200] {logging_mixin.py:154} INFO - [2025-06-11T11:28:37.182+0200] {dag.py:3722} INFO - Setting next_dagrun for example_time_delta_sensor_async to None, run_after=None
[2025-06-11T11:28:37.239+0200] {processor.py:179} INFO - Processing /home/diego.rivero/practica_creativa/env/lib/python3.11/site-packages/airflow/example_dags/example_time_delta_sensor_async.py took 0.130 seconds
[2025-06-11T11:29:31.729+0200] {processor.py:157} INFO - Started process (PID=69105) to work on /home/diego.rivero/practica_creativa/env/lib/python3.11/site-packages/airflow/example_dags/example_time_delta_sensor_async.py
[2025-06-11T11:29:31.730+0200] {processor.py:829} INFO - Processing file /home/diego.rivero/practica_creativa/env/lib/python3.11/site-packages/airflow/example_dags/example_time_delta_sensor_async.py for tasks to queue
[2025-06-11T11:29:31.732+0200] {logging_mixin.py:154} INFO - [2025-06-11T11:29:31.731+0200] {dagbag.py:536} INFO - Filling up the DagBag from /home/diego.rivero/practica_creativa/env/lib/python3.11/site-packages/airflow/example_dags/example_time_delta_sensor_async.py
[2025-06-11T11:29:31.739+0200] {processor.py:839} INFO - DAG(s) dict_keys(['example_time_delta_sensor_async']) retrieved from /home/diego.rivero/practica_creativa/env/lib/python3.11/site-packages/airflow/example_dags/example_time_delta_sensor_async.py
[2025-06-11T11:29:31.769+0200] {logging_mixin.py:154} INFO - [2025-06-11T11:29:31.769+0200] {dag.py:2941} INFO - Sync 1 DAGs
[2025-06-11T11:29:31.785+0200] {logging_mixin.py:154} INFO - [2025-06-11T11:29:31.785+0200] {dag.py:3722} INFO - Setting next_dagrun for example_time_delta_sensor_async to None, run_after=None
[2025-06-11T11:29:31.840+0200] {processor.py:179} INFO - Processing /home/diego.rivero/practica_creativa/env/lib/python3.11/site-packages/airflow/example_dags/example_time_delta_sensor_async.py took 0.120 seconds
[2025-06-11T11:30:24.278+0200] {processor.py:157} INFO - Started process (PID=69470) to work on /home/diego.rivero/practica_creativa/env/lib/python3.11/site-packages/airflow/example_dags/example_time_delta_sensor_async.py
[2025-06-11T11:30:24.280+0200] {processor.py:829} INFO - Processing file /home/diego.rivero/practica_creativa/env/lib/python3.11/site-packages/airflow/example_dags/example_time_delta_sensor_async.py for tasks to queue
[2025-06-11T11:30:24.281+0200] {logging_mixin.py:154} INFO - [2025-06-11T11:30:24.280+0200] {dagbag.py:536} INFO - Filling up the DagBag from /home/diego.rivero/practica_creativa/env/lib/python3.11/site-packages/airflow/example_dags/example_time_delta_sensor_async.py
[2025-06-11T11:30:24.289+0200] {processor.py:839} INFO - DAG(s) dict_keys(['example_time_delta_sensor_async']) retrieved from /home/diego.rivero/practica_creativa/env/lib/python3.11/site-packages/airflow/example_dags/example_time_delta_sensor_async.py
[2025-06-11T11:30:24.328+0200] {logging_mixin.py:154} INFO - [2025-06-11T11:30:24.328+0200] {dag.py:2941} INFO - Sync 1 DAGs
[2025-06-11T11:30:24.344+0200] {logging_mixin.py:154} INFO - [2025-06-11T11:30:24.344+0200] {dag.py:3722} INFO - Setting next_dagrun for example_time_delta_sensor_async to None, run_after=None
[2025-06-11T11:30:24.402+0200] {processor.py:179} INFO - Processing /home/diego.rivero/practica_creativa/env/lib/python3.11/site-packages/airflow/example_dags/example_time_delta_sensor_async.py took 0.128 seconds
[2025-06-11T11:31:16.386+0200] {processor.py:157} INFO - Started process (PID=69816) to work on /home/diego.rivero/practica_creativa/env/lib/python3.11/site-packages/airflow/example_dags/example_time_delta_sensor_async.py
[2025-06-11T11:31:16.388+0200] {processor.py:829} INFO - Processing file /home/diego.rivero/practica_creativa/env/lib/python3.11/site-packages/airflow/example_dags/example_time_delta_sensor_async.py for tasks to queue
[2025-06-11T11:31:16.389+0200] {logging_mixin.py:154} INFO - [2025-06-11T11:31:16.388+0200] {dagbag.py:536} INFO - Filling up the DagBag from /home/diego.rivero/practica_creativa/env/lib/python3.11/site-packages/airflow/example_dags/example_time_delta_sensor_async.py
[2025-06-11T11:31:16.397+0200] {processor.py:839} INFO - DAG(s) dict_keys(['example_time_delta_sensor_async']) retrieved from /home/diego.rivero/practica_creativa/env/lib/python3.11/site-packages/airflow/example_dags/example_time_delta_sensor_async.py
[2025-06-11T11:31:16.425+0200] {logging_mixin.py:154} INFO - [2025-06-11T11:31:16.425+0200] {dag.py:2941} INFO - Sync 1 DAGs
[2025-06-11T11:31:16.440+0200] {logging_mixin.py:154} INFO - [2025-06-11T11:31:16.440+0200] {dag.py:3722} INFO - Setting next_dagrun for example_time_delta_sensor_async to None, run_after=None
[2025-06-11T11:31:16.493+0200] {processor.py:179} INFO - Processing /home/diego.rivero/practica_creativa/env/lib/python3.11/site-packages/airflow/example_dags/example_time_delta_sensor_async.py took 0.115 seconds
[2025-06-11T11:32:08.697+0200] {processor.py:157} INFO - Started process (PID=70157) to work on /home/diego.rivero/practica_creativa/env/lib/python3.11/site-packages/airflow/example_dags/example_time_delta_sensor_async.py
[2025-06-11T11:32:08.698+0200] {processor.py:829} INFO - Processing file /home/diego.rivero/practica_creativa/env/lib/python3.11/site-packages/airflow/example_dags/example_time_delta_sensor_async.py for tasks to queue
[2025-06-11T11:32:08.699+0200] {logging_mixin.py:154} INFO - [2025-06-11T11:32:08.698+0200] {dagbag.py:536} INFO - Filling up the DagBag from /home/diego.rivero/practica_creativa/env/lib/python3.11/site-packages/airflow/example_dags/example_time_delta_sensor_async.py
[2025-06-11T11:32:08.707+0200] {processor.py:839} INFO - DAG(s) dict_keys(['example_time_delta_sensor_async']) retrieved from /home/diego.rivero/practica_creativa/env/lib/python3.11/site-packages/airflow/example_dags/example_time_delta_sensor_async.py
[2025-06-11T11:32:08.747+0200] {logging_mixin.py:154} INFO - [2025-06-11T11:32:08.746+0200] {dag.py:2941} INFO - Sync 1 DAGs
[2025-06-11T11:32:08.763+0200] {logging_mixin.py:154} INFO - [2025-06-11T11:32:08.763+0200] {dag.py:3722} INFO - Setting next_dagrun for example_time_delta_sensor_async to None, run_after=None
[2025-06-11T11:32:08.823+0200] {processor.py:179} INFO - Processing /home/diego.rivero/practica_creativa/env/lib/python3.11/site-packages/airflow/example_dags/example_time_delta_sensor_async.py took 0.129 seconds
[2025-06-11T11:32:59.598+0200] {processor.py:157} INFO - Started process (PID=70517) to work on /home/diego.rivero/practica_creativa/env/lib/python3.11/site-packages/airflow/example_dags/example_time_delta_sensor_async.py
[2025-06-11T11:32:59.599+0200] {processor.py:829} INFO - Processing file /home/diego.rivero/practica_creativa/env/lib/python3.11/site-packages/airflow/example_dags/example_time_delta_sensor_async.py for tasks to queue
[2025-06-11T11:32:59.600+0200] {logging_mixin.py:154} INFO - [2025-06-11T11:32:59.599+0200] {dagbag.py:536} INFO - Filling up the DagBag from /home/diego.rivero/practica_creativa/env/lib/python3.11/site-packages/airflow/example_dags/example_time_delta_sensor_async.py
[2025-06-11T11:32:59.606+0200] {processor.py:839} INFO - DAG(s) dict_keys(['example_time_delta_sensor_async']) retrieved from /home/diego.rivero/practica_creativa/env/lib/python3.11/site-packages/airflow/example_dags/example_time_delta_sensor_async.py
[2025-06-11T11:32:59.633+0200] {logging_mixin.py:154} INFO - [2025-06-11T11:32:59.633+0200] {dag.py:2941} INFO - Sync 1 DAGs
[2025-06-11T11:32:59.649+0200] {logging_mixin.py:154} INFO - [2025-06-11T11:32:59.649+0200] {dag.py:3722} INFO - Setting next_dagrun for example_time_delta_sensor_async to None, run_after=None
[2025-06-11T11:32:59.702+0200] {processor.py:179} INFO - Processing /home/diego.rivero/practica_creativa/env/lib/python3.11/site-packages/airflow/example_dags/example_time_delta_sensor_async.py took 0.109 seconds
[2025-06-11T11:33:47.423+0200] {processor.py:157} INFO - Started process (PID=70859) to work on /home/diego.rivero/practica_creativa/env/lib/python3.11/site-packages/airflow/example_dags/example_time_delta_sensor_async.py
[2025-06-11T11:33:47.423+0200] {processor.py:829} INFO - Processing file /home/diego.rivero/practica_creativa/env/lib/python3.11/site-packages/airflow/example_dags/example_time_delta_sensor_async.py for tasks to queue
[2025-06-11T11:33:47.424+0200] {logging_mixin.py:154} INFO - [2025-06-11T11:33:47.424+0200] {dagbag.py:536} INFO - Filling up the DagBag from /home/diego.rivero/practica_creativa/env/lib/python3.11/site-packages/airflow/example_dags/example_time_delta_sensor_async.py
[2025-06-11T11:33:47.429+0200] {processor.py:839} INFO - DAG(s) dict_keys(['example_time_delta_sensor_async']) retrieved from /home/diego.rivero/practica_creativa/env/lib/python3.11/site-packages/airflow/example_dags/example_time_delta_sensor_async.py
[2025-06-11T11:33:47.458+0200] {logging_mixin.py:154} INFO - [2025-06-11T11:33:47.458+0200] {dag.py:2941} INFO - Sync 1 DAGs
[2025-06-11T11:33:47.476+0200] {logging_mixin.py:154} INFO - [2025-06-11T11:33:47.475+0200] {dag.py:3722} INFO - Setting next_dagrun for example_time_delta_sensor_async to None, run_after=None
[2025-06-11T11:33:47.546+0200] {processor.py:179} INFO - Processing /home/diego.rivero/practica_creativa/env/lib/python3.11/site-packages/airflow/example_dags/example_time_delta_sensor_async.py took 0.126 seconds
[2025-06-11T11:34:36.519+0200] {processor.py:157} INFO - Started process (PID=71133) to work on /home/diego.rivero/practica_creativa/env/lib/python3.11/site-packages/airflow/example_dags/example_time_delta_sensor_async.py
[2025-06-11T11:34:36.520+0200] {processor.py:829} INFO - Processing file /home/diego.rivero/practica_creativa/env/lib/python3.11/site-packages/airflow/example_dags/example_time_delta_sensor_async.py for tasks to queue
[2025-06-11T11:34:36.521+0200] {logging_mixin.py:154} INFO - [2025-06-11T11:34:36.520+0200] {dagbag.py:536} INFO - Filling up the DagBag from /home/diego.rivero/practica_creativa/env/lib/python3.11/site-packages/airflow/example_dags/example_time_delta_sensor_async.py
[2025-06-11T11:34:36.526+0200] {processor.py:839} INFO - DAG(s) dict_keys(['example_time_delta_sensor_async']) retrieved from /home/diego.rivero/practica_creativa/env/lib/python3.11/site-packages/airflow/example_dags/example_time_delta_sensor_async.py
[2025-06-11T11:34:36.554+0200] {logging_mixin.py:154} INFO - [2025-06-11T11:34:36.554+0200] {dag.py:2941} INFO - Sync 1 DAGs
[2025-06-11T11:34:36.569+0200] {logging_mixin.py:154} INFO - [2025-06-11T11:34:36.569+0200] {dag.py:3722} INFO - Setting next_dagrun for example_time_delta_sensor_async to None, run_after=None
[2025-06-11T11:34:36.629+0200] {processor.py:179} INFO - Processing /home/diego.rivero/practica_creativa/env/lib/python3.11/site-packages/airflow/example_dags/example_time_delta_sensor_async.py took 0.113 seconds
[2025-06-11T11:35:28.515+0200] {processor.py:157} INFO - Started process (PID=71493) to work on /home/diego.rivero/practica_creativa/env/lib/python3.11/site-packages/airflow/example_dags/example_time_delta_sensor_async.py
[2025-06-11T11:35:28.518+0200] {processor.py:829} INFO - Processing file /home/diego.rivero/practica_creativa/env/lib/python3.11/site-packages/airflow/example_dags/example_time_delta_sensor_async.py for tasks to queue
[2025-06-11T11:35:28.520+0200] {logging_mixin.py:154} INFO - [2025-06-11T11:35:28.519+0200] {dagbag.py:536} INFO - Filling up the DagBag from /home/diego.rivero/practica_creativa/env/lib/python3.11/site-packages/airflow/example_dags/example_time_delta_sensor_async.py
[2025-06-11T11:35:28.533+0200] {processor.py:839} INFO - DAG(s) dict_keys(['example_time_delta_sensor_async']) retrieved from /home/diego.rivero/practica_creativa/env/lib/python3.11/site-packages/airflow/example_dags/example_time_delta_sensor_async.py
[2025-06-11T11:35:28.563+0200] {logging_mixin.py:154} INFO - [2025-06-11T11:35:28.563+0200] {dag.py:2941} INFO - Sync 1 DAGs
[2025-06-11T11:35:28.579+0200] {logging_mixin.py:154} INFO - [2025-06-11T11:35:28.579+0200] {dag.py:3722} INFO - Setting next_dagrun for example_time_delta_sensor_async to None, run_after=None
[2025-06-11T11:35:28.632+0200] {processor.py:179} INFO - Processing /home/diego.rivero/practica_creativa/env/lib/python3.11/site-packages/airflow/example_dags/example_time_delta_sensor_async.py took 0.126 seconds
[2025-06-11T11:36:22.230+0200] {processor.py:157} INFO - Started process (PID=71872) to work on /home/diego.rivero/practica_creativa/env/lib/python3.11/site-packages/airflow/example_dags/example_time_delta_sensor_async.py
[2025-06-11T11:36:22.231+0200] {processor.py:829} INFO - Processing file /home/diego.rivero/practica_creativa/env/lib/python3.11/site-packages/airflow/example_dags/example_time_delta_sensor_async.py for tasks to queue
[2025-06-11T11:36:22.233+0200] {logging_mixin.py:154} INFO - [2025-06-11T11:36:22.232+0200] {dagbag.py:536} INFO - Filling up the DagBag from /home/diego.rivero/practica_creativa/env/lib/python3.11/site-packages/airflow/example_dags/example_time_delta_sensor_async.py
[2025-06-11T11:36:22.241+0200] {processor.py:839} INFO - DAG(s) dict_keys(['example_time_delta_sensor_async']) retrieved from /home/diego.rivero/practica_creativa/env/lib/python3.11/site-packages/airflow/example_dags/example_time_delta_sensor_async.py
[2025-06-11T11:36:22.267+0200] {logging_mixin.py:154} INFO - [2025-06-11T11:36:22.267+0200] {dag.py:2941} INFO - Sync 1 DAGs
[2025-06-11T11:36:22.281+0200] {logging_mixin.py:154} INFO - [2025-06-11T11:36:22.281+0200] {dag.py:3722} INFO - Setting next_dagrun for example_time_delta_sensor_async to None, run_after=None
[2025-06-11T11:36:22.336+0200] {processor.py:179} INFO - Processing /home/diego.rivero/practica_creativa/env/lib/python3.11/site-packages/airflow/example_dags/example_time_delta_sensor_async.py took 0.116 seconds
[2025-06-11T11:37:13.084+0200] {processor.py:157} INFO - Started process (PID=72185) to work on /home/diego.rivero/practica_creativa/env/lib/python3.11/site-packages/airflow/example_dags/example_time_delta_sensor_async.py
[2025-06-11T11:37:13.086+0200] {processor.py:829} INFO - Processing file /home/diego.rivero/practica_creativa/env/lib/python3.11/site-packages/airflow/example_dags/example_time_delta_sensor_async.py for tasks to queue
[2025-06-11T11:37:13.088+0200] {logging_mixin.py:154} INFO - [2025-06-11T11:37:13.087+0200] {dagbag.py:536} INFO - Filling up the DagBag from /home/diego.rivero/practica_creativa/env/lib/python3.11/site-packages/airflow/example_dags/example_time_delta_sensor_async.py
[2025-06-11T11:37:13.104+0200] {processor.py:839} INFO - DAG(s) dict_keys(['example_time_delta_sensor_async']) retrieved from /home/diego.rivero/practica_creativa/env/lib/python3.11/site-packages/airflow/example_dags/example_time_delta_sensor_async.py
[2025-06-11T11:37:13.153+0200] {logging_mixin.py:154} INFO - [2025-06-11T11:37:13.153+0200] {dag.py:2941} INFO - Sync 1 DAGs
[2025-06-11T11:37:13.172+0200] {logging_mixin.py:154} INFO - [2025-06-11T11:37:13.172+0200] {dag.py:3722} INFO - Setting next_dagrun for example_time_delta_sensor_async to None, run_after=None
[2025-06-11T11:37:13.223+0200] {processor.py:179} INFO - Processing /home/diego.rivero/practica_creativa/env/lib/python3.11/site-packages/airflow/example_dags/example_time_delta_sensor_async.py took 0.150 seconds
