[2025-06-11T11:28:27.753+0200] {processor.py:157} INFO - Started process (PID=68672) to work on /home/diego.rivero/practica_creativa/env/lib/python3.11/site-packages/airflow/example_dags/tutorial_taskflow_api.py
[2025-06-11T11:28:27.756+0200] {processor.py:829} INFO - Processing file /home/diego.rivero/practica_creativa/env/lib/python3.11/site-packages/airflow/example_dags/tutorial_taskflow_api.py for tasks to queue
[2025-06-11T11:28:27.758+0200] {logging_mixin.py:154} INFO - [2025-06-11T11:28:27.757+0200] {dagbag.py:536} INFO - Filling up the DagBag from /home/diego.rivero/practica_creativa/env/lib/python3.11/site-packages/airflow/example_dags/tutorial_taskflow_api.py
[2025-06-11T11:28:27.786+0200] {processor.py:839} INFO - DAG(s) dict_keys(['tutorial_taskflow_api']) retrieved from /home/diego.rivero/practica_creativa/env/lib/python3.11/site-packages/airflow/example_dags/tutorial_taskflow_api.py
[2025-06-11T11:28:27.839+0200] {logging_mixin.py:154} INFO - [2025-06-11T11:28:27.839+0200] {dag.py:2941} INFO - Sync 1 DAGs
[2025-06-11T11:28:27.859+0200] {logging_mixin.py:154} INFO - [2025-06-11T11:28:27.858+0200] {dag.py:3722} INFO - Setting next_dagrun for tutorial_taskflow_api to None, run_after=None
[2025-06-11T11:28:27.923+0200] {processor.py:179} INFO - Processing /home/diego.rivero/practica_creativa/env/lib/python3.11/site-packages/airflow/example_dags/tutorial_taskflow_api.py took 0.179 seconds
[2025-06-11T11:29:23.394+0200] {processor.py:157} INFO - Started process (PID=69065) to work on /home/diego.rivero/practica_creativa/env/lib/python3.11/site-packages/airflow/example_dags/tutorial_taskflow_api.py
[2025-06-11T11:29:23.395+0200] {processor.py:829} INFO - Processing file /home/diego.rivero/practica_creativa/env/lib/python3.11/site-packages/airflow/example_dags/tutorial_taskflow_api.py for tasks to queue
[2025-06-11T11:29:23.395+0200] {logging_mixin.py:154} INFO - [2025-06-11T11:29:23.395+0200] {dagbag.py:536} INFO - Filling up the DagBag from /home/diego.rivero/practica_creativa/env/lib/python3.11/site-packages/airflow/example_dags/tutorial_taskflow_api.py
[2025-06-11T11:29:23.403+0200] {processor.py:839} INFO - DAG(s) dict_keys(['tutorial_taskflow_api']) retrieved from /home/diego.rivero/practica_creativa/env/lib/python3.11/site-packages/airflow/example_dags/tutorial_taskflow_api.py
[2025-06-11T11:29:23.431+0200] {logging_mixin.py:154} INFO - [2025-06-11T11:29:23.430+0200] {dag.py:2941} INFO - Sync 1 DAGs
[2025-06-11T11:29:23.447+0200] {logging_mixin.py:154} INFO - [2025-06-11T11:29:23.447+0200] {dag.py:3722} INFO - Setting next_dagrun for tutorial_taskflow_api to None, run_after=None
[2025-06-11T11:29:23.506+0200] {processor.py:179} INFO - Processing /home/diego.rivero/practica_creativa/env/lib/python3.11/site-packages/airflow/example_dags/tutorial_taskflow_api.py took 0.115 seconds
[2025-06-11T11:30:15.697+0200] {processor.py:157} INFO - Started process (PID=69393) to work on /home/diego.rivero/practica_creativa/env/lib/python3.11/site-packages/airflow/example_dags/tutorial_taskflow_api.py
[2025-06-11T11:30:15.700+0200] {processor.py:829} INFO - Processing file /home/diego.rivero/practica_creativa/env/lib/python3.11/site-packages/airflow/example_dags/tutorial_taskflow_api.py for tasks to queue
[2025-06-11T11:30:15.702+0200] {logging_mixin.py:154} INFO - [2025-06-11T11:30:15.701+0200] {dagbag.py:536} INFO - Filling up the DagBag from /home/diego.rivero/practica_creativa/env/lib/python3.11/site-packages/airflow/example_dags/tutorial_taskflow_api.py
[2025-06-11T11:30:15.722+0200] {processor.py:839} INFO - DAG(s) dict_keys(['tutorial_taskflow_api']) retrieved from /home/diego.rivero/practica_creativa/env/lib/python3.11/site-packages/airflow/example_dags/tutorial_taskflow_api.py
[2025-06-11T11:30:15.775+0200] {logging_mixin.py:154} INFO - [2025-06-11T11:30:15.775+0200] {dag.py:2941} INFO - Sync 1 DAGs
[2025-06-11T11:30:15.805+0200] {logging_mixin.py:154} INFO - [2025-06-11T11:30:15.804+0200] {dag.py:3722} INFO - Setting next_dagrun for tutorial_taskflow_api to None, run_after=None
[2025-06-11T11:30:15.890+0200] {processor.py:179} INFO - Processing /home/diego.rivero/practica_creativa/env/lib/python3.11/site-packages/airflow/example_dags/tutorial_taskflow_api.py took 0.202 seconds
[2025-06-11T11:31:08.187+0200] {processor.py:157} INFO - Started process (PID=69752) to work on /home/diego.rivero/practica_creativa/env/lib/python3.11/site-packages/airflow/example_dags/tutorial_taskflow_api.py
[2025-06-11T11:31:08.189+0200] {processor.py:829} INFO - Processing file /home/diego.rivero/practica_creativa/env/lib/python3.11/site-packages/airflow/example_dags/tutorial_taskflow_api.py for tasks to queue
[2025-06-11T11:31:08.191+0200] {logging_mixin.py:154} INFO - [2025-06-11T11:31:08.190+0200] {dagbag.py:536} INFO - Filling up the DagBag from /home/diego.rivero/practica_creativa/env/lib/python3.11/site-packages/airflow/example_dags/tutorial_taskflow_api.py
[2025-06-11T11:31:08.202+0200] {processor.py:839} INFO - DAG(s) dict_keys(['tutorial_taskflow_api']) retrieved from /home/diego.rivero/practica_creativa/env/lib/python3.11/site-packages/airflow/example_dags/tutorial_taskflow_api.py
[2025-06-11T11:31:08.231+0200] {logging_mixin.py:154} INFO - [2025-06-11T11:31:08.231+0200] {dag.py:2941} INFO - Sync 1 DAGs
[2025-06-11T11:31:08.247+0200] {logging_mixin.py:154} INFO - [2025-06-11T11:31:08.246+0200] {dag.py:3722} INFO - Setting next_dagrun for tutorial_taskflow_api to None, run_after=None
[2025-06-11T11:31:08.301+0200] {processor.py:179} INFO - Processing /home/diego.rivero/practica_creativa/env/lib/python3.11/site-packages/airflow/example_dags/tutorial_taskflow_api.py took 0.124 seconds
[2025-06-11T11:31:59.637+0200] {processor.py:157} INFO - Started process (PID=70112) to work on /home/diego.rivero/practica_creativa/env/lib/python3.11/site-packages/airflow/example_dags/tutorial_taskflow_api.py
[2025-06-11T11:31:59.638+0200] {processor.py:829} INFO - Processing file /home/diego.rivero/practica_creativa/env/lib/python3.11/site-packages/airflow/example_dags/tutorial_taskflow_api.py for tasks to queue
[2025-06-11T11:31:59.638+0200] {logging_mixin.py:154} INFO - [2025-06-11T11:31:59.638+0200] {dagbag.py:536} INFO - Filling up the DagBag from /home/diego.rivero/practica_creativa/env/lib/python3.11/site-packages/airflow/example_dags/tutorial_taskflow_api.py
[2025-06-11T11:31:59.653+0200] {processor.py:839} INFO - DAG(s) dict_keys(['tutorial_taskflow_api']) retrieved from /home/diego.rivero/practica_creativa/env/lib/python3.11/site-packages/airflow/example_dags/tutorial_taskflow_api.py
[2025-06-11T11:31:59.691+0200] {logging_mixin.py:154} INFO - [2025-06-11T11:31:59.691+0200] {dag.py:2941} INFO - Sync 1 DAGs
[2025-06-11T11:31:59.704+0200] {logging_mixin.py:154} INFO - [2025-06-11T11:31:59.704+0200] {dag.py:3722} INFO - Setting next_dagrun for tutorial_taskflow_api to None, run_after=None
[2025-06-11T11:31:59.753+0200] {processor.py:179} INFO - Processing /home/diego.rivero/practica_creativa/env/lib/python3.11/site-packages/airflow/example_dags/tutorial_taskflow_api.py took 0.119 seconds
[2025-06-11T11:32:52.866+0200] {processor.py:157} INFO - Started process (PID=70481) to work on /home/diego.rivero/practica_creativa/env/lib/python3.11/site-packages/airflow/example_dags/tutorial_taskflow_api.py
[2025-06-11T11:32:52.867+0200] {processor.py:829} INFO - Processing file /home/diego.rivero/practica_creativa/env/lib/python3.11/site-packages/airflow/example_dags/tutorial_taskflow_api.py for tasks to queue
[2025-06-11T11:32:52.868+0200] {logging_mixin.py:154} INFO - [2025-06-11T11:32:52.867+0200] {dagbag.py:536} INFO - Filling up the DagBag from /home/diego.rivero/practica_creativa/env/lib/python3.11/site-packages/airflow/example_dags/tutorial_taskflow_api.py
[2025-06-11T11:32:52.876+0200] {processor.py:839} INFO - DAG(s) dict_keys(['tutorial_taskflow_api']) retrieved from /home/diego.rivero/practica_creativa/env/lib/python3.11/site-packages/airflow/example_dags/tutorial_taskflow_api.py
[2025-06-11T11:32:52.901+0200] {logging_mixin.py:154} INFO - [2025-06-11T11:32:52.900+0200] {dag.py:2941} INFO - Sync 1 DAGs
[2025-06-11T11:32:52.916+0200] {logging_mixin.py:154} INFO - [2025-06-11T11:32:52.916+0200] {dag.py:3722} INFO - Setting next_dagrun for tutorial_taskflow_api to None, run_after=None
[2025-06-11T11:32:52.972+0200] {processor.py:179} INFO - Processing /home/diego.rivero/practica_creativa/env/lib/python3.11/site-packages/airflow/example_dags/tutorial_taskflow_api.py took 0.110 seconds
[2025-06-11T11:33:40.280+0200] {processor.py:157} INFO - Started process (PID=70785) to work on /home/diego.rivero/practica_creativa/env/lib/python3.11/site-packages/airflow/example_dags/tutorial_taskflow_api.py
[2025-06-11T11:33:40.282+0200] {processor.py:829} INFO - Processing file /home/diego.rivero/practica_creativa/env/lib/python3.11/site-packages/airflow/example_dags/tutorial_taskflow_api.py for tasks to queue
[2025-06-11T11:33:40.283+0200] {logging_mixin.py:154} INFO - [2025-06-11T11:33:40.283+0200] {dagbag.py:536} INFO - Filling up the DagBag from /home/diego.rivero/practica_creativa/env/lib/python3.11/site-packages/airflow/example_dags/tutorial_taskflow_api.py
[2025-06-11T11:33:40.292+0200] {processor.py:839} INFO - DAG(s) dict_keys(['tutorial_taskflow_api']) retrieved from /home/diego.rivero/practica_creativa/env/lib/python3.11/site-packages/airflow/example_dags/tutorial_taskflow_api.py
[2025-06-11T11:33:40.321+0200] {logging_mixin.py:154} INFO - [2025-06-11T11:33:40.320+0200] {dag.py:2941} INFO - Sync 1 DAGs
[2025-06-11T11:33:40.339+0200] {logging_mixin.py:154} INFO - [2025-06-11T11:33:40.339+0200] {dag.py:3722} INFO - Setting next_dagrun for tutorial_taskflow_api to None, run_after=None
[2025-06-11T11:33:40.393+0200] {processor.py:179} INFO - Processing /home/diego.rivero/practica_creativa/env/lib/python3.11/site-packages/airflow/example_dags/tutorial_taskflow_api.py took 0.120 seconds
[2025-06-11T11:34:28.556+0200] {processor.py:157} INFO - Started process (PID=71096) to work on /home/diego.rivero/practica_creativa/env/lib/python3.11/site-packages/airflow/example_dags/tutorial_taskflow_api.py
[2025-06-11T11:34:28.557+0200] {processor.py:829} INFO - Processing file /home/diego.rivero/practica_creativa/env/lib/python3.11/site-packages/airflow/example_dags/tutorial_taskflow_api.py for tasks to queue
[2025-06-11T11:34:28.559+0200] {logging_mixin.py:154} INFO - [2025-06-11T11:34:28.558+0200] {dagbag.py:536} INFO - Filling up the DagBag from /home/diego.rivero/practica_creativa/env/lib/python3.11/site-packages/airflow/example_dags/tutorial_taskflow_api.py
[2025-06-11T11:34:28.566+0200] {processor.py:839} INFO - DAG(s) dict_keys(['tutorial_taskflow_api']) retrieved from /home/diego.rivero/practica_creativa/env/lib/python3.11/site-packages/airflow/example_dags/tutorial_taskflow_api.py
[2025-06-11T11:34:28.597+0200] {logging_mixin.py:154} INFO - [2025-06-11T11:34:28.597+0200] {dag.py:2941} INFO - Sync 1 DAGs
[2025-06-11T11:34:28.622+0200] {logging_mixin.py:154} INFO - [2025-06-11T11:34:28.622+0200] {dag.py:3722} INFO - Setting next_dagrun for tutorial_taskflow_api to None, run_after=None
[2025-06-11T11:34:28.686+0200] {processor.py:179} INFO - Processing /home/diego.rivero/practica_creativa/env/lib/python3.11/site-packages/airflow/example_dags/tutorial_taskflow_api.py took 0.134 seconds
[2025-06-11T11:35:19.507+0200] {processor.py:157} INFO - Started process (PID=71455) to work on /home/diego.rivero/practica_creativa/env/lib/python3.11/site-packages/airflow/example_dags/tutorial_taskflow_api.py
[2025-06-11T11:35:19.508+0200] {processor.py:829} INFO - Processing file /home/diego.rivero/practica_creativa/env/lib/python3.11/site-packages/airflow/example_dags/tutorial_taskflow_api.py for tasks to queue
[2025-06-11T11:35:19.508+0200] {logging_mixin.py:154} INFO - [2025-06-11T11:35:19.508+0200] {dagbag.py:536} INFO - Filling up the DagBag from /home/diego.rivero/practica_creativa/env/lib/python3.11/site-packages/airflow/example_dags/tutorial_taskflow_api.py
[2025-06-11T11:35:19.516+0200] {processor.py:839} INFO - DAG(s) dict_keys(['tutorial_taskflow_api']) retrieved from /home/diego.rivero/practica_creativa/env/lib/python3.11/site-packages/airflow/example_dags/tutorial_taskflow_api.py
[2025-06-11T11:35:19.546+0200] {logging_mixin.py:154} INFO - [2025-06-11T11:35:19.546+0200] {dag.py:2941} INFO - Sync 1 DAGs
[2025-06-11T11:35:19.560+0200] {logging_mixin.py:154} INFO - [2025-06-11T11:35:19.560+0200] {dag.py:3722} INFO - Setting next_dagrun for tutorial_taskflow_api to None, run_after=None
[2025-06-11T11:35:19.647+0200] {processor.py:179} INFO - Processing /home/diego.rivero/practica_creativa/env/lib/python3.11/site-packages/airflow/example_dags/tutorial_taskflow_api.py took 0.143 seconds
[2025-06-11T11:36:13.872+0200] {processor.py:157} INFO - Started process (PID=71786) to work on /home/diego.rivero/practica_creativa/env/lib/python3.11/site-packages/airflow/example_dags/tutorial_taskflow_api.py
[2025-06-11T11:36:13.874+0200] {processor.py:829} INFO - Processing file /home/diego.rivero/practica_creativa/env/lib/python3.11/site-packages/airflow/example_dags/tutorial_taskflow_api.py for tasks to queue
[2025-06-11T11:36:13.876+0200] {logging_mixin.py:154} INFO - [2025-06-11T11:36:13.875+0200] {dagbag.py:536} INFO - Filling up the DagBag from /home/diego.rivero/practica_creativa/env/lib/python3.11/site-packages/airflow/example_dags/tutorial_taskflow_api.py
[2025-06-11T11:36:13.896+0200] {processor.py:839} INFO - DAG(s) dict_keys(['tutorial_taskflow_api']) retrieved from /home/diego.rivero/practica_creativa/env/lib/python3.11/site-packages/airflow/example_dags/tutorial_taskflow_api.py
[2025-06-11T11:36:13.934+0200] {logging_mixin.py:154} INFO - [2025-06-11T11:36:13.934+0200] {dag.py:2941} INFO - Sync 1 DAGs
[2025-06-11T11:36:13.950+0200] {logging_mixin.py:154} INFO - [2025-06-11T11:36:13.950+0200] {dag.py:3722} INFO - Setting next_dagrun for tutorial_taskflow_api to None, run_after=None
[2025-06-11T11:36:14.010+0200] {processor.py:179} INFO - Processing /home/diego.rivero/practica_creativa/env/lib/python3.11/site-packages/airflow/example_dags/tutorial_taskflow_api.py took 0.147 seconds
[2025-06-11T11:37:04.117+0200] {processor.py:157} INFO - Started process (PID=72142) to work on /home/diego.rivero/practica_creativa/env/lib/python3.11/site-packages/airflow/example_dags/tutorial_taskflow_api.py
[2025-06-11T11:37:04.118+0200] {processor.py:829} INFO - Processing file /home/diego.rivero/practica_creativa/env/lib/python3.11/site-packages/airflow/example_dags/tutorial_taskflow_api.py for tasks to queue
[2025-06-11T11:37:04.120+0200] {logging_mixin.py:154} INFO - [2025-06-11T11:37:04.119+0200] {dagbag.py:536} INFO - Filling up the DagBag from /home/diego.rivero/practica_creativa/env/lib/python3.11/site-packages/airflow/example_dags/tutorial_taskflow_api.py
[2025-06-11T11:37:04.129+0200] {processor.py:839} INFO - DAG(s) dict_keys(['tutorial_taskflow_api']) retrieved from /home/diego.rivero/practica_creativa/env/lib/python3.11/site-packages/airflow/example_dags/tutorial_taskflow_api.py
[2025-06-11T11:37:04.155+0200] {logging_mixin.py:154} INFO - [2025-06-11T11:37:04.155+0200] {dag.py:2941} INFO - Sync 1 DAGs
[2025-06-11T11:37:04.171+0200] {logging_mixin.py:154} INFO - [2025-06-11T11:37:04.170+0200] {dag.py:3722} INFO - Setting next_dagrun for tutorial_taskflow_api to None, run_after=None
[2025-06-11T11:37:04.223+0200] {processor.py:179} INFO - Processing /home/diego.rivero/practica_creativa/env/lib/python3.11/site-packages/airflow/example_dags/tutorial_taskflow_api.py took 0.114 seconds
