[2025-06-09T12:23:25.419+0200] {processor.py:157} INFO - Started process (PID=77112) to work on /home/diego.rivero/practica_creativa/env/lib/python3.11/site-packages/airflow/example_dags/plugins/event_listener.py
[2025-06-09T12:23:25.421+0200] {processor.py:829} INFO - Processing file /home/diego.rivero/practica_creativa/env/lib/python3.11/site-packages/airflow/example_dags/plugins/event_listener.py for tasks to queue
[2025-06-09T12:23:25.424+0200] {logging_mixin.py:154} INFO - [2025-06-09T12:23:25.422+0200] {dagbag.py:536} INFO - Filling up the DagBag from /home/diego.rivero/practica_creativa/env/lib/python3.11/site-packages/airflow/example_dags/plugins/event_listener.py
[2025-06-09T12:23:25.431+0200] {processor.py:841} WARNING - No viable dags retrieved from /home/diego.rivero/practica_creativa/env/lib/python3.11/site-packages/airflow/example_dags/plugins/event_listener.py
[2025-06-09T12:23:25.482+0200] {processor.py:179} INFO - Processing /home/diego.rivero/practica_creativa/env/lib/python3.11/site-packages/airflow/example_dags/plugins/event_listener.py took 0.073 seconds
[2025-06-09T12:24:33.859+0200] {processor.py:157} INFO - Started process (PID=77596) to work on /home/diego.rivero/practica_creativa/env/lib/python3.11/site-packages/airflow/example_dags/plugins/event_listener.py
[2025-06-09T12:24:33.860+0200] {processor.py:829} INFO - Processing file /home/diego.rivero/practica_creativa/env/lib/python3.11/site-packages/airflow/example_dags/plugins/event_listener.py for tasks to queue
[2025-06-09T12:24:33.860+0200] {logging_mixin.py:154} INFO - [2025-06-09T12:24:33.860+0200] {dagbag.py:536} INFO - Filling up the DagBag from /home/diego.rivero/practica_creativa/env/lib/python3.11/site-packages/airflow/example_dags/plugins/event_listener.py
[2025-06-09T12:24:33.862+0200] {processor.py:841} WARNING - No viable dags retrieved from /home/diego.rivero/practica_creativa/env/lib/python3.11/site-packages/airflow/example_dags/plugins/event_listener.py
[2025-06-09T12:24:33.882+0200] {processor.py:179} INFO - Processing /home/diego.rivero/practica_creativa/env/lib/python3.11/site-packages/airflow/example_dags/plugins/event_listener.py took 0.026 seconds
[2025-06-09T12:25:29.382+0200] {processor.py:157} INFO - Started process (PID=77990) to work on /home/diego.rivero/practica_creativa/env/lib/python3.11/site-packages/airflow/example_dags/plugins/event_listener.py
[2025-06-09T12:25:29.383+0200] {processor.py:829} INFO - Processing file /home/diego.rivero/practica_creativa/env/lib/python3.11/site-packages/airflow/example_dags/plugins/event_listener.py for tasks to queue
[2025-06-09T12:25:29.384+0200] {logging_mixin.py:154} INFO - [2025-06-09T12:25:29.384+0200] {dagbag.py:536} INFO - Filling up the DagBag from /home/diego.rivero/practica_creativa/env/lib/python3.11/site-packages/airflow/example_dags/plugins/event_listener.py
[2025-06-09T12:25:29.387+0200] {processor.py:841} WARNING - No viable dags retrieved from /home/diego.rivero/practica_creativa/env/lib/python3.11/site-packages/airflow/example_dags/plugins/event_listener.py
[2025-06-09T12:25:29.408+0200] {processor.py:179} INFO - Processing /home/diego.rivero/practica_creativa/env/lib/python3.11/site-packages/airflow/example_dags/plugins/event_listener.py took 0.029 seconds
[2025-06-09T12:26:20.335+0200] {processor.py:157} INFO - Started process (PID=78387) to work on /home/diego.rivero/practica_creativa/env/lib/python3.11/site-packages/airflow/example_dags/plugins/event_listener.py
[2025-06-09T12:26:20.337+0200] {processor.py:829} INFO - Processing file /home/diego.rivero/practica_creativa/env/lib/python3.11/site-packages/airflow/example_dags/plugins/event_listener.py for tasks to queue
[2025-06-09T12:26:20.339+0200] {logging_mixin.py:154} INFO - [2025-06-09T12:26:20.338+0200] {dagbag.py:536} INFO - Filling up the DagBag from /home/diego.rivero/practica_creativa/env/lib/python3.11/site-packages/airflow/example_dags/plugins/event_listener.py
[2025-06-09T12:26:20.343+0200] {processor.py:841} WARNING - No viable dags retrieved from /home/diego.rivero/practica_creativa/env/lib/python3.11/site-packages/airflow/example_dags/plugins/event_listener.py
[2025-06-09T12:26:20.376+0200] {processor.py:179} INFO - Processing /home/diego.rivero/practica_creativa/env/lib/python3.11/site-packages/airflow/example_dags/plugins/event_listener.py took 0.050 seconds
[2025-06-09T12:27:06.923+0200] {processor.py:157} INFO - Started process (PID=78678) to work on /home/diego.rivero/practica_creativa/env/lib/python3.11/site-packages/airflow/example_dags/plugins/event_listener.py
[2025-06-09T12:27:06.924+0200] {processor.py:829} INFO - Processing file /home/diego.rivero/practica_creativa/env/lib/python3.11/site-packages/airflow/example_dags/plugins/event_listener.py for tasks to queue
[2025-06-09T12:27:06.925+0200] {logging_mixin.py:154} INFO - [2025-06-09T12:27:06.924+0200] {dagbag.py:536} INFO - Filling up the DagBag from /home/diego.rivero/practica_creativa/env/lib/python3.11/site-packages/airflow/example_dags/plugins/event_listener.py
[2025-06-09T12:27:06.927+0200] {processor.py:841} WARNING - No viable dags retrieved from /home/diego.rivero/practica_creativa/env/lib/python3.11/site-packages/airflow/example_dags/plugins/event_listener.py
[2025-06-09T12:27:06.949+0200] {processor.py:179} INFO - Processing /home/diego.rivero/practica_creativa/env/lib/python3.11/site-packages/airflow/example_dags/plugins/event_listener.py took 0.029 seconds
[2025-06-09T12:28:05.795+0200] {processor.py:157} INFO - Started process (PID=79072) to work on /home/diego.rivero/practica_creativa/env/lib/python3.11/site-packages/airflow/example_dags/plugins/event_listener.py
[2025-06-09T12:28:05.796+0200] {processor.py:829} INFO - Processing file /home/diego.rivero/practica_creativa/env/lib/python3.11/site-packages/airflow/example_dags/plugins/event_listener.py for tasks to queue
[2025-06-09T12:28:05.797+0200] {logging_mixin.py:154} INFO - [2025-06-09T12:28:05.797+0200] {dagbag.py:536} INFO - Filling up the DagBag from /home/diego.rivero/practica_creativa/env/lib/python3.11/site-packages/airflow/example_dags/plugins/event_listener.py
[2025-06-09T12:28:05.802+0200] {processor.py:841} WARNING - No viable dags retrieved from /home/diego.rivero/practica_creativa/env/lib/python3.11/site-packages/airflow/example_dags/plugins/event_listener.py
[2025-06-09T12:28:05.833+0200] {processor.py:179} INFO - Processing /home/diego.rivero/practica_creativa/env/lib/python3.11/site-packages/airflow/example_dags/plugins/event_listener.py took 0.045 seconds
[2025-06-09T12:41:23.500+0200] {processor.py:157} INFO - Started process (PID=90338) to work on /home/diego.rivero/practica_creativa/env/lib/python3.11/site-packages/airflow/example_dags/plugins/event_listener.py
[2025-06-09T12:41:23.501+0200] {processor.py:829} INFO - Processing file /home/diego.rivero/practica_creativa/env/lib/python3.11/site-packages/airflow/example_dags/plugins/event_listener.py for tasks to queue
[2025-06-09T12:41:23.502+0200] {logging_mixin.py:154} INFO - [2025-06-09T12:41:23.501+0200] {dagbag.py:536} INFO - Filling up the DagBag from /home/diego.rivero/practica_creativa/env/lib/python3.11/site-packages/airflow/example_dags/plugins/event_listener.py
[2025-06-09T12:41:23.504+0200] {processor.py:841} WARNING - No viable dags retrieved from /home/diego.rivero/practica_creativa/env/lib/python3.11/site-packages/airflow/example_dags/plugins/event_listener.py
[2025-06-09T12:41:23.527+0200] {processor.py:179} INFO - Processing /home/diego.rivero/practica_creativa/env/lib/python3.11/site-packages/airflow/example_dags/plugins/event_listener.py took 0.030 seconds
