[2025-06-09T12:23:24.115+0200] {processor.py:157} INFO - Started process (PID=77106) to work on /home/diego.rivero/practica_creativa/env/lib/python3.11/site-packages/airflow/example_dags/plugins/listener_plugin.py
[2025-06-09T12:23:24.116+0200] {processor.py:829} INFO - Processing file /home/diego.rivero/practica_creativa/env/lib/python3.11/site-packages/airflow/example_dags/plugins/listener_plugin.py for tasks to queue
[2025-06-09T12:23:24.118+0200] {logging_mixin.py:154} INFO - [2025-06-09T12:23:24.117+0200] {dagbag.py:536} INFO - Filling up the DagBag from /home/diego.rivero/practica_creativa/env/lib/python3.11/site-packages/airflow/example_dags/plugins/listener_plugin.py
[2025-06-09T12:23:24.123+0200] {processor.py:841} WARNING - No viable dags retrieved from /home/diego.rivero/practica_creativa/env/lib/python3.11/site-packages/airflow/example_dags/plugins/listener_plugin.py
[2025-06-09T12:23:24.149+0200] {processor.py:179} INFO - Processing /home/diego.rivero/practica_creativa/env/lib/python3.11/site-packages/airflow/example_dags/plugins/listener_plugin.py took 0.038 seconds
[2025-06-09T12:24:32.652+0200] {processor.py:157} INFO - Started process (PID=77590) to work on /home/diego.rivero/practica_creativa/env/lib/python3.11/site-packages/airflow/example_dags/plugins/listener_plugin.py
[2025-06-09T12:24:32.654+0200] {processor.py:829} INFO - Processing file /home/diego.rivero/practica_creativa/env/lib/python3.11/site-packages/airflow/example_dags/plugins/listener_plugin.py for tasks to queue
[2025-06-09T12:24:32.657+0200] {logging_mixin.py:154} INFO - [2025-06-09T12:24:32.656+0200] {dagbag.py:536} INFO - Filling up the DagBag from /home/diego.rivero/practica_creativa/env/lib/python3.11/site-packages/airflow/example_dags/plugins/listener_plugin.py
[2025-06-09T12:24:32.667+0200] {processor.py:841} WARNING - No viable dags retrieved from /home/diego.rivero/practica_creativa/env/lib/python3.11/site-packages/airflow/example_dags/plugins/listener_plugin.py
[2025-06-09T12:24:32.704+0200] {processor.py:179} INFO - Processing /home/diego.rivero/practica_creativa/env/lib/python3.11/site-packages/airflow/example_dags/plugins/listener_plugin.py took 0.063 seconds
[2025-06-09T12:25:28.145+0200] {processor.py:157} INFO - Started process (PID=77979) to work on /home/diego.rivero/practica_creativa/env/lib/python3.11/site-packages/airflow/example_dags/plugins/listener_plugin.py
[2025-06-09T12:25:28.146+0200] {processor.py:829} INFO - Processing file /home/diego.rivero/practica_creativa/env/lib/python3.11/site-packages/airflow/example_dags/plugins/listener_plugin.py for tasks to queue
[2025-06-09T12:25:28.147+0200] {logging_mixin.py:154} INFO - [2025-06-09T12:25:28.146+0200] {dagbag.py:536} INFO - Filling up the DagBag from /home/diego.rivero/practica_creativa/env/lib/python3.11/site-packages/airflow/example_dags/plugins/listener_plugin.py
[2025-06-09T12:25:28.150+0200] {processor.py:841} WARNING - No viable dags retrieved from /home/diego.rivero/practica_creativa/env/lib/python3.11/site-packages/airflow/example_dags/plugins/listener_plugin.py
[2025-06-09T12:25:28.172+0200] {processor.py:179} INFO - Processing /home/diego.rivero/practica_creativa/env/lib/python3.11/site-packages/airflow/example_dags/plugins/listener_plugin.py took 0.030 seconds
[2025-06-09T12:26:19.040+0200] {processor.py:157} INFO - Started process (PID=78377) to work on /home/diego.rivero/practica_creativa/env/lib/python3.11/site-packages/airflow/example_dags/plugins/listener_plugin.py
[2025-06-09T12:26:19.043+0200] {processor.py:829} INFO - Processing file /home/diego.rivero/practica_creativa/env/lib/python3.11/site-packages/airflow/example_dags/plugins/listener_plugin.py for tasks to queue
[2025-06-09T12:26:19.045+0200] {logging_mixin.py:154} INFO - [2025-06-09T12:26:19.044+0200] {dagbag.py:536} INFO - Filling up the DagBag from /home/diego.rivero/practica_creativa/env/lib/python3.11/site-packages/airflow/example_dags/plugins/listener_plugin.py
[2025-06-09T12:26:19.055+0200] {processor.py:841} WARNING - No viable dags retrieved from /home/diego.rivero/practica_creativa/env/lib/python3.11/site-packages/airflow/example_dags/plugins/listener_plugin.py
[2025-06-09T12:26:19.108+0200] {processor.py:179} INFO - Processing /home/diego.rivero/practica_creativa/env/lib/python3.11/site-packages/airflow/example_dags/plugins/listener_plugin.py took 0.077 seconds
[2025-06-09T12:27:05.726+0200] {processor.py:157} INFO - Started process (PID=78671) to work on /home/diego.rivero/practica_creativa/env/lib/python3.11/site-packages/airflow/example_dags/plugins/listener_plugin.py
[2025-06-09T12:27:05.726+0200] {processor.py:829} INFO - Processing file /home/diego.rivero/practica_creativa/env/lib/python3.11/site-packages/airflow/example_dags/plugins/listener_plugin.py for tasks to queue
[2025-06-09T12:27:05.727+0200] {logging_mixin.py:154} INFO - [2025-06-09T12:27:05.727+0200] {dagbag.py:536} INFO - Filling up the DagBag from /home/diego.rivero/practica_creativa/env/lib/python3.11/site-packages/airflow/example_dags/plugins/listener_plugin.py
[2025-06-09T12:27:05.731+0200] {processor.py:841} WARNING - No viable dags retrieved from /home/diego.rivero/practica_creativa/env/lib/python3.11/site-packages/airflow/example_dags/plugins/listener_plugin.py
[2025-06-09T12:27:05.755+0200] {processor.py:179} INFO - Processing /home/diego.rivero/practica_creativa/env/lib/python3.11/site-packages/airflow/example_dags/plugins/listener_plugin.py took 0.033 seconds
[2025-06-09T12:28:04.432+0200] {processor.py:157} INFO - Started process (PID=79065) to work on /home/diego.rivero/practica_creativa/env/lib/python3.11/site-packages/airflow/example_dags/plugins/listener_plugin.py
[2025-06-09T12:28:04.435+0200] {processor.py:829} INFO - Processing file /home/diego.rivero/practica_creativa/env/lib/python3.11/site-packages/airflow/example_dags/plugins/listener_plugin.py for tasks to queue
[2025-06-09T12:28:04.438+0200] {logging_mixin.py:154} INFO - [2025-06-09T12:28:04.436+0200] {dagbag.py:536} INFO - Filling up the DagBag from /home/diego.rivero/practica_creativa/env/lib/python3.11/site-packages/airflow/example_dags/plugins/listener_plugin.py
[2025-06-09T12:28:04.448+0200] {processor.py:841} WARNING - No viable dags retrieved from /home/diego.rivero/practica_creativa/env/lib/python3.11/site-packages/airflow/example_dags/plugins/listener_plugin.py
[2025-06-09T12:28:04.501+0200] {processor.py:179} INFO - Processing /home/diego.rivero/practica_creativa/env/lib/python3.11/site-packages/airflow/example_dags/plugins/listener_plugin.py took 0.078 seconds
[2025-06-09T12:41:22.300+0200] {processor.py:157} INFO - Started process (PID=90333) to work on /home/diego.rivero/practica_creativa/env/lib/python3.11/site-packages/airflow/example_dags/plugins/listener_plugin.py
[2025-06-09T12:41:22.301+0200] {processor.py:829} INFO - Processing file /home/diego.rivero/practica_creativa/env/lib/python3.11/site-packages/airflow/example_dags/plugins/listener_plugin.py for tasks to queue
[2025-06-09T12:41:22.302+0200] {logging_mixin.py:154} INFO - [2025-06-09T12:41:22.301+0200] {dagbag.py:536} INFO - Filling up the DagBag from /home/diego.rivero/practica_creativa/env/lib/python3.11/site-packages/airflow/example_dags/plugins/listener_plugin.py
[2025-06-09T12:41:22.305+0200] {processor.py:841} WARNING - No viable dags retrieved from /home/diego.rivero/practica_creativa/env/lib/python3.11/site-packages/airflow/example_dags/plugins/listener_plugin.py
[2025-06-09T12:41:22.340+0200] {processor.py:179} INFO - Processing /home/diego.rivero/practica_creativa/env/lib/python3.11/site-packages/airflow/example_dags/plugins/listener_plugin.py took 0.044 seconds
