[2025-06-09T12:23:22.881+0200] {processor.py:157} INFO - Started process (PID=77098) to work on /home/diego.rivero/practica_creativa/env/lib/python3.11/site-packages/airflow/example_dags/plugins/workday.py
[2025-06-09T12:23:22.883+0200] {processor.py:829} INFO - Processing file /home/diego.rivero/practica_creativa/env/lib/python3.11/site-packages/airflow/example_dags/plugins/workday.py for tasks to queue
[2025-06-09T12:23:22.886+0200] {logging_mixin.py:154} INFO - [2025-06-09T12:23:22.885+0200] {dagbag.py:536} INFO - Filling up the DagBag from /home/diego.rivero/practica_creativa/env/lib/python3.11/site-packages/airflow/example_dags/plugins/workday.py
[2025-06-09T12:23:22.895+0200] {logging_mixin.py:154} INFO - [2025-06-09T12:23:22.894+0200] {workday.py:36} WARNING - Could not import pandas. Holidays will not be considered.
[2025-06-09T12:23:22.896+0200] {processor.py:841} WARNING - No viable dags retrieved from /home/diego.rivero/practica_creativa/env/lib/python3.11/site-packages/airflow/example_dags/plugins/workday.py
[2025-06-09T12:23:22.933+0200] {processor.py:179} INFO - Processing /home/diego.rivero/practica_creativa/env/lib/python3.11/site-packages/airflow/example_dags/plugins/workday.py took 0.061 seconds
[2025-06-09T12:24:31.349+0200] {processor.py:157} INFO - Started process (PID=77585) to work on /home/diego.rivero/practica_creativa/env/lib/python3.11/site-packages/airflow/example_dags/plugins/workday.py
[2025-06-09T12:24:31.351+0200] {processor.py:829} INFO - Processing file /home/diego.rivero/practica_creativa/env/lib/python3.11/site-packages/airflow/example_dags/plugins/workday.py for tasks to queue
[2025-06-09T12:24:31.353+0200] {logging_mixin.py:154} INFO - [2025-06-09T12:24:31.352+0200] {dagbag.py:536} INFO - Filling up the DagBag from /home/diego.rivero/practica_creativa/env/lib/python3.11/site-packages/airflow/example_dags/plugins/workday.py
[2025-06-09T12:24:31.358+0200] {logging_mixin.py:154} INFO - [2025-06-09T12:24:31.358+0200] {workday.py:36} WARNING - Could not import pandas. Holidays will not be considered.
[2025-06-09T12:24:31.358+0200] {processor.py:841} WARNING - No viable dags retrieved from /home/diego.rivero/practica_creativa/env/lib/python3.11/site-packages/airflow/example_dags/plugins/workday.py
[2025-06-09T12:24:31.385+0200] {processor.py:179} INFO - Processing /home/diego.rivero/practica_creativa/env/lib/python3.11/site-packages/airflow/example_dags/plugins/workday.py took 0.044 seconds
[2025-06-09T12:25:26.897+0200] {processor.py:157} INFO - Started process (PID=77974) to work on /home/diego.rivero/practica_creativa/env/lib/python3.11/site-packages/airflow/example_dags/plugins/workday.py
[2025-06-09T12:25:26.899+0200] {processor.py:829} INFO - Processing file /home/diego.rivero/practica_creativa/env/lib/python3.11/site-packages/airflow/example_dags/plugins/workday.py for tasks to queue
[2025-06-09T12:25:26.900+0200] {logging_mixin.py:154} INFO - [2025-06-09T12:25:26.899+0200] {dagbag.py:536} INFO - Filling up the DagBag from /home/diego.rivero/practica_creativa/env/lib/python3.11/site-packages/airflow/example_dags/plugins/workday.py
[2025-06-09T12:25:26.905+0200] {logging_mixin.py:154} INFO - [2025-06-09T12:25:26.905+0200] {workday.py:36} WARNING - Could not import pandas. Holidays will not be considered.
[2025-06-09T12:25:26.906+0200] {processor.py:841} WARNING - No viable dags retrieved from /home/diego.rivero/practica_creativa/env/lib/python3.11/site-packages/airflow/example_dags/plugins/workday.py
[2025-06-09T12:25:26.933+0200] {processor.py:179} INFO - Processing /home/diego.rivero/practica_creativa/env/lib/python3.11/site-packages/airflow/example_dags/plugins/workday.py took 0.042 seconds
[2025-06-09T12:26:17.738+0200] {processor.py:157} INFO - Started process (PID=78373) to work on /home/diego.rivero/practica_creativa/env/lib/python3.11/site-packages/airflow/example_dags/plugins/workday.py
[2025-06-09T12:26:17.739+0200] {processor.py:829} INFO - Processing file /home/diego.rivero/practica_creativa/env/lib/python3.11/site-packages/airflow/example_dags/plugins/workday.py for tasks to queue
[2025-06-09T12:26:17.739+0200] {logging_mixin.py:154} INFO - [2025-06-09T12:26:17.739+0200] {dagbag.py:536} INFO - Filling up the DagBag from /home/diego.rivero/practica_creativa/env/lib/python3.11/site-packages/airflow/example_dags/plugins/workday.py
[2025-06-09T12:26:17.742+0200] {logging_mixin.py:154} INFO - [2025-06-09T12:26:17.742+0200] {workday.py:36} WARNING - Could not import pandas. Holidays will not be considered.
[2025-06-09T12:26:17.743+0200] {processor.py:841} WARNING - No viable dags retrieved from /home/diego.rivero/practica_creativa/env/lib/python3.11/site-packages/airflow/example_dags/plugins/workday.py
[2025-06-09T12:26:17.762+0200] {processor.py:179} INFO - Processing /home/diego.rivero/practica_creativa/env/lib/python3.11/site-packages/airflow/example_dags/plugins/workday.py took 0.027 seconds
[2025-06-09T12:27:04.460+0200] {processor.py:157} INFO - Started process (PID=78667) to work on /home/diego.rivero/practica_creativa/env/lib/python3.11/site-packages/airflow/example_dags/plugins/workday.py
[2025-06-09T12:27:04.460+0200] {processor.py:829} INFO - Processing file /home/diego.rivero/practica_creativa/env/lib/python3.11/site-packages/airflow/example_dags/plugins/workday.py for tasks to queue
[2025-06-09T12:27:04.461+0200] {logging_mixin.py:154} INFO - [2025-06-09T12:27:04.461+0200] {dagbag.py:536} INFO - Filling up the DagBag from /home/diego.rivero/practica_creativa/env/lib/python3.11/site-packages/airflow/example_dags/plugins/workday.py
[2025-06-09T12:27:04.464+0200] {logging_mixin.py:154} INFO - [2025-06-09T12:27:04.464+0200] {workday.py:36} WARNING - Could not import pandas. Holidays will not be considered.
[2025-06-09T12:27:04.465+0200] {processor.py:841} WARNING - No viable dags retrieved from /home/diego.rivero/practica_creativa/env/lib/python3.11/site-packages/airflow/example_dags/plugins/workday.py
[2025-06-09T12:27:04.489+0200] {processor.py:179} INFO - Processing /home/diego.rivero/practica_creativa/env/lib/python3.11/site-packages/airflow/example_dags/plugins/workday.py took 0.033 seconds
[2025-06-09T12:28:03.063+0200] {processor.py:157} INFO - Started process (PID=79052) to work on /home/diego.rivero/practica_creativa/env/lib/python3.11/site-packages/airflow/example_dags/plugins/workday.py
[2025-06-09T12:28:03.064+0200] {processor.py:829} INFO - Processing file /home/diego.rivero/practica_creativa/env/lib/python3.11/site-packages/airflow/example_dags/plugins/workday.py for tasks to queue
[2025-06-09T12:28:03.065+0200] {logging_mixin.py:154} INFO - [2025-06-09T12:28:03.064+0200] {dagbag.py:536} INFO - Filling up the DagBag from /home/diego.rivero/practica_creativa/env/lib/python3.11/site-packages/airflow/example_dags/plugins/workday.py
[2025-06-09T12:28:03.069+0200] {logging_mixin.py:154} INFO - [2025-06-09T12:28:03.069+0200] {workday.py:36} WARNING - Could not import pandas. Holidays will not be considered.
[2025-06-09T12:28:03.069+0200] {processor.py:841} WARNING - No viable dags retrieved from /home/diego.rivero/practica_creativa/env/lib/python3.11/site-packages/airflow/example_dags/plugins/workday.py
[2025-06-09T12:28:03.093+0200] {processor.py:179} INFO - Processing /home/diego.rivero/practica_creativa/env/lib/python3.11/site-packages/airflow/example_dags/plugins/workday.py took 0.033 seconds
[2025-06-09T12:41:21.096+0200] {processor.py:157} INFO - Started process (PID=90302) to work on /home/diego.rivero/practica_creativa/env/lib/python3.11/site-packages/airflow/example_dags/plugins/workday.py
[2025-06-09T12:41:21.097+0200] {processor.py:829} INFO - Processing file /home/diego.rivero/practica_creativa/env/lib/python3.11/site-packages/airflow/example_dags/plugins/workday.py for tasks to queue
[2025-06-09T12:41:21.098+0200] {logging_mixin.py:154} INFO - [2025-06-09T12:41:21.098+0200] {dagbag.py:536} INFO - Filling up the DagBag from /home/diego.rivero/practica_creativa/env/lib/python3.11/site-packages/airflow/example_dags/plugins/workday.py
[2025-06-09T12:41:21.102+0200] {logging_mixin.py:154} INFO - [2025-06-09T12:41:21.102+0200] {workday.py:36} WARNING - Could not import pandas. Holidays will not be considered.
[2025-06-09T12:41:21.102+0200] {processor.py:841} WARNING - No viable dags retrieved from /home/diego.rivero/practica_creativa/env/lib/python3.11/site-packages/airflow/example_dags/plugins/workday.py
[2025-06-09T12:41:21.127+0200] {processor.py:179} INFO - Processing /home/diego.rivero/practica_creativa/env/lib/python3.11/site-packages/airflow/example_dags/plugins/workday.py took 0.034 seconds
