[2025-06-09T12:23:21.604+0200] {processor.py:157} INFO - Started process (PID=77097) to work on /home/diego.rivero/practica_creativa/env/lib/python3.11/site-packages/airflow/example_dags/subdags/subdag.py
[2025-06-09T12:23:21.605+0200] {processor.py:829} INFO - Processing file /home/diego.rivero/practica_creativa/env/lib/python3.11/site-packages/airflow/example_dags/subdags/subdag.py for tasks to queue
[2025-06-09T12:23:21.606+0200] {logging_mixin.py:154} INFO - [2025-06-09T12:23:21.605+0200] {dagbag.py:536} INFO - Filling up the DagBag from /home/diego.rivero/practica_creativa/env/lib/python3.11/site-packages/airflow/example_dags/subdags/subdag.py
[2025-06-09T12:23:21.608+0200] {processor.py:841} WARNING - No viable dags retrieved from /home/diego.rivero/practica_creativa/env/lib/python3.11/site-packages/airflow/example_dags/subdags/subdag.py
[2025-06-09T12:23:21.627+0200] {processor.py:179} INFO - Processing /home/diego.rivero/practica_creativa/env/lib/python3.11/site-packages/airflow/example_dags/subdags/subdag.py took 0.025 seconds
[2025-06-09T12:24:30.019+0200] {processor.py:157} INFO - Started process (PID=77581) to work on /home/diego.rivero/practica_creativa/env/lib/python3.11/site-packages/airflow/example_dags/subdags/subdag.py
[2025-06-09T12:24:30.020+0200] {processor.py:829} INFO - Processing file /home/diego.rivero/practica_creativa/env/lib/python3.11/site-packages/airflow/example_dags/subdags/subdag.py for tasks to queue
[2025-06-09T12:24:30.020+0200] {logging_mixin.py:154} INFO - [2025-06-09T12:24:30.020+0200] {dagbag.py:536} INFO - Filling up the DagBag from /home/diego.rivero/practica_creativa/env/lib/python3.11/site-packages/airflow/example_dags/subdags/subdag.py
[2025-06-09T12:24:30.023+0200] {processor.py:841} WARNING - No viable dags retrieved from /home/diego.rivero/practica_creativa/env/lib/python3.11/site-packages/airflow/example_dags/subdags/subdag.py
[2025-06-09T12:24:30.044+0200] {processor.py:179} INFO - Processing /home/diego.rivero/practica_creativa/env/lib/python3.11/site-packages/airflow/example_dags/subdags/subdag.py took 0.028 seconds
[2025-06-09T12:25:25.568+0200] {processor.py:157} INFO - Started process (PID=77940) to work on /home/diego.rivero/practica_creativa/env/lib/python3.11/site-packages/airflow/example_dags/subdags/subdag.py
[2025-06-09T12:25:25.570+0200] {processor.py:829} INFO - Processing file /home/diego.rivero/practica_creativa/env/lib/python3.11/site-packages/airflow/example_dags/subdags/subdag.py for tasks to queue
[2025-06-09T12:25:25.572+0200] {logging_mixin.py:154} INFO - [2025-06-09T12:25:25.571+0200] {dagbag.py:536} INFO - Filling up the DagBag from /home/diego.rivero/practica_creativa/env/lib/python3.11/site-packages/airflow/example_dags/subdags/subdag.py
[2025-06-09T12:25:25.579+0200] {processor.py:841} WARNING - No viable dags retrieved from /home/diego.rivero/practica_creativa/env/lib/python3.11/site-packages/airflow/example_dags/subdags/subdag.py
[2025-06-09T12:25:25.631+0200] {processor.py:179} INFO - Processing /home/diego.rivero/practica_creativa/env/lib/python3.11/site-packages/airflow/example_dags/subdags/subdag.py took 0.072 seconds
[2025-06-09T12:26:16.526+0200] {processor.py:157} INFO - Started process (PID=78367) to work on /home/diego.rivero/practica_creativa/env/lib/python3.11/site-packages/airflow/example_dags/subdags/subdag.py
[2025-06-09T12:26:16.527+0200] {processor.py:829} INFO - Processing file /home/diego.rivero/practica_creativa/env/lib/python3.11/site-packages/airflow/example_dags/subdags/subdag.py for tasks to queue
[2025-06-09T12:26:16.528+0200] {logging_mixin.py:154} INFO - [2025-06-09T12:26:16.527+0200] {dagbag.py:536} INFO - Filling up the DagBag from /home/diego.rivero/practica_creativa/env/lib/python3.11/site-packages/airflow/example_dags/subdags/subdag.py
[2025-06-09T12:26:16.533+0200] {processor.py:841} WARNING - No viable dags retrieved from /home/diego.rivero/practica_creativa/env/lib/python3.11/site-packages/airflow/example_dags/subdags/subdag.py
[2025-06-09T12:26:16.564+0200] {processor.py:179} INFO - Processing /home/diego.rivero/practica_creativa/env/lib/python3.11/site-packages/airflow/example_dags/subdags/subdag.py took 0.043 seconds
[2025-06-09T12:27:03.179+0200] {processor.py:157} INFO - Started process (PID=78654) to work on /home/diego.rivero/practica_creativa/env/lib/python3.11/site-packages/airflow/example_dags/subdags/subdag.py
[2025-06-09T12:27:03.180+0200] {processor.py:829} INFO - Processing file /home/diego.rivero/practica_creativa/env/lib/python3.11/site-packages/airflow/example_dags/subdags/subdag.py for tasks to queue
[2025-06-09T12:27:03.181+0200] {logging_mixin.py:154} INFO - [2025-06-09T12:27:03.181+0200] {dagbag.py:536} INFO - Filling up the DagBag from /home/diego.rivero/practica_creativa/env/lib/python3.11/site-packages/airflow/example_dags/subdags/subdag.py
[2025-06-09T12:27:03.184+0200] {processor.py:841} WARNING - No viable dags retrieved from /home/diego.rivero/practica_creativa/env/lib/python3.11/site-packages/airflow/example_dags/subdags/subdag.py
[2025-06-09T12:27:03.207+0200] {processor.py:179} INFO - Processing /home/diego.rivero/practica_creativa/env/lib/python3.11/site-packages/airflow/example_dags/subdags/subdag.py took 0.031 seconds
[2025-06-09T12:28:02.763+0200] {processor.py:157} INFO - Started process (PID=79050) to work on /home/diego.rivero/practica_creativa/env/lib/python3.11/site-packages/airflow/example_dags/subdags/subdag.py
[2025-06-09T12:28:02.765+0200] {processor.py:829} INFO - Processing file /home/diego.rivero/practica_creativa/env/lib/python3.11/site-packages/airflow/example_dags/subdags/subdag.py for tasks to queue
[2025-06-09T12:28:02.768+0200] {logging_mixin.py:154} INFO - [2025-06-09T12:28:02.767+0200] {dagbag.py:536} INFO - Filling up the DagBag from /home/diego.rivero/practica_creativa/env/lib/python3.11/site-packages/airflow/example_dags/subdags/subdag.py
[2025-06-09T12:28:02.775+0200] {processor.py:841} WARNING - No viable dags retrieved from /home/diego.rivero/practica_creativa/env/lib/python3.11/site-packages/airflow/example_dags/subdags/subdag.py
[2025-06-09T12:28:02.807+0200] {processor.py:179} INFO - Processing /home/diego.rivero/practica_creativa/env/lib/python3.11/site-packages/airflow/example_dags/subdags/subdag.py took 0.054 seconds
[2025-06-09T12:41:19.855+0200] {processor.py:157} INFO - Started process (PID=90297) to work on /home/diego.rivero/practica_creativa/env/lib/python3.11/site-packages/airflow/example_dags/subdags/subdag.py
[2025-06-09T12:41:19.855+0200] {processor.py:829} INFO - Processing file /home/diego.rivero/practica_creativa/env/lib/python3.11/site-packages/airflow/example_dags/subdags/subdag.py for tasks to queue
[2025-06-09T12:41:19.856+0200] {logging_mixin.py:154} INFO - [2025-06-09T12:41:19.856+0200] {dagbag.py:536} INFO - Filling up the DagBag from /home/diego.rivero/practica_creativa/env/lib/python3.11/site-packages/airflow/example_dags/subdags/subdag.py
[2025-06-09T12:41:19.859+0200] {processor.py:841} WARNING - No viable dags retrieved from /home/diego.rivero/practica_creativa/env/lib/python3.11/site-packages/airflow/example_dags/subdags/subdag.py
[2025-06-09T12:41:19.882+0200] {processor.py:179} INFO - Processing /home/diego.rivero/practica_creativa/env/lib/python3.11/site-packages/airflow/example_dags/subdags/subdag.py took 0.031 seconds
