[2025-06-11T11:28:22.921+0200] {processor.py:157} INFO - Started process (PID=68652) to work on /home/diego.rivero/practica_creativa/env/lib/python3.11/site-packages/airflow/example_dags/subdags/subdag.py
[2025-06-11T11:28:22.922+0200] {processor.py:829} INFO - Processing file /home/diego.rivero/practica_creativa/env/lib/python3.11/site-packages/airflow/example_dags/subdags/subdag.py for tasks to queue
[2025-06-11T11:28:22.923+0200] {logging_mixin.py:154} INFO - [2025-06-11T11:28:22.923+0200] {dagbag.py:536} INFO - Filling up the DagBag from /home/diego.rivero/practica_creativa/env/lib/python3.11/site-packages/airflow/example_dags/subdags/subdag.py
[2025-06-11T11:28:22.927+0200] {processor.py:841} WARNING - No viable dags retrieved from /home/diego.rivero/practica_creativa/env/lib/python3.11/site-packages/airflow/example_dags/subdags/subdag.py
[2025-06-11T11:28:22.953+0200] {processor.py:179} INFO - Processing /home/diego.rivero/practica_creativa/env/lib/python3.11/site-packages/airflow/example_dags/subdags/subdag.py took 0.037 seconds
[2025-06-11T11:29:19.895+0200] {processor.py:157} INFO - Started process (PID=69052) to work on /home/diego.rivero/practica_creativa/env/lib/python3.11/site-packages/airflow/example_dags/subdags/subdag.py
[2025-06-11T11:29:19.896+0200] {processor.py:829} INFO - Processing file /home/diego.rivero/practica_creativa/env/lib/python3.11/site-packages/airflow/example_dags/subdags/subdag.py for tasks to queue
[2025-06-11T11:29:19.896+0200] {logging_mixin.py:154} INFO - [2025-06-11T11:29:19.896+0200] {dagbag.py:536} INFO - Filling up the DagBag from /home/diego.rivero/practica_creativa/env/lib/python3.11/site-packages/airflow/example_dags/subdags/subdag.py
[2025-06-11T11:29:19.898+0200] {processor.py:841} WARNING - No viable dags retrieved from /home/diego.rivero/practica_creativa/env/lib/python3.11/site-packages/airflow/example_dags/subdags/subdag.py
[2025-06-11T11:29:19.918+0200] {processor.py:179} INFO - Processing /home/diego.rivero/practica_creativa/env/lib/python3.11/site-packages/airflow/example_dags/subdags/subdag.py took 0.025 seconds
[2025-06-11T11:30:11.844+0200] {processor.py:157} INFO - Started process (PID=69371) to work on /home/diego.rivero/practica_creativa/env/lib/python3.11/site-packages/airflow/example_dags/subdags/subdag.py
[2025-06-11T11:30:11.846+0200] {processor.py:829} INFO - Processing file /home/diego.rivero/practica_creativa/env/lib/python3.11/site-packages/airflow/example_dags/subdags/subdag.py for tasks to queue
[2025-06-11T11:30:11.847+0200] {logging_mixin.py:154} INFO - [2025-06-11T11:30:11.846+0200] {dagbag.py:536} INFO - Filling up the DagBag from /home/diego.rivero/practica_creativa/env/lib/python3.11/site-packages/airflow/example_dags/subdags/subdag.py
[2025-06-11T11:30:11.851+0200] {processor.py:841} WARNING - No viable dags retrieved from /home/diego.rivero/practica_creativa/env/lib/python3.11/site-packages/airflow/example_dags/subdags/subdag.py
[2025-06-11T11:30:11.874+0200] {processor.py:179} INFO - Processing /home/diego.rivero/practica_creativa/env/lib/python3.11/site-packages/airflow/example_dags/subdags/subdag.py took 0.034 seconds
[2025-06-11T11:31:04.188+0200] {processor.py:157} INFO - Started process (PID=69730) to work on /home/diego.rivero/practica_creativa/env/lib/python3.11/site-packages/airflow/example_dags/subdags/subdag.py
[2025-06-11T11:31:04.190+0200] {processor.py:829} INFO - Processing file /home/diego.rivero/practica_creativa/env/lib/python3.11/site-packages/airflow/example_dags/subdags/subdag.py for tasks to queue
[2025-06-11T11:31:04.193+0200] {logging_mixin.py:154} INFO - [2025-06-11T11:31:04.192+0200] {dagbag.py:536} INFO - Filling up the DagBag from /home/diego.rivero/practica_creativa/env/lib/python3.11/site-packages/airflow/example_dags/subdags/subdag.py
[2025-06-11T11:31:04.200+0200] {processor.py:841} WARNING - No viable dags retrieved from /home/diego.rivero/practica_creativa/env/lib/python3.11/site-packages/airflow/example_dags/subdags/subdag.py
[2025-06-11T11:31:04.235+0200] {processor.py:179} INFO - Processing /home/diego.rivero/practica_creativa/env/lib/python3.11/site-packages/airflow/example_dags/subdags/subdag.py took 0.056 seconds
[2025-06-11T11:31:54.681+0200] {processor.py:157} INFO - Started process (PID=70089) to work on /home/diego.rivero/practica_creativa/env/lib/python3.11/site-packages/airflow/example_dags/subdags/subdag.py
[2025-06-11T11:31:54.682+0200] {processor.py:829} INFO - Processing file /home/diego.rivero/practica_creativa/env/lib/python3.11/site-packages/airflow/example_dags/subdags/subdag.py for tasks to queue
[2025-06-11T11:31:54.682+0200] {logging_mixin.py:154} INFO - [2025-06-11T11:31:54.682+0200] {dagbag.py:536} INFO - Filling up the DagBag from /home/diego.rivero/practica_creativa/env/lib/python3.11/site-packages/airflow/example_dags/subdags/subdag.py
[2025-06-11T11:31:54.685+0200] {processor.py:841} WARNING - No viable dags retrieved from /home/diego.rivero/practica_creativa/env/lib/python3.11/site-packages/airflow/example_dags/subdags/subdag.py
[2025-06-11T11:31:54.708+0200] {processor.py:179} INFO - Processing /home/diego.rivero/practica_creativa/env/lib/python3.11/site-packages/airflow/example_dags/subdags/subdag.py took 0.030 seconds
[2025-06-11T11:32:48.856+0200] {processor.py:157} INFO - Started process (PID=70460) to work on /home/diego.rivero/practica_creativa/env/lib/python3.11/site-packages/airflow/example_dags/subdags/subdag.py
[2025-06-11T11:32:48.857+0200] {processor.py:829} INFO - Processing file /home/diego.rivero/practica_creativa/env/lib/python3.11/site-packages/airflow/example_dags/subdags/subdag.py for tasks to queue
[2025-06-11T11:32:48.859+0200] {logging_mixin.py:154} INFO - [2025-06-11T11:32:48.858+0200] {dagbag.py:536} INFO - Filling up the DagBag from /home/diego.rivero/practica_creativa/env/lib/python3.11/site-packages/airflow/example_dags/subdags/subdag.py
[2025-06-11T11:32:48.862+0200] {processor.py:841} WARNING - No viable dags retrieved from /home/diego.rivero/practica_creativa/env/lib/python3.11/site-packages/airflow/example_dags/subdags/subdag.py
[2025-06-11T11:32:48.891+0200] {processor.py:179} INFO - Processing /home/diego.rivero/practica_creativa/env/lib/python3.11/site-packages/airflow/example_dags/subdags/subdag.py took 0.040 seconds
[2025-06-11T11:33:35.569+0200] {processor.py:157} INFO - Started process (PID=70727) to work on /home/diego.rivero/practica_creativa/env/lib/python3.11/site-packages/airflow/example_dags/subdags/subdag.py
[2025-06-11T11:33:35.570+0200] {processor.py:829} INFO - Processing file /home/diego.rivero/practica_creativa/env/lib/python3.11/site-packages/airflow/example_dags/subdags/subdag.py for tasks to queue
[2025-06-11T11:33:35.570+0200] {logging_mixin.py:154} INFO - [2025-06-11T11:33:35.570+0200] {dagbag.py:536} INFO - Filling up the DagBag from /home/diego.rivero/practica_creativa/env/lib/python3.11/site-packages/airflow/example_dags/subdags/subdag.py
[2025-06-11T11:33:35.573+0200] {processor.py:841} WARNING - No viable dags retrieved from /home/diego.rivero/practica_creativa/env/lib/python3.11/site-packages/airflow/example_dags/subdags/subdag.py
[2025-06-11T11:33:35.593+0200] {processor.py:179} INFO - Processing /home/diego.rivero/practica_creativa/env/lib/python3.11/site-packages/airflow/example_dags/subdags/subdag.py took 0.027 seconds
[2025-06-11T11:34:23.540+0200] {processor.py:157} INFO - Started process (PID=71071) to work on /home/diego.rivero/practica_creativa/env/lib/python3.11/site-packages/airflow/example_dags/subdags/subdag.py
[2025-06-11T11:34:23.541+0200] {processor.py:829} INFO - Processing file /home/diego.rivero/practica_creativa/env/lib/python3.11/site-packages/airflow/example_dags/subdags/subdag.py for tasks to queue
[2025-06-11T11:34:23.541+0200] {logging_mixin.py:154} INFO - [2025-06-11T11:34:23.541+0200] {dagbag.py:536} INFO - Filling up the DagBag from /home/diego.rivero/practica_creativa/env/lib/python3.11/site-packages/airflow/example_dags/subdags/subdag.py
[2025-06-11T11:34:23.544+0200] {processor.py:841} WARNING - No viable dags retrieved from /home/diego.rivero/practica_creativa/env/lib/python3.11/site-packages/airflow/example_dags/subdags/subdag.py
[2025-06-11T11:34:23.565+0200] {processor.py:179} INFO - Processing /home/diego.rivero/practica_creativa/env/lib/python3.11/site-packages/airflow/example_dags/subdags/subdag.py took 0.029 seconds
[2025-06-11T11:35:14.521+0200] {processor.py:157} INFO - Started process (PID=71386) to work on /home/diego.rivero/practica_creativa/env/lib/python3.11/site-packages/airflow/example_dags/subdags/subdag.py
[2025-06-11T11:35:14.523+0200] {processor.py:829} INFO - Processing file /home/diego.rivero/practica_creativa/env/lib/python3.11/site-packages/airflow/example_dags/subdags/subdag.py for tasks to queue
[2025-06-11T11:35:14.525+0200] {logging_mixin.py:154} INFO - [2025-06-11T11:35:14.524+0200] {dagbag.py:536} INFO - Filling up the DagBag from /home/diego.rivero/practica_creativa/env/lib/python3.11/site-packages/airflow/example_dags/subdags/subdag.py
[2025-06-11T11:35:14.533+0200] {processor.py:841} WARNING - No viable dags retrieved from /home/diego.rivero/practica_creativa/env/lib/python3.11/site-packages/airflow/example_dags/subdags/subdag.py
[2025-06-11T11:35:14.587+0200] {processor.py:179} INFO - Processing /home/diego.rivero/practica_creativa/env/lib/python3.11/site-packages/airflow/example_dags/subdags/subdag.py took 0.076 seconds
[2025-06-11T11:36:08.958+0200] {processor.py:157} INFO - Started process (PID=71764) to work on /home/diego.rivero/practica_creativa/env/lib/python3.11/site-packages/airflow/example_dags/subdags/subdag.py
[2025-06-11T11:36:08.960+0200] {processor.py:829} INFO - Processing file /home/diego.rivero/practica_creativa/env/lib/python3.11/site-packages/airflow/example_dags/subdags/subdag.py for tasks to queue
[2025-06-11T11:36:08.964+0200] {logging_mixin.py:154} INFO - [2025-06-11T11:36:08.963+0200] {dagbag.py:536} INFO - Filling up the DagBag from /home/diego.rivero/practica_creativa/env/lib/python3.11/site-packages/airflow/example_dags/subdags/subdag.py
[2025-06-11T11:36:08.973+0200] {processor.py:841} WARNING - No viable dags retrieved from /home/diego.rivero/practica_creativa/env/lib/python3.11/site-packages/airflow/example_dags/subdags/subdag.py
[2025-06-11T11:36:09.027+0200] {processor.py:179} INFO - Processing /home/diego.rivero/practica_creativa/env/lib/python3.11/site-packages/airflow/example_dags/subdags/subdag.py took 0.079 seconds
[2025-06-11T11:37:00.096+0200] {processor.py:157} INFO - Started process (PID=72125) to work on /home/diego.rivero/practica_creativa/env/lib/python3.11/site-packages/airflow/example_dags/subdags/subdag.py
[2025-06-11T11:37:00.097+0200] {processor.py:829} INFO - Processing file /home/diego.rivero/practica_creativa/env/lib/python3.11/site-packages/airflow/example_dags/subdags/subdag.py for tasks to queue
[2025-06-11T11:37:00.098+0200] {logging_mixin.py:154} INFO - [2025-06-11T11:37:00.097+0200] {dagbag.py:536} INFO - Filling up the DagBag from /home/diego.rivero/practica_creativa/env/lib/python3.11/site-packages/airflow/example_dags/subdags/subdag.py
[2025-06-11T11:37:00.101+0200] {processor.py:841} WARNING - No viable dags retrieved from /home/diego.rivero/practica_creativa/env/lib/python3.11/site-packages/airflow/example_dags/subdags/subdag.py
[2025-06-11T11:37:00.122+0200] {processor.py:179} INFO - Processing /home/diego.rivero/practica_creativa/env/lib/python3.11/site-packages/airflow/example_dags/subdags/subdag.py took 0.031 seconds
