[2025-06-09T12:23:50.316+0200] {processor.py:157} INFO - Started process (PID=77316) to work on /home/diego.rivero/practica_creativa/env/lib/python3.11/site-packages/airflow/example_dags/example_sensor_decorator.py
[2025-06-09T12:23:50.317+0200] {processor.py:829} INFO - Processing file /home/diego.rivero/practica_creativa/env/lib/python3.11/site-packages/airflow/example_dags/example_sensor_decorator.py for tasks to queue
[2025-06-09T12:23:50.318+0200] {logging_mixin.py:154} INFO - [2025-06-09T12:23:50.317+0200] {dagbag.py:536} INFO - Filling up the DagBag from /home/diego.rivero/practica_creativa/env/lib/python3.11/site-packages/airflow/example_dags/example_sensor_decorator.py
[2025-06-09T12:23:50.325+0200] {processor.py:839} INFO - DAG(s) dict_keys(['example_sensor_decorator']) retrieved from /home/diego.rivero/practica_creativa/env/lib/python3.11/site-packages/airflow/example_dags/example_sensor_decorator.py
[2025-06-09T12:23:50.354+0200] {logging_mixin.py:154} INFO - [2025-06-09T12:23:50.354+0200] {dag.py:2941} INFO - Sync 1 DAGs
[2025-06-09T12:23:50.370+0200] {logging_mixin.py:154} INFO - [2025-06-09T12:23:50.370+0200] {dag.py:3722} INFO - Setting next_dagrun for example_sensor_decorator to None, run_after=None
[2025-06-09T12:23:50.427+0200] {processor.py:179} INFO - Processing /home/diego.rivero/practica_creativa/env/lib/python3.11/site-packages/airflow/example_dags/example_sensor_decorator.py took 0.115 seconds
[2025-06-09T12:24:57.846+0200] {processor.py:157} INFO - Started process (PID=77759) to work on /home/diego.rivero/practica_creativa/env/lib/python3.11/site-packages/airflow/example_dags/example_sensor_decorator.py
[2025-06-09T12:24:57.847+0200] {processor.py:829} INFO - Processing file /home/diego.rivero/practica_creativa/env/lib/python3.11/site-packages/airflow/example_dags/example_sensor_decorator.py for tasks to queue
[2025-06-09T12:24:57.848+0200] {logging_mixin.py:154} INFO - [2025-06-09T12:24:57.848+0200] {dagbag.py:536} INFO - Filling up the DagBag from /home/diego.rivero/practica_creativa/env/lib/python3.11/site-packages/airflow/example_dags/example_sensor_decorator.py
[2025-06-09T12:24:57.855+0200] {processor.py:839} INFO - DAG(s) dict_keys(['example_sensor_decorator']) retrieved from /home/diego.rivero/practica_creativa/env/lib/python3.11/site-packages/airflow/example_dags/example_sensor_decorator.py
[2025-06-09T12:24:57.884+0200] {logging_mixin.py:154} INFO - [2025-06-09T12:24:57.884+0200] {dag.py:2941} INFO - Sync 1 DAGs
[2025-06-09T12:24:57.900+0200] {logging_mixin.py:154} INFO - [2025-06-09T12:24:57.900+0200] {dag.py:3722} INFO - Setting next_dagrun for example_sensor_decorator to None, run_after=None
[2025-06-09T12:24:57.957+0200] {processor.py:179} INFO - Processing /home/diego.rivero/practica_creativa/env/lib/python3.11/site-packages/airflow/example_dags/example_sensor_decorator.py took 0.113 seconds
[2025-06-09T12:25:52.039+0200] {processor.py:157} INFO - Started process (PID=78154) to work on /home/diego.rivero/practica_creativa/env/lib/python3.11/site-packages/airflow/example_dags/example_sensor_decorator.py
[2025-06-09T12:25:52.042+0200] {processor.py:829} INFO - Processing file /home/diego.rivero/practica_creativa/env/lib/python3.11/site-packages/airflow/example_dags/example_sensor_decorator.py for tasks to queue
[2025-06-09T12:25:52.044+0200] {logging_mixin.py:154} INFO - [2025-06-09T12:25:52.043+0200] {dagbag.py:536} INFO - Filling up the DagBag from /home/diego.rivero/practica_creativa/env/lib/python3.11/site-packages/airflow/example_dags/example_sensor_decorator.py
[2025-06-09T12:25:52.059+0200] {processor.py:839} INFO - DAG(s) dict_keys(['example_sensor_decorator']) retrieved from /home/diego.rivero/practica_creativa/env/lib/python3.11/site-packages/airflow/example_dags/example_sensor_decorator.py
[2025-06-09T12:25:52.088+0200] {logging_mixin.py:154} INFO - [2025-06-09T12:25:52.088+0200] {dag.py:2941} INFO - Sync 1 DAGs
[2025-06-09T12:25:52.104+0200] {logging_mixin.py:154} INFO - [2025-06-09T12:25:52.104+0200] {dag.py:3722} INFO - Setting next_dagrun for example_sensor_decorator to None, run_after=None
[2025-06-09T12:25:52.165+0200] {processor.py:179} INFO - Processing /home/diego.rivero/practica_creativa/env/lib/python3.11/site-packages/airflow/example_dags/example_sensor_decorator.py took 0.136 seconds
[2025-06-09T12:27:31.638+0200] {processor.py:157} INFO - Started process (PID=78868) to work on /home/diego.rivero/practica_creativa/env/lib/python3.11/site-packages/airflow/example_dags/example_sensor_decorator.py
[2025-06-09T12:27:31.641+0200] {processor.py:829} INFO - Processing file /home/diego.rivero/practica_creativa/env/lib/python3.11/site-packages/airflow/example_dags/example_sensor_decorator.py for tasks to queue
[2025-06-09T12:27:31.643+0200] {logging_mixin.py:154} INFO - [2025-06-09T12:27:31.642+0200] {dagbag.py:536} INFO - Filling up the DagBag from /home/diego.rivero/practica_creativa/env/lib/python3.11/site-packages/airflow/example_dags/example_sensor_decorator.py
[2025-06-09T12:27:31.662+0200] {processor.py:839} INFO - DAG(s) dict_keys(['example_sensor_decorator']) retrieved from /home/diego.rivero/practica_creativa/env/lib/python3.11/site-packages/airflow/example_dags/example_sensor_decorator.py
[2025-06-09T12:27:31.698+0200] {logging_mixin.py:154} INFO - [2025-06-09T12:27:31.698+0200] {dag.py:2941} INFO - Sync 1 DAGs
[2025-06-09T12:27:31.715+0200] {logging_mixin.py:154} INFO - [2025-06-09T12:27:31.715+0200] {dag.py:3722} INFO - Setting next_dagrun for example_sensor_decorator to None, run_after=None
[2025-06-09T12:27:31.775+0200] {processor.py:179} INFO - Processing /home/diego.rivero/practica_creativa/env/lib/python3.11/site-packages/airflow/example_dags/example_sensor_decorator.py took 0.146 seconds
[2025-06-09T12:41:44.668+0200] {processor.py:157} INFO - Started process (PID=90554) to work on /home/diego.rivero/practica_creativa/env/lib/python3.11/site-packages/airflow/example_dags/example_sensor_decorator.py
[2025-06-09T12:41:44.669+0200] {processor.py:829} INFO - Processing file /home/diego.rivero/practica_creativa/env/lib/python3.11/site-packages/airflow/example_dags/example_sensor_decorator.py for tasks to queue
[2025-06-09T12:41:44.670+0200] {logging_mixin.py:154} INFO - [2025-06-09T12:41:44.670+0200] {dagbag.py:536} INFO - Filling up the DagBag from /home/diego.rivero/practica_creativa/env/lib/python3.11/site-packages/airflow/example_dags/example_sensor_decorator.py
[2025-06-09T12:41:44.677+0200] {processor.py:839} INFO - DAG(s) dict_keys(['example_sensor_decorator']) retrieved from /home/diego.rivero/practica_creativa/env/lib/python3.11/site-packages/airflow/example_dags/example_sensor_decorator.py
[2025-06-09T12:41:44.708+0200] {logging_mixin.py:154} INFO - [2025-06-09T12:41:44.708+0200] {dag.py:2941} INFO - Sync 1 DAGs
[2025-06-09T12:41:44.724+0200] {logging_mixin.py:154} INFO - [2025-06-09T12:41:44.723+0200] {dag.py:3722} INFO - Setting next_dagrun for example_sensor_decorator to None, run_after=None
[2025-06-09T12:41:44.779+0200] {processor.py:179} INFO - Processing /home/diego.rivero/practica_creativa/env/lib/python3.11/site-packages/airflow/example_dags/example_sensor_decorator.py took 0.114 seconds
