[2025-06-09T12:23:36.498+0200] {processor.py:157} INFO - Started process (PID=77200) to work on /home/diego.rivero/practica_creativa/env/lib/python3.11/site-packages/airflow/example_dags/example_trigger_controller_dag.py
[2025-06-09T12:23:36.501+0200] {processor.py:829} INFO - Processing file /home/diego.rivero/practica_creativa/env/lib/python3.11/site-packages/airflow/example_dags/example_trigger_controller_dag.py for tasks to queue
[2025-06-09T12:23:36.504+0200] {logging_mixin.py:154} INFO - [2025-06-09T12:23:36.502+0200] {dagbag.py:536} INFO - Filling up the DagBag from /home/diego.rivero/practica_creativa/env/lib/python3.11/site-packages/airflow/example_dags/example_trigger_controller_dag.py
[2025-06-09T12:23:36.530+0200] {processor.py:839} INFO - DAG(s) dict_keys(['example_trigger_controller_dag']) retrieved from /home/diego.rivero/practica_creativa/env/lib/python3.11/site-packages/airflow/example_dags/example_trigger_controller_dag.py
[2025-06-09T12:23:36.618+0200] {logging_mixin.py:154} INFO - [2025-06-09T12:23:36.617+0200] {dag.py:2941} INFO - Sync 1 DAGs
[2025-06-09T12:23:36.697+0200] {logging_mixin.py:154} INFO - [2025-06-09T12:23:36.697+0200] {dag.py:3722} INFO - Setting next_dagrun for example_trigger_controller_dag to 2021-01-01T00:00:00+00:00, run_after=2021-01-01T00:00:00+00:00
[2025-06-09T12:23:36.822+0200] {processor.py:179} INFO - Processing /home/diego.rivero/practica_creativa/env/lib/python3.11/site-packages/airflow/example_dags/example_trigger_controller_dag.py took 0.334 seconds
[2025-06-09T12:24:44.636+0200] {processor.py:157} INFO - Started process (PID=77695) to work on /home/diego.rivero/practica_creativa/env/lib/python3.11/site-packages/airflow/example_dags/example_trigger_controller_dag.py
[2025-06-09T12:24:44.638+0200] {processor.py:829} INFO - Processing file /home/diego.rivero/practica_creativa/env/lib/python3.11/site-packages/airflow/example_dags/example_trigger_controller_dag.py for tasks to queue
[2025-06-09T12:24:44.640+0200] {logging_mixin.py:154} INFO - [2025-06-09T12:24:44.639+0200] {dagbag.py:536} INFO - Filling up the DagBag from /home/diego.rivero/practica_creativa/env/lib/python3.11/site-packages/airflow/example_dags/example_trigger_controller_dag.py
[2025-06-09T12:24:44.652+0200] {processor.py:839} INFO - DAG(s) dict_keys(['example_trigger_controller_dag']) retrieved from /home/diego.rivero/practica_creativa/env/lib/python3.11/site-packages/airflow/example_dags/example_trigger_controller_dag.py
[2025-06-09T12:24:44.672+0200] {logging_mixin.py:154} INFO - [2025-06-09T12:24:44.672+0200] {dag.py:2941} INFO - Sync 1 DAGs
[2025-06-09T12:24:44.703+0200] {logging_mixin.py:154} INFO - [2025-06-09T12:24:44.703+0200] {dag.py:3722} INFO - Setting next_dagrun for example_trigger_controller_dag to 2021-01-01T00:00:00+00:00, run_after=2021-01-01T00:00:00+00:00
[2025-06-09T12:24:44.772+0200] {processor.py:179} INFO - Processing /home/diego.rivero/practica_creativa/env/lib/python3.11/site-packages/airflow/example_dags/example_trigger_controller_dag.py took 0.146 seconds
[2025-06-09T12:25:38.896+0200] {processor.py:157} INFO - Started process (PID=78033) to work on /home/diego.rivero/practica_creativa/env/lib/python3.11/site-packages/airflow/example_dags/example_trigger_controller_dag.py
[2025-06-09T12:25:38.897+0200] {processor.py:829} INFO - Processing file /home/diego.rivero/practica_creativa/env/lib/python3.11/site-packages/airflow/example_dags/example_trigger_controller_dag.py for tasks to queue
[2025-06-09T12:25:38.901+0200] {logging_mixin.py:154} INFO - [2025-06-09T12:25:38.901+0200] {dagbag.py:536} INFO - Filling up the DagBag from /home/diego.rivero/practica_creativa/env/lib/python3.11/site-packages/airflow/example_dags/example_trigger_controller_dag.py
[2025-06-09T12:25:38.911+0200] {processor.py:839} INFO - DAG(s) dict_keys(['example_trigger_controller_dag']) retrieved from /home/diego.rivero/practica_creativa/env/lib/python3.11/site-packages/airflow/example_dags/example_trigger_controller_dag.py
[2025-06-09T12:25:38.955+0200] {logging_mixin.py:154} INFO - [2025-06-09T12:25:38.955+0200] {dag.py:2941} INFO - Sync 1 DAGs
[2025-06-09T12:25:39.024+0200] {logging_mixin.py:154} INFO - [2025-06-09T12:25:39.023+0200] {dag.py:3722} INFO - Setting next_dagrun for example_trigger_controller_dag to 2021-01-01T00:00:00+00:00, run_after=2021-01-01T00:00:00+00:00
[2025-06-09T12:25:39.118+0200] {processor.py:179} INFO - Processing /home/diego.rivero/practica_creativa/env/lib/python3.11/site-packages/airflow/example_dags/example_trigger_controller_dag.py took 0.229 seconds
[2025-06-09T12:26:29.947+0200] {processor.py:157} INFO - Started process (PID=78463) to work on /home/diego.rivero/practica_creativa/env/lib/python3.11/site-packages/airflow/example_dags/example_trigger_controller_dag.py
[2025-06-09T12:26:29.949+0200] {processor.py:829} INFO - Processing file /home/diego.rivero/practica_creativa/env/lib/python3.11/site-packages/airflow/example_dags/example_trigger_controller_dag.py for tasks to queue
[2025-06-09T12:26:29.951+0200] {logging_mixin.py:154} INFO - [2025-06-09T12:26:29.950+0200] {dagbag.py:536} INFO - Filling up the DagBag from /home/diego.rivero/practica_creativa/env/lib/python3.11/site-packages/airflow/example_dags/example_trigger_controller_dag.py
[2025-06-09T12:26:29.960+0200] {processor.py:839} INFO - DAG(s) dict_keys(['example_trigger_controller_dag']) retrieved from /home/diego.rivero/practica_creativa/env/lib/python3.11/site-packages/airflow/example_dags/example_trigger_controller_dag.py
[2025-06-09T12:26:29.989+0200] {logging_mixin.py:154} INFO - [2025-06-09T12:26:29.989+0200] {dag.py:2941} INFO - Sync 1 DAGs
[2025-06-09T12:26:30.016+0200] {logging_mixin.py:154} INFO - [2025-06-09T12:26:30.016+0200] {dag.py:3722} INFO - Setting next_dagrun for example_trigger_controller_dag to 2021-01-01T00:00:00+00:00, run_after=2021-01-01T00:00:00+00:00
[2025-06-09T12:26:30.068+0200] {processor.py:179} INFO - Processing /home/diego.rivero/practica_creativa/env/lib/python3.11/site-packages/airflow/example_dags/example_trigger_controller_dag.py took 0.127 seconds
[2025-06-09T12:27:18.127+0200] {processor.py:157} INFO - Started process (PID=78769) to work on /home/diego.rivero/practica_creativa/env/lib/python3.11/site-packages/airflow/example_dags/example_trigger_controller_dag.py
[2025-06-09T12:27:18.129+0200] {processor.py:829} INFO - Processing file /home/diego.rivero/practica_creativa/env/lib/python3.11/site-packages/airflow/example_dags/example_trigger_controller_dag.py for tasks to queue
[2025-06-09T12:27:18.132+0200] {logging_mixin.py:154} INFO - [2025-06-09T12:27:18.131+0200] {dagbag.py:536} INFO - Filling up the DagBag from /home/diego.rivero/practica_creativa/env/lib/python3.11/site-packages/airflow/example_dags/example_trigger_controller_dag.py
[2025-06-09T12:27:18.147+0200] {processor.py:839} INFO - DAG(s) dict_keys(['example_trigger_controller_dag']) retrieved from /home/diego.rivero/practica_creativa/env/lib/python3.11/site-packages/airflow/example_dags/example_trigger_controller_dag.py
[2025-06-09T12:27:18.171+0200] {logging_mixin.py:154} INFO - [2025-06-09T12:27:18.170+0200] {dag.py:2941} INFO - Sync 1 DAGs
[2025-06-09T12:27:18.206+0200] {logging_mixin.py:154} INFO - [2025-06-09T12:27:18.205+0200] {dag.py:3722} INFO - Setting next_dagrun for example_trigger_controller_dag to 2021-01-01T00:00:00+00:00, run_after=2021-01-01T00:00:00+00:00
[2025-06-09T12:27:18.261+0200] {processor.py:179} INFO - Processing /home/diego.rivero/practica_creativa/env/lib/python3.11/site-packages/airflow/example_dags/example_trigger_controller_dag.py took 0.143 seconds
[2025-06-09T12:41:33.991+0200] {processor.py:157} INFO - Started process (PID=90476) to work on /home/diego.rivero/practica_creativa/env/lib/python3.11/site-packages/airflow/example_dags/example_trigger_controller_dag.py
[2025-06-09T12:41:33.992+0200] {processor.py:829} INFO - Processing file /home/diego.rivero/practica_creativa/env/lib/python3.11/site-packages/airflow/example_dags/example_trigger_controller_dag.py for tasks to queue
[2025-06-09T12:41:33.992+0200] {logging_mixin.py:154} INFO - [2025-06-09T12:41:33.992+0200] {dagbag.py:536} INFO - Filling up the DagBag from /home/diego.rivero/practica_creativa/env/lib/python3.11/site-packages/airflow/example_dags/example_trigger_controller_dag.py
[2025-06-09T12:41:34.000+0200] {processor.py:839} INFO - DAG(s) dict_keys(['example_trigger_controller_dag']) retrieved from /home/diego.rivero/practica_creativa/env/lib/python3.11/site-packages/airflow/example_dags/example_trigger_controller_dag.py
[2025-06-09T12:41:34.036+0200] {logging_mixin.py:154} INFO - [2025-06-09T12:41:34.035+0200] {dag.py:2941} INFO - Sync 1 DAGs
[2025-06-09T12:41:34.066+0200] {logging_mixin.py:154} INFO - [2025-06-09T12:41:34.066+0200] {dag.py:3722} INFO - Setting next_dagrun for example_trigger_controller_dag to 2021-01-01T00:00:00+00:00, run_after=2021-01-01T00:00:00+00:00
[2025-06-09T12:41:34.127+0200] {processor.py:179} INFO - Processing /home/diego.rivero/practica_creativa/env/lib/python3.11/site-packages/airflow/example_dags/example_trigger_controller_dag.py took 0.139 seconds
