[2025-06-09T12:24:06.907+0200] {processor.py:157} INFO - Started process (PID=77402) to work on /home/diego.rivero/practica_creativa/env/lib/python3.11/site-packages/airflow/example_dags/example_dynamic_task_mapping.py
[2025-06-09T12:24:06.910+0200] {processor.py:829} INFO - Processing file /home/diego.rivero/practica_creativa/env/lib/python3.11/site-packages/airflow/example_dags/example_dynamic_task_mapping.py for tasks to queue
[2025-06-09T12:24:06.912+0200] {logging_mixin.py:154} INFO - [2025-06-09T12:24:06.911+0200] {dagbag.py:536} INFO - Filling up the DagBag from /home/diego.rivero/practica_creativa/env/lib/python3.11/site-packages/airflow/example_dags/example_dynamic_task_mapping.py
[2025-06-09T12:24:06.940+0200] {processor.py:839} INFO - DAG(s) dict_keys(['example_dynamic_task_mapping']) retrieved from /home/diego.rivero/practica_creativa/env/lib/python3.11/site-packages/airflow/example_dags/example_dynamic_task_mapping.py
[2025-06-09T12:24:07.005+0200] {logging_mixin.py:154} INFO - [2025-06-09T12:24:07.004+0200] {dag.py:2941} INFO - Sync 1 DAGs
[2025-06-09T12:24:07.082+0200] {logging_mixin.py:154} INFO - [2025-06-09T12:24:07.082+0200] {dag.py:3722} INFO - Setting next_dagrun for example_dynamic_task_mapping to 2022-03-04T00:00:00+00:00, run_after=2022-03-05T00:00:00+00:00
[2025-06-09T12:24:07.206+0200] {processor.py:179} INFO - Processing /home/diego.rivero/practica_creativa/env/lib/python3.11/site-packages/airflow/example_dags/example_dynamic_task_mapping.py took 0.310 seconds
[2025-06-09T12:25:14.971+0200] {processor.py:157} INFO - Started process (PID=77894) to work on /home/diego.rivero/practica_creativa/env/lib/python3.11/site-packages/airflow/example_dags/example_dynamic_task_mapping.py
[2025-06-09T12:25:14.972+0200] {processor.py:829} INFO - Processing file /home/diego.rivero/practica_creativa/env/lib/python3.11/site-packages/airflow/example_dags/example_dynamic_task_mapping.py for tasks to queue
[2025-06-09T12:25:14.973+0200] {logging_mixin.py:154} INFO - [2025-06-09T12:25:14.972+0200] {dagbag.py:536} INFO - Filling up the DagBag from /home/diego.rivero/practica_creativa/env/lib/python3.11/site-packages/airflow/example_dags/example_dynamic_task_mapping.py
[2025-06-09T12:25:14.982+0200] {processor.py:839} INFO - DAG(s) dict_keys(['example_dynamic_task_mapping']) retrieved from /home/diego.rivero/practica_creativa/env/lib/python3.11/site-packages/airflow/example_dags/example_dynamic_task_mapping.py
[2025-06-09T12:25:15.011+0200] {logging_mixin.py:154} INFO - [2025-06-09T12:25:15.011+0200] {dag.py:2941} INFO - Sync 1 DAGs
[2025-06-09T12:25:15.041+0200] {logging_mixin.py:154} INFO - [2025-06-09T12:25:15.041+0200] {dag.py:3722} INFO - Setting next_dagrun for example_dynamic_task_mapping to 2022-03-04T00:00:00+00:00, run_after=2022-03-05T00:00:00+00:00
[2025-06-09T12:25:15.102+0200] {processor.py:179} INFO - Processing /home/diego.rivero/practica_creativa/env/lib/python3.11/site-packages/airflow/example_dags/example_dynamic_task_mapping.py took 0.134 seconds
[2025-06-09T12:26:10.538+0200] {processor.py:157} INFO - Started process (PID=78271) to work on /home/diego.rivero/practica_creativa/env/lib/python3.11/site-packages/airflow/example_dags/example_dynamic_task_mapping.py
[2025-06-09T12:26:10.541+0200] {processor.py:829} INFO - Processing file /home/diego.rivero/practica_creativa/env/lib/python3.11/site-packages/airflow/example_dags/example_dynamic_task_mapping.py for tasks to queue
[2025-06-09T12:26:10.543+0200] {logging_mixin.py:154} INFO - [2025-06-09T12:26:10.542+0200] {dagbag.py:536} INFO - Filling up the DagBag from /home/diego.rivero/practica_creativa/env/lib/python3.11/site-packages/airflow/example_dags/example_dynamic_task_mapping.py
[2025-06-09T12:26:10.564+0200] {processor.py:839} INFO - DAG(s) dict_keys(['example_dynamic_task_mapping']) retrieved from /home/diego.rivero/practica_creativa/env/lib/python3.11/site-packages/airflow/example_dags/example_dynamic_task_mapping.py
[2025-06-09T12:26:10.612+0200] {logging_mixin.py:154} INFO - [2025-06-09T12:26:10.612+0200] {dag.py:2941} INFO - Sync 1 DAGs
[2025-06-09T12:26:10.647+0200] {logging_mixin.py:154} INFO - [2025-06-09T12:26:10.647+0200] {dag.py:3722} INFO - Setting next_dagrun for example_dynamic_task_mapping to 2022-03-04T00:00:00+00:00, run_after=2022-03-05T00:00:00+00:00
[2025-06-09T12:26:10.712+0200] {processor.py:179} INFO - Processing /home/diego.rivero/practica_creativa/env/lib/python3.11/site-packages/airflow/example_dags/example_dynamic_task_mapping.py took 0.186 seconds
[2025-06-09T12:27:49.004+0200] {processor.py:157} INFO - Started process (PID=78989) to work on /home/diego.rivero/practica_creativa/env/lib/python3.11/site-packages/airflow/example_dags/example_dynamic_task_mapping.py
[2025-06-09T12:27:49.007+0200] {processor.py:829} INFO - Processing file /home/diego.rivero/practica_creativa/env/lib/python3.11/site-packages/airflow/example_dags/example_dynamic_task_mapping.py for tasks to queue
[2025-06-09T12:27:49.009+0200] {logging_mixin.py:154} INFO - [2025-06-09T12:27:49.008+0200] {dagbag.py:536} INFO - Filling up the DagBag from /home/diego.rivero/practica_creativa/env/lib/python3.11/site-packages/airflow/example_dags/example_dynamic_task_mapping.py
[2025-06-09T12:27:49.035+0200] {processor.py:839} INFO - DAG(s) dict_keys(['example_dynamic_task_mapping']) retrieved from /home/diego.rivero/practica_creativa/env/lib/python3.11/site-packages/airflow/example_dags/example_dynamic_task_mapping.py
[2025-06-09T12:27:49.107+0200] {logging_mixin.py:154} INFO - [2025-06-09T12:27:49.107+0200] {dag.py:2941} INFO - Sync 1 DAGs
[2025-06-09T12:27:49.150+0200] {logging_mixin.py:154} INFO - [2025-06-09T12:27:49.150+0200] {dag.py:3722} INFO - Setting next_dagrun for example_dynamic_task_mapping to 2022-03-04T00:00:00+00:00, run_after=2022-03-05T00:00:00+00:00
[2025-06-09T12:27:49.206+0200] {processor.py:179} INFO - Processing /home/diego.rivero/practica_creativa/env/lib/python3.11/site-packages/airflow/example_dags/example_dynamic_task_mapping.py took 0.212 seconds
[2025-06-09T12:42:01.928+0200] {processor.py:157} INFO - Started process (PID=90654) to work on /home/diego.rivero/practica_creativa/env/lib/python3.11/site-packages/airflow/example_dags/example_dynamic_task_mapping.py
[2025-06-09T12:42:01.930+0200] {processor.py:829} INFO - Processing file /home/diego.rivero/practica_creativa/env/lib/python3.11/site-packages/airflow/example_dags/example_dynamic_task_mapping.py for tasks to queue
[2025-06-09T12:42:01.933+0200] {logging_mixin.py:154} INFO - [2025-06-09T12:42:01.932+0200] {dagbag.py:536} INFO - Filling up the DagBag from /home/diego.rivero/practica_creativa/env/lib/python3.11/site-packages/airflow/example_dags/example_dynamic_task_mapping.py
[2025-06-09T12:42:01.960+0200] {processor.py:839} INFO - DAG(s) dict_keys(['example_dynamic_task_mapping']) retrieved from /home/diego.rivero/practica_creativa/env/lib/python3.11/site-packages/airflow/example_dags/example_dynamic_task_mapping.py
[2025-06-09T12:42:02.001+0200] {logging_mixin.py:154} INFO - [2025-06-09T12:42:02.000+0200] {dag.py:2941} INFO - Sync 1 DAGs
[2025-06-09T12:42:02.047+0200] {logging_mixin.py:154} INFO - [2025-06-09T12:42:02.046+0200] {dag.py:3722} INFO - Setting next_dagrun for example_dynamic_task_mapping to 2022-03-04T00:00:00+00:00, run_after=2022-03-05T00:00:00+00:00
[2025-06-09T12:42:02.124+0200] {processor.py:179} INFO - Processing /home/diego.rivero/practica_creativa/env/lib/python3.11/site-packages/airflow/example_dags/example_dynamic_task_mapping.py took 0.206 seconds
