[2025-06-09T12:24:03.921+0200] {processor.py:157} INFO - Started process (PID=77388) to work on /home/diego.rivero/practica_creativa/env/lib/python3.11/site-packages/airflow/example_dags/example_dynamic_task_mapping_with_no_taskflow_operators.py
[2025-06-09T12:24:03.922+0200] {processor.py:829} INFO - Processing file /home/diego.rivero/practica_creativa/env/lib/python3.11/site-packages/airflow/example_dags/example_dynamic_task_mapping_with_no_taskflow_operators.py for tasks to queue
[2025-06-09T12:24:03.924+0200] {logging_mixin.py:154} INFO - [2025-06-09T12:24:03.923+0200] {dagbag.py:536} INFO - Filling up the DagBag from /home/diego.rivero/practica_creativa/env/lib/python3.11/site-packages/airflow/example_dags/example_dynamic_task_mapping_with_no_taskflow_operators.py
[2025-06-09T12:24:03.935+0200] {processor.py:839} INFO - DAG(s) dict_keys(['example_dynamic_task_mapping_with_no_taskflow_operators']) retrieved from /home/diego.rivero/practica_creativa/env/lib/python3.11/site-packages/airflow/example_dags/example_dynamic_task_mapping_with_no_taskflow_operators.py
[2025-06-09T12:24:03.961+0200] {logging_mixin.py:154} INFO - [2025-06-09T12:24:03.961+0200] {dag.py:2941} INFO - Sync 1 DAGs
[2025-06-09T12:24:03.991+0200] {logging_mixin.py:154} INFO - [2025-06-09T12:24:03.991+0200] {dag.py:3722} INFO - Setting next_dagrun for example_dynamic_task_mapping_with_no_taskflow_operators to 2025-06-08T10:24:03.990790+00:00, run_after=2025-06-09T10:24:03.990790+00:00
[2025-06-09T12:24:04.053+0200] {processor.py:179} INFO - Processing /home/diego.rivero/practica_creativa/env/lib/python3.11/site-packages/airflow/example_dags/example_dynamic_task_mapping_with_no_taskflow_operators.py took 0.136 seconds
[2025-06-09T12:25:12.000+0200] {processor.py:157} INFO - Started process (PID=77832) to work on /home/diego.rivero/practica_creativa/env/lib/python3.11/site-packages/airflow/example_dags/example_dynamic_task_mapping_with_no_taskflow_operators.py
[2025-06-09T12:25:12.005+0200] {processor.py:829} INFO - Processing file /home/diego.rivero/practica_creativa/env/lib/python3.11/site-packages/airflow/example_dags/example_dynamic_task_mapping_with_no_taskflow_operators.py for tasks to queue
[2025-06-09T12:25:12.006+0200] {logging_mixin.py:154} INFO - [2025-06-09T12:25:12.005+0200] {dagbag.py:536} INFO - Filling up the DagBag from /home/diego.rivero/practica_creativa/env/lib/python3.11/site-packages/airflow/example_dags/example_dynamic_task_mapping_with_no_taskflow_operators.py
[2025-06-09T12:25:12.030+0200] {processor.py:839} INFO - DAG(s) dict_keys(['example_dynamic_task_mapping_with_no_taskflow_operators']) retrieved from /home/diego.rivero/practica_creativa/env/lib/python3.11/site-packages/airflow/example_dags/example_dynamic_task_mapping_with_no_taskflow_operators.py
[2025-06-09T12:25:12.064+0200] {logging_mixin.py:154} INFO - [2025-06-09T12:25:12.064+0200] {dag.py:2941} INFO - Sync 1 DAGs
[2025-06-09T12:25:12.109+0200] {logging_mixin.py:154} INFO - [2025-06-09T12:25:12.109+0200] {dag.py:3722} INFO - Setting next_dagrun for example_dynamic_task_mapping_with_no_taskflow_operators to 2025-06-08T10:25:12.109039+00:00, run_after=2025-06-09T10:25:12.109039+00:00
[2025-06-09T12:25:12.221+0200] {processor.py:179} INFO - Processing /home/diego.rivero/practica_creativa/env/lib/python3.11/site-packages/airflow/example_dags/example_dynamic_task_mapping_with_no_taskflow_operators.py took 0.224 seconds
[2025-06-09T12:26:07.774+0200] {processor.py:157} INFO - Started process (PID=78256) to work on /home/diego.rivero/practica_creativa/env/lib/python3.11/site-packages/airflow/example_dags/example_dynamic_task_mapping_with_no_taskflow_operators.py
[2025-06-09T12:26:07.777+0200] {processor.py:829} INFO - Processing file /home/diego.rivero/practica_creativa/env/lib/python3.11/site-packages/airflow/example_dags/example_dynamic_task_mapping_with_no_taskflow_operators.py for tasks to queue
[2025-06-09T12:26:07.780+0200] {logging_mixin.py:154} INFO - [2025-06-09T12:26:07.778+0200] {dagbag.py:536} INFO - Filling up the DagBag from /home/diego.rivero/practica_creativa/env/lib/python3.11/site-packages/airflow/example_dags/example_dynamic_task_mapping_with_no_taskflow_operators.py
[2025-06-09T12:26:07.803+0200] {processor.py:839} INFO - DAG(s) dict_keys(['example_dynamic_task_mapping_with_no_taskflow_operators']) retrieved from /home/diego.rivero/practica_creativa/env/lib/python3.11/site-packages/airflow/example_dags/example_dynamic_task_mapping_with_no_taskflow_operators.py
[2025-06-09T12:26:07.833+0200] {logging_mixin.py:154} INFO - [2025-06-09T12:26:07.832+0200] {dag.py:2941} INFO - Sync 1 DAGs
[2025-06-09T12:26:07.861+0200] {logging_mixin.py:154} INFO - [2025-06-09T12:26:07.861+0200] {dag.py:3722} INFO - Setting next_dagrun for example_dynamic_task_mapping_with_no_taskflow_operators to 2025-06-08T10:26:07.861343+00:00, run_after=2025-06-09T10:26:07.861343+00:00
[2025-06-09T12:26:07.916+0200] {processor.py:179} INFO - Processing /home/diego.rivero/practica_creativa/env/lib/python3.11/site-packages/airflow/example_dags/example_dynamic_task_mapping_with_no_taskflow_operators.py took 0.151 seconds
[2025-06-09T12:27:46.359+0200] {processor.py:157} INFO - Started process (PID=78978) to work on /home/diego.rivero/practica_creativa/env/lib/python3.11/site-packages/airflow/example_dags/example_dynamic_task_mapping_with_no_taskflow_operators.py
[2025-06-09T12:27:46.361+0200] {processor.py:829} INFO - Processing file /home/diego.rivero/practica_creativa/env/lib/python3.11/site-packages/airflow/example_dags/example_dynamic_task_mapping_with_no_taskflow_operators.py for tasks to queue
[2025-06-09T12:27:46.364+0200] {logging_mixin.py:154} INFO - [2025-06-09T12:27:46.363+0200] {dagbag.py:536} INFO - Filling up the DagBag from /home/diego.rivero/practica_creativa/env/lib/python3.11/site-packages/airflow/example_dags/example_dynamic_task_mapping_with_no_taskflow_operators.py
[2025-06-09T12:27:46.377+0200] {processor.py:839} INFO - DAG(s) dict_keys(['example_dynamic_task_mapping_with_no_taskflow_operators']) retrieved from /home/diego.rivero/practica_creativa/env/lib/python3.11/site-packages/airflow/example_dags/example_dynamic_task_mapping_with_no_taskflow_operators.py
[2025-06-09T12:27:46.405+0200] {logging_mixin.py:154} INFO - [2025-06-09T12:27:46.405+0200] {dag.py:2941} INFO - Sync 1 DAGs
[2025-06-09T12:27:46.434+0200] {logging_mixin.py:154} INFO - [2025-06-09T12:27:46.434+0200] {dag.py:3722} INFO - Setting next_dagrun for example_dynamic_task_mapping_with_no_taskflow_operators to 2025-06-08T10:27:46.433835+00:00, run_after=2025-06-09T10:27:46.433835+00:00
[2025-06-09T12:27:46.492+0200] {processor.py:179} INFO - Processing /home/diego.rivero/practica_creativa/env/lib/python3.11/site-packages/airflow/example_dags/example_dynamic_task_mapping_with_no_taskflow_operators.py took 0.143 seconds
[2025-06-09T12:41:59.123+0200] {processor.py:157} INFO - Started process (PID=90639) to work on /home/diego.rivero/practica_creativa/env/lib/python3.11/site-packages/airflow/example_dags/example_dynamic_task_mapping_with_no_taskflow_operators.py
[2025-06-09T12:41:59.125+0200] {processor.py:829} INFO - Processing file /home/diego.rivero/practica_creativa/env/lib/python3.11/site-packages/airflow/example_dags/example_dynamic_task_mapping_with_no_taskflow_operators.py for tasks to queue
[2025-06-09T12:41:59.127+0200] {logging_mixin.py:154} INFO - [2025-06-09T12:41:59.126+0200] {dagbag.py:536} INFO - Filling up the DagBag from /home/diego.rivero/practica_creativa/env/lib/python3.11/site-packages/airflow/example_dags/example_dynamic_task_mapping_with_no_taskflow_operators.py
[2025-06-09T12:41:59.141+0200] {processor.py:839} INFO - DAG(s) dict_keys(['example_dynamic_task_mapping_with_no_taskflow_operators']) retrieved from /home/diego.rivero/practica_creativa/env/lib/python3.11/site-packages/airflow/example_dags/example_dynamic_task_mapping_with_no_taskflow_operators.py
[2025-06-09T12:41:59.168+0200] {logging_mixin.py:154} INFO - [2025-06-09T12:41:59.167+0200] {dag.py:2941} INFO - Sync 1 DAGs
[2025-06-09T12:41:59.196+0200] {logging_mixin.py:154} INFO - [2025-06-09T12:41:59.196+0200] {dag.py:3722} INFO - Setting next_dagrun for example_dynamic_task_mapping_with_no_taskflow_operators to 2025-06-08T10:41:59.196342+00:00, run_after=2025-06-09T10:41:59.196342+00:00
[2025-06-09T12:41:59.255+0200] {processor.py:179} INFO - Processing /home/diego.rivero/practica_creativa/env/lib/python3.11/site-packages/airflow/example_dags/example_dynamic_task_mapping_with_no_taskflow_operators.py took 0.141 seconds
