[2025-06-09T12:24:09.358+0200] {processor.py:157} INFO - Started process (PID=77414) to work on /home/diego.rivero/practica_creativa/env/lib/python3.11/site-packages/airflow/example_dags/example_dag_decorator.py
[2025-06-09T12:24:09.359+0200] {processor.py:829} INFO - Processing file /home/diego.rivero/practica_creativa/env/lib/python3.11/site-packages/airflow/example_dags/example_dag_decorator.py for tasks to queue
[2025-06-09T12:24:09.360+0200] {logging_mixin.py:154} INFO - [2025-06-09T12:24:09.360+0200] {dagbag.py:536} INFO - Filling up the DagBag from /home/diego.rivero/practica_creativa/env/lib/python3.11/site-packages/airflow/example_dags/example_dag_decorator.py
[2025-06-09T12:24:09.504+0200] {processor.py:839} INFO - DAG(s) dict_keys(['example_dag_decorator']) retrieved from /home/diego.rivero/practica_creativa/env/lib/python3.11/site-packages/airflow/example_dags/example_dag_decorator.py
[2025-06-09T12:24:09.807+0200] {logging_mixin.py:154} INFO - [2025-06-09T12:24:09.806+0200] {dag.py:2941} INFO - Sync 1 DAGs
[2025-06-09T12:24:09.823+0200] {logging_mixin.py:154} INFO - [2025-06-09T12:24:09.823+0200] {dag.py:3722} INFO - Setting next_dagrun for example_dag_decorator to None, run_after=None
[2025-06-09T12:24:09.891+0200] {processor.py:179} INFO - Processing /home/diego.rivero/practica_creativa/env/lib/python3.11/site-packages/airflow/example_dags/example_dag_decorator.py took 0.539 seconds
[2025-06-09T12:25:16.617+0200] {processor.py:157} INFO - Started process (PID=77900) to work on /home/diego.rivero/practica_creativa/env/lib/python3.11/site-packages/airflow/example_dags/example_dag_decorator.py
[2025-06-09T12:25:16.618+0200] {processor.py:829} INFO - Processing file /home/diego.rivero/practica_creativa/env/lib/python3.11/site-packages/airflow/example_dags/example_dag_decorator.py for tasks to queue
[2025-06-09T12:25:16.619+0200] {logging_mixin.py:154} INFO - [2025-06-09T12:25:16.619+0200] {dagbag.py:536} INFO - Filling up the DagBag from /home/diego.rivero/practica_creativa/env/lib/python3.11/site-packages/airflow/example_dags/example_dag_decorator.py
[2025-06-09T12:25:16.705+0200] {processor.py:839} INFO - DAG(s) dict_keys(['example_dag_decorator']) retrieved from /home/diego.rivero/practica_creativa/env/lib/python3.11/site-packages/airflow/example_dags/example_dag_decorator.py
[2025-06-09T12:25:16.888+0200] {logging_mixin.py:154} INFO - [2025-06-09T12:25:16.887+0200] {dag.py:2941} INFO - Sync 1 DAGs
[2025-06-09T12:25:16.901+0200] {logging_mixin.py:154} INFO - [2025-06-09T12:25:16.901+0200] {dag.py:3722} INFO - Setting next_dagrun for example_dag_decorator to None, run_after=None
[2025-06-09T12:25:16.952+0200] {processor.py:179} INFO - Processing /home/diego.rivero/practica_creativa/env/lib/python3.11/site-packages/airflow/example_dags/example_dag_decorator.py took 0.338 seconds
[2025-06-09T12:26:12.716+0200] {processor.py:157} INFO - Started process (PID=78320) to work on /home/diego.rivero/practica_creativa/env/lib/python3.11/site-packages/airflow/example_dags/example_dag_decorator.py
[2025-06-09T12:26:12.718+0200] {processor.py:829} INFO - Processing file /home/diego.rivero/practica_creativa/env/lib/python3.11/site-packages/airflow/example_dags/example_dag_decorator.py for tasks to queue
[2025-06-09T12:26:12.719+0200] {logging_mixin.py:154} INFO - [2025-06-09T12:26:12.718+0200] {dagbag.py:536} INFO - Filling up the DagBag from /home/diego.rivero/practica_creativa/env/lib/python3.11/site-packages/airflow/example_dags/example_dag_decorator.py
[2025-06-09T12:26:12.786+0200] {processor.py:839} INFO - DAG(s) dict_keys(['example_dag_decorator']) retrieved from /home/diego.rivero/practica_creativa/env/lib/python3.11/site-packages/airflow/example_dags/example_dag_decorator.py
[2025-06-09T12:26:12.936+0200] {logging_mixin.py:154} INFO - [2025-06-09T12:26:12.936+0200] {dag.py:2941} INFO - Sync 1 DAGs
[2025-06-09T12:26:12.949+0200] {logging_mixin.py:154} INFO - [2025-06-09T12:26:12.949+0200] {dag.py:3722} INFO - Setting next_dagrun for example_dag_decorator to None, run_after=None
[2025-06-09T12:26:13.007+0200] {processor.py:179} INFO - Processing /home/diego.rivero/practica_creativa/env/lib/python3.11/site-packages/airflow/example_dags/example_dag_decorator.py took 0.293 seconds
[2025-06-09T12:27:51.792+0200] {processor.py:157} INFO - Started process (PID=79004) to work on /home/diego.rivero/practica_creativa/env/lib/python3.11/site-packages/airflow/example_dags/example_dag_decorator.py
[2025-06-09T12:27:51.794+0200] {processor.py:829} INFO - Processing file /home/diego.rivero/practica_creativa/env/lib/python3.11/site-packages/airflow/example_dags/example_dag_decorator.py for tasks to queue
[2025-06-09T12:27:51.797+0200] {logging_mixin.py:154} INFO - [2025-06-09T12:27:51.796+0200] {dagbag.py:536} INFO - Filling up the DagBag from /home/diego.rivero/practica_creativa/env/lib/python3.11/site-packages/airflow/example_dags/example_dag_decorator.py
[2025-06-09T12:27:51.904+0200] {processor.py:839} INFO - DAG(s) dict_keys(['example_dag_decorator']) retrieved from /home/diego.rivero/practica_creativa/env/lib/python3.11/site-packages/airflow/example_dags/example_dag_decorator.py
[2025-06-09T12:27:52.053+0200] {logging_mixin.py:154} INFO - [2025-06-09T12:27:52.053+0200] {dag.py:2941} INFO - Sync 1 DAGs
[2025-06-09T12:27:52.066+0200] {logging_mixin.py:154} INFO - [2025-06-09T12:27:52.066+0200] {dag.py:3722} INFO - Setting next_dagrun for example_dag_decorator to None, run_after=None
[2025-06-09T12:27:52.127+0200] {processor.py:179} INFO - Processing /home/diego.rivero/practica_creativa/env/lib/python3.11/site-packages/airflow/example_dags/example_dag_decorator.py took 0.345 seconds
[2025-06-09T12:42:04.991+0200] {processor.py:157} INFO - Started process (PID=90719) to work on /home/diego.rivero/practica_creativa/env/lib/python3.11/site-packages/airflow/example_dags/example_dag_decorator.py
[2025-06-09T12:42:04.994+0200] {processor.py:829} INFO - Processing file /home/diego.rivero/practica_creativa/env/lib/python3.11/site-packages/airflow/example_dags/example_dag_decorator.py for tasks to queue
[2025-06-09T12:42:04.997+0200] {logging_mixin.py:154} INFO - [2025-06-09T12:42:04.995+0200] {dagbag.py:536} INFO - Filling up the DagBag from /home/diego.rivero/practica_creativa/env/lib/python3.11/site-packages/airflow/example_dags/example_dag_decorator.py
[2025-06-09T12:42:05.188+0200] {processor.py:839} INFO - DAG(s) dict_keys(['example_dag_decorator']) retrieved from /home/diego.rivero/practica_creativa/env/lib/python3.11/site-packages/airflow/example_dags/example_dag_decorator.py
[2025-06-09T12:42:05.415+0200] {logging_mixin.py:154} INFO - [2025-06-09T12:42:05.415+0200] {dag.py:2941} INFO - Sync 1 DAGs
[2025-06-09T12:42:05.427+0200] {logging_mixin.py:154} INFO - [2025-06-09T12:42:05.427+0200] {dag.py:3722} INFO - Setting next_dagrun for example_dag_decorator to None, run_after=None
[2025-06-09T12:42:05.488+0200] {processor.py:179} INFO - Processing /home/diego.rivero/practica_creativa/env/lib/python3.11/site-packages/airflow/example_dags/example_dag_decorator.py took 0.506 seconds
