[2025-06-09T12:24:12.484+0200] {processor.py:157} INFO - Started process (PID=77473) to work on /home/diego.rivero/practica_creativa/env/lib/python3.11/site-packages/airflow/example_dags/example_branch_operator_decorator.py
[2025-06-09T12:24:12.484+0200] {processor.py:829} INFO - Processing file /home/diego.rivero/practica_creativa/env/lib/python3.11/site-packages/airflow/example_dags/example_branch_operator_decorator.py for tasks to queue
[2025-06-09T12:24:12.485+0200] {logging_mixin.py:154} INFO - [2025-06-09T12:24:12.485+0200] {dagbag.py:536} INFO - Filling up the DagBag from /home/diego.rivero/practica_creativa/env/lib/python3.11/site-packages/airflow/example_dags/example_branch_operator_decorator.py
[2025-06-09T12:24:12.496+0200] {processor.py:839} INFO - DAG(s) dict_keys(['example_branch_python_operator_decorator']) retrieved from /home/diego.rivero/practica_creativa/env/lib/python3.11/site-packages/airflow/example_dags/example_branch_operator_decorator.py
[2025-06-09T12:24:12.526+0200] {logging_mixin.py:154} INFO - [2025-06-09T12:24:12.526+0200] {dag.py:2941} INFO - Sync 1 DAGs
[2025-06-09T12:24:12.558+0200] {logging_mixin.py:154} INFO - [2025-06-09T12:24:12.558+0200] {dag.py:3722} INFO - Setting next_dagrun for example_branch_python_operator_decorator to 2025-06-08T00:00:00+00:00, run_after=2025-06-09T00:00:00+00:00
[2025-06-09T12:24:12.639+0200] {processor.py:179} INFO - Processing /home/diego.rivero/practica_creativa/env/lib/python3.11/site-packages/airflow/example_dags/example_branch_operator_decorator.py took 0.158 seconds
[2025-06-09T12:25:18.875+0200] {processor.py:157} INFO - Started process (PID=77909) to work on /home/diego.rivero/practica_creativa/env/lib/python3.11/site-packages/airflow/example_dags/example_branch_operator_decorator.py
[2025-06-09T12:25:18.876+0200] {processor.py:829} INFO - Processing file /home/diego.rivero/practica_creativa/env/lib/python3.11/site-packages/airflow/example_dags/example_branch_operator_decorator.py for tasks to queue
[2025-06-09T12:25:18.877+0200] {logging_mixin.py:154} INFO - [2025-06-09T12:25:18.877+0200] {dagbag.py:536} INFO - Filling up the DagBag from /home/diego.rivero/practica_creativa/env/lib/python3.11/site-packages/airflow/example_dags/example_branch_operator_decorator.py
[2025-06-09T12:25:18.888+0200] {processor.py:839} INFO - DAG(s) dict_keys(['example_branch_python_operator_decorator']) retrieved from /home/diego.rivero/practica_creativa/env/lib/python3.11/site-packages/airflow/example_dags/example_branch_operator_decorator.py
[2025-06-09T12:25:18.918+0200] {logging_mixin.py:154} INFO - [2025-06-09T12:25:18.918+0200] {dag.py:2941} INFO - Sync 1 DAGs
[2025-06-09T12:25:18.951+0200] {logging_mixin.py:154} INFO - [2025-06-09T12:25:18.950+0200] {dag.py:3722} INFO - Setting next_dagrun for example_branch_python_operator_decorator to 2025-06-08T00:00:00+00:00, run_after=2025-06-09T00:00:00+00:00
[2025-06-09T12:25:19.013+0200] {processor.py:179} INFO - Processing /home/diego.rivero/practica_creativa/env/lib/python3.11/site-packages/airflow/example_dags/example_branch_operator_decorator.py took 0.141 seconds
[2025-06-09T12:26:15.467+0200] {processor.py:157} INFO - Started process (PID=78337) to work on /home/diego.rivero/practica_creativa/env/lib/python3.11/site-packages/airflow/example_dags/example_branch_operator_decorator.py
[2025-06-09T12:26:15.468+0200] {processor.py:829} INFO - Processing file /home/diego.rivero/practica_creativa/env/lib/python3.11/site-packages/airflow/example_dags/example_branch_operator_decorator.py for tasks to queue
[2025-06-09T12:26:15.468+0200] {logging_mixin.py:154} INFO - [2025-06-09T12:26:15.468+0200] {dagbag.py:536} INFO - Filling up the DagBag from /home/diego.rivero/practica_creativa/env/lib/python3.11/site-packages/airflow/example_dags/example_branch_operator_decorator.py
[2025-06-09T12:26:15.478+0200] {processor.py:839} INFO - DAG(s) dict_keys(['example_branch_python_operator_decorator']) retrieved from /home/diego.rivero/practica_creativa/env/lib/python3.11/site-packages/airflow/example_dags/example_branch_operator_decorator.py
[2025-06-09T12:26:15.509+0200] {logging_mixin.py:154} INFO - [2025-06-09T12:26:15.509+0200] {dag.py:2941} INFO - Sync 1 DAGs
[2025-06-09T12:26:15.538+0200] {logging_mixin.py:154} INFO - [2025-06-09T12:26:15.538+0200] {dag.py:3722} INFO - Setting next_dagrun for example_branch_python_operator_decorator to 2025-06-08T00:00:00+00:00, run_after=2025-06-09T00:00:00+00:00
[2025-06-09T12:26:15.596+0200] {processor.py:179} INFO - Processing /home/diego.rivero/practica_creativa/env/lib/python3.11/site-packages/airflow/example_dags/example_branch_operator_decorator.py took 0.132 seconds
[2025-06-09T12:27:54.291+0200] {processor.py:157} INFO - Started process (PID=79012) to work on /home/diego.rivero/practica_creativa/env/lib/python3.11/site-packages/airflow/example_dags/example_branch_operator_decorator.py
[2025-06-09T12:27:54.293+0200] {processor.py:829} INFO - Processing file /home/diego.rivero/practica_creativa/env/lib/python3.11/site-packages/airflow/example_dags/example_branch_operator_decorator.py for tasks to queue
[2025-06-09T12:27:54.296+0200] {logging_mixin.py:154} INFO - [2025-06-09T12:27:54.295+0200] {dagbag.py:536} INFO - Filling up the DagBag from /home/diego.rivero/practica_creativa/env/lib/python3.11/site-packages/airflow/example_dags/example_branch_operator_decorator.py
[2025-06-09T12:27:54.330+0200] {processor.py:839} INFO - DAG(s) dict_keys(['example_branch_python_operator_decorator']) retrieved from /home/diego.rivero/practica_creativa/env/lib/python3.11/site-packages/airflow/example_dags/example_branch_operator_decorator.py
[2025-06-09T12:27:54.375+0200] {logging_mixin.py:154} INFO - [2025-06-09T12:27:54.375+0200] {dag.py:2941} INFO - Sync 1 DAGs
[2025-06-09T12:27:54.421+0200] {logging_mixin.py:154} INFO - [2025-06-09T12:27:54.421+0200] {dag.py:3722} INFO - Setting next_dagrun for example_branch_python_operator_decorator to 2025-06-08T00:00:00+00:00, run_after=2025-06-09T00:00:00+00:00
[2025-06-09T12:27:54.483+0200] {processor.py:179} INFO - Processing /home/diego.rivero/practica_creativa/env/lib/python3.11/site-packages/airflow/example_dags/example_branch_operator_decorator.py took 0.202 seconds
[2025-06-09T12:42:07.467+0200] {processor.py:157} INFO - Started process (PID=90729) to work on /home/diego.rivero/practica_creativa/env/lib/python3.11/site-packages/airflow/example_dags/example_branch_operator_decorator.py
[2025-06-09T12:42:07.467+0200] {processor.py:829} INFO - Processing file /home/diego.rivero/practica_creativa/env/lib/python3.11/site-packages/airflow/example_dags/example_branch_operator_decorator.py for tasks to queue
[2025-06-09T12:42:07.468+0200] {logging_mixin.py:154} INFO - [2025-06-09T12:42:07.468+0200] {dagbag.py:536} INFO - Filling up the DagBag from /home/diego.rivero/practica_creativa/env/lib/python3.11/site-packages/airflow/example_dags/example_branch_operator_decorator.py
[2025-06-09T12:42:07.478+0200] {processor.py:839} INFO - DAG(s) dict_keys(['example_branch_python_operator_decorator']) retrieved from /home/diego.rivero/practica_creativa/env/lib/python3.11/site-packages/airflow/example_dags/example_branch_operator_decorator.py
[2025-06-09T12:42:07.511+0200] {logging_mixin.py:154} INFO - [2025-06-09T12:42:07.511+0200] {dag.py:2941} INFO - Sync 1 DAGs
[2025-06-09T12:42:07.545+0200] {logging_mixin.py:154} INFO - [2025-06-09T12:42:07.545+0200] {dag.py:3722} INFO - Setting next_dagrun for example_branch_python_operator_decorator to 2025-06-08T00:00:00+00:00, run_after=2025-06-09T00:00:00+00:00
[2025-06-09T12:42:07.623+0200] {processor.py:179} INFO - Processing /home/diego.rivero/practica_creativa/env/lib/python3.11/site-packages/airflow/example_dags/example_branch_operator_decorator.py took 0.159 seconds
