[2025-06-09T12:23:54.427+0200] {processor.py:157} INFO - Started process (PID=77338) to work on /home/diego.rivero/practica_creativa/env/lib/python3.11/site-packages/airflow/example_dags/example_params_trigger_ui.py
[2025-06-09T12:23:54.429+0200] {processor.py:829} INFO - Processing file /home/diego.rivero/practica_creativa/env/lib/python3.11/site-packages/airflow/example_dags/example_params_trigger_ui.py for tasks to queue
[2025-06-09T12:23:54.431+0200] {logging_mixin.py:154} INFO - [2025-06-09T12:23:54.430+0200] {dagbag.py:536} INFO - Filling up the DagBag from /home/diego.rivero/practica_creativa/env/lib/python3.11/site-packages/airflow/example_dags/example_params_trigger_ui.py
[2025-06-09T12:23:54.467+0200] {processor.py:839} INFO - DAG(s) dict_keys(['example_params_trigger_ui']) retrieved from /home/diego.rivero/practica_creativa/env/lib/python3.11/site-packages/airflow/example_dags/example_params_trigger_ui.py
[2025-06-09T12:23:54.514+0200] {logging_mixin.py:154} INFO - [2025-06-09T12:23:54.514+0200] {dag.py:2941} INFO - Sync 1 DAGs
[2025-06-09T12:23:54.528+0200] {logging_mixin.py:154} INFO - [2025-06-09T12:23:54.527+0200] {dag.py:3722} INFO - Setting next_dagrun for example_params_trigger_ui to None, run_after=None
[2025-06-09T12:23:54.584+0200] {processor.py:179} INFO - Processing /home/diego.rivero/practica_creativa/env/lib/python3.11/site-packages/airflow/example_dags/example_params_trigger_ui.py took 0.167 seconds
[2025-06-09T12:25:03.113+0200] {processor.py:157} INFO - Started process (PID=77791) to work on /home/diego.rivero/practica_creativa/env/lib/python3.11/site-packages/airflow/example_dags/example_params_trigger_ui.py
[2025-06-09T12:25:03.113+0200] {processor.py:829} INFO - Processing file /home/diego.rivero/practica_creativa/env/lib/python3.11/site-packages/airflow/example_dags/example_params_trigger_ui.py for tasks to queue
[2025-06-09T12:25:03.114+0200] {logging_mixin.py:154} INFO - [2025-06-09T12:25:03.114+0200] {dagbag.py:536} INFO - Filling up the DagBag from /home/diego.rivero/practica_creativa/env/lib/python3.11/site-packages/airflow/example_dags/example_params_trigger_ui.py
[2025-06-09T12:25:03.133+0200] {processor.py:839} INFO - DAG(s) dict_keys(['example_params_trigger_ui']) retrieved from /home/diego.rivero/practica_creativa/env/lib/python3.11/site-packages/airflow/example_dags/example_params_trigger_ui.py
[2025-06-09T12:25:03.190+0200] {logging_mixin.py:154} INFO - [2025-06-09T12:25:03.190+0200] {dag.py:2941} INFO - Sync 1 DAGs
[2025-06-09T12:25:03.207+0200] {logging_mixin.py:154} INFO - [2025-06-09T12:25:03.206+0200] {dag.py:3722} INFO - Setting next_dagrun for example_params_trigger_ui to None, run_after=None
[2025-06-09T12:25:03.267+0200] {processor.py:179} INFO - Processing /home/diego.rivero/practica_creativa/env/lib/python3.11/site-packages/airflow/example_dags/example_params_trigger_ui.py took 0.158 seconds
[2025-06-09T12:25:59.047+0200] {processor.py:157} INFO - Started process (PID=78213) to work on /home/diego.rivero/practica_creativa/env/lib/python3.11/site-packages/airflow/example_dags/example_params_trigger_ui.py
[2025-06-09T12:25:59.048+0200] {processor.py:829} INFO - Processing file /home/diego.rivero/practica_creativa/env/lib/python3.11/site-packages/airflow/example_dags/example_params_trigger_ui.py for tasks to queue
[2025-06-09T12:25:59.049+0200] {logging_mixin.py:154} INFO - [2025-06-09T12:25:59.048+0200] {dagbag.py:536} INFO - Filling up the DagBag from /home/diego.rivero/practica_creativa/env/lib/python3.11/site-packages/airflow/example_dags/example_params_trigger_ui.py
[2025-06-09T12:25:59.066+0200] {processor.py:839} INFO - DAG(s) dict_keys(['example_params_trigger_ui']) retrieved from /home/diego.rivero/practica_creativa/env/lib/python3.11/site-packages/airflow/example_dags/example_params_trigger_ui.py
[2025-06-09T12:25:59.117+0200] {logging_mixin.py:154} INFO - [2025-06-09T12:25:59.117+0200] {dag.py:2941} INFO - Sync 1 DAGs
[2025-06-09T12:25:59.134+0200] {logging_mixin.py:154} INFO - [2025-06-09T12:25:59.133+0200] {dag.py:3722} INFO - Setting next_dagrun for example_params_trigger_ui to None, run_after=None
[2025-06-09T12:25:59.193+0200] {processor.py:179} INFO - Processing /home/diego.rivero/practica_creativa/env/lib/python3.11/site-packages/airflow/example_dags/example_params_trigger_ui.py took 0.150 seconds
[2025-06-09T12:27:36.984+0200] {processor.py:157} INFO - Started process (PID=78896) to work on /home/diego.rivero/practica_creativa/env/lib/python3.11/site-packages/airflow/example_dags/example_params_trigger_ui.py
[2025-06-09T12:27:36.987+0200] {processor.py:829} INFO - Processing file /home/diego.rivero/practica_creativa/env/lib/python3.11/site-packages/airflow/example_dags/example_params_trigger_ui.py for tasks to queue
[2025-06-09T12:27:36.989+0200] {logging_mixin.py:154} INFO - [2025-06-09T12:27:36.988+0200] {dagbag.py:536} INFO - Filling up the DagBag from /home/diego.rivero/practica_creativa/env/lib/python3.11/site-packages/airflow/example_dags/example_params_trigger_ui.py
[2025-06-09T12:27:37.011+0200] {processor.py:839} INFO - DAG(s) dict_keys(['example_params_trigger_ui']) retrieved from /home/diego.rivero/practica_creativa/env/lib/python3.11/site-packages/airflow/example_dags/example_params_trigger_ui.py
[2025-06-09T12:27:37.060+0200] {logging_mixin.py:154} INFO - [2025-06-09T12:27:37.060+0200] {dag.py:2941} INFO - Sync 1 DAGs
[2025-06-09T12:27:37.074+0200] {logging_mixin.py:154} INFO - [2025-06-09T12:27:37.074+0200] {dag.py:3722} INFO - Setting next_dagrun for example_params_trigger_ui to None, run_after=None
[2025-06-09T12:27:37.128+0200] {processor.py:179} INFO - Processing /home/diego.rivero/practica_creativa/env/lib/python3.11/site-packages/airflow/example_dags/example_params_trigger_ui.py took 0.154 seconds
[2025-06-09T12:41:50.304+0200] {processor.py:157} INFO - Started process (PID=90594) to work on /home/diego.rivero/practica_creativa/env/lib/python3.11/site-packages/airflow/example_dags/example_params_trigger_ui.py
[2025-06-09T12:41:50.305+0200] {processor.py:829} INFO - Processing file /home/diego.rivero/practica_creativa/env/lib/python3.11/site-packages/airflow/example_dags/example_params_trigger_ui.py for tasks to queue
[2025-06-09T12:41:50.306+0200] {logging_mixin.py:154} INFO - [2025-06-09T12:41:50.306+0200] {dagbag.py:536} INFO - Filling up the DagBag from /home/diego.rivero/practica_creativa/env/lib/python3.11/site-packages/airflow/example_dags/example_params_trigger_ui.py
[2025-06-09T12:41:50.325+0200] {processor.py:839} INFO - DAG(s) dict_keys(['example_params_trigger_ui']) retrieved from /home/diego.rivero/practica_creativa/env/lib/python3.11/site-packages/airflow/example_dags/example_params_trigger_ui.py
[2025-06-09T12:41:50.380+0200] {logging_mixin.py:154} INFO - [2025-06-09T12:41:50.380+0200] {dag.py:2941} INFO - Sync 1 DAGs
[2025-06-09T12:41:50.396+0200] {logging_mixin.py:154} INFO - [2025-06-09T12:41:50.396+0200] {dag.py:3722} INFO - Setting next_dagrun for example_params_trigger_ui to None, run_after=None
[2025-06-09T12:41:50.457+0200] {processor.py:179} INFO - Processing /home/diego.rivero/practica_creativa/env/lib/python3.11/site-packages/airflow/example_dags/example_params_trigger_ui.py took 0.156 seconds
