[2025-06-09T12:24:15.153+0200] {processor.py:157} INFO - Started process (PID=77485) to work on /home/diego.rivero/practica_creativa/env/lib/python3.11/site-packages/airflow/example_dags/example_branch_day_of_week_operator.py
[2025-06-09T12:24:15.154+0200] {processor.py:829} INFO - Processing file /home/diego.rivero/practica_creativa/env/lib/python3.11/site-packages/airflow/example_dags/example_branch_day_of_week_operator.py for tasks to queue
[2025-06-09T12:24:15.155+0200] {logging_mixin.py:154} INFO - [2025-06-09T12:24:15.155+0200] {dagbag.py:536} INFO - Filling up the DagBag from /home/diego.rivero/practica_creativa/env/lib/python3.11/site-packages/airflow/example_dags/example_branch_day_of_week_operator.py
[2025-06-09T12:24:15.169+0200] {processor.py:839} INFO - DAG(s) dict_keys(['example_weekday_branch_operator']) retrieved from /home/diego.rivero/practica_creativa/env/lib/python3.11/site-packages/airflow/example_dags/example_branch_day_of_week_operator.py
[2025-06-09T12:24:15.200+0200] {logging_mixin.py:154} INFO - [2025-06-09T12:24:15.200+0200] {dag.py:2941} INFO - Sync 1 DAGs
[2025-06-09T12:24:15.232+0200] {logging_mixin.py:154} INFO - [2025-06-09T12:24:15.232+0200] {dag.py:3722} INFO - Setting next_dagrun for example_weekday_branch_operator to 2025-06-08T00:00:00+00:00, run_after=2025-06-09T00:00:00+00:00
[2025-06-09T12:24:15.289+0200] {processor.py:179} INFO - Processing /home/diego.rivero/practica_creativa/env/lib/python3.11/site-packages/airflow/example_dags/example_branch_day_of_week_operator.py took 0.141 seconds
[2025-06-09T12:25:22.297+0200] {processor.py:157} INFO - Started process (PID=77921) to work on /home/diego.rivero/practica_creativa/env/lib/python3.11/site-packages/airflow/example_dags/example_branch_day_of_week_operator.py
[2025-06-09T12:25:22.298+0200] {processor.py:829} INFO - Processing file /home/diego.rivero/practica_creativa/env/lib/python3.11/site-packages/airflow/example_dags/example_branch_day_of_week_operator.py for tasks to queue
[2025-06-09T12:25:22.299+0200] {logging_mixin.py:154} INFO - [2025-06-09T12:25:22.299+0200] {dagbag.py:536} INFO - Filling up the DagBag from /home/diego.rivero/practica_creativa/env/lib/python3.11/site-packages/airflow/example_dags/example_branch_day_of_week_operator.py
[2025-06-09T12:25:22.308+0200] {processor.py:839} INFO - DAG(s) dict_keys(['example_weekday_branch_operator']) retrieved from /home/diego.rivero/practica_creativa/env/lib/python3.11/site-packages/airflow/example_dags/example_branch_day_of_week_operator.py
[2025-06-09T12:25:22.337+0200] {logging_mixin.py:154} INFO - [2025-06-09T12:25:22.336+0200] {dag.py:2941} INFO - Sync 1 DAGs
[2025-06-09T12:25:22.368+0200] {logging_mixin.py:154} INFO - [2025-06-09T12:25:22.368+0200] {dag.py:3722} INFO - Setting next_dagrun for example_weekday_branch_operator to 2025-06-08T00:00:00+00:00, run_after=2025-06-09T00:00:00+00:00
[2025-06-09T12:25:22.425+0200] {processor.py:179} INFO - Processing /home/diego.rivero/practica_creativa/env/lib/python3.11/site-packages/airflow/example_dags/example_branch_day_of_week_operator.py took 0.131 seconds
[2025-06-09T12:26:37.218+0200] {processor.py:157} INFO - Started process (PID=78498) to work on /home/diego.rivero/practica_creativa/env/lib/python3.11/site-packages/airflow/example_dags/example_branch_day_of_week_operator.py
[2025-06-09T12:26:37.221+0200] {processor.py:829} INFO - Processing file /home/diego.rivero/practica_creativa/env/lib/python3.11/site-packages/airflow/example_dags/example_branch_day_of_week_operator.py for tasks to queue
[2025-06-09T12:26:37.223+0200] {logging_mixin.py:154} INFO - [2025-06-09T12:26:37.222+0200] {dagbag.py:536} INFO - Filling up the DagBag from /home/diego.rivero/practica_creativa/env/lib/python3.11/site-packages/airflow/example_dags/example_branch_day_of_week_operator.py
[2025-06-09T12:26:37.246+0200] {processor.py:839} INFO - DAG(s) dict_keys(['example_weekday_branch_operator']) retrieved from /home/diego.rivero/practica_creativa/env/lib/python3.11/site-packages/airflow/example_dags/example_branch_day_of_week_operator.py
[2025-06-09T12:26:37.278+0200] {logging_mixin.py:154} INFO - [2025-06-09T12:26:37.278+0200] {dag.py:2941} INFO - Sync 1 DAGs
[2025-06-09T12:26:37.309+0200] {logging_mixin.py:154} INFO - [2025-06-09T12:26:37.309+0200] {dag.py:3722} INFO - Setting next_dagrun for example_weekday_branch_operator to 2025-06-08T00:00:00+00:00, run_after=2025-06-09T00:00:00+00:00
[2025-06-09T12:26:37.366+0200] {processor.py:179} INFO - Processing /home/diego.rivero/practica_creativa/env/lib/python3.11/site-packages/airflow/example_dags/example_branch_day_of_week_operator.py took 0.157 seconds
[2025-06-09T12:27:58.923+0200] {processor.py:157} INFO - Started process (PID=79034) to work on /home/diego.rivero/practica_creativa/env/lib/python3.11/site-packages/airflow/example_dags/example_branch_day_of_week_operator.py
[2025-06-09T12:27:58.924+0200] {processor.py:829} INFO - Processing file /home/diego.rivero/practica_creativa/env/lib/python3.11/site-packages/airflow/example_dags/example_branch_day_of_week_operator.py for tasks to queue
[2025-06-09T12:27:58.925+0200] {logging_mixin.py:154} INFO - [2025-06-09T12:27:58.924+0200] {dagbag.py:536} INFO - Filling up the DagBag from /home/diego.rivero/practica_creativa/env/lib/python3.11/site-packages/airflow/example_dags/example_branch_day_of_week_operator.py
[2025-06-09T12:27:58.933+0200] {processor.py:839} INFO - DAG(s) dict_keys(['example_weekday_branch_operator']) retrieved from /home/diego.rivero/practica_creativa/env/lib/python3.11/site-packages/airflow/example_dags/example_branch_day_of_week_operator.py
[2025-06-09T12:27:58.960+0200] {logging_mixin.py:154} INFO - [2025-06-09T12:27:58.959+0200] {dag.py:2941} INFO - Sync 1 DAGs
[2025-06-09T12:27:58.988+0200] {logging_mixin.py:154} INFO - [2025-06-09T12:27:58.987+0200] {dag.py:3722} INFO - Setting next_dagrun for example_weekday_branch_operator to 2025-06-08T00:00:00+00:00, run_after=2025-06-09T00:00:00+00:00
[2025-06-09T12:27:59.045+0200] {processor.py:179} INFO - Processing /home/diego.rivero/practica_creativa/env/lib/python3.11/site-packages/airflow/example_dags/example_branch_day_of_week_operator.py took 0.125 seconds
