[2025-06-09T12:24:02.632+0200] {processor.py:157} INFO - Started process (PID=77379) to work on /home/diego.rivero/practica_creativa/env/lib/python3.11/site-packages/airflow/example_dags/example_kubernetes_executor.py
[2025-06-09T12:24:02.634+0200] {processor.py:829} INFO - Processing file /home/diego.rivero/practica_creativa/env/lib/python3.11/site-packages/airflow/example_dags/example_kubernetes_executor.py for tasks to queue
[2025-06-09T12:24:02.637+0200] {logging_mixin.py:154} INFO - [2025-06-09T12:24:02.636+0200] {dagbag.py:536} INFO - Filling up the DagBag from /home/diego.rivero/practica_creativa/env/lib/python3.11/site-packages/airflow/example_dags/example_kubernetes_executor.py
[2025-06-09T12:24:02.645+0200] {logging_mixin.py:154} INFO - [2025-06-09T12:24:02.644+0200] {example_kubernetes_executor.py:38} WARNING - The example_kubernetes_executor example DAG requires the kubernetes provider. Please install it with: pip install apache-airflow[cncf.kubernetes]
[2025-06-09T12:24:02.645+0200] {processor.py:841} WARNING - No viable dags retrieved from /home/diego.rivero/practica_creativa/env/lib/python3.11/site-packages/airflow/example_dags/example_kubernetes_executor.py
[2025-06-09T12:24:02.672+0200] {processor.py:179} INFO - Processing /home/diego.rivero/practica_creativa/env/lib/python3.11/site-packages/airflow/example_dags/example_kubernetes_executor.py took 0.050 seconds
[2025-06-09T12:25:10.782+0200] {processor.py:157} INFO - Started process (PID=77825) to work on /home/diego.rivero/practica_creativa/env/lib/python3.11/site-packages/airflow/example_dags/example_kubernetes_executor.py
[2025-06-09T12:25:10.783+0200] {processor.py:829} INFO - Processing file /home/diego.rivero/practica_creativa/env/lib/python3.11/site-packages/airflow/example_dags/example_kubernetes_executor.py for tasks to queue
[2025-06-09T12:25:10.784+0200] {logging_mixin.py:154} INFO - [2025-06-09T12:25:10.783+0200] {dagbag.py:536} INFO - Filling up the DagBag from /home/diego.rivero/practica_creativa/env/lib/python3.11/site-packages/airflow/example_dags/example_kubernetes_executor.py
[2025-06-09T12:25:10.787+0200] {logging_mixin.py:154} INFO - [2025-06-09T12:25:10.787+0200] {example_kubernetes_executor.py:38} WARNING - The example_kubernetes_executor example DAG requires the kubernetes provider. Please install it with: pip install apache-airflow[cncf.kubernetes]
[2025-06-09T12:25:10.787+0200] {processor.py:841} WARNING - No viable dags retrieved from /home/diego.rivero/practica_creativa/env/lib/python3.11/site-packages/airflow/example_dags/example_kubernetes_executor.py
[2025-06-09T12:25:10.810+0200] {processor.py:179} INFO - Processing /home/diego.rivero/practica_creativa/env/lib/python3.11/site-packages/airflow/example_dags/example_kubernetes_executor.py took 0.032 seconds
[2025-06-09T12:26:06.509+0200] {processor.py:157} INFO - Started process (PID=78251) to work on /home/diego.rivero/practica_creativa/env/lib/python3.11/site-packages/airflow/example_dags/example_kubernetes_executor.py
[2025-06-09T12:26:06.510+0200] {processor.py:829} INFO - Processing file /home/diego.rivero/practica_creativa/env/lib/python3.11/site-packages/airflow/example_dags/example_kubernetes_executor.py for tasks to queue
[2025-06-09T12:26:06.512+0200] {logging_mixin.py:154} INFO - [2025-06-09T12:26:06.511+0200] {dagbag.py:536} INFO - Filling up the DagBag from /home/diego.rivero/practica_creativa/env/lib/python3.11/site-packages/airflow/example_dags/example_kubernetes_executor.py
[2025-06-09T12:26:06.517+0200] {logging_mixin.py:154} INFO - [2025-06-09T12:26:06.517+0200] {example_kubernetes_executor.py:38} WARNING - The example_kubernetes_executor example DAG requires the kubernetes provider. Please install it with: pip install apache-airflow[cncf.kubernetes]
[2025-06-09T12:26:06.517+0200] {processor.py:841} WARNING - No viable dags retrieved from /home/diego.rivero/practica_creativa/env/lib/python3.11/site-packages/airflow/example_dags/example_kubernetes_executor.py
[2025-06-09T12:26:06.545+0200] {processor.py:179} INFO - Processing /home/diego.rivero/practica_creativa/env/lib/python3.11/site-packages/airflow/example_dags/example_kubernetes_executor.py took 0.041 seconds
[2025-06-09T12:27:45.019+0200] {processor.py:157} INFO - Started process (PID=78973) to work on /home/diego.rivero/practica_creativa/env/lib/python3.11/site-packages/airflow/example_dags/example_kubernetes_executor.py
[2025-06-09T12:27:45.021+0200] {processor.py:829} INFO - Processing file /home/diego.rivero/practica_creativa/env/lib/python3.11/site-packages/airflow/example_dags/example_kubernetes_executor.py for tasks to queue
[2025-06-09T12:27:45.023+0200] {logging_mixin.py:154} INFO - [2025-06-09T12:27:45.022+0200] {dagbag.py:536} INFO - Filling up the DagBag from /home/diego.rivero/practica_creativa/env/lib/python3.11/site-packages/airflow/example_dags/example_kubernetes_executor.py
[2025-06-09T12:27:45.029+0200] {logging_mixin.py:154} INFO - [2025-06-09T12:27:45.029+0200] {example_kubernetes_executor.py:38} WARNING - The example_kubernetes_executor example DAG requires the kubernetes provider. Please install it with: pip install apache-airflow[cncf.kubernetes]
[2025-06-09T12:27:45.029+0200] {processor.py:841} WARNING - No viable dags retrieved from /home/diego.rivero/practica_creativa/env/lib/python3.11/site-packages/airflow/example_dags/example_kubernetes_executor.py
[2025-06-09T12:27:45.057+0200] {processor.py:179} INFO - Processing /home/diego.rivero/practica_creativa/env/lib/python3.11/site-packages/airflow/example_dags/example_kubernetes_executor.py took 0.047 seconds
[2025-06-09T12:41:57.892+0200] {processor.py:157} INFO - Started process (PID=90630) to work on /home/diego.rivero/practica_creativa/env/lib/python3.11/site-packages/airflow/example_dags/example_kubernetes_executor.py
[2025-06-09T12:41:57.893+0200] {processor.py:829} INFO - Processing file /home/diego.rivero/practica_creativa/env/lib/python3.11/site-packages/airflow/example_dags/example_kubernetes_executor.py for tasks to queue
[2025-06-09T12:41:57.895+0200] {logging_mixin.py:154} INFO - [2025-06-09T12:41:57.894+0200] {dagbag.py:536} INFO - Filling up the DagBag from /home/diego.rivero/practica_creativa/env/lib/python3.11/site-packages/airflow/example_dags/example_kubernetes_executor.py
[2025-06-09T12:41:57.899+0200] {logging_mixin.py:154} INFO - [2025-06-09T12:41:57.899+0200] {example_kubernetes_executor.py:38} WARNING - The example_kubernetes_executor example DAG requires the kubernetes provider. Please install it with: pip install apache-airflow[cncf.kubernetes]
[2025-06-09T12:41:57.899+0200] {processor.py:841} WARNING - No viable dags retrieved from /home/diego.rivero/practica_creativa/env/lib/python3.11/site-packages/airflow/example_dags/example_kubernetes_executor.py
[2025-06-09T12:41:57.923+0200] {processor.py:179} INFO - Processing /home/diego.rivero/practica_creativa/env/lib/python3.11/site-packages/airflow/example_dags/example_kubernetes_executor.py took 0.034 seconds
