[2025-06-09T12:23:44.815+0200] {processor.py:157} INFO - Started process (PID=77289) to work on /home/diego.rivero/practica_creativa/env/lib/python3.11/site-packages/airflow/example_dags/example_skip_dag.py
[2025-06-09T12:23:44.816+0200] {processor.py:829} INFO - Processing file /home/diego.rivero/practica_creativa/env/lib/python3.11/site-packages/airflow/example_dags/example_skip_dag.py for tasks to queue
[2025-06-09T12:23:44.817+0200] {logging_mixin.py:154} INFO - [2025-06-09T12:23:44.817+0200] {dagbag.py:536} INFO - Filling up the DagBag from /home/diego.rivero/practica_creativa/env/lib/python3.11/site-packages/airflow/example_dags/example_skip_dag.py
[2025-06-09T12:23:44.825+0200] {processor.py:839} INFO - DAG(s) dict_keys(['example_skip_dag']) retrieved from /home/diego.rivero/practica_creativa/env/lib/python3.11/site-packages/airflow/example_dags/example_skip_dag.py
[2025-06-09T12:23:44.857+0200] {logging_mixin.py:154} INFO - [2025-06-09T12:23:44.856+0200] {dag.py:2941} INFO - Sync 1 DAGs
[2025-06-09T12:23:44.886+0200] {logging_mixin.py:154} INFO - [2025-06-09T12:23:44.886+0200] {dag.py:3722} INFO - Setting next_dagrun for example_skip_dag to 2025-06-08T10:23:44.886156+00:00, run_after=2025-06-09T10:23:44.886156+00:00
[2025-06-09T12:23:44.949+0200] {processor.py:179} INFO - Processing /home/diego.rivero/practica_creativa/env/lib/python3.11/site-packages/airflow/example_dags/example_skip_dag.py took 0.136 seconds
[2025-06-09T12:24:52.584+0200] {processor.py:157} INFO - Started process (PID=77735) to work on /home/diego.rivero/practica_creativa/env/lib/python3.11/site-packages/airflow/example_dags/example_skip_dag.py
[2025-06-09T12:24:52.584+0200] {processor.py:829} INFO - Processing file /home/diego.rivero/practica_creativa/env/lib/python3.11/site-packages/airflow/example_dags/example_skip_dag.py for tasks to queue
[2025-06-09T12:24:52.585+0200] {logging_mixin.py:154} INFO - [2025-06-09T12:24:52.585+0200] {dagbag.py:536} INFO - Filling up the DagBag from /home/diego.rivero/practica_creativa/env/lib/python3.11/site-packages/airflow/example_dags/example_skip_dag.py
[2025-06-09T12:24:52.593+0200] {processor.py:839} INFO - DAG(s) dict_keys(['example_skip_dag']) retrieved from /home/diego.rivero/practica_creativa/env/lib/python3.11/site-packages/airflow/example_dags/example_skip_dag.py
[2025-06-09T12:24:52.611+0200] {logging_mixin.py:154} INFO - [2025-06-09T12:24:52.611+0200] {dag.py:2941} INFO - Sync 1 DAGs
[2025-06-09T12:24:52.642+0200] {logging_mixin.py:154} INFO - [2025-06-09T12:24:52.642+0200] {dag.py:3722} INFO - Setting next_dagrun for example_skip_dag to 2025-06-08T10:24:52.642139+00:00, run_after=2025-06-09T10:24:52.642139+00:00
[2025-06-09T12:24:52.702+0200] {processor.py:179} INFO - Processing /home/diego.rivero/practica_creativa/env/lib/python3.11/site-packages/airflow/example_dags/example_skip_dag.py took 0.121 seconds
[2025-06-09T12:25:47.235+0200] {processor.py:157} INFO - Started process (PID=78127) to work on /home/diego.rivero/practica_creativa/env/lib/python3.11/site-packages/airflow/example_dags/example_skip_dag.py
[2025-06-09T12:25:47.237+0200] {processor.py:829} INFO - Processing file /home/diego.rivero/practica_creativa/env/lib/python3.11/site-packages/airflow/example_dags/example_skip_dag.py for tasks to queue
[2025-06-09T12:25:47.238+0200] {logging_mixin.py:154} INFO - [2025-06-09T12:25:47.237+0200] {dagbag.py:536} INFO - Filling up the DagBag from /home/diego.rivero/practica_creativa/env/lib/python3.11/site-packages/airflow/example_dags/example_skip_dag.py
[2025-06-09T12:25:47.255+0200] {processor.py:839} INFO - DAG(s) dict_keys(['example_skip_dag']) retrieved from /home/diego.rivero/practica_creativa/env/lib/python3.11/site-packages/airflow/example_dags/example_skip_dag.py
[2025-06-09T12:25:47.286+0200] {logging_mixin.py:154} INFO - [2025-06-09T12:25:47.286+0200] {dag.py:2941} INFO - Sync 1 DAGs
[2025-06-09T12:25:47.315+0200] {logging_mixin.py:154} INFO - [2025-06-09T12:25:47.315+0200] {dag.py:3722} INFO - Setting next_dagrun for example_skip_dag to 2025-06-08T10:25:47.315407+00:00, run_after=2025-06-09T10:25:47.315407+00:00
[2025-06-09T12:25:47.373+0200] {processor.py:179} INFO - Processing /home/diego.rivero/practica_creativa/env/lib/python3.11/site-packages/airflow/example_dags/example_skip_dag.py took 0.144 seconds
[2025-06-09T12:27:26.307+0200] {processor.py:157} INFO - Started process (PID=78835) to work on /home/diego.rivero/practica_creativa/env/lib/python3.11/site-packages/airflow/example_dags/example_skip_dag.py
[2025-06-09T12:27:26.309+0200] {processor.py:829} INFO - Processing file /home/diego.rivero/practica_creativa/env/lib/python3.11/site-packages/airflow/example_dags/example_skip_dag.py for tasks to queue
[2025-06-09T12:27:26.310+0200] {logging_mixin.py:154} INFO - [2025-06-09T12:27:26.309+0200] {dagbag.py:536} INFO - Filling up the DagBag from /home/diego.rivero/practica_creativa/env/lib/python3.11/site-packages/airflow/example_dags/example_skip_dag.py
[2025-06-09T12:27:26.321+0200] {processor.py:839} INFO - DAG(s) dict_keys(['example_skip_dag']) retrieved from /home/diego.rivero/practica_creativa/env/lib/python3.11/site-packages/airflow/example_dags/example_skip_dag.py
[2025-06-09T12:27:26.354+0200] {logging_mixin.py:154} INFO - [2025-06-09T12:27:26.354+0200] {dag.py:2941} INFO - Sync 1 DAGs
[2025-06-09T12:27:26.386+0200] {logging_mixin.py:154} INFO - [2025-06-09T12:27:26.386+0200] {dag.py:3722} INFO - Setting next_dagrun for example_skip_dag to 2025-06-08T10:27:26.385785+00:00, run_after=2025-06-09T10:27:26.385785+00:00
[2025-06-09T12:27:26.450+0200] {processor.py:179} INFO - Processing /home/diego.rivero/practica_creativa/env/lib/python3.11/site-packages/airflow/example_dags/example_skip_dag.py took 0.149 seconds
[2025-06-09T12:41:39.990+0200] {processor.py:157} INFO - Started process (PID=90522) to work on /home/diego.rivero/practica_creativa/env/lib/python3.11/site-packages/airflow/example_dags/example_skip_dag.py
[2025-06-09T12:41:39.991+0200] {processor.py:829} INFO - Processing file /home/diego.rivero/practica_creativa/env/lib/python3.11/site-packages/airflow/example_dags/example_skip_dag.py for tasks to queue
[2025-06-09T12:41:39.992+0200] {logging_mixin.py:154} INFO - [2025-06-09T12:41:39.992+0200] {dagbag.py:536} INFO - Filling up the DagBag from /home/diego.rivero/practica_creativa/env/lib/python3.11/site-packages/airflow/example_dags/example_skip_dag.py
[2025-06-09T12:41:40.001+0200] {processor.py:839} INFO - DAG(s) dict_keys(['example_skip_dag']) retrieved from /home/diego.rivero/practica_creativa/env/lib/python3.11/site-packages/airflow/example_dags/example_skip_dag.py
[2025-06-09T12:41:40.032+0200] {logging_mixin.py:154} INFO - [2025-06-09T12:41:40.031+0200] {dag.py:2941} INFO - Sync 1 DAGs
[2025-06-09T12:41:40.060+0200] {logging_mixin.py:154} INFO - [2025-06-09T12:41:40.060+0200] {dag.py:3722} INFO - Setting next_dagrun for example_skip_dag to 2025-06-08T10:41:40.059938+00:00, run_after=2025-06-09T10:41:40.059938+00:00
[2025-06-09T12:41:40.117+0200] {processor.py:179} INFO - Processing /home/diego.rivero/practica_creativa/env/lib/python3.11/site-packages/airflow/example_dags/example_skip_dag.py took 0.130 seconds
