[2025-06-09T12:23:46.111+0200] {processor.py:157} INFO - Started process (PID=77297) to work on /home/diego.rivero/practica_creativa/env/lib/python3.11/site-packages/airflow/example_dags/example_setup_teardown.py
[2025-06-09T12:23:46.112+0200] {processor.py:829} INFO - Processing file /home/diego.rivero/practica_creativa/env/lib/python3.11/site-packages/airflow/example_dags/example_setup_teardown.py for tasks to queue
[2025-06-09T12:23:46.113+0200] {logging_mixin.py:154} INFO - [2025-06-09T12:23:46.113+0200] {dagbag.py:536} INFO - Filling up the DagBag from /home/diego.rivero/practica_creativa/env/lib/python3.11/site-packages/airflow/example_dags/example_setup_teardown.py
[2025-06-09T12:23:46.123+0200] {processor.py:839} INFO - DAG(s) dict_keys(['example_setup_teardown']) retrieved from /home/diego.rivero/practica_creativa/env/lib/python3.11/site-packages/airflow/example_dags/example_setup_teardown.py
[2025-06-09T12:23:46.154+0200] {logging_mixin.py:154} INFO - [2025-06-09T12:23:46.153+0200] {dag.py:2941} INFO - Sync 1 DAGs
[2025-06-09T12:23:46.187+0200] {logging_mixin.py:154} INFO - [2025-06-09T12:23:46.187+0200] {dag.py:3722} INFO - Setting next_dagrun for example_setup_teardown to 2025-06-08T10:23:46.187032+00:00, run_after=2025-06-09T10:23:46.187032+00:00
[2025-06-09T12:23:46.245+0200] {processor.py:179} INFO - Processing /home/diego.rivero/practica_creativa/env/lib/python3.11/site-packages/airflow/example_dags/example_setup_teardown.py took 0.138 seconds
[2025-06-09T12:24:53.888+0200] {processor.py:157} INFO - Started process (PID=77739) to work on /home/diego.rivero/practica_creativa/env/lib/python3.11/site-packages/airflow/example_dags/example_setup_teardown.py
[2025-06-09T12:24:53.888+0200] {processor.py:829} INFO - Processing file /home/diego.rivero/practica_creativa/env/lib/python3.11/site-packages/airflow/example_dags/example_setup_teardown.py for tasks to queue
[2025-06-09T12:24:53.889+0200] {logging_mixin.py:154} INFO - [2025-06-09T12:24:53.889+0200] {dagbag.py:536} INFO - Filling up the DagBag from /home/diego.rivero/practica_creativa/env/lib/python3.11/site-packages/airflow/example_dags/example_setup_teardown.py
[2025-06-09T12:24:53.898+0200] {processor.py:839} INFO - DAG(s) dict_keys(['example_setup_teardown']) retrieved from /home/diego.rivero/practica_creativa/env/lib/python3.11/site-packages/airflow/example_dags/example_setup_teardown.py
[2025-06-09T12:24:53.915+0200] {logging_mixin.py:154} INFO - [2025-06-09T12:24:53.914+0200] {dag.py:2941} INFO - Sync 1 DAGs
[2025-06-09T12:24:53.946+0200] {logging_mixin.py:154} INFO - [2025-06-09T12:24:53.946+0200] {dag.py:3722} INFO - Setting next_dagrun for example_setup_teardown to 2025-06-08T10:24:53.945798+00:00, run_after=2025-06-09T10:24:53.945798+00:00
[2025-06-09T12:24:54.005+0200] {processor.py:179} INFO - Processing /home/diego.rivero/practica_creativa/env/lib/python3.11/site-packages/airflow/example_dags/example_setup_teardown.py took 0.121 seconds
[2025-06-09T12:25:48.577+0200] {processor.py:157} INFO - Started process (PID=78132) to work on /home/diego.rivero/practica_creativa/env/lib/python3.11/site-packages/airflow/example_dags/example_setup_teardown.py
[2025-06-09T12:25:48.578+0200] {processor.py:829} INFO - Processing file /home/diego.rivero/practica_creativa/env/lib/python3.11/site-packages/airflow/example_dags/example_setup_teardown.py for tasks to queue
[2025-06-09T12:25:48.578+0200] {logging_mixin.py:154} INFO - [2025-06-09T12:25:48.578+0200] {dagbag.py:536} INFO - Filling up the DagBag from /home/diego.rivero/practica_creativa/env/lib/python3.11/site-packages/airflow/example_dags/example_setup_teardown.py
[2025-06-09T12:25:48.587+0200] {processor.py:839} INFO - DAG(s) dict_keys(['example_setup_teardown']) retrieved from /home/diego.rivero/practica_creativa/env/lib/python3.11/site-packages/airflow/example_dags/example_setup_teardown.py
[2025-06-09T12:25:48.614+0200] {logging_mixin.py:154} INFO - [2025-06-09T12:25:48.614+0200] {dag.py:2941} INFO - Sync 1 DAGs
[2025-06-09T12:25:48.644+0200] {logging_mixin.py:154} INFO - [2025-06-09T12:25:48.644+0200] {dag.py:3722} INFO - Setting next_dagrun for example_setup_teardown to 2025-06-08T10:25:48.643988+00:00, run_after=2025-06-09T10:25:48.643988+00:00
[2025-06-09T12:25:48.705+0200] {processor.py:179} INFO - Processing /home/diego.rivero/practica_creativa/env/lib/python3.11/site-packages/airflow/example_dags/example_setup_teardown.py took 0.131 seconds
[2025-06-09T12:27:27.655+0200] {processor.py:157} INFO - Started process (PID=78851) to work on /home/diego.rivero/practica_creativa/env/lib/python3.11/site-packages/airflow/example_dags/example_setup_teardown.py
[2025-06-09T12:27:27.658+0200] {processor.py:829} INFO - Processing file /home/diego.rivero/practica_creativa/env/lib/python3.11/site-packages/airflow/example_dags/example_setup_teardown.py for tasks to queue
[2025-06-09T12:27:27.660+0200] {logging_mixin.py:154} INFO - [2025-06-09T12:27:27.659+0200] {dagbag.py:536} INFO - Filling up the DagBag from /home/diego.rivero/practica_creativa/env/lib/python3.11/site-packages/airflow/example_dags/example_setup_teardown.py
[2025-06-09T12:27:27.685+0200] {processor.py:839} INFO - DAG(s) dict_keys(['example_setup_teardown']) retrieved from /home/diego.rivero/practica_creativa/env/lib/python3.11/site-packages/airflow/example_dags/example_setup_teardown.py
[2025-06-09T12:27:27.737+0200] {logging_mixin.py:154} INFO - [2025-06-09T12:27:27.737+0200] {dag.py:2941} INFO - Sync 1 DAGs
[2025-06-09T12:27:27.781+0200] {logging_mixin.py:154} INFO - [2025-06-09T12:27:27.780+0200] {dag.py:3722} INFO - Setting next_dagrun for example_setup_teardown to 2025-06-08T10:27:27.780624+00:00, run_after=2025-06-09T10:27:27.780624+00:00
[2025-06-09T12:27:27.848+0200] {processor.py:179} INFO - Processing /home/diego.rivero/practica_creativa/env/lib/python3.11/site-packages/airflow/example_dags/example_setup_teardown.py took 0.203 seconds
[2025-06-09T12:41:40.730+0200] {processor.py:157} INFO - Started process (PID=90524) to work on /home/diego.rivero/practica_creativa/env/lib/python3.11/site-packages/airflow/example_dags/example_setup_teardown.py
[2025-06-09T12:41:40.731+0200] {processor.py:829} INFO - Processing file /home/diego.rivero/practica_creativa/env/lib/python3.11/site-packages/airflow/example_dags/example_setup_teardown.py for tasks to queue
[2025-06-09T12:41:40.731+0200] {logging_mixin.py:154} INFO - [2025-06-09T12:41:40.731+0200] {dagbag.py:536} INFO - Filling up the DagBag from /home/diego.rivero/practica_creativa/env/lib/python3.11/site-packages/airflow/example_dags/example_setup_teardown.py
[2025-06-09T12:41:40.740+0200] {processor.py:839} INFO - DAG(s) dict_keys(['example_setup_teardown']) retrieved from /home/diego.rivero/practica_creativa/env/lib/python3.11/site-packages/airflow/example_dags/example_setup_teardown.py
[2025-06-09T12:41:40.770+0200] {logging_mixin.py:154} INFO - [2025-06-09T12:41:40.769+0200] {dag.py:2941} INFO - Sync 1 DAGs
[2025-06-09T12:41:40.797+0200] {logging_mixin.py:154} INFO - [2025-06-09T12:41:40.797+0200] {dag.py:3722} INFO - Setting next_dagrun for example_setup_teardown to 2025-06-08T10:41:40.796960+00:00, run_after=2025-06-09T10:41:40.796960+00:00
[2025-06-09T12:41:40.857+0200] {processor.py:179} INFO - Processing /home/diego.rivero/practica_creativa/env/lib/python3.11/site-packages/airflow/example_dags/example_setup_teardown.py took 0.130 seconds
