[2025-06-09T12:24:12.930+0200] {processor.py:157} INFO - Started process (PID=77474) to work on /home/diego.rivero/practica_creativa/env/lib/python3.11/site-packages/airflow/example_dags/example_branch_operator.py
[2025-06-09T12:24:12.932+0200] {processor.py:829} INFO - Processing file /home/diego.rivero/practica_creativa/env/lib/python3.11/site-packages/airflow/example_dags/example_branch_operator.py for tasks to queue
[2025-06-09T12:24:12.934+0200] {logging_mixin.py:154} INFO - [2025-06-09T12:24:12.933+0200] {dagbag.py:536} INFO - Filling up the DagBag from /home/diego.rivero/practica_creativa/env/lib/python3.11/site-packages/airflow/example_dags/example_branch_operator.py
[2025-06-09T12:24:12.954+0200] {processor.py:839} INFO - DAG(s) dict_keys(['example_branch_operator']) retrieved from /home/diego.rivero/practica_creativa/env/lib/python3.11/site-packages/airflow/example_dags/example_branch_operator.py
[2025-06-09T12:24:12.985+0200] {logging_mixin.py:154} INFO - [2025-06-09T12:24:12.985+0200] {dag.py:2941} INFO - Sync 1 DAGs
[2025-06-09T12:24:13.016+0200] {logging_mixin.py:154} INFO - [2025-06-09T12:24:13.016+0200] {dag.py:3722} INFO - Setting next_dagrun for example_branch_operator to 2025-06-08T00:00:00+00:00, run_after=2025-06-09T00:00:00+00:00
[2025-06-09T12:24:13.069+0200] {processor.py:179} INFO - Processing /home/diego.rivero/practica_creativa/env/lib/python3.11/site-packages/airflow/example_dags/example_branch_operator.py took 0.148 seconds
[2025-06-09T12:25:20.171+0200] {processor.py:157} INFO - Started process (PID=77915) to work on /home/diego.rivero/practica_creativa/env/lib/python3.11/site-packages/airflow/example_dags/example_branch_operator.py
[2025-06-09T12:25:20.172+0200] {processor.py:829} INFO - Processing file /home/diego.rivero/practica_creativa/env/lib/python3.11/site-packages/airflow/example_dags/example_branch_operator.py for tasks to queue
[2025-06-09T12:25:20.172+0200] {logging_mixin.py:154} INFO - [2025-06-09T12:25:20.172+0200] {dagbag.py:536} INFO - Filling up the DagBag from /home/diego.rivero/practica_creativa/env/lib/python3.11/site-packages/airflow/example_dags/example_branch_operator.py
[2025-06-09T12:25:20.183+0200] {processor.py:839} INFO - DAG(s) dict_keys(['example_branch_operator']) retrieved from /home/diego.rivero/practica_creativa/env/lib/python3.11/site-packages/airflow/example_dags/example_branch_operator.py
[2025-06-09T12:25:20.213+0200] {logging_mixin.py:154} INFO - [2025-06-09T12:25:20.213+0200] {dag.py:2941} INFO - Sync 1 DAGs
[2025-06-09T12:25:20.246+0200] {logging_mixin.py:154} INFO - [2025-06-09T12:25:20.246+0200] {dag.py:3722} INFO - Setting next_dagrun for example_branch_operator to 2025-06-08T00:00:00+00:00, run_after=2025-06-09T00:00:00+00:00
[2025-06-09T12:25:20.305+0200] {processor.py:179} INFO - Processing /home/diego.rivero/practica_creativa/env/lib/python3.11/site-packages/airflow/example_dags/example_branch_operator.py took 0.137 seconds
[2025-06-09T12:26:15.858+0200] {processor.py:157} INFO - Started process (PID=78351) to work on /home/diego.rivero/practica_creativa/env/lib/python3.11/site-packages/airflow/example_dags/example_branch_operator.py
[2025-06-09T12:26:15.859+0200] {processor.py:829} INFO - Processing file /home/diego.rivero/practica_creativa/env/lib/python3.11/site-packages/airflow/example_dags/example_branch_operator.py for tasks to queue
[2025-06-09T12:26:15.860+0200] {logging_mixin.py:154} INFO - [2025-06-09T12:26:15.859+0200] {dagbag.py:536} INFO - Filling up the DagBag from /home/diego.rivero/practica_creativa/env/lib/python3.11/site-packages/airflow/example_dags/example_branch_operator.py
[2025-06-09T12:26:15.870+0200] {processor.py:839} INFO - DAG(s) dict_keys(['example_branch_operator']) retrieved from /home/diego.rivero/practica_creativa/env/lib/python3.11/site-packages/airflow/example_dags/example_branch_operator.py
[2025-06-09T12:26:15.903+0200] {logging_mixin.py:154} INFO - [2025-06-09T12:26:15.902+0200] {dag.py:2941} INFO - Sync 1 DAGs
[2025-06-09T12:26:15.933+0200] {logging_mixin.py:154} INFO - [2025-06-09T12:26:15.932+0200] {dag.py:3722} INFO - Setting next_dagrun for example_branch_operator to 2025-06-08T00:00:00+00:00, run_after=2025-06-09T00:00:00+00:00
[2025-06-09T12:26:15.996+0200] {processor.py:179} INFO - Processing /home/diego.rivero/practica_creativa/env/lib/python3.11/site-packages/airflow/example_dags/example_branch_operator.py took 0.141 seconds
[2025-06-09T12:27:55.729+0200] {processor.py:157} INFO - Started process (PID=79023) to work on /home/diego.rivero/practica_creativa/env/lib/python3.11/site-packages/airflow/example_dags/example_branch_operator.py
[2025-06-09T12:27:55.731+0200] {processor.py:829} INFO - Processing file /home/diego.rivero/practica_creativa/env/lib/python3.11/site-packages/airflow/example_dags/example_branch_operator.py for tasks to queue
[2025-06-09T12:27:55.734+0200] {logging_mixin.py:154} INFO - [2025-06-09T12:27:55.733+0200] {dagbag.py:536} INFO - Filling up the DagBag from /home/diego.rivero/practica_creativa/env/lib/python3.11/site-packages/airflow/example_dags/example_branch_operator.py
[2025-06-09T12:27:55.767+0200] {processor.py:839} INFO - DAG(s) dict_keys(['example_branch_operator']) retrieved from /home/diego.rivero/practica_creativa/env/lib/python3.11/site-packages/airflow/example_dags/example_branch_operator.py
[2025-06-09T12:27:55.847+0200] {logging_mixin.py:154} INFO - [2025-06-09T12:27:55.847+0200] {dag.py:2941} INFO - Sync 1 DAGs
[2025-06-09T12:27:55.934+0200] {logging_mixin.py:154} INFO - [2025-06-09T12:27:55.933+0200] {dag.py:3722} INFO - Setting next_dagrun for example_branch_operator to 2025-06-08T00:00:00+00:00, run_after=2025-06-09T00:00:00+00:00
[2025-06-09T12:27:56.062+0200] {processor.py:179} INFO - Processing /home/diego.rivero/practica_creativa/env/lib/python3.11/site-packages/airflow/example_dags/example_branch_operator.py took 0.344 seconds
[2025-06-09T12:42:08.845+0200] {processor.py:157} INFO - Started process (PID=90737) to work on /home/diego.rivero/practica_creativa/env/lib/python3.11/site-packages/airflow/example_dags/example_branch_operator.py
[2025-06-09T12:42:08.847+0200] {processor.py:829} INFO - Processing file /home/diego.rivero/practica_creativa/env/lib/python3.11/site-packages/airflow/example_dags/example_branch_operator.py for tasks to queue
[2025-06-09T12:42:08.850+0200] {logging_mixin.py:154} INFO - [2025-06-09T12:42:08.849+0200] {dagbag.py:536} INFO - Filling up the DagBag from /home/diego.rivero/practica_creativa/env/lib/python3.11/site-packages/airflow/example_dags/example_branch_operator.py
[2025-06-09T12:42:08.876+0200] {processor.py:839} INFO - DAG(s) dict_keys(['example_branch_operator']) retrieved from /home/diego.rivero/practica_creativa/env/lib/python3.11/site-packages/airflow/example_dags/example_branch_operator.py
[2025-06-09T12:42:08.910+0200] {logging_mixin.py:154} INFO - [2025-06-09T12:42:08.910+0200] {dag.py:2941} INFO - Sync 1 DAGs
[2025-06-09T12:42:08.940+0200] {logging_mixin.py:154} INFO - [2025-06-09T12:42:08.940+0200] {dag.py:3722} INFO - Setting next_dagrun for example_branch_operator to 2025-06-08T00:00:00+00:00, run_after=2025-06-09T00:00:00+00:00
[2025-06-09T12:42:09.000+0200] {processor.py:179} INFO - Processing /home/diego.rivero/practica_creativa/env/lib/python3.11/site-packages/airflow/example_dags/example_branch_operator.py took 0.164 seconds
