[2025-06-09T12:23:39.610+0200] {processor.py:157} INFO - Started process (PID=77221) to work on /home/diego.rivero/practica_creativa/env/lib/python3.11/site-packages/airflow/example_dags/example_task_group_decorator.py
[2025-06-09T12:23:39.612+0200] {processor.py:829} INFO - Processing file /home/diego.rivero/practica_creativa/env/lib/python3.11/site-packages/airflow/example_dags/example_task_group_decorator.py for tasks to queue
[2025-06-09T12:23:39.613+0200] {logging_mixin.py:154} INFO - [2025-06-09T12:23:39.613+0200] {dagbag.py:536} INFO - Filling up the DagBag from /home/diego.rivero/practica_creativa/env/lib/python3.11/site-packages/airflow/example_dags/example_task_group_decorator.py
[2025-06-09T12:23:39.637+0200] {processor.py:839} INFO - DAG(s) dict_keys(['example_task_group_decorator']) retrieved from /home/diego.rivero/practica_creativa/env/lib/python3.11/site-packages/airflow/example_dags/example_task_group_decorator.py
[2025-06-09T12:23:39.668+0200] {logging_mixin.py:154} INFO - [2025-06-09T12:23:39.668+0200] {dag.py:2941} INFO - Sync 1 DAGs
[2025-06-09T12:23:39.695+0200] {logging_mixin.py:154} INFO - [2025-06-09T12:23:39.695+0200] {dag.py:3722} INFO - Setting next_dagrun for example_task_group_decorator to 2025-06-08T10:23:39.694876+00:00, run_after=2025-06-09T10:23:39.694876+00:00
[2025-06-09T12:23:39.750+0200] {processor.py:179} INFO - Processing /home/diego.rivero/practica_creativa/env/lib/python3.11/site-packages/airflow/example_dags/example_task_group_decorator.py took 0.147 seconds
[2025-06-09T12:24:47.216+0200] {processor.py:157} INFO - Started process (PID=77706) to work on /home/diego.rivero/practica_creativa/env/lib/python3.11/site-packages/airflow/example_dags/example_task_group_decorator.py
[2025-06-09T12:24:47.219+0200] {processor.py:829} INFO - Processing file /home/diego.rivero/practica_creativa/env/lib/python3.11/site-packages/airflow/example_dags/example_task_group_decorator.py for tasks to queue
[2025-06-09T12:24:47.221+0200] {logging_mixin.py:154} INFO - [2025-06-09T12:24:47.220+0200] {dagbag.py:536} INFO - Filling up the DagBag from /home/diego.rivero/practica_creativa/env/lib/python3.11/site-packages/airflow/example_dags/example_task_group_decorator.py
[2025-06-09T12:24:47.282+0200] {processor.py:839} INFO - DAG(s) dict_keys(['example_task_group_decorator']) retrieved from /home/diego.rivero/practica_creativa/env/lib/python3.11/site-packages/airflow/example_dags/example_task_group_decorator.py
[2025-06-09T12:24:47.306+0200] {logging_mixin.py:154} INFO - [2025-06-09T12:24:47.305+0200] {dag.py:2941} INFO - Sync 1 DAGs
[2025-06-09T12:24:47.348+0200] {logging_mixin.py:154} INFO - [2025-06-09T12:24:47.348+0200] {dag.py:3722} INFO - Setting next_dagrun for example_task_group_decorator to 2025-06-08T10:24:47.347780+00:00, run_after=2025-06-09T10:24:47.347780+00:00
[2025-06-09T12:24:47.427+0200] {processor.py:179} INFO - Processing /home/diego.rivero/practica_creativa/env/lib/python3.11/site-packages/airflow/example_dags/example_task_group_decorator.py took 0.221 seconds
[2025-06-09T12:25:41.624+0200] {processor.py:157} INFO - Started process (PID=78052) to work on /home/diego.rivero/practica_creativa/env/lib/python3.11/site-packages/airflow/example_dags/example_task_group_decorator.py
[2025-06-09T12:25:41.625+0200] {processor.py:829} INFO - Processing file /home/diego.rivero/practica_creativa/env/lib/python3.11/site-packages/airflow/example_dags/example_task_group_decorator.py for tasks to queue
[2025-06-09T12:25:41.626+0200] {logging_mixin.py:154} INFO - [2025-06-09T12:25:41.626+0200] {dagbag.py:536} INFO - Filling up the DagBag from /home/diego.rivero/practica_creativa/env/lib/python3.11/site-packages/airflow/example_dags/example_task_group_decorator.py
[2025-06-09T12:25:41.643+0200] {processor.py:839} INFO - DAG(s) dict_keys(['example_task_group_decorator']) retrieved from /home/diego.rivero/practica_creativa/env/lib/python3.11/site-packages/airflow/example_dags/example_task_group_decorator.py
[2025-06-09T12:25:41.673+0200] {logging_mixin.py:154} INFO - [2025-06-09T12:25:41.673+0200] {dag.py:2941} INFO - Sync 1 DAGs
[2025-06-09T12:25:41.702+0200] {logging_mixin.py:154} INFO - [2025-06-09T12:25:41.702+0200] {dag.py:3722} INFO - Setting next_dagrun for example_task_group_decorator to 2025-06-08T10:25:41.702034+00:00, run_after=2025-06-09T10:25:41.702034+00:00
[2025-06-09T12:25:41.760+0200] {processor.py:179} INFO - Processing /home/diego.rivero/practica_creativa/env/lib/python3.11/site-packages/airflow/example_dags/example_task_group_decorator.py took 0.139 seconds
[2025-06-09T12:26:31.759+0200] {processor.py:157} INFO - Started process (PID=78472) to work on /home/diego.rivero/practica_creativa/env/lib/python3.11/site-packages/airflow/example_dags/example_task_group_decorator.py
[2025-06-09T12:26:31.760+0200] {processor.py:829} INFO - Processing file /home/diego.rivero/practica_creativa/env/lib/python3.11/site-packages/airflow/example_dags/example_task_group_decorator.py for tasks to queue
[2025-06-09T12:26:31.761+0200] {logging_mixin.py:154} INFO - [2025-06-09T12:26:31.761+0200] {dagbag.py:536} INFO - Filling up the DagBag from /home/diego.rivero/practica_creativa/env/lib/python3.11/site-packages/airflow/example_dags/example_task_group_decorator.py
[2025-06-09T12:26:31.784+0200] {processor.py:839} INFO - DAG(s) dict_keys(['example_task_group_decorator']) retrieved from /home/diego.rivero/practica_creativa/env/lib/python3.11/site-packages/airflow/example_dags/example_task_group_decorator.py
[2025-06-09T12:26:31.815+0200] {logging_mixin.py:154} INFO - [2025-06-09T12:26:31.815+0200] {dag.py:2941} INFO - Sync 1 DAGs
[2025-06-09T12:26:31.843+0200] {logging_mixin.py:154} INFO - [2025-06-09T12:26:31.843+0200] {dag.py:3722} INFO - Setting next_dagrun for example_task_group_decorator to 2025-06-08T10:26:31.842795+00:00, run_after=2025-06-09T10:26:31.842795+00:00
[2025-06-09T12:26:31.917+0200] {processor.py:179} INFO - Processing /home/diego.rivero/practica_creativa/env/lib/python3.11/site-packages/airflow/example_dags/example_task_group_decorator.py took 0.164 seconds
[2025-06-09T12:27:20.953+0200] {processor.py:157} INFO - Started process (PID=78787) to work on /home/diego.rivero/practica_creativa/env/lib/python3.11/site-packages/airflow/example_dags/example_task_group_decorator.py
[2025-06-09T12:27:20.955+0200] {processor.py:829} INFO - Processing file /home/diego.rivero/practica_creativa/env/lib/python3.11/site-packages/airflow/example_dags/example_task_group_decorator.py for tasks to queue
[2025-06-09T12:27:20.958+0200] {logging_mixin.py:154} INFO - [2025-06-09T12:27:20.957+0200] {dagbag.py:536} INFO - Filling up the DagBag from /home/diego.rivero/practica_creativa/env/lib/python3.11/site-packages/airflow/example_dags/example_task_group_decorator.py
[2025-06-09T12:27:20.999+0200] {processor.py:839} INFO - DAG(s) dict_keys(['example_task_group_decorator']) retrieved from /home/diego.rivero/practica_creativa/env/lib/python3.11/site-packages/airflow/example_dags/example_task_group_decorator.py
[2025-06-09T12:27:21.016+0200] {logging_mixin.py:154} INFO - [2025-06-09T12:27:21.016+0200] {dag.py:2941} INFO - Sync 1 DAGs
[2025-06-09T12:27:21.046+0200] {logging_mixin.py:154} INFO - [2025-06-09T12:27:21.046+0200] {dag.py:3722} INFO - Setting next_dagrun for example_task_group_decorator to 2025-06-08T10:27:21.045863+00:00, run_after=2025-06-09T10:27:21.045863+00:00
[2025-06-09T12:27:21.120+0200] {processor.py:179} INFO - Processing /home/diego.rivero/practica_creativa/env/lib/python3.11/site-packages/airflow/example_dags/example_task_group_decorator.py took 0.178 seconds
[2025-06-09T12:41:35.392+0200] {processor.py:157} INFO - Started process (PID=90497) to work on /home/diego.rivero/practica_creativa/env/lib/python3.11/site-packages/airflow/example_dags/example_task_group_decorator.py
[2025-06-09T12:41:35.393+0200] {processor.py:829} INFO - Processing file /home/diego.rivero/practica_creativa/env/lib/python3.11/site-packages/airflow/example_dags/example_task_group_decorator.py for tasks to queue
[2025-06-09T12:41:35.394+0200] {logging_mixin.py:154} INFO - [2025-06-09T12:41:35.394+0200] {dagbag.py:536} INFO - Filling up the DagBag from /home/diego.rivero/practica_creativa/env/lib/python3.11/site-packages/airflow/example_dags/example_task_group_decorator.py
[2025-06-09T12:41:35.416+0200] {processor.py:839} INFO - DAG(s) dict_keys(['example_task_group_decorator']) retrieved from /home/diego.rivero/practica_creativa/env/lib/python3.11/site-packages/airflow/example_dags/example_task_group_decorator.py
[2025-06-09T12:41:35.448+0200] {logging_mixin.py:154} INFO - [2025-06-09T12:41:35.448+0200] {dag.py:2941} INFO - Sync 1 DAGs
[2025-06-09T12:41:35.477+0200] {logging_mixin.py:154} INFO - [2025-06-09T12:41:35.477+0200] {dag.py:3722} INFO - Setting next_dagrun for example_task_group_decorator to 2025-06-08T10:41:35.476960+00:00, run_after=2025-06-09T10:41:35.476960+00:00
[2025-06-09T12:41:35.535+0200] {processor.py:179} INFO - Processing /home/diego.rivero/practica_creativa/env/lib/python3.11/site-packages/airflow/example_dags/example_task_group_decorator.py took 0.146 seconds
