[2025-06-09T12:23:58.369+0200] {processor.py:157} INFO - Started process (PID=77357) to work on /home/diego.rivero/practica_creativa/env/lib/python3.11/site-packages/airflow/example_dags/example_latest_only_with_trigger.py
[2025-06-09T12:23:58.372+0200] {processor.py:829} INFO - Processing file /home/diego.rivero/practica_creativa/env/lib/python3.11/site-packages/airflow/example_dags/example_latest_only_with_trigger.py for tasks to queue
[2025-06-09T12:23:58.374+0200] {logging_mixin.py:154} INFO - [2025-06-09T12:23:58.373+0200] {dagbag.py:536} INFO - Filling up the DagBag from /home/diego.rivero/practica_creativa/env/lib/python3.11/site-packages/airflow/example_dags/example_latest_only_with_trigger.py
[2025-06-09T12:23:58.396+0200] {processor.py:839} INFO - DAG(s) dict_keys(['latest_only_with_trigger']) retrieved from /home/diego.rivero/practica_creativa/env/lib/python3.11/site-packages/airflow/example_dags/example_latest_only_with_trigger.py
[2025-06-09T12:23:58.441+0200] {logging_mixin.py:154} INFO - [2025-06-09T12:23:58.441+0200] {dag.py:2941} INFO - Sync 1 DAGs
[2025-06-09T12:23:58.484+0200] {logging_mixin.py:154} INFO - [2025-06-09T12:23:58.483+0200] {dag.py:3722} INFO - Setting next_dagrun for latest_only_with_trigger to 2025-06-09T06:23:58.483537+00:00, run_after=2025-06-09T10:23:58.483537+00:00
[2025-06-09T12:23:58.564+0200] {processor.py:179} INFO - Processing /home/diego.rivero/practica_creativa/env/lib/python3.11/site-packages/airflow/example_dags/example_latest_only_with_trigger.py took 0.205 seconds
[2025-06-09T12:25:06.929+0200] {processor.py:157} INFO - Started process (PID=77809) to work on /home/diego.rivero/practica_creativa/env/lib/python3.11/site-packages/airflow/example_dags/example_latest_only_with_trigger.py
[2025-06-09T12:25:06.930+0200] {processor.py:829} INFO - Processing file /home/diego.rivero/practica_creativa/env/lib/python3.11/site-packages/airflow/example_dags/example_latest_only_with_trigger.py for tasks to queue
[2025-06-09T12:25:06.931+0200] {logging_mixin.py:154} INFO - [2025-06-09T12:25:06.931+0200] {dagbag.py:536} INFO - Filling up the DagBag from /home/diego.rivero/practica_creativa/env/lib/python3.11/site-packages/airflow/example_dags/example_latest_only_with_trigger.py
[2025-06-09T12:25:06.938+0200] {processor.py:839} INFO - DAG(s) dict_keys(['latest_only_with_trigger']) retrieved from /home/diego.rivero/practica_creativa/env/lib/python3.11/site-packages/airflow/example_dags/example_latest_only_with_trigger.py
[2025-06-09T12:25:06.966+0200] {logging_mixin.py:154} INFO - [2025-06-09T12:25:06.966+0200] {dag.py:2941} INFO - Sync 1 DAGs
[2025-06-09T12:25:06.993+0200] {logging_mixin.py:154} INFO - [2025-06-09T12:25:06.993+0200] {dag.py:3722} INFO - Setting next_dagrun for latest_only_with_trigger to 2025-06-09T06:25:06.992953+00:00, run_after=2025-06-09T10:25:06.992953+00:00
[2025-06-09T12:25:07.053+0200] {processor.py:179} INFO - Processing /home/diego.rivero/practica_creativa/env/lib/python3.11/site-packages/airflow/example_dags/example_latest_only_with_trigger.py took 0.127 seconds
[2025-06-09T12:26:02.401+0200] {processor.py:157} INFO - Started process (PID=78229) to work on /home/diego.rivero/practica_creativa/env/lib/python3.11/site-packages/airflow/example_dags/example_latest_only_with_trigger.py
[2025-06-09T12:26:02.402+0200] {processor.py:829} INFO - Processing file /home/diego.rivero/practica_creativa/env/lib/python3.11/site-packages/airflow/example_dags/example_latest_only_with_trigger.py for tasks to queue
[2025-06-09T12:26:02.403+0200] {logging_mixin.py:154} INFO - [2025-06-09T12:26:02.402+0200] {dagbag.py:536} INFO - Filling up the DagBag from /home/diego.rivero/practica_creativa/env/lib/python3.11/site-packages/airflow/example_dags/example_latest_only_with_trigger.py
[2025-06-09T12:26:02.408+0200] {processor.py:839} INFO - DAG(s) dict_keys(['latest_only_with_trigger']) retrieved from /home/diego.rivero/practica_creativa/env/lib/python3.11/site-packages/airflow/example_dags/example_latest_only_with_trigger.py
[2025-06-09T12:26:02.434+0200] {logging_mixin.py:154} INFO - [2025-06-09T12:26:02.434+0200] {dag.py:2941} INFO - Sync 1 DAGs
[2025-06-09T12:26:02.460+0200] {logging_mixin.py:154} INFO - [2025-06-09T12:26:02.460+0200] {dag.py:3722} INFO - Setting next_dagrun for latest_only_with_trigger to 2025-06-09T06:26:02.460383+00:00, run_after=2025-06-09T10:26:02.460383+00:00
[2025-06-09T12:26:02.515+0200] {processor.py:179} INFO - Processing /home/diego.rivero/practica_creativa/env/lib/python3.11/site-packages/airflow/example_dags/example_latest_only_with_trigger.py took 0.117 seconds
[2025-06-09T12:27:41.018+0200] {processor.py:157} INFO - Started process (PID=78913) to work on /home/diego.rivero/practica_creativa/env/lib/python3.11/site-packages/airflow/example_dags/example_latest_only_with_trigger.py
[2025-06-09T12:27:41.021+0200] {processor.py:829} INFO - Processing file /home/diego.rivero/practica_creativa/env/lib/python3.11/site-packages/airflow/example_dags/example_latest_only_with_trigger.py for tasks to queue
[2025-06-09T12:27:41.023+0200] {logging_mixin.py:154} INFO - [2025-06-09T12:27:41.022+0200] {dagbag.py:536} INFO - Filling up the DagBag from /home/diego.rivero/practica_creativa/env/lib/python3.11/site-packages/airflow/example_dags/example_latest_only_with_trigger.py
[2025-06-09T12:27:41.046+0200] {processor.py:839} INFO - DAG(s) dict_keys(['latest_only_with_trigger']) retrieved from /home/diego.rivero/practica_creativa/env/lib/python3.11/site-packages/airflow/example_dags/example_latest_only_with_trigger.py
[2025-06-09T12:27:41.120+0200] {logging_mixin.py:154} INFO - [2025-06-09T12:27:41.120+0200] {dag.py:2941} INFO - Sync 1 DAGs
[2025-06-09T12:27:41.157+0200] {logging_mixin.py:154} INFO - [2025-06-09T12:27:41.157+0200] {dag.py:3722} INFO - Setting next_dagrun for latest_only_with_trigger to 2025-06-09T06:27:41.157537+00:00, run_after=2025-06-09T10:27:41.157537+00:00
[2025-06-09T12:27:41.211+0200] {processor.py:179} INFO - Processing /home/diego.rivero/practica_creativa/env/lib/python3.11/site-packages/airflow/example_dags/example_latest_only_with_trigger.py took 0.202 seconds
[2025-06-09T12:41:53.973+0200] {processor.py:157} INFO - Started process (PID=90610) to work on /home/diego.rivero/practica_creativa/env/lib/python3.11/site-packages/airflow/example_dags/example_latest_only_with_trigger.py
[2025-06-09T12:41:53.976+0200] {processor.py:829} INFO - Processing file /home/diego.rivero/practica_creativa/env/lib/python3.11/site-packages/airflow/example_dags/example_latest_only_with_trigger.py for tasks to queue
[2025-06-09T12:41:53.978+0200] {logging_mixin.py:154} INFO - [2025-06-09T12:41:53.977+0200] {dagbag.py:536} INFO - Filling up the DagBag from /home/diego.rivero/practica_creativa/env/lib/python3.11/site-packages/airflow/example_dags/example_latest_only_with_trigger.py
[2025-06-09T12:41:54.001+0200] {processor.py:839} INFO - DAG(s) dict_keys(['latest_only_with_trigger']) retrieved from /home/diego.rivero/practica_creativa/env/lib/python3.11/site-packages/airflow/example_dags/example_latest_only_with_trigger.py
[2025-06-09T12:41:54.051+0200] {logging_mixin.py:154} INFO - [2025-06-09T12:41:54.051+0200] {dag.py:2941} INFO - Sync 1 DAGs
[2025-06-09T12:41:54.089+0200] {logging_mixin.py:154} INFO - [2025-06-09T12:41:54.089+0200] {dag.py:3722} INFO - Setting next_dagrun for latest_only_with_trigger to 2025-06-09T06:41:54.089606+00:00, run_after=2025-06-09T10:41:54.089606+00:00
[2025-06-09T12:41:54.149+0200] {processor.py:179} INFO - Processing /home/diego.rivero/practica_creativa/env/lib/python3.11/site-packages/airflow/example_dags/example_latest_only_with_trigger.py took 0.185 seconds
