[2025-06-09T12:24:14.333+0200] {processor.py:157} INFO - Started process (PID=77475) to work on /home/diego.rivero/practica_creativa/env/lib/python3.11/site-packages/airflow/example_dags/example_branch_labels.py
[2025-06-09T12:24:14.335+0200] {processor.py:829} INFO - Processing file /home/diego.rivero/practica_creativa/env/lib/python3.11/site-packages/airflow/example_dags/example_branch_labels.py for tasks to queue
[2025-06-09T12:24:14.338+0200] {logging_mixin.py:154} INFO - [2025-06-09T12:24:14.336+0200] {dagbag.py:536} INFO - Filling up the DagBag from /home/diego.rivero/practica_creativa/env/lib/python3.11/site-packages/airflow/example_dags/example_branch_labels.py
[2025-06-09T12:24:14.359+0200] {processor.py:839} INFO - DAG(s) dict_keys(['example_branch_labels']) retrieved from /home/diego.rivero/practica_creativa/env/lib/python3.11/site-packages/airflow/example_dags/example_branch_labels.py
[2025-06-09T12:24:14.391+0200] {logging_mixin.py:154} INFO - [2025-06-09T12:24:14.391+0200] {dag.py:2941} INFO - Sync 1 DAGs
[2025-06-09T12:24:14.422+0200] {logging_mixin.py:154} INFO - [2025-06-09T12:24:14.421+0200] {dag.py:3722} INFO - Setting next_dagrun for example_branch_labels to 2025-06-08T00:00:00+00:00, run_after=2025-06-09T00:00:00+00:00
[2025-06-09T12:24:14.474+0200] {processor.py:179} INFO - Processing /home/diego.rivero/practica_creativa/env/lib/python3.11/site-packages/airflow/example_dags/example_branch_labels.py took 0.151 seconds
[2025-06-09T12:25:20.992+0200] {processor.py:157} INFO - Started process (PID=77920) to work on /home/diego.rivero/practica_creativa/env/lib/python3.11/site-packages/airflow/example_dags/example_branch_labels.py
[2025-06-09T12:25:20.992+0200] {processor.py:829} INFO - Processing file /home/diego.rivero/practica_creativa/env/lib/python3.11/site-packages/airflow/example_dags/example_branch_labels.py for tasks to queue
[2025-06-09T12:25:20.993+0200] {logging_mixin.py:154} INFO - [2025-06-09T12:25:20.993+0200] {dagbag.py:536} INFO - Filling up the DagBag from /home/diego.rivero/practica_creativa/env/lib/python3.11/site-packages/airflow/example_dags/example_branch_labels.py
[2025-06-09T12:25:21.002+0200] {processor.py:839} INFO - DAG(s) dict_keys(['example_branch_labels']) retrieved from /home/diego.rivero/practica_creativa/env/lib/python3.11/site-packages/airflow/example_dags/example_branch_labels.py
[2025-06-09T12:25:21.031+0200] {logging_mixin.py:154} INFO - [2025-06-09T12:25:21.030+0200] {dag.py:2941} INFO - Sync 1 DAGs
[2025-06-09T12:25:21.060+0200] {logging_mixin.py:154} INFO - [2025-06-09T12:25:21.060+0200] {dag.py:3722} INFO - Setting next_dagrun for example_branch_labels to 2025-06-08T00:00:00+00:00, run_after=2025-06-09T00:00:00+00:00
[2025-06-09T12:25:21.113+0200] {processor.py:179} INFO - Processing /home/diego.rivero/practica_creativa/env/lib/python3.11/site-packages/airflow/example_dags/example_branch_labels.py took 0.125 seconds
[2025-06-09T12:26:36.372+0200] {processor.py:157} INFO - Started process (PID=78497) to work on /home/diego.rivero/practica_creativa/env/lib/python3.11/site-packages/airflow/example_dags/example_branch_labels.py
[2025-06-09T12:26:36.375+0200] {processor.py:829} INFO - Processing file /home/diego.rivero/practica_creativa/env/lib/python3.11/site-packages/airflow/example_dags/example_branch_labels.py for tasks to queue
[2025-06-09T12:26:36.377+0200] {logging_mixin.py:154} INFO - [2025-06-09T12:26:36.376+0200] {dagbag.py:536} INFO - Filling up the DagBag from /home/diego.rivero/practica_creativa/env/lib/python3.11/site-packages/airflow/example_dags/example_branch_labels.py
[2025-06-09T12:26:36.406+0200] {processor.py:839} INFO - DAG(s) dict_keys(['example_branch_labels']) retrieved from /home/diego.rivero/practica_creativa/env/lib/python3.11/site-packages/airflow/example_dags/example_branch_labels.py
[2025-06-09T12:26:36.480+0200] {logging_mixin.py:154} INFO - [2025-06-09T12:26:36.480+0200] {dag.py:2941} INFO - Sync 1 DAGs
[2025-06-09T12:26:36.561+0200] {logging_mixin.py:154} INFO - [2025-06-09T12:26:36.561+0200] {dag.py:3722} INFO - Setting next_dagrun for example_branch_labels to 2025-06-08T00:00:00+00:00, run_after=2025-06-09T00:00:00+00:00
[2025-06-09T12:26:36.691+0200] {processor.py:179} INFO - Processing /home/diego.rivero/practica_creativa/env/lib/python3.11/site-packages/airflow/example_dags/example_branch_labels.py took 0.329 seconds
[2025-06-09T12:27:57.385+0200] {processor.py:157} INFO - Started process (PID=79029) to work on /home/diego.rivero/practica_creativa/env/lib/python3.11/site-packages/airflow/example_dags/example_branch_labels.py
[2025-06-09T12:27:57.388+0200] {processor.py:829} INFO - Processing file /home/diego.rivero/practica_creativa/env/lib/python3.11/site-packages/airflow/example_dags/example_branch_labels.py for tasks to queue
[2025-06-09T12:27:57.390+0200] {logging_mixin.py:154} INFO - [2025-06-09T12:27:57.389+0200] {dagbag.py:536} INFO - Filling up the DagBag from /home/diego.rivero/practica_creativa/env/lib/python3.11/site-packages/airflow/example_dags/example_branch_labels.py
[2025-06-09T12:27:57.419+0200] {processor.py:839} INFO - DAG(s) dict_keys(['example_branch_labels']) retrieved from /home/diego.rivero/practica_creativa/env/lib/python3.11/site-packages/airflow/example_dags/example_branch_labels.py
[2025-06-09T12:27:57.498+0200] {logging_mixin.py:154} INFO - [2025-06-09T12:27:57.497+0200] {dag.py:2941} INFO - Sync 1 DAGs
[2025-06-09T12:27:57.585+0200] {logging_mixin.py:154} INFO - [2025-06-09T12:27:57.585+0200] {dag.py:3722} INFO - Setting next_dagrun for example_branch_labels to 2025-06-08T00:00:00+00:00, run_after=2025-06-09T00:00:00+00:00
[2025-06-09T12:27:57.720+0200] {processor.py:179} INFO - Processing /home/diego.rivero/practica_creativa/env/lib/python3.11/site-packages/airflow/example_dags/example_branch_labels.py took 0.345 seconds
