[2025-06-09T12:25:22.877+0200] {processor.py:157} INFO - Started process (PID=77926) to work on /home/diego.rivero/practica_creativa/env/lib/python3.11/site-packages/airflow/example_dags/example_branch_datetime_operator.py
[2025-06-09T12:25:22.878+0200] {processor.py:829} INFO - Processing file /home/diego.rivero/practica_creativa/env/lib/python3.11/site-packages/airflow/example_dags/example_branch_datetime_operator.py for tasks to queue
[2025-06-09T12:25:22.879+0200] {logging_mixin.py:154} INFO - [2025-06-09T12:25:22.878+0200] {dagbag.py:536} INFO - Filling up the DagBag from /home/diego.rivero/practica_creativa/env/lib/python3.11/site-packages/airflow/example_dags/example_branch_datetime_operator.py
[2025-06-09T12:25:22.890+0200] {processor.py:839} INFO - DAG(s) dict_keys(['example_branch_datetime_operator_3', 'example_branch_datetime_operator', 'example_branch_datetime_operator_2']) retrieved from /home/diego.rivero/practica_creativa/env/lib/python3.11/site-packages/airflow/example_dags/example_branch_datetime_operator.py
[2025-06-09T12:25:22.933+0200] {logging_mixin.py:154} INFO - [2025-06-09T12:25:22.933+0200] {dag.py:2941} INFO - Sync 3 DAGs
[2025-06-09T12:25:22.966+0200] {logging_mixin.py:154} INFO - [2025-06-09T12:25:22.965+0200] {dag.py:3722} INFO - Setting next_dagrun for example_branch_datetime_operator to 2025-06-08T00:00:00+00:00, run_after=2025-06-09T00:00:00+00:00
[2025-06-09T12:25:22.973+0200] {logging_mixin.py:154} INFO - [2025-06-09T12:25:22.973+0200] {dag.py:3722} INFO - Setting next_dagrun for example_branch_datetime_operator_2 to 2025-06-08T00:00:00+00:00, run_after=2025-06-09T00:00:00+00:00
[2025-06-09T12:25:22.977+0200] {logging_mixin.py:154} INFO - [2025-06-09T12:25:22.977+0200] {dag.py:3722} INFO - Setting next_dagrun for example_branch_datetime_operator_3 to 2025-06-08T00:00:00+00:00, run_after=2025-06-09T00:00:00+00:00
[2025-06-09T12:25:23.032+0200] {processor.py:179} INFO - Processing /home/diego.rivero/practica_creativa/env/lib/python3.11/site-packages/airflow/example_dags/example_branch_datetime_operator.py took 0.158 seconds
[2025-06-09T12:26:38.576+0200] {processor.py:157} INFO - Started process (PID=78507) to work on /home/diego.rivero/practica_creativa/env/lib/python3.11/site-packages/airflow/example_dags/example_branch_datetime_operator.py
[2025-06-09T12:26:38.579+0200] {processor.py:829} INFO - Processing file /home/diego.rivero/practica_creativa/env/lib/python3.11/site-packages/airflow/example_dags/example_branch_datetime_operator.py for tasks to queue
[2025-06-09T12:26:38.581+0200] {logging_mixin.py:154} INFO - [2025-06-09T12:26:38.580+0200] {dagbag.py:536} INFO - Filling up the DagBag from /home/diego.rivero/practica_creativa/env/lib/python3.11/site-packages/airflow/example_dags/example_branch_datetime_operator.py
[2025-06-09T12:26:38.600+0200] {processor.py:839} INFO - DAG(s) dict_keys(['example_branch_datetime_operator', 'example_branch_datetime_operator_2', 'example_branch_datetime_operator_3']) retrieved from /home/diego.rivero/practica_creativa/env/lib/python3.11/site-packages/airflow/example_dags/example_branch_datetime_operator.py
[2025-06-09T12:26:38.649+0200] {logging_mixin.py:154} INFO - [2025-06-09T12:26:38.649+0200] {dag.py:2941} INFO - Sync 3 DAGs
[2025-06-09T12:26:38.681+0200] {logging_mixin.py:154} INFO - [2025-06-09T12:26:38.681+0200] {dag.py:3722} INFO - Setting next_dagrun for example_branch_datetime_operator to 2025-06-08T00:00:00+00:00, run_after=2025-06-09T00:00:00+00:00
[2025-06-09T12:26:38.690+0200] {logging_mixin.py:154} INFO - [2025-06-09T12:26:38.689+0200] {dag.py:3722} INFO - Setting next_dagrun for example_branch_datetime_operator_2 to 2025-06-08T00:00:00+00:00, run_after=2025-06-09T00:00:00+00:00
[2025-06-09T12:26:38.694+0200] {logging_mixin.py:154} INFO - [2025-06-09T12:26:38.694+0200] {dag.py:3722} INFO - Setting next_dagrun for example_branch_datetime_operator_3 to 2025-06-08T00:00:00+00:00, run_after=2025-06-09T00:00:00+00:00
[2025-06-09T12:26:38.751+0200] {processor.py:179} INFO - Processing /home/diego.rivero/practica_creativa/env/lib/python3.11/site-packages/airflow/example_dags/example_branch_datetime_operator.py took 0.185 seconds
[2025-06-09T12:28:00.337+0200] {processor.py:157} INFO - Started process (PID=79043) to work on /home/diego.rivero/practica_creativa/env/lib/python3.11/site-packages/airflow/example_dags/example_branch_datetime_operator.py
[2025-06-09T12:28:00.339+0200] {processor.py:829} INFO - Processing file /home/diego.rivero/practica_creativa/env/lib/python3.11/site-packages/airflow/example_dags/example_branch_datetime_operator.py for tasks to queue
[2025-06-09T12:28:00.342+0200] {logging_mixin.py:154} INFO - [2025-06-09T12:28:00.341+0200] {dagbag.py:536} INFO - Filling up the DagBag from /home/diego.rivero/practica_creativa/env/lib/python3.11/site-packages/airflow/example_dags/example_branch_datetime_operator.py
[2025-06-09T12:28:00.369+0200] {processor.py:839} INFO - DAG(s) dict_keys(['example_branch_datetime_operator_2', 'example_branch_datetime_operator', 'example_branch_datetime_operator_3']) retrieved from /home/diego.rivero/practica_creativa/env/lib/python3.11/site-packages/airflow/example_dags/example_branch_datetime_operator.py
[2025-06-09T12:28:00.417+0200] {logging_mixin.py:154} INFO - [2025-06-09T12:28:00.417+0200] {dag.py:2941} INFO - Sync 3 DAGs
[2025-06-09T12:28:00.448+0200] {logging_mixin.py:154} INFO - [2025-06-09T12:28:00.448+0200] {dag.py:3722} INFO - Setting next_dagrun for example_branch_datetime_operator to 2025-06-08T00:00:00+00:00, run_after=2025-06-09T00:00:00+00:00
[2025-06-09T12:28:00.455+0200] {logging_mixin.py:154} INFO - [2025-06-09T12:28:00.455+0200] {dag.py:3722} INFO - Setting next_dagrun for example_branch_datetime_operator_2 to 2025-06-08T00:00:00+00:00, run_after=2025-06-09T00:00:00+00:00
[2025-06-09T12:28:00.459+0200] {logging_mixin.py:154} INFO - [2025-06-09T12:28:00.459+0200] {dag.py:3722} INFO - Setting next_dagrun for example_branch_datetime_operator_3 to 2025-06-08T00:00:00+00:00, run_after=2025-06-09T00:00:00+00:00
[2025-06-09T12:28:00.512+0200] {processor.py:179} INFO - Processing /home/diego.rivero/practica_creativa/env/lib/python3.11/site-packages/airflow/example_dags/example_branch_datetime_operator.py took 0.185 seconds
