[2025-06-09T12:23:56.958+0200] {processor.py:157} INFO - Started process (PID=77353) to work on /home/diego.rivero/practica_creativa/env/lib/python3.11/site-packages/airflow/example_dags/example_nested_branch_dag.py
[2025-06-09T12:23:56.959+0200] {processor.py:829} INFO - Processing file /home/diego.rivero/practica_creativa/env/lib/python3.11/site-packages/airflow/example_dags/example_nested_branch_dag.py for tasks to queue
[2025-06-09T12:23:56.960+0200] {logging_mixin.py:154} INFO - [2025-06-09T12:23:56.960+0200] {dagbag.py:536} INFO - Filling up the DagBag from /home/diego.rivero/practica_creativa/env/lib/python3.11/site-packages/airflow/example_dags/example_nested_branch_dag.py
[2025-06-09T12:23:56.970+0200] {processor.py:839} INFO - DAG(s) dict_keys(['example_nested_branch_dag']) retrieved from /home/diego.rivero/practica_creativa/env/lib/python3.11/site-packages/airflow/example_dags/example_nested_branch_dag.py
[2025-06-09T12:23:56.999+0200] {logging_mixin.py:154} INFO - [2025-06-09T12:23:56.998+0200] {dag.py:2941} INFO - Sync 1 DAGs
[2025-06-09T12:23:57.028+0200] {logging_mixin.py:154} INFO - [2025-06-09T12:23:57.028+0200] {dag.py:3722} INFO - Setting next_dagrun for example_nested_branch_dag to 2025-06-08T00:00:00+00:00, run_after=2025-06-09T00:00:00+00:00
[2025-06-09T12:23:57.085+0200] {processor.py:179} INFO - Processing /home/diego.rivero/practica_creativa/env/lib/python3.11/site-packages/airflow/example_dags/example_nested_branch_dag.py took 0.129 seconds
[2025-06-09T12:25:05.615+0200] {processor.py:157} INFO - Started process (PID=77805) to work on /home/diego.rivero/practica_creativa/env/lib/python3.11/site-packages/airflow/example_dags/example_nested_branch_dag.py
[2025-06-09T12:25:05.616+0200] {processor.py:829} INFO - Processing file /home/diego.rivero/practica_creativa/env/lib/python3.11/site-packages/airflow/example_dags/example_nested_branch_dag.py for tasks to queue
[2025-06-09T12:25:05.617+0200] {logging_mixin.py:154} INFO - [2025-06-09T12:25:05.616+0200] {dagbag.py:536} INFO - Filling up the DagBag from /home/diego.rivero/practica_creativa/env/lib/python3.11/site-packages/airflow/example_dags/example_nested_branch_dag.py
[2025-06-09T12:25:05.628+0200] {processor.py:839} INFO - DAG(s) dict_keys(['example_nested_branch_dag']) retrieved from /home/diego.rivero/practica_creativa/env/lib/python3.11/site-packages/airflow/example_dags/example_nested_branch_dag.py
[2025-06-09T12:25:05.660+0200] {logging_mixin.py:154} INFO - [2025-06-09T12:25:05.660+0200] {dag.py:2941} INFO - Sync 1 DAGs
[2025-06-09T12:25:05.694+0200] {logging_mixin.py:154} INFO - [2025-06-09T12:25:05.694+0200] {dag.py:3722} INFO - Setting next_dagrun for example_nested_branch_dag to 2025-06-08T00:00:00+00:00, run_after=2025-06-09T00:00:00+00:00
[2025-06-09T12:25:05.754+0200] {processor.py:179} INFO - Processing /home/diego.rivero/practica_creativa/env/lib/python3.11/site-packages/airflow/example_dags/example_nested_branch_dag.py took 0.142 seconds
[2025-06-09T12:26:01.199+0200] {processor.py:157} INFO - Started process (PID=78224) to work on /home/diego.rivero/practica_creativa/env/lib/python3.11/site-packages/airflow/example_dags/example_nested_branch_dag.py
[2025-06-09T12:26:01.200+0200] {processor.py:829} INFO - Processing file /home/diego.rivero/practica_creativa/env/lib/python3.11/site-packages/airflow/example_dags/example_nested_branch_dag.py for tasks to queue
[2025-06-09T12:26:01.200+0200] {logging_mixin.py:154} INFO - [2025-06-09T12:26:01.200+0200] {dagbag.py:536} INFO - Filling up the DagBag from /home/diego.rivero/practica_creativa/env/lib/python3.11/site-packages/airflow/example_dags/example_nested_branch_dag.py
[2025-06-09T12:26:01.211+0200] {processor.py:839} INFO - DAG(s) dict_keys(['example_nested_branch_dag']) retrieved from /home/diego.rivero/practica_creativa/env/lib/python3.11/site-packages/airflow/example_dags/example_nested_branch_dag.py
[2025-06-09T12:26:01.242+0200] {logging_mixin.py:154} INFO - [2025-06-09T12:26:01.242+0200] {dag.py:2941} INFO - Sync 1 DAGs
[2025-06-09T12:26:01.275+0200] {logging_mixin.py:154} INFO - [2025-06-09T12:26:01.275+0200] {dag.py:3722} INFO - Setting next_dagrun for example_nested_branch_dag to 2025-06-08T00:00:00+00:00, run_after=2025-06-09T00:00:00+00:00
[2025-06-09T12:26:01.336+0200] {processor.py:179} INFO - Processing /home/diego.rivero/practica_creativa/env/lib/python3.11/site-packages/airflow/example_dags/example_nested_branch_dag.py took 0.141 seconds
[2025-06-09T12:27:39.611+0200] {processor.py:157} INFO - Started process (PID=78909) to work on /home/diego.rivero/practica_creativa/env/lib/python3.11/site-packages/airflow/example_dags/example_nested_branch_dag.py
[2025-06-09T12:27:39.614+0200] {processor.py:829} INFO - Processing file /home/diego.rivero/practica_creativa/env/lib/python3.11/site-packages/airflow/example_dags/example_nested_branch_dag.py for tasks to queue
[2025-06-09T12:27:39.616+0200] {logging_mixin.py:154} INFO - [2025-06-09T12:27:39.615+0200] {dagbag.py:536} INFO - Filling up the DagBag from /home/diego.rivero/practica_creativa/env/lib/python3.11/site-packages/airflow/example_dags/example_nested_branch_dag.py
[2025-06-09T12:27:39.636+0200] {processor.py:839} INFO - DAG(s) dict_keys(['example_nested_branch_dag']) retrieved from /home/diego.rivero/practica_creativa/env/lib/python3.11/site-packages/airflow/example_dags/example_nested_branch_dag.py
[2025-06-09T12:27:39.666+0200] {logging_mixin.py:154} INFO - [2025-06-09T12:27:39.666+0200] {dag.py:2941} INFO - Sync 1 DAGs
[2025-06-09T12:27:39.695+0200] {logging_mixin.py:154} INFO - [2025-06-09T12:27:39.695+0200] {dag.py:3722} INFO - Setting next_dagrun for example_nested_branch_dag to 2025-06-08T00:00:00+00:00, run_after=2025-06-09T00:00:00+00:00
[2025-06-09T12:27:39.757+0200] {processor.py:179} INFO - Processing /home/diego.rivero/practica_creativa/env/lib/python3.11/site-packages/airflow/example_dags/example_nested_branch_dag.py took 0.155 seconds
[2025-06-09T12:41:52.590+0200] {processor.py:157} INFO - Started process (PID=90603) to work on /home/diego.rivero/practica_creativa/env/lib/python3.11/site-packages/airflow/example_dags/example_nested_branch_dag.py
[2025-06-09T12:41:52.592+0200] {processor.py:829} INFO - Processing file /home/diego.rivero/practica_creativa/env/lib/python3.11/site-packages/airflow/example_dags/example_nested_branch_dag.py for tasks to queue
[2025-06-09T12:41:52.595+0200] {logging_mixin.py:154} INFO - [2025-06-09T12:41:52.594+0200] {dagbag.py:536} INFO - Filling up the DagBag from /home/diego.rivero/practica_creativa/env/lib/python3.11/site-packages/airflow/example_dags/example_nested_branch_dag.py
[2025-06-09T12:41:52.615+0200] {processor.py:839} INFO - DAG(s) dict_keys(['example_nested_branch_dag']) retrieved from /home/diego.rivero/practica_creativa/env/lib/python3.11/site-packages/airflow/example_dags/example_nested_branch_dag.py
[2025-06-09T12:41:52.646+0200] {logging_mixin.py:154} INFO - [2025-06-09T12:41:52.646+0200] {dag.py:2941} INFO - Sync 1 DAGs
[2025-06-09T12:41:52.676+0200] {logging_mixin.py:154} INFO - [2025-06-09T12:41:52.676+0200] {dag.py:3722} INFO - Setting next_dagrun for example_nested_branch_dag to 2025-06-08T00:00:00+00:00, run_after=2025-06-09T00:00:00+00:00
[2025-06-09T12:41:52.733+0200] {processor.py:179} INFO - Processing /home/diego.rivero/practica_creativa/env/lib/python3.11/site-packages/airflow/example_dags/example_nested_branch_dag.py took 0.151 seconds
