[2025-06-09T12:24:01.315+0200] {processor.py:157} INFO - Started process (PID=77374) to work on /home/diego.rivero/practica_creativa/env/lib/python3.11/site-packages/airflow/example_dags/example_external_task_marker_dag.py
[2025-06-09T12:24:01.317+0200] {processor.py:829} INFO - Processing file /home/diego.rivero/practica_creativa/env/lib/python3.11/site-packages/airflow/example_dags/example_external_task_marker_dag.py for tasks to queue
[2025-06-09T12:24:01.320+0200] {logging_mixin.py:154} INFO - [2025-06-09T12:24:01.319+0200] {dagbag.py:536} INFO - Filling up the DagBag from /home/diego.rivero/practica_creativa/env/lib/python3.11/site-packages/airflow/example_dags/example_external_task_marker_dag.py
[2025-06-09T12:24:01.340+0200] {processor.py:839} INFO - DAG(s) dict_keys(['example_external_task_marker_parent', 'example_external_task_marker_child']) retrieved from /home/diego.rivero/practica_creativa/env/lib/python3.11/site-packages/airflow/example_dags/example_external_task_marker_dag.py
[2025-06-09T12:24:01.397+0200] {logging_mixin.py:154} INFO - [2025-06-09T12:24:01.397+0200] {dag.py:2941} INFO - Sync 2 DAGs
[2025-06-09T12:24:01.415+0200] {logging_mixin.py:154} INFO - [2025-06-09T12:24:01.415+0200] {dag.py:3722} INFO - Setting next_dagrun for example_external_task_marker_child to None, run_after=None
[2025-06-09T12:24:01.420+0200] {logging_mixin.py:154} INFO - [2025-06-09T12:24:01.420+0200] {dag.py:3722} INFO - Setting next_dagrun for example_external_task_marker_parent to None, run_after=None
[2025-06-09T12:24:01.474+0200] {processor.py:179} INFO - Processing /home/diego.rivero/practica_creativa/env/lib/python3.11/site-packages/airflow/example_dags/example_external_task_marker_dag.py took 0.169 seconds
[2025-06-09T12:25:09.589+0200] {processor.py:157} INFO - Started process (PID=77822) to work on /home/diego.rivero/practica_creativa/env/lib/python3.11/site-packages/airflow/example_dags/example_external_task_marker_dag.py
[2025-06-09T12:25:09.590+0200] {processor.py:829} INFO - Processing file /home/diego.rivero/practica_creativa/env/lib/python3.11/site-packages/airflow/example_dags/example_external_task_marker_dag.py for tasks to queue
[2025-06-09T12:25:09.591+0200] {logging_mixin.py:154} INFO - [2025-06-09T12:25:09.590+0200] {dagbag.py:536} INFO - Filling up the DagBag from /home/diego.rivero/practica_creativa/env/lib/python3.11/site-packages/airflow/example_dags/example_external_task_marker_dag.py
[2025-06-09T12:25:09.600+0200] {processor.py:839} INFO - DAG(s) dict_keys(['example_external_task_marker_parent', 'example_external_task_marker_child']) retrieved from /home/diego.rivero/practica_creativa/env/lib/python3.11/site-packages/airflow/example_dags/example_external_task_marker_dag.py
[2025-06-09T12:25:09.645+0200] {logging_mixin.py:154} INFO - [2025-06-09T12:25:09.645+0200] {dag.py:2941} INFO - Sync 2 DAGs
[2025-06-09T12:25:09.663+0200] {logging_mixin.py:154} INFO - [2025-06-09T12:25:09.663+0200] {dag.py:3722} INFO - Setting next_dagrun for example_external_task_marker_child to None, run_after=None
[2025-06-09T12:25:09.668+0200] {logging_mixin.py:154} INFO - [2025-06-09T12:25:09.668+0200] {dag.py:3722} INFO - Setting next_dagrun for example_external_task_marker_parent to None, run_after=None
[2025-06-09T12:25:09.722+0200] {processor.py:179} INFO - Processing /home/diego.rivero/practica_creativa/env/lib/python3.11/site-packages/airflow/example_dags/example_external_task_marker_dag.py took 0.136 seconds
[2025-06-09T12:26:05.152+0200] {processor.py:157} INFO - Started process (PID=78245) to work on /home/diego.rivero/practica_creativa/env/lib/python3.11/site-packages/airflow/example_dags/example_external_task_marker_dag.py
[2025-06-09T12:26:05.153+0200] {processor.py:829} INFO - Processing file /home/diego.rivero/practica_creativa/env/lib/python3.11/site-packages/airflow/example_dags/example_external_task_marker_dag.py for tasks to queue
[2025-06-09T12:26:05.154+0200] {logging_mixin.py:154} INFO - [2025-06-09T12:26:05.154+0200] {dagbag.py:536} INFO - Filling up the DagBag from /home/diego.rivero/practica_creativa/env/lib/python3.11/site-packages/airflow/example_dags/example_external_task_marker_dag.py
[2025-06-09T12:26:05.161+0200] {processor.py:839} INFO - DAG(s) dict_keys(['example_external_task_marker_parent', 'example_external_task_marker_child']) retrieved from /home/diego.rivero/practica_creativa/env/lib/python3.11/site-packages/airflow/example_dags/example_external_task_marker_dag.py
[2025-06-09T12:26:05.201+0200] {logging_mixin.py:154} INFO - [2025-06-09T12:26:05.200+0200] {dag.py:2941} INFO - Sync 2 DAGs
[2025-06-09T12:26:05.218+0200] {logging_mixin.py:154} INFO - [2025-06-09T12:26:05.218+0200] {dag.py:3722} INFO - Setting next_dagrun for example_external_task_marker_child to None, run_after=None
[2025-06-09T12:26:05.224+0200] {logging_mixin.py:154} INFO - [2025-06-09T12:26:05.224+0200] {dag.py:3722} INFO - Setting next_dagrun for example_external_task_marker_parent to None, run_after=None
[2025-06-09T12:26:05.287+0200] {processor.py:179} INFO - Processing /home/diego.rivero/practica_creativa/env/lib/python3.11/site-packages/airflow/example_dags/example_external_task_marker_dag.py took 0.138 seconds
[2025-06-09T12:27:43.921+0200] {processor.py:157} INFO - Started process (PID=78966) to work on /home/diego.rivero/practica_creativa/env/lib/python3.11/site-packages/airflow/example_dags/example_external_task_marker_dag.py
[2025-06-09T12:27:43.923+0200] {processor.py:829} INFO - Processing file /home/diego.rivero/practica_creativa/env/lib/python3.11/site-packages/airflow/example_dags/example_external_task_marker_dag.py for tasks to queue
[2025-06-09T12:27:43.924+0200] {logging_mixin.py:154} INFO - [2025-06-09T12:27:43.923+0200] {dagbag.py:536} INFO - Filling up the DagBag from /home/diego.rivero/practica_creativa/env/lib/python3.11/site-packages/airflow/example_dags/example_external_task_marker_dag.py
[2025-06-09T12:27:43.937+0200] {processor.py:839} INFO - DAG(s) dict_keys(['example_external_task_marker_child', 'example_external_task_marker_parent']) retrieved from /home/diego.rivero/practica_creativa/env/lib/python3.11/site-packages/airflow/example_dags/example_external_task_marker_dag.py
[2025-06-09T12:27:43.981+0200] {logging_mixin.py:154} INFO - [2025-06-09T12:27:43.981+0200] {dag.py:2941} INFO - Sync 2 DAGs
[2025-06-09T12:27:44.000+0200] {logging_mixin.py:154} INFO - [2025-06-09T12:27:43.999+0200] {dag.py:3722} INFO - Setting next_dagrun for example_external_task_marker_child to None, run_after=None
[2025-06-09T12:27:44.005+0200] {logging_mixin.py:154} INFO - [2025-06-09T12:27:44.005+0200] {dag.py:3722} INFO - Setting next_dagrun for example_external_task_marker_parent to None, run_after=None
[2025-06-09T12:27:44.063+0200] {processor.py:179} INFO - Processing /home/diego.rivero/practica_creativa/env/lib/python3.11/site-packages/airflow/example_dags/example_external_task_marker_dag.py took 0.149 seconds
[2025-06-09T12:41:56.559+0200] {processor.py:157} INFO - Started process (PID=90628) to work on /home/diego.rivero/practica_creativa/env/lib/python3.11/site-packages/airflow/example_dags/example_external_task_marker_dag.py
[2025-06-09T12:41:56.560+0200] {processor.py:829} INFO - Processing file /home/diego.rivero/practica_creativa/env/lib/python3.11/site-packages/airflow/example_dags/example_external_task_marker_dag.py for tasks to queue
[2025-06-09T12:41:56.561+0200] {logging_mixin.py:154} INFO - [2025-06-09T12:41:56.560+0200] {dagbag.py:536} INFO - Filling up the DagBag from /home/diego.rivero/practica_creativa/env/lib/python3.11/site-packages/airflow/example_dags/example_external_task_marker_dag.py
[2025-06-09T12:41:56.569+0200] {processor.py:839} INFO - DAG(s) dict_keys(['example_external_task_marker_parent', 'example_external_task_marker_child']) retrieved from /home/diego.rivero/practica_creativa/env/lib/python3.11/site-packages/airflow/example_dags/example_external_task_marker_dag.py
[2025-06-09T12:41:56.608+0200] {logging_mixin.py:154} INFO - [2025-06-09T12:41:56.608+0200] {dag.py:2941} INFO - Sync 2 DAGs
[2025-06-09T12:41:56.624+0200] {logging_mixin.py:154} INFO - [2025-06-09T12:41:56.624+0200] {dag.py:3722} INFO - Setting next_dagrun for example_external_task_marker_child to None, run_after=None
[2025-06-09T12:41:56.629+0200] {logging_mixin.py:154} INFO - [2025-06-09T12:41:56.629+0200] {dag.py:3722} INFO - Setting next_dagrun for example_external_task_marker_parent to None, run_after=None
[2025-06-09T12:41:56.685+0200] {processor.py:179} INFO - Processing /home/diego.rivero/practica_creativa/env/lib/python3.11/site-packages/airflow/example_dags/example_external_task_marker_dag.py took 0.131 seconds
