[2025-06-09T12:23:41.951+0200] {processor.py:157} INFO - Started process (PID=77258) to work on /home/diego.rivero/practica_creativa/env/lib/python3.11/site-packages/airflow/example_dags/example_subdag_operator.py
[2025-06-09T12:23:41.953+0200] {processor.py:829} INFO - Processing file /home/diego.rivero/practica_creativa/env/lib/python3.11/site-packages/airflow/example_dags/example_subdag_operator.py for tasks to queue
[2025-06-09T12:23:41.956+0200] {logging_mixin.py:154} INFO - [2025-06-09T12:23:41.955+0200] {dagbag.py:536} INFO - Filling up the DagBag from /home/diego.rivero/practica_creativa/env/lib/python3.11/site-packages/airflow/example_dags/example_subdag_operator.py
[2025-06-09T12:23:42.024+0200] {processor.py:839} INFO - DAG(s) dict_keys(['example_subdag_operator.section-1', 'example_subdag_operator.section-2', 'example_subdag_operator']) retrieved from /home/diego.rivero/practica_creativa/env/lib/python3.11/site-packages/airflow/example_dags/example_subdag_operator.py
[2025-06-09T12:23:42.049+0200] {logging_mixin.py:154} INFO - [2025-06-09T12:23:42.049+0200] {dag.py:2941} INFO - Sync 3 DAGs
[2025-06-09T12:23:42.078+0200] {logging_mixin.py:154} INFO - [2025-06-09T12:23:42.078+0200] {dag.py:3722} INFO - Setting next_dagrun for example_subdag_operator to 2022-01-01T00:00:00+00:00, run_after=2022-01-01T00:00:00+00:00
[2025-06-09T12:23:42.084+0200] {logging_mixin.py:154} INFO - [2025-06-09T12:23:42.084+0200] {dag.py:3722} INFO - Setting next_dagrun for example_subdag_operator.section-1 to None, run_after=None
[2025-06-09T12:23:42.088+0200] {logging_mixin.py:154} INFO - [2025-06-09T12:23:42.088+0200] {dag.py:3722} INFO - Setting next_dagrun for example_subdag_operator.section-2 to None, run_after=None
[2025-06-09T12:23:42.105+0200] {logging_mixin.py:154} INFO - [2025-06-09T12:23:42.104+0200] {dag.py:2941} INFO - Sync 2 DAGs
[2025-06-09T12:23:42.108+0200] {logging_mixin.py:154} INFO - [2025-06-09T12:23:42.108+0200] {dag.py:3722} INFO - Setting next_dagrun for example_subdag_operator.section-1 to None, run_after=None
[2025-06-09T12:23:42.109+0200] {logging_mixin.py:154} INFO - [2025-06-09T12:23:42.109+0200] {dag.py:3722} INFO - Setting next_dagrun for example_subdag_operator.section-2 to None, run_after=None
[2025-06-09T12:23:42.158+0200] {processor.py:179} INFO - Processing /home/diego.rivero/practica_creativa/env/lib/python3.11/site-packages/airflow/example_dags/example_subdag_operator.py took 0.217 seconds
[2025-06-09T12:24:50.072+0200] {processor.py:157} INFO - Started process (PID=77726) to work on /home/diego.rivero/practica_creativa/env/lib/python3.11/site-packages/airflow/example_dags/example_subdag_operator.py
[2025-06-09T12:24:50.073+0200] {processor.py:829} INFO - Processing file /home/diego.rivero/practica_creativa/env/lib/python3.11/site-packages/airflow/example_dags/example_subdag_operator.py for tasks to queue
[2025-06-09T12:24:50.075+0200] {logging_mixin.py:154} INFO - [2025-06-09T12:24:50.074+0200] {dagbag.py:536} INFO - Filling up the DagBag from /home/diego.rivero/practica_creativa/env/lib/python3.11/site-packages/airflow/example_dags/example_subdag_operator.py
[2025-06-09T12:24:50.120+0200] {processor.py:839} INFO - DAG(s) dict_keys(['example_subdag_operator.section-1', 'example_subdag_operator.section-2', 'example_subdag_operator']) retrieved from /home/diego.rivero/practica_creativa/env/lib/python3.11/site-packages/airflow/example_dags/example_subdag_operator.py
[2025-06-09T12:24:50.132+0200] {logging_mixin.py:154} INFO - [2025-06-09T12:24:50.132+0200] {dag.py:2941} INFO - Sync 3 DAGs
[2025-06-09T12:24:50.164+0200] {logging_mixin.py:154} INFO - [2025-06-09T12:24:50.164+0200] {dag.py:3722} INFO - Setting next_dagrun for example_subdag_operator to 2022-01-01T00:00:00+00:00, run_after=2022-01-01T00:00:00+00:00
[2025-06-09T12:24:50.170+0200] {logging_mixin.py:154} INFO - [2025-06-09T12:24:50.170+0200] {dag.py:3722} INFO - Setting next_dagrun for example_subdag_operator.section-1 to None, run_after=None
[2025-06-09T12:24:50.173+0200] {logging_mixin.py:154} INFO - [2025-06-09T12:24:50.172+0200] {dag.py:3722} INFO - Setting next_dagrun for example_subdag_operator.section-2 to None, run_after=None
[2025-06-09T12:24:50.188+0200] {logging_mixin.py:154} INFO - [2025-06-09T12:24:50.187+0200] {dag.py:2941} INFO - Sync 2 DAGs
[2025-06-09T12:24:50.192+0200] {logging_mixin.py:154} INFO - [2025-06-09T12:24:50.192+0200] {dag.py:3722} INFO - Setting next_dagrun for example_subdag_operator.section-1 to None, run_after=None
[2025-06-09T12:24:50.193+0200] {logging_mixin.py:154} INFO - [2025-06-09T12:24:50.192+0200] {dag.py:3722} INFO - Setting next_dagrun for example_subdag_operator.section-2 to None, run_after=None
[2025-06-09T12:24:50.254+0200] {processor.py:179} INFO - Processing /home/diego.rivero/practica_creativa/env/lib/python3.11/site-packages/airflow/example_dags/example_subdag_operator.py took 0.187 seconds
[2025-06-09T12:25:44.342+0200] {processor.py:157} INFO - Started process (PID=78113) to work on /home/diego.rivero/practica_creativa/env/lib/python3.11/site-packages/airflow/example_dags/example_subdag_operator.py
[2025-06-09T12:25:44.344+0200] {processor.py:829} INFO - Processing file /home/diego.rivero/practica_creativa/env/lib/python3.11/site-packages/airflow/example_dags/example_subdag_operator.py for tasks to queue
[2025-06-09T12:25:44.345+0200] {logging_mixin.py:154} INFO - [2025-06-09T12:25:44.344+0200] {dagbag.py:536} INFO - Filling up the DagBag from /home/diego.rivero/practica_creativa/env/lib/python3.11/site-packages/airflow/example_dags/example_subdag_operator.py
[2025-06-09T12:25:44.389+0200] {processor.py:839} INFO - DAG(s) dict_keys(['example_subdag_operator.section-1', 'example_subdag_operator.section-2', 'example_subdag_operator']) retrieved from /home/diego.rivero/practica_creativa/env/lib/python3.11/site-packages/airflow/example_dags/example_subdag_operator.py
[2025-06-09T12:25:44.417+0200] {logging_mixin.py:154} INFO - [2025-06-09T12:25:44.417+0200] {dag.py:2941} INFO - Sync 3 DAGs
[2025-06-09T12:25:44.448+0200] {logging_mixin.py:154} INFO - [2025-06-09T12:25:44.448+0200] {dag.py:3722} INFO - Setting next_dagrun for example_subdag_operator to 2022-01-01T00:00:00+00:00, run_after=2022-01-01T00:00:00+00:00
[2025-06-09T12:25:44.455+0200] {logging_mixin.py:154} INFO - [2025-06-09T12:25:44.454+0200] {dag.py:3722} INFO - Setting next_dagrun for example_subdag_operator.section-1 to None, run_after=None
[2025-06-09T12:25:44.457+0200] {logging_mixin.py:154} INFO - [2025-06-09T12:25:44.457+0200] {dag.py:3722} INFO - Setting next_dagrun for example_subdag_operator.section-2 to None, run_after=None
[2025-06-09T12:25:44.473+0200] {logging_mixin.py:154} INFO - [2025-06-09T12:25:44.473+0200] {dag.py:2941} INFO - Sync 2 DAGs
[2025-06-09T12:25:44.477+0200] {logging_mixin.py:154} INFO - [2025-06-09T12:25:44.477+0200] {dag.py:3722} INFO - Setting next_dagrun for example_subdag_operator.section-1 to None, run_after=None
[2025-06-09T12:25:44.477+0200] {logging_mixin.py:154} INFO - [2025-06-09T12:25:44.477+0200] {dag.py:3722} INFO - Setting next_dagrun for example_subdag_operator.section-2 to None, run_after=None
[2025-06-09T12:25:44.520+0200] {processor.py:179} INFO - Processing /home/diego.rivero/practica_creativa/env/lib/python3.11/site-packages/airflow/example_dags/example_subdag_operator.py took 0.181 seconds
[2025-06-09T12:26:33.649+0200] {processor.py:157} INFO - Started process (PID=78483) to work on /home/diego.rivero/practica_creativa/env/lib/python3.11/site-packages/airflow/example_dags/example_subdag_operator.py
[2025-06-09T12:26:33.649+0200] {processor.py:829} INFO - Processing file /home/diego.rivero/practica_creativa/env/lib/python3.11/site-packages/airflow/example_dags/example_subdag_operator.py for tasks to queue
[2025-06-09T12:26:33.650+0200] {logging_mixin.py:154} INFO - [2025-06-09T12:26:33.650+0200] {dagbag.py:536} INFO - Filling up the DagBag from /home/diego.rivero/practica_creativa/env/lib/python3.11/site-packages/airflow/example_dags/example_subdag_operator.py
[2025-06-09T12:26:33.689+0200] {processor.py:839} INFO - DAG(s) dict_keys(['example_subdag_operator.section-1', 'example_subdag_operator.section-2', 'example_subdag_operator']) retrieved from /home/diego.rivero/practica_creativa/env/lib/python3.11/site-packages/airflow/example_dags/example_subdag_operator.py
[2025-06-09T12:26:33.714+0200] {logging_mixin.py:154} INFO - [2025-06-09T12:26:33.714+0200] {dag.py:2941} INFO - Sync 3 DAGs
[2025-06-09T12:26:33.740+0200] {logging_mixin.py:154} INFO - [2025-06-09T12:26:33.739+0200] {dag.py:3722} INFO - Setting next_dagrun for example_subdag_operator to 2022-01-01T00:00:00+00:00, run_after=2022-01-01T00:00:00+00:00
[2025-06-09T12:26:33.745+0200] {logging_mixin.py:154} INFO - [2025-06-09T12:26:33.745+0200] {dag.py:3722} INFO - Setting next_dagrun for example_subdag_operator.section-1 to None, run_after=None
[2025-06-09T12:26:33.748+0200] {logging_mixin.py:154} INFO - [2025-06-09T12:26:33.748+0200] {dag.py:3722} INFO - Setting next_dagrun for example_subdag_operator.section-2 to None, run_after=None
[2025-06-09T12:26:33.762+0200] {logging_mixin.py:154} INFO - [2025-06-09T12:26:33.761+0200] {dag.py:2941} INFO - Sync 2 DAGs
[2025-06-09T12:26:33.765+0200] {logging_mixin.py:154} INFO - [2025-06-09T12:26:33.765+0200] {dag.py:3722} INFO - Setting next_dagrun for example_subdag_operator.section-1 to None, run_after=None
[2025-06-09T12:26:33.765+0200] {logging_mixin.py:154} INFO - [2025-06-09T12:26:33.765+0200] {dag.py:3722} INFO - Setting next_dagrun for example_subdag_operator.section-2 to None, run_after=None
[2025-06-09T12:26:33.805+0200] {processor.py:179} INFO - Processing /home/diego.rivero/practica_creativa/env/lib/python3.11/site-packages/airflow/example_dags/example_subdag_operator.py took 0.159 seconds
[2025-06-09T12:27:23.474+0200] {processor.py:157} INFO - Started process (PID=78799) to work on /home/diego.rivero/practica_creativa/env/lib/python3.11/site-packages/airflow/example_dags/example_subdag_operator.py
[2025-06-09T12:27:23.475+0200] {processor.py:829} INFO - Processing file /home/diego.rivero/practica_creativa/env/lib/python3.11/site-packages/airflow/example_dags/example_subdag_operator.py for tasks to queue
[2025-06-09T12:27:23.476+0200] {logging_mixin.py:154} INFO - [2025-06-09T12:27:23.476+0200] {dagbag.py:536} INFO - Filling up the DagBag from /home/diego.rivero/practica_creativa/env/lib/python3.11/site-packages/airflow/example_dags/example_subdag_operator.py
[2025-06-09T12:27:23.529+0200] {processor.py:839} INFO - DAG(s) dict_keys(['example_subdag_operator.section-1', 'example_subdag_operator.section-2', 'example_subdag_operator']) retrieved from /home/diego.rivero/practica_creativa/env/lib/python3.11/site-packages/airflow/example_dags/example_subdag_operator.py
[2025-06-09T12:27:23.544+0200] {logging_mixin.py:154} INFO - [2025-06-09T12:27:23.544+0200] {dag.py:2941} INFO - Sync 3 DAGs
[2025-06-09T12:27:23.578+0200] {logging_mixin.py:154} INFO - [2025-06-09T12:27:23.578+0200] {dag.py:3722} INFO - Setting next_dagrun for example_subdag_operator to 2022-01-01T00:00:00+00:00, run_after=2022-01-01T00:00:00+00:00
[2025-06-09T12:27:23.585+0200] {logging_mixin.py:154} INFO - [2025-06-09T12:27:23.585+0200] {dag.py:3722} INFO - Setting next_dagrun for example_subdag_operator.section-1 to None, run_after=None
[2025-06-09T12:27:23.588+0200] {logging_mixin.py:154} INFO - [2025-06-09T12:27:23.588+0200] {dag.py:3722} INFO - Setting next_dagrun for example_subdag_operator.section-2 to None, run_after=None
[2025-06-09T12:27:23.602+0200] {logging_mixin.py:154} INFO - [2025-06-09T12:27:23.602+0200] {dag.py:2941} INFO - Sync 2 DAGs
[2025-06-09T12:27:23.607+0200] {logging_mixin.py:154} INFO - [2025-06-09T12:27:23.607+0200] {dag.py:3722} INFO - Setting next_dagrun for example_subdag_operator.section-1 to None, run_after=None
[2025-06-09T12:27:23.607+0200] {logging_mixin.py:154} INFO - [2025-06-09T12:27:23.607+0200] {dag.py:3722} INFO - Setting next_dagrun for example_subdag_operator.section-2 to None, run_after=None
[2025-06-09T12:27:23.650+0200] {processor.py:179} INFO - Processing /home/diego.rivero/practica_creativa/env/lib/python3.11/site-packages/airflow/example_dags/example_subdag_operator.py took 0.180 seconds
[2025-06-09T12:41:38.169+0200] {processor.py:157} INFO - Started process (PID=90507) to work on /home/diego.rivero/practica_creativa/env/lib/python3.11/site-packages/airflow/example_dags/example_subdag_operator.py
[2025-06-09T12:41:38.170+0200] {processor.py:829} INFO - Processing file /home/diego.rivero/practica_creativa/env/lib/python3.11/site-packages/airflow/example_dags/example_subdag_operator.py for tasks to queue
[2025-06-09T12:41:38.171+0200] {logging_mixin.py:154} INFO - [2025-06-09T12:41:38.171+0200] {dagbag.py:536} INFO - Filling up the DagBag from /home/diego.rivero/practica_creativa/env/lib/python3.11/site-packages/airflow/example_dags/example_subdag_operator.py
[2025-06-09T12:41:38.214+0200] {processor.py:839} INFO - DAG(s) dict_keys(['example_subdag_operator.section-1', 'example_subdag_operator.section-2', 'example_subdag_operator']) retrieved from /home/diego.rivero/practica_creativa/env/lib/python3.11/site-packages/airflow/example_dags/example_subdag_operator.py
[2025-06-09T12:41:38.243+0200] {logging_mixin.py:154} INFO - [2025-06-09T12:41:38.243+0200] {dag.py:2941} INFO - Sync 3 DAGs
[2025-06-09T12:41:38.272+0200] {logging_mixin.py:154} INFO - [2025-06-09T12:41:38.272+0200] {dag.py:3722} INFO - Setting next_dagrun for example_subdag_operator to 2022-01-01T00:00:00+00:00, run_after=2022-01-01T00:00:00+00:00
[2025-06-09T12:41:38.277+0200] {logging_mixin.py:154} INFO - [2025-06-09T12:41:38.276+0200] {dag.py:3722} INFO - Setting next_dagrun for example_subdag_operator.section-1 to None, run_after=None
[2025-06-09T12:41:38.280+0200] {logging_mixin.py:154} INFO - [2025-06-09T12:41:38.280+0200] {dag.py:3722} INFO - Setting next_dagrun for example_subdag_operator.section-2 to None, run_after=None
[2025-06-09T12:41:38.295+0200] {logging_mixin.py:154} INFO - [2025-06-09T12:41:38.295+0200] {dag.py:2941} INFO - Sync 2 DAGs
[2025-06-09T12:41:38.299+0200] {logging_mixin.py:154} INFO - [2025-06-09T12:41:38.298+0200] {dag.py:3722} INFO - Setting next_dagrun for example_subdag_operator.section-1 to None, run_after=None
[2025-06-09T12:41:38.299+0200] {logging_mixin.py:154} INFO - [2025-06-09T12:41:38.299+0200] {dag.py:3722} INFO - Setting next_dagrun for example_subdag_operator.section-2 to None, run_after=None
[2025-06-09T12:41:38.341+0200] {processor.py:179} INFO - Processing /home/diego.rivero/practica_creativa/env/lib/python3.11/site-packages/airflow/example_dags/example_subdag_operator.py took 0.175 seconds
