[2025-06-09T12:23:34.311+0200] {processor.py:157} INFO - Started process (PID=77187) to work on /home/diego.rivero/practica_creativa/env/lib/python3.11/site-packages/airflow/example_dags/example_trigger_target_dag.py
[2025-06-09T12:23:34.313+0200] {processor.py:829} INFO - Processing file /home/diego.rivero/practica_creativa/env/lib/python3.11/site-packages/airflow/example_dags/example_trigger_target_dag.py for tasks to queue
[2025-06-09T12:23:34.314+0200] {logging_mixin.py:154} INFO - [2025-06-09T12:23:34.313+0200] {dagbag.py:536} INFO - Filling up the DagBag from /home/diego.rivero/practica_creativa/env/lib/python3.11/site-packages/airflow/example_dags/example_trigger_target_dag.py
[2025-06-09T12:23:34.328+0200] {processor.py:839} INFO - DAG(s) dict_keys(['example_trigger_target_dag']) retrieved from /home/diego.rivero/practica_creativa/env/lib/python3.11/site-packages/airflow/example_dags/example_trigger_target_dag.py
[2025-06-09T12:23:34.365+0200] {logging_mixin.py:154} INFO - [2025-06-09T12:23:34.365+0200] {dag.py:2941} INFO - Sync 1 DAGs
[2025-06-09T12:23:34.380+0200] {logging_mixin.py:154} INFO - [2025-06-09T12:23:34.380+0200] {dag.py:3722} INFO - Setting next_dagrun for example_trigger_target_dag to None, run_after=None
[2025-06-09T12:23:34.434+0200] {processor.py:179} INFO - Processing /home/diego.rivero/practica_creativa/env/lib/python3.11/site-packages/airflow/example_dags/example_trigger_target_dag.py took 0.132 seconds
[2025-06-09T12:24:41.811+0200] {processor.py:157} INFO - Started process (PID=77637) to work on /home/diego.rivero/practica_creativa/env/lib/python3.11/site-packages/airflow/example_dags/example_trigger_target_dag.py
[2025-06-09T12:24:41.813+0200] {processor.py:829} INFO - Processing file /home/diego.rivero/practica_creativa/env/lib/python3.11/site-packages/airflow/example_dags/example_trigger_target_dag.py for tasks to queue
[2025-06-09T12:24:41.816+0200] {logging_mixin.py:154} INFO - [2025-06-09T12:24:41.814+0200] {dagbag.py:536} INFO - Filling up the DagBag from /home/diego.rivero/practica_creativa/env/lib/python3.11/site-packages/airflow/example_dags/example_trigger_target_dag.py
[2025-06-09T12:24:41.848+0200] {processor.py:839} INFO - DAG(s) dict_keys(['example_trigger_target_dag']) retrieved from /home/diego.rivero/practica_creativa/env/lib/python3.11/site-packages/airflow/example_dags/example_trigger_target_dag.py
[2025-06-09T12:24:41.882+0200] {logging_mixin.py:154} INFO - [2025-06-09T12:24:41.882+0200] {dag.py:2941} INFO - Sync 1 DAGs
[2025-06-09T12:24:41.917+0200] {logging_mixin.py:154} INFO - [2025-06-09T12:24:41.916+0200] {dag.py:3722} INFO - Setting next_dagrun for example_trigger_target_dag to None, run_after=None
[2025-06-09T12:24:41.995+0200] {processor.py:179} INFO - Processing /home/diego.rivero/practica_creativa/env/lib/python3.11/site-packages/airflow/example_dags/example_trigger_target_dag.py took 0.194 seconds
[2025-06-09T12:25:36.152+0200] {processor.py:157} INFO - Started process (PID=78023) to work on /home/diego.rivero/practica_creativa/env/lib/python3.11/site-packages/airflow/example_dags/example_trigger_target_dag.py
[2025-06-09T12:25:36.154+0200] {processor.py:829} INFO - Processing file /home/diego.rivero/practica_creativa/env/lib/python3.11/site-packages/airflow/example_dags/example_trigger_target_dag.py for tasks to queue
[2025-06-09T12:25:36.155+0200] {logging_mixin.py:154} INFO - [2025-06-09T12:25:36.155+0200] {dagbag.py:536} INFO - Filling up the DagBag from /home/diego.rivero/practica_creativa/env/lib/python3.11/site-packages/airflow/example_dags/example_trigger_target_dag.py
[2025-06-09T12:25:36.165+0200] {processor.py:839} INFO - DAG(s) dict_keys(['example_trigger_target_dag']) retrieved from /home/diego.rivero/practica_creativa/env/lib/python3.11/site-packages/airflow/example_dags/example_trigger_target_dag.py
[2025-06-09T12:25:36.192+0200] {logging_mixin.py:154} INFO - [2025-06-09T12:25:36.192+0200] {dag.py:2941} INFO - Sync 1 DAGs
[2025-06-09T12:25:36.208+0200] {logging_mixin.py:154} INFO - [2025-06-09T12:25:36.208+0200] {dag.py:3722} INFO - Setting next_dagrun for example_trigger_target_dag to None, run_after=None
[2025-06-09T12:25:36.263+0200] {processor.py:179} INFO - Processing /home/diego.rivero/practica_creativa/env/lib/python3.11/site-packages/airflow/example_dags/example_trigger_target_dag.py took 0.118 seconds
[2025-06-09T12:26:28.066+0200] {processor.py:157} INFO - Started process (PID=78451) to work on /home/diego.rivero/practica_creativa/env/lib/python3.11/site-packages/airflow/example_dags/example_trigger_target_dag.py
[2025-06-09T12:26:28.069+0200] {processor.py:829} INFO - Processing file /home/diego.rivero/practica_creativa/env/lib/python3.11/site-packages/airflow/example_dags/example_trigger_target_dag.py for tasks to queue
[2025-06-09T12:26:28.071+0200] {logging_mixin.py:154} INFO - [2025-06-09T12:26:28.070+0200] {dagbag.py:536} INFO - Filling up the DagBag from /home/diego.rivero/practica_creativa/env/lib/python3.11/site-packages/airflow/example_dags/example_trigger_target_dag.py
[2025-06-09T12:26:28.090+0200] {processor.py:839} INFO - DAG(s) dict_keys(['example_trigger_target_dag']) retrieved from /home/diego.rivero/practica_creativa/env/lib/python3.11/site-packages/airflow/example_dags/example_trigger_target_dag.py
[2025-06-09T12:26:28.124+0200] {logging_mixin.py:154} INFO - [2025-06-09T12:26:28.124+0200] {dag.py:2941} INFO - Sync 1 DAGs
[2025-06-09T12:26:28.139+0200] {logging_mixin.py:154} INFO - [2025-06-09T12:26:28.139+0200] {dag.py:3722} INFO - Setting next_dagrun for example_trigger_target_dag to None, run_after=None
[2025-06-09T12:26:28.190+0200] {processor.py:179} INFO - Processing /home/diego.rivero/practica_creativa/env/lib/python3.11/site-packages/airflow/example_dags/example_trigger_target_dag.py took 0.134 seconds
[2025-06-09T12:27:15.841+0200] {processor.py:157} INFO - Started process (PID=78760) to work on /home/diego.rivero/practica_creativa/env/lib/python3.11/site-packages/airflow/example_dags/example_trigger_target_dag.py
[2025-06-09T12:27:15.842+0200] {processor.py:829} INFO - Processing file /home/diego.rivero/practica_creativa/env/lib/python3.11/site-packages/airflow/example_dags/example_trigger_target_dag.py for tasks to queue
[2025-06-09T12:27:15.843+0200] {logging_mixin.py:154} INFO - [2025-06-09T12:27:15.843+0200] {dagbag.py:536} INFO - Filling up the DagBag from /home/diego.rivero/practica_creativa/env/lib/python3.11/site-packages/airflow/example_dags/example_trigger_target_dag.py
[2025-06-09T12:27:15.856+0200] {processor.py:839} INFO - DAG(s) dict_keys(['example_trigger_target_dag']) retrieved from /home/diego.rivero/practica_creativa/env/lib/python3.11/site-packages/airflow/example_dags/example_trigger_target_dag.py
[2025-06-09T12:27:15.873+0200] {logging_mixin.py:154} INFO - [2025-06-09T12:27:15.873+0200] {dag.py:2941} INFO - Sync 1 DAGs
[2025-06-09T12:27:15.893+0200] {logging_mixin.py:154} INFO - [2025-06-09T12:27:15.893+0200] {dag.py:3722} INFO - Setting next_dagrun for example_trigger_target_dag to None, run_after=None
[2025-06-09T12:27:15.994+0200] {processor.py:179} INFO - Processing /home/diego.rivero/practica_creativa/env/lib/python3.11/site-packages/airflow/example_dags/example_trigger_target_dag.py took 0.161 seconds
[2025-06-09T12:41:31.385+0200] {processor.py:157} INFO - Started process (PID=90419) to work on /home/diego.rivero/practica_creativa/env/lib/python3.11/site-packages/airflow/example_dags/example_trigger_target_dag.py
[2025-06-09T12:41:31.386+0200] {processor.py:829} INFO - Processing file /home/diego.rivero/practica_creativa/env/lib/python3.11/site-packages/airflow/example_dags/example_trigger_target_dag.py for tasks to queue
[2025-06-09T12:41:31.387+0200] {logging_mixin.py:154} INFO - [2025-06-09T12:41:31.387+0200] {dagbag.py:536} INFO - Filling up the DagBag from /home/diego.rivero/practica_creativa/env/lib/python3.11/site-packages/airflow/example_dags/example_trigger_target_dag.py
[2025-06-09T12:41:31.398+0200] {processor.py:839} INFO - DAG(s) dict_keys(['example_trigger_target_dag']) retrieved from /home/diego.rivero/practica_creativa/env/lib/python3.11/site-packages/airflow/example_dags/example_trigger_target_dag.py
[2025-06-09T12:41:31.437+0200] {logging_mixin.py:154} INFO - [2025-06-09T12:41:31.436+0200] {dag.py:2941} INFO - Sync 1 DAGs
[2025-06-09T12:41:31.452+0200] {logging_mixin.py:154} INFO - [2025-06-09T12:41:31.452+0200] {dag.py:3722} INFO - Setting next_dagrun for example_trigger_target_dag to None, run_after=None
[2025-06-09T12:41:31.509+0200] {processor.py:179} INFO - Processing /home/diego.rivero/practica_creativa/env/lib/python3.11/site-packages/airflow/example_dags/example_trigger_target_dag.py took 0.127 seconds
