[2025-06-09T12:23:59.934+0200] {processor.py:157} INFO - Started process (PID=77368) to work on /home/diego.rivero/practica_creativa/env/lib/python3.11/site-packages/airflow/example_dags/example_latest_only.py
[2025-06-09T12:23:59.936+0200] {processor.py:829} INFO - Processing file /home/diego.rivero/practica_creativa/env/lib/python3.11/site-packages/airflow/example_dags/example_latest_only.py for tasks to queue
[2025-06-09T12:23:59.939+0200] {logging_mixin.py:154} INFO - [2025-06-09T12:23:59.938+0200] {dagbag.py:536} INFO - Filling up the DagBag from /home/diego.rivero/practica_creativa/env/lib/python3.11/site-packages/airflow/example_dags/example_latest_only.py
[2025-06-09T12:23:59.954+0200] {processor.py:839} INFO - DAG(s) dict_keys(['latest_only']) retrieved from /home/diego.rivero/practica_creativa/env/lib/python3.11/site-packages/airflow/example_dags/example_latest_only.py
[2025-06-09T12:23:59.986+0200] {logging_mixin.py:154} INFO - [2025-06-09T12:23:59.986+0200] {dag.py:2941} INFO - Sync 1 DAGs
[2025-06-09T12:24:00.014+0200] {logging_mixin.py:154} INFO - [2025-06-09T12:24:00.014+0200] {dag.py:3722} INFO - Setting next_dagrun for latest_only to 2025-06-09T06:24:00.013986+00:00, run_after=2025-06-09T10:24:00.013986+00:00
[2025-06-09T12:24:00.071+0200] {processor.py:179} INFO - Processing /home/diego.rivero/practica_creativa/env/lib/python3.11/site-packages/airflow/example_dags/example_latest_only.py took 0.147 seconds
[2025-06-09T12:25:08.283+0200] {processor.py:157} INFO - Started process (PID=77814) to work on /home/diego.rivero/practica_creativa/env/lib/python3.11/site-packages/airflow/example_dags/example_latest_only.py
[2025-06-09T12:25:08.284+0200] {processor.py:829} INFO - Processing file /home/diego.rivero/practica_creativa/env/lib/python3.11/site-packages/airflow/example_dags/example_latest_only.py for tasks to queue
[2025-06-09T12:25:08.285+0200] {logging_mixin.py:154} INFO - [2025-06-09T12:25:08.284+0200] {dagbag.py:536} INFO - Filling up the DagBag from /home/diego.rivero/practica_creativa/env/lib/python3.11/site-packages/airflow/example_dags/example_latest_only.py
[2025-06-09T12:25:08.292+0200] {processor.py:839} INFO - DAG(s) dict_keys(['latest_only']) retrieved from /home/diego.rivero/practica_creativa/env/lib/python3.11/site-packages/airflow/example_dags/example_latest_only.py
[2025-06-09T12:25:08.322+0200] {logging_mixin.py:154} INFO - [2025-06-09T12:25:08.322+0200] {dag.py:2941} INFO - Sync 1 DAGs
[2025-06-09T12:25:08.352+0200] {logging_mixin.py:154} INFO - [2025-06-09T12:25:08.351+0200] {dag.py:3722} INFO - Setting next_dagrun for latest_only to 2025-06-09T06:25:08.351649+00:00, run_after=2025-06-09T10:25:08.351649+00:00
[2025-06-09T12:25:08.409+0200] {processor.py:179} INFO - Processing /home/diego.rivero/practica_creativa/env/lib/python3.11/site-packages/airflow/example_dags/example_latest_only.py took 0.129 seconds
[2025-06-09T12:26:03.762+0200] {processor.py:157} INFO - Started process (PID=78233) to work on /home/diego.rivero/practica_creativa/env/lib/python3.11/site-packages/airflow/example_dags/example_latest_only.py
[2025-06-09T12:26:03.765+0200] {processor.py:829} INFO - Processing file /home/diego.rivero/practica_creativa/env/lib/python3.11/site-packages/airflow/example_dags/example_latest_only.py for tasks to queue
[2025-06-09T12:26:03.767+0200] {logging_mixin.py:154} INFO - [2025-06-09T12:26:03.766+0200] {dagbag.py:536} INFO - Filling up the DagBag from /home/diego.rivero/practica_creativa/env/lib/python3.11/site-packages/airflow/example_dags/example_latest_only.py
[2025-06-09T12:26:03.789+0200] {processor.py:839} INFO - DAG(s) dict_keys(['latest_only']) retrieved from /home/diego.rivero/practica_creativa/env/lib/python3.11/site-packages/airflow/example_dags/example_latest_only.py
[2025-06-09T12:26:03.859+0200] {logging_mixin.py:154} INFO - [2025-06-09T12:26:03.859+0200] {dag.py:2941} INFO - Sync 1 DAGs
[2025-06-09T12:26:03.919+0200] {logging_mixin.py:154} INFO - [2025-06-09T12:26:03.919+0200] {dag.py:3722} INFO - Setting next_dagrun for latest_only to 2025-06-09T06:26:03.919118+00:00, run_after=2025-06-09T10:26:03.919118+00:00
[2025-06-09T12:26:03.986+0200] {processor.py:179} INFO - Processing /home/diego.rivero/practica_creativa/env/lib/python3.11/site-packages/airflow/example_dags/example_latest_only.py took 0.235 seconds
[2025-06-09T12:27:42.445+0200] {processor.py:157} INFO - Started process (PID=78918) to work on /home/diego.rivero/practica_creativa/env/lib/python3.11/site-packages/airflow/example_dags/example_latest_only.py
[2025-06-09T12:27:42.447+0200] {processor.py:829} INFO - Processing file /home/diego.rivero/practica_creativa/env/lib/python3.11/site-packages/airflow/example_dags/example_latest_only.py for tasks to queue
[2025-06-09T12:27:42.450+0200] {logging_mixin.py:154} INFO - [2025-06-09T12:27:42.449+0200] {dagbag.py:536} INFO - Filling up the DagBag from /home/diego.rivero/practica_creativa/env/lib/python3.11/site-packages/airflow/example_dags/example_latest_only.py
[2025-06-09T12:27:42.471+0200] {processor.py:839} INFO - DAG(s) dict_keys(['latest_only']) retrieved from /home/diego.rivero/practica_creativa/env/lib/python3.11/site-packages/airflow/example_dags/example_latest_only.py
[2025-06-09T12:27:42.543+0200] {logging_mixin.py:154} INFO - [2025-06-09T12:27:42.542+0200] {dag.py:2941} INFO - Sync 1 DAGs
[2025-06-09T12:27:42.581+0200] {logging_mixin.py:154} INFO - [2025-06-09T12:27:42.581+0200] {dag.py:3722} INFO - Setting next_dagrun for latest_only to 2025-06-09T06:27:42.581285+00:00, run_after=2025-06-09T10:27:42.581285+00:00
[2025-06-09T12:27:42.637+0200] {processor.py:179} INFO - Processing /home/diego.rivero/practica_creativa/env/lib/python3.11/site-packages/airflow/example_dags/example_latest_only.py took 0.202 seconds
[2025-06-09T12:41:55.306+0200] {processor.py:157} INFO - Started process (PID=90621) to work on /home/diego.rivero/practica_creativa/env/lib/python3.11/site-packages/airflow/example_dags/example_latest_only.py
[2025-06-09T12:41:55.309+0200] {processor.py:829} INFO - Processing file /home/diego.rivero/practica_creativa/env/lib/python3.11/site-packages/airflow/example_dags/example_latest_only.py for tasks to queue
[2025-06-09T12:41:55.311+0200] {logging_mixin.py:154} INFO - [2025-06-09T12:41:55.310+0200] {dagbag.py:536} INFO - Filling up the DagBag from /home/diego.rivero/practica_creativa/env/lib/python3.11/site-packages/airflow/example_dags/example_latest_only.py
[2025-06-09T12:41:55.332+0200] {processor.py:839} INFO - DAG(s) dict_keys(['latest_only']) retrieved from /home/diego.rivero/practica_creativa/env/lib/python3.11/site-packages/airflow/example_dags/example_latest_only.py
[2025-06-09T12:41:55.405+0200] {logging_mixin.py:154} INFO - [2025-06-09T12:41:55.405+0200] {dag.py:2941} INFO - Sync 1 DAGs
[2025-06-09T12:41:55.480+0200] {logging_mixin.py:154} INFO - [2025-06-09T12:41:55.480+0200] {dag.py:3722} INFO - Setting next_dagrun for latest_only to 2025-06-09T06:41:55.479367+00:00, run_after=2025-06-09T10:41:55.479367+00:00
[2025-06-09T12:41:55.588+0200] {processor.py:179} INFO - Processing /home/diego.rivero/practica_creativa/env/lib/python3.11/site-packages/airflow/example_dags/example_latest_only.py took 0.293 seconds
