[2025-06-09T12:24:05.377+0200] {processor.py:157} INFO - Started process (PID=77395) to work on /home/diego.rivero/practica_creativa/env/lib/python3.11/site-packages/airflow/example_dags/example_datasets.py
[2025-06-09T12:24:05.380+0200] {processor.py:829} INFO - Processing file /home/diego.rivero/practica_creativa/env/lib/python3.11/site-packages/airflow/example_dags/example_datasets.py for tasks to queue
[2025-06-09T12:24:05.382+0200] {logging_mixin.py:154} INFO - [2025-06-09T12:24:05.381+0200] {dagbag.py:536} INFO - Filling up the DagBag from /home/diego.rivero/practica_creativa/env/lib/python3.11/site-packages/airflow/example_dags/example_datasets.py
[2025-06-09T12:24:05.411+0200] {processor.py:839} INFO - DAG(s) dict_keys(['dataset_consumes_1', 'dataset_consumes_1_never_scheduled', 'dataset_produces_2', 'dataset_produces_1', 'dataset_consumes_1_and_2', 'dataset_consumes_unknown_never_scheduled']) retrieved from /home/diego.rivero/practica_creativa/env/lib/python3.11/site-packages/airflow/example_dags/example_datasets.py
[2025-06-09T12:24:05.477+0200] {logging_mixin.py:154} INFO - [2025-06-09T12:24:05.477+0200] {dag.py:2941} INFO - Sync 6 DAGs
[2025-06-09T12:24:05.516+0200] {logging_mixin.py:154} INFO - [2025-06-09T12:24:05.515+0200] {dag.py:3722} INFO - Setting next_dagrun for dataset_consumes_1 to None, run_after=None
[2025-06-09T12:24:05.521+0200] {logging_mixin.py:154} INFO - [2025-06-09T12:24:05.521+0200] {dag.py:3722} INFO - Setting next_dagrun for dataset_consumes_1_and_2 to None, run_after=None
[2025-06-09T12:24:05.525+0200] {logging_mixin.py:154} INFO - [2025-06-09T12:24:05.525+0200] {dag.py:3722} INFO - Setting next_dagrun for dataset_consumes_1_never_scheduled to None, run_after=None
[2025-06-09T12:24:05.528+0200] {logging_mixin.py:154} INFO - [2025-06-09T12:24:05.528+0200] {dag.py:3722} INFO - Setting next_dagrun for dataset_consumes_unknown_never_scheduled to None, run_after=None
[2025-06-09T12:24:05.533+0200] {logging_mixin.py:154} INFO - [2025-06-09T12:24:05.533+0200] {dag.py:3722} INFO - Setting next_dagrun for dataset_produces_1 to 2025-06-08T00:00:00+00:00, run_after=2025-06-09T00:00:00+00:00
[2025-06-09T12:24:05.536+0200] {logging_mixin.py:154} INFO - [2025-06-09T12:24:05.536+0200] {dag.py:3722} INFO - Setting next_dagrun for dataset_produces_2 to None, run_after=None
[2025-06-09T12:24:05.657+0200] {processor.py:179} INFO - Processing /home/diego.rivero/practica_creativa/env/lib/python3.11/site-packages/airflow/example_dags/example_datasets.py took 0.289 seconds
[2025-06-09T12:25:13.536+0200] {processor.py:157} INFO - Started process (PID=77878) to work on /home/diego.rivero/practica_creativa/env/lib/python3.11/site-packages/airflow/example_dags/example_datasets.py
[2025-06-09T12:25:13.537+0200] {processor.py:829} INFO - Processing file /home/diego.rivero/practica_creativa/env/lib/python3.11/site-packages/airflow/example_dags/example_datasets.py for tasks to queue
[2025-06-09T12:25:13.538+0200] {logging_mixin.py:154} INFO - [2025-06-09T12:25:13.538+0200] {dagbag.py:536} INFO - Filling up the DagBag from /home/diego.rivero/practica_creativa/env/lib/python3.11/site-packages/airflow/example_dags/example_datasets.py
[2025-06-09T12:25:13.549+0200] {processor.py:839} INFO - DAG(s) dict_keys(['dataset_produces_1', 'dataset_consumes_1_and_2', 'dataset_consumes_unknown_never_scheduled', 'dataset_consumes_1', 'dataset_consumes_1_never_scheduled', 'dataset_produces_2']) retrieved from /home/diego.rivero/practica_creativa/env/lib/python3.11/site-packages/airflow/example_dags/example_datasets.py
[2025-06-09T12:25:13.615+0200] {logging_mixin.py:154} INFO - [2025-06-09T12:25:13.615+0200] {dag.py:2941} INFO - Sync 6 DAGs
[2025-06-09T12:25:13.648+0200] {logging_mixin.py:154} INFO - [2025-06-09T12:25:13.648+0200] {dag.py:3722} INFO - Setting next_dagrun for dataset_consumes_1 to None, run_after=None
[2025-06-09T12:25:13.655+0200] {logging_mixin.py:154} INFO - [2025-06-09T12:25:13.655+0200] {dag.py:3722} INFO - Setting next_dagrun for dataset_consumes_1_and_2 to None, run_after=None
[2025-06-09T12:25:13.658+0200] {logging_mixin.py:154} INFO - [2025-06-09T12:25:13.658+0200] {dag.py:3722} INFO - Setting next_dagrun for dataset_consumes_1_never_scheduled to None, run_after=None
[2025-06-09T12:25:13.661+0200] {logging_mixin.py:154} INFO - [2025-06-09T12:25:13.661+0200] {dag.py:3722} INFO - Setting next_dagrun for dataset_consumes_unknown_never_scheduled to None, run_after=None
[2025-06-09T12:25:13.667+0200] {logging_mixin.py:154} INFO - [2025-06-09T12:25:13.667+0200] {dag.py:3722} INFO - Setting next_dagrun for dataset_produces_1 to 2025-06-08T00:00:00+00:00, run_after=2025-06-09T00:00:00+00:00
[2025-06-09T12:25:13.670+0200] {logging_mixin.py:154} INFO - [2025-06-09T12:25:13.669+0200] {dag.py:3722} INFO - Setting next_dagrun for dataset_produces_2 to None, run_after=None
[2025-06-09T12:25:13.775+0200] {processor.py:179} INFO - Processing /home/diego.rivero/practica_creativa/env/lib/python3.11/site-packages/airflow/example_dags/example_datasets.py took 0.241 seconds
[2025-06-09T12:26:09.100+0200] {processor.py:157} INFO - Started process (PID=78265) to work on /home/diego.rivero/practica_creativa/env/lib/python3.11/site-packages/airflow/example_dags/example_datasets.py
[2025-06-09T12:26:09.101+0200] {processor.py:829} INFO - Processing file /home/diego.rivero/practica_creativa/env/lib/python3.11/site-packages/airflow/example_dags/example_datasets.py for tasks to queue
[2025-06-09T12:26:09.102+0200] {logging_mixin.py:154} INFO - [2025-06-09T12:26:09.101+0200] {dagbag.py:536} INFO - Filling up the DagBag from /home/diego.rivero/practica_creativa/env/lib/python3.11/site-packages/airflow/example_dags/example_datasets.py
[2025-06-09T12:26:09.113+0200] {processor.py:839} INFO - DAG(s) dict_keys(['dataset_produces_2', 'dataset_consumes_1_and_2', 'dataset_consumes_1_never_scheduled', 'dataset_consumes_unknown_never_scheduled', 'dataset_produces_1', 'dataset_consumes_1']) retrieved from /home/diego.rivero/practica_creativa/env/lib/python3.11/site-packages/airflow/example_dags/example_datasets.py
[2025-06-09T12:26:09.173+0200] {logging_mixin.py:154} INFO - [2025-06-09T12:26:09.172+0200] {dag.py:2941} INFO - Sync 6 DAGs
[2025-06-09T12:26:09.204+0200] {logging_mixin.py:154} INFO - [2025-06-09T12:26:09.204+0200] {dag.py:3722} INFO - Setting next_dagrun for dataset_consumes_1 to None, run_after=None
[2025-06-09T12:26:09.209+0200] {logging_mixin.py:154} INFO - [2025-06-09T12:26:09.209+0200] {dag.py:3722} INFO - Setting next_dagrun for dataset_consumes_1_and_2 to None, run_after=None
[2025-06-09T12:26:09.212+0200] {logging_mixin.py:154} INFO - [2025-06-09T12:26:09.212+0200] {dag.py:3722} INFO - Setting next_dagrun for dataset_consumes_1_never_scheduled to None, run_after=None
[2025-06-09T12:26:09.215+0200] {logging_mixin.py:154} INFO - [2025-06-09T12:26:09.215+0200] {dag.py:3722} INFO - Setting next_dagrun for dataset_consumes_unknown_never_scheduled to None, run_after=None
[2025-06-09T12:26:09.221+0200] {logging_mixin.py:154} INFO - [2025-06-09T12:26:09.221+0200] {dag.py:3722} INFO - Setting next_dagrun for dataset_produces_1 to 2025-06-08T00:00:00+00:00, run_after=2025-06-09T00:00:00+00:00
[2025-06-09T12:26:09.224+0200] {logging_mixin.py:154} INFO - [2025-06-09T12:26:09.224+0200] {dag.py:3722} INFO - Setting next_dagrun for dataset_produces_2 to None, run_after=None
[2025-06-09T12:26:09.306+0200] {processor.py:179} INFO - Processing /home/diego.rivero/practica_creativa/env/lib/python3.11/site-packages/airflow/example_dags/example_datasets.py took 0.210 seconds
[2025-06-09T12:27:47.721+0200] {processor.py:157} INFO - Started process (PID=78980) to work on /home/diego.rivero/practica_creativa/env/lib/python3.11/site-packages/airflow/example_dags/example_datasets.py
[2025-06-09T12:27:47.723+0200] {processor.py:829} INFO - Processing file /home/diego.rivero/practica_creativa/env/lib/python3.11/site-packages/airflow/example_dags/example_datasets.py for tasks to queue
[2025-06-09T12:27:47.726+0200] {logging_mixin.py:154} INFO - [2025-06-09T12:27:47.725+0200] {dagbag.py:536} INFO - Filling up the DagBag from /home/diego.rivero/practica_creativa/env/lib/python3.11/site-packages/airflow/example_dags/example_datasets.py
[2025-06-09T12:27:47.759+0200] {processor.py:839} INFO - DAG(s) dict_keys(['dataset_produces_1', 'dataset_consumes_1_and_2', 'dataset_consumes_unknown_never_scheduled', 'dataset_produces_2', 'dataset_consumes_1_never_scheduled', 'dataset_consumes_1']) retrieved from /home/diego.rivero/practica_creativa/env/lib/python3.11/site-packages/airflow/example_dags/example_datasets.py
[2025-06-09T12:27:47.838+0200] {logging_mixin.py:154} INFO - [2025-06-09T12:27:47.838+0200] {dag.py:2941} INFO - Sync 6 DAGs
[2025-06-09T12:27:47.867+0200] {logging_mixin.py:154} INFO - [2025-06-09T12:27:47.867+0200] {dag.py:3722} INFO - Setting next_dagrun for dataset_consumes_1 to None, run_after=None
[2025-06-09T12:27:47.873+0200] {logging_mixin.py:154} INFO - [2025-06-09T12:27:47.872+0200] {dag.py:3722} INFO - Setting next_dagrun for dataset_consumes_1_and_2 to None, run_after=None
[2025-06-09T12:27:47.875+0200] {logging_mixin.py:154} INFO - [2025-06-09T12:27:47.875+0200] {dag.py:3722} INFO - Setting next_dagrun for dataset_consumes_1_never_scheduled to None, run_after=None
[2025-06-09T12:27:47.878+0200] {logging_mixin.py:154} INFO - [2025-06-09T12:27:47.877+0200] {dag.py:3722} INFO - Setting next_dagrun for dataset_consumes_unknown_never_scheduled to None, run_after=None
[2025-06-09T12:27:47.882+0200] {logging_mixin.py:154} INFO - [2025-06-09T12:27:47.881+0200] {dag.py:3722} INFO - Setting next_dagrun for dataset_produces_1 to 2025-06-08T00:00:00+00:00, run_after=2025-06-09T00:00:00+00:00
[2025-06-09T12:27:47.884+0200] {logging_mixin.py:154} INFO - [2025-06-09T12:27:47.884+0200] {dag.py:3722} INFO - Setting next_dagrun for dataset_produces_2 to None, run_after=None
[2025-06-09T12:27:47.960+0200] {processor.py:179} INFO - Processing /home/diego.rivero/practica_creativa/env/lib/python3.11/site-packages/airflow/example_dags/example_datasets.py took 0.250 seconds
[2025-06-09T12:42:00.495+0200] {processor.py:157} INFO - Started process (PID=90647) to work on /home/diego.rivero/practica_creativa/env/lib/python3.11/site-packages/airflow/example_dags/example_datasets.py
[2025-06-09T12:42:00.496+0200] {processor.py:829} INFO - Processing file /home/diego.rivero/practica_creativa/env/lib/python3.11/site-packages/airflow/example_dags/example_datasets.py for tasks to queue
[2025-06-09T12:42:00.498+0200] {logging_mixin.py:154} INFO - [2025-06-09T12:42:00.497+0200] {dagbag.py:536} INFO - Filling up the DagBag from /home/diego.rivero/practica_creativa/env/lib/python3.11/site-packages/airflow/example_dags/example_datasets.py
[2025-06-09T12:42:00.515+0200] {processor.py:839} INFO - DAG(s) dict_keys(['dataset_produces_2', 'dataset_consumes_1', 'dataset_consumes_1_never_scheduled', 'dataset_consumes_1_and_2', 'dataset_consumes_unknown_never_scheduled', 'dataset_produces_1']) retrieved from /home/diego.rivero/practica_creativa/env/lib/python3.11/site-packages/airflow/example_dags/example_datasets.py
[2025-06-09T12:42:00.583+0200] {logging_mixin.py:154} INFO - [2025-06-09T12:42:00.582+0200] {dag.py:2941} INFO - Sync 6 DAGs
[2025-06-09T12:42:00.624+0200] {logging_mixin.py:154} INFO - [2025-06-09T12:42:00.624+0200] {dag.py:3722} INFO - Setting next_dagrun for dataset_consumes_1 to None, run_after=None
[2025-06-09T12:42:00.632+0200] {logging_mixin.py:154} INFO - [2025-06-09T12:42:00.632+0200] {dag.py:3722} INFO - Setting next_dagrun for dataset_consumes_1_and_2 to None, run_after=None
[2025-06-09T12:42:00.637+0200] {logging_mixin.py:154} INFO - [2025-06-09T12:42:00.636+0200] {dag.py:3722} INFO - Setting next_dagrun for dataset_consumes_1_never_scheduled to None, run_after=None
[2025-06-09T12:42:00.641+0200] {logging_mixin.py:154} INFO - [2025-06-09T12:42:00.641+0200] {dag.py:3722} INFO - Setting next_dagrun for dataset_consumes_unknown_never_scheduled to None, run_after=None
[2025-06-09T12:42:00.651+0200] {logging_mixin.py:154} INFO - [2025-06-09T12:42:00.650+0200] {dag.py:3722} INFO - Setting next_dagrun for dataset_produces_1 to 2025-06-08T00:00:00+00:00, run_after=2025-06-09T00:00:00+00:00
[2025-06-09T12:42:00.656+0200] {logging_mixin.py:154} INFO - [2025-06-09T12:42:00.655+0200] {dag.py:3722} INFO - Setting next_dagrun for dataset_produces_2 to None, run_after=None
[2025-06-09T12:42:00.794+0200] {processor.py:179} INFO - Processing /home/diego.rivero/practica_creativa/env/lib/python3.11/site-packages/airflow/example_dags/example_datasets.py took 0.308 seconds
