[2025-06-09T12:23:47.464+0200] {processor.py:157} INFO - Started process (PID=77300) to work on /home/diego.rivero/practica_creativa/env/lib/python3.11/site-packages/airflow/example_dags/example_short_circuit_decorator.py
[2025-06-09T12:23:47.466+0200] {processor.py:829} INFO - Processing file /home/diego.rivero/practica_creativa/env/lib/python3.11/site-packages/airflow/example_dags/example_short_circuit_decorator.py for tasks to queue
[2025-06-09T12:23:47.469+0200] {logging_mixin.py:154} INFO - [2025-06-09T12:23:47.468+0200] {dagbag.py:536} INFO - Filling up the DagBag from /home/diego.rivero/practica_creativa/env/lib/python3.11/site-packages/airflow/example_dags/example_short_circuit_decorator.py
[2025-06-09T12:23:47.504+0200] {processor.py:839} INFO - DAG(s) dict_keys(['example_short_circuit_decorator']) retrieved from /home/diego.rivero/practica_creativa/env/lib/python3.11/site-packages/airflow/example_dags/example_short_circuit_decorator.py
[2025-06-09T12:23:47.552+0200] {logging_mixin.py:154} INFO - [2025-06-09T12:23:47.552+0200] {dag.py:2941} INFO - Sync 1 DAGs
[2025-06-09T12:23:47.597+0200] {logging_mixin.py:154} INFO - [2025-06-09T12:23:47.596+0200] {dag.py:3722} INFO - Setting next_dagrun for example_short_circuit_decorator to 2025-06-08T10:23:47.596160+00:00, run_after=2025-06-09T10:23:47.596160+00:00
[2025-06-09T12:23:47.679+0200] {processor.py:179} INFO - Processing /home/diego.rivero/practica_creativa/env/lib/python3.11/site-packages/airflow/example_dags/example_short_circuit_decorator.py took 0.225 seconds
[2025-06-09T12:24:55.204+0200] {processor.py:157} INFO - Started process (PID=77751) to work on /home/diego.rivero/practica_creativa/env/lib/python3.11/site-packages/airflow/example_dags/example_short_circuit_decorator.py
[2025-06-09T12:24:55.205+0200] {processor.py:829} INFO - Processing file /home/diego.rivero/practica_creativa/env/lib/python3.11/site-packages/airflow/example_dags/example_short_circuit_decorator.py for tasks to queue
[2025-06-09T12:24:55.206+0200] {logging_mixin.py:154} INFO - [2025-06-09T12:24:55.205+0200] {dagbag.py:536} INFO - Filling up the DagBag from /home/diego.rivero/practica_creativa/env/lib/python3.11/site-packages/airflow/example_dags/example_short_circuit_decorator.py
[2025-06-09T12:24:55.218+0200] {processor.py:839} INFO - DAG(s) dict_keys(['example_short_circuit_decorator']) retrieved from /home/diego.rivero/practica_creativa/env/lib/python3.11/site-packages/airflow/example_dags/example_short_circuit_decorator.py
[2025-06-09T12:24:55.235+0200] {logging_mixin.py:154} INFO - [2025-06-09T12:24:55.235+0200] {dag.py:2941} INFO - Sync 1 DAGs
[2025-06-09T12:24:55.266+0200] {logging_mixin.py:154} INFO - [2025-06-09T12:24:55.266+0200] {dag.py:3722} INFO - Setting next_dagrun for example_short_circuit_decorator to 2025-06-08T10:24:55.265825+00:00, run_after=2025-06-09T10:24:55.265825+00:00
[2025-06-09T12:24:55.326+0200] {processor.py:179} INFO - Processing /home/diego.rivero/practica_creativa/env/lib/python3.11/site-packages/airflow/example_dags/example_short_circuit_decorator.py took 0.126 seconds
[2025-06-09T12:25:49.698+0200] {processor.py:157} INFO - Started process (PID=78146) to work on /home/diego.rivero/practica_creativa/env/lib/python3.11/site-packages/airflow/example_dags/example_short_circuit_decorator.py
[2025-06-09T12:25:49.700+0200] {processor.py:829} INFO - Processing file /home/diego.rivero/practica_creativa/env/lib/python3.11/site-packages/airflow/example_dags/example_short_circuit_decorator.py for tasks to queue
[2025-06-09T12:25:49.701+0200] {logging_mixin.py:154} INFO - [2025-06-09T12:25:49.701+0200] {dagbag.py:536} INFO - Filling up the DagBag from /home/diego.rivero/practica_creativa/env/lib/python3.11/site-packages/airflow/example_dags/example_short_circuit_decorator.py
[2025-06-09T12:25:49.715+0200] {processor.py:839} INFO - DAG(s) dict_keys(['example_short_circuit_decorator']) retrieved from /home/diego.rivero/practica_creativa/env/lib/python3.11/site-packages/airflow/example_dags/example_short_circuit_decorator.py
[2025-06-09T12:25:49.745+0200] {logging_mixin.py:154} INFO - [2025-06-09T12:25:49.744+0200] {dag.py:2941} INFO - Sync 1 DAGs
[2025-06-09T12:25:49.776+0200] {logging_mixin.py:154} INFO - [2025-06-09T12:25:49.776+0200] {dag.py:3722} INFO - Setting next_dagrun for example_short_circuit_decorator to 2025-06-08T10:25:49.776395+00:00, run_after=2025-06-09T10:25:49.776395+00:00
[2025-06-09T12:25:49.837+0200] {processor.py:179} INFO - Processing /home/diego.rivero/practica_creativa/env/lib/python3.11/site-packages/airflow/example_dags/example_short_circuit_decorator.py took 0.146 seconds
[2025-06-09T12:27:28.891+0200] {processor.py:157} INFO - Started process (PID=78856) to work on /home/diego.rivero/practica_creativa/env/lib/python3.11/site-packages/airflow/example_dags/example_short_circuit_decorator.py
[2025-06-09T12:27:28.893+0200] {processor.py:829} INFO - Processing file /home/diego.rivero/practica_creativa/env/lib/python3.11/site-packages/airflow/example_dags/example_short_circuit_decorator.py for tasks to queue
[2025-06-09T12:27:28.896+0200] {logging_mixin.py:154} INFO - [2025-06-09T12:27:28.895+0200] {dagbag.py:536} INFO - Filling up the DagBag from /home/diego.rivero/practica_creativa/env/lib/python3.11/site-packages/airflow/example_dags/example_short_circuit_decorator.py
[2025-06-09T12:27:28.926+0200] {processor.py:839} INFO - DAG(s) dict_keys(['example_short_circuit_decorator']) retrieved from /home/diego.rivero/practica_creativa/env/lib/python3.11/site-packages/airflow/example_dags/example_short_circuit_decorator.py
[2025-06-09T12:27:28.966+0200] {logging_mixin.py:154} INFO - [2025-06-09T12:27:28.966+0200] {dag.py:2941} INFO - Sync 1 DAGs
[2025-06-09T12:27:28.995+0200] {logging_mixin.py:154} INFO - [2025-06-09T12:27:28.995+0200] {dag.py:3722} INFO - Setting next_dagrun for example_short_circuit_decorator to 2025-06-08T10:27:28.995428+00:00, run_after=2025-06-09T10:27:28.995428+00:00
[2025-06-09T12:27:29.053+0200] {processor.py:179} INFO - Processing /home/diego.rivero/practica_creativa/env/lib/python3.11/site-packages/airflow/example_dags/example_short_circuit_decorator.py took 0.171 seconds
[2025-06-09T12:41:42.066+0200] {processor.py:157} INFO - Started process (PID=90532) to work on /home/diego.rivero/practica_creativa/env/lib/python3.11/site-packages/airflow/example_dags/example_short_circuit_decorator.py
[2025-06-09T12:41:42.067+0200] {processor.py:829} INFO - Processing file /home/diego.rivero/practica_creativa/env/lib/python3.11/site-packages/airflow/example_dags/example_short_circuit_decorator.py for tasks to queue
[2025-06-09T12:41:42.068+0200] {logging_mixin.py:154} INFO - [2025-06-09T12:41:42.068+0200] {dagbag.py:536} INFO - Filling up the DagBag from /home/diego.rivero/practica_creativa/env/lib/python3.11/site-packages/airflow/example_dags/example_short_circuit_decorator.py
[2025-06-09T12:41:42.079+0200] {processor.py:839} INFO - DAG(s) dict_keys(['example_short_circuit_decorator']) retrieved from /home/diego.rivero/practica_creativa/env/lib/python3.11/site-packages/airflow/example_dags/example_short_circuit_decorator.py
[2025-06-09T12:41:42.112+0200] {logging_mixin.py:154} INFO - [2025-06-09T12:41:42.112+0200] {dag.py:2941} INFO - Sync 1 DAGs
[2025-06-09T12:41:42.141+0200] {logging_mixin.py:154} INFO - [2025-06-09T12:41:42.141+0200] {dag.py:3722} INFO - Setting next_dagrun for example_short_circuit_decorator to 2025-06-08T10:41:42.140863+00:00, run_after=2025-06-09T10:41:42.140863+00:00
[2025-06-09T12:41:42.208+0200] {processor.py:179} INFO - Processing /home/diego.rivero/practica_creativa/env/lib/python3.11/site-packages/airflow/example_dags/example_short_circuit_decorator.py took 0.144 seconds
