[2025-06-09T12:23:53.008+0200] {processor.py:157} INFO - Started process (PID=77330) to work on /home/diego.rivero/practica_creativa/env/lib/python3.11/site-packages/airflow/example_dags/example_params_ui_tutorial.py
[2025-06-09T12:23:53.009+0200] {processor.py:829} INFO - Processing file /home/diego.rivero/practica_creativa/env/lib/python3.11/site-packages/airflow/example_dags/example_params_ui_tutorial.py for tasks to queue
[2025-06-09T12:23:53.010+0200] {logging_mixin.py:154} INFO - [2025-06-09T12:23:53.009+0200] {dagbag.py:536} INFO - Filling up the DagBag from /home/diego.rivero/practica_creativa/env/lib/python3.11/site-packages/airflow/example_dags/example_params_ui_tutorial.py
[2025-06-09T12:23:53.037+0200] {processor.py:839} INFO - DAG(s) dict_keys(['example_params_ui_tutorial']) retrieved from /home/diego.rivero/practica_creativa/env/lib/python3.11/site-packages/airflow/example_dags/example_params_ui_tutorial.py
[2025-06-09T12:23:53.088+0200] {logging_mixin.py:154} INFO - [2025-06-09T12:23:53.088+0200] {dag.py:2941} INFO - Sync 1 DAGs
[2025-06-09T12:23:53.103+0200] {logging_mixin.py:154} INFO - [2025-06-09T12:23:53.102+0200] {dag.py:3722} INFO - Setting next_dagrun for example_params_ui_tutorial to None, run_after=None
[2025-06-09T12:23:53.158+0200] {processor.py:179} INFO - Processing /home/diego.rivero/practica_creativa/env/lib/python3.11/site-packages/airflow/example_dags/example_params_ui_tutorial.py took 0.154 seconds
[2025-06-09T12:25:01.782+0200] {processor.py:157} INFO - Started process (PID=77785) to work on /home/diego.rivero/practica_creativa/env/lib/python3.11/site-packages/airflow/example_dags/example_params_ui_tutorial.py
[2025-06-09T12:25:01.783+0200] {processor.py:829} INFO - Processing file /home/diego.rivero/practica_creativa/env/lib/python3.11/site-packages/airflow/example_dags/example_params_ui_tutorial.py for tasks to queue
[2025-06-09T12:25:01.784+0200] {logging_mixin.py:154} INFO - [2025-06-09T12:25:01.783+0200] {dagbag.py:536} INFO - Filling up the DagBag from /home/diego.rivero/practica_creativa/env/lib/python3.11/site-packages/airflow/example_dags/example_params_ui_tutorial.py
[2025-06-09T12:25:01.811+0200] {processor.py:839} INFO - DAG(s) dict_keys(['example_params_ui_tutorial']) retrieved from /home/diego.rivero/practica_creativa/env/lib/python3.11/site-packages/airflow/example_dags/example_params_ui_tutorial.py
[2025-06-09T12:25:01.869+0200] {logging_mixin.py:154} INFO - [2025-06-09T12:25:01.869+0200] {dag.py:2941} INFO - Sync 1 DAGs
[2025-06-09T12:25:01.903+0200] {logging_mixin.py:154} INFO - [2025-06-09T12:25:01.903+0200] {dag.py:3722} INFO - Setting next_dagrun for example_params_ui_tutorial to None, run_after=None
[2025-06-09T12:25:01.962+0200] {processor.py:179} INFO - Processing /home/diego.rivero/practica_creativa/env/lib/python3.11/site-packages/airflow/example_dags/example_params_ui_tutorial.py took 0.183 seconds
[2025-06-09T12:25:57.655+0200] {processor.py:157} INFO - Started process (PID=78203) to work on /home/diego.rivero/practica_creativa/env/lib/python3.11/site-packages/airflow/example_dags/example_params_ui_tutorial.py
[2025-06-09T12:25:57.658+0200] {processor.py:829} INFO - Processing file /home/diego.rivero/practica_creativa/env/lib/python3.11/site-packages/airflow/example_dags/example_params_ui_tutorial.py for tasks to queue
[2025-06-09T12:25:57.660+0200] {logging_mixin.py:154} INFO - [2025-06-09T12:25:57.659+0200] {dagbag.py:536} INFO - Filling up the DagBag from /home/diego.rivero/practica_creativa/env/lib/python3.11/site-packages/airflow/example_dags/example_params_ui_tutorial.py
[2025-06-09T12:25:57.739+0200] {processor.py:839} INFO - DAG(s) dict_keys(['example_params_ui_tutorial']) retrieved from /home/diego.rivero/practica_creativa/env/lib/python3.11/site-packages/airflow/example_dags/example_params_ui_tutorial.py
[2025-06-09T12:25:57.802+0200] {logging_mixin.py:154} INFO - [2025-06-09T12:25:57.802+0200] {dag.py:2941} INFO - Sync 1 DAGs
[2025-06-09T12:25:57.818+0200] {logging_mixin.py:154} INFO - [2025-06-09T12:25:57.818+0200] {dag.py:3722} INFO - Setting next_dagrun for example_params_ui_tutorial to None, run_after=None
[2025-06-09T12:25:57.883+0200] {processor.py:179} INFO - Processing /home/diego.rivero/practica_creativa/env/lib/python3.11/site-packages/airflow/example_dags/example_params_ui_tutorial.py took 0.237 seconds
[2025-06-09T12:27:35.608+0200] {processor.py:157} INFO - Started process (PID=78891) to work on /home/diego.rivero/practica_creativa/env/lib/python3.11/site-packages/airflow/example_dags/example_params_ui_tutorial.py
[2025-06-09T12:27:35.609+0200] {processor.py:829} INFO - Processing file /home/diego.rivero/practica_creativa/env/lib/python3.11/site-packages/airflow/example_dags/example_params_ui_tutorial.py for tasks to queue
[2025-06-09T12:27:35.610+0200] {logging_mixin.py:154} INFO - [2025-06-09T12:27:35.610+0200] {dagbag.py:536} INFO - Filling up the DagBag from /home/diego.rivero/practica_creativa/env/lib/python3.11/site-packages/airflow/example_dags/example_params_ui_tutorial.py
[2025-06-09T12:27:35.638+0200] {processor.py:839} INFO - DAG(s) dict_keys(['example_params_ui_tutorial']) retrieved from /home/diego.rivero/practica_creativa/env/lib/python3.11/site-packages/airflow/example_dags/example_params_ui_tutorial.py
[2025-06-09T12:27:35.687+0200] {logging_mixin.py:154} INFO - [2025-06-09T12:27:35.687+0200] {dag.py:2941} INFO - Sync 1 DAGs
[2025-06-09T12:27:35.703+0200] {logging_mixin.py:154} INFO - [2025-06-09T12:27:35.703+0200] {dag.py:3722} INFO - Setting next_dagrun for example_params_ui_tutorial to None, run_after=None
[2025-06-09T12:27:35.761+0200] {processor.py:179} INFO - Processing /home/diego.rivero/practica_creativa/env/lib/python3.11/site-packages/airflow/example_dags/example_params_ui_tutorial.py took 0.159 seconds
[2025-06-09T12:41:49.964+0200] {processor.py:157} INFO - Started process (PID=90592) to work on /home/diego.rivero/practica_creativa/env/lib/python3.11/site-packages/airflow/example_dags/example_params_ui_tutorial.py
[2025-06-09T12:41:49.965+0200] {processor.py:829} INFO - Processing file /home/diego.rivero/practica_creativa/env/lib/python3.11/site-packages/airflow/example_dags/example_params_ui_tutorial.py for tasks to queue
[2025-06-09T12:41:49.966+0200] {logging_mixin.py:154} INFO - [2025-06-09T12:41:49.965+0200] {dagbag.py:536} INFO - Filling up the DagBag from /home/diego.rivero/practica_creativa/env/lib/python3.11/site-packages/airflow/example_dags/example_params_ui_tutorial.py
[2025-06-09T12:41:49.994+0200] {processor.py:839} INFO - DAG(s) dict_keys(['example_params_ui_tutorial']) retrieved from /home/diego.rivero/practica_creativa/env/lib/python3.11/site-packages/airflow/example_dags/example_params_ui_tutorial.py
[2025-06-09T12:41:50.046+0200] {logging_mixin.py:154} INFO - [2025-06-09T12:41:50.046+0200] {dag.py:2941} INFO - Sync 1 DAGs
[2025-06-09T12:41:50.061+0200] {logging_mixin.py:154} INFO - [2025-06-09T12:41:50.061+0200] {dag.py:3722} INFO - Setting next_dagrun for example_params_ui_tutorial to None, run_after=None
[2025-06-09T12:41:50.118+0200] {processor.py:179} INFO - Processing /home/diego.rivero/practica_creativa/env/lib/python3.11/site-packages/airflow/example_dags/example_params_ui_tutorial.py took 0.158 seconds
