[2025-06-09T12:23:52.091+0200] {processor.py:157} INFO - Started process (PID=77323) to work on /home/diego.rivero/practica_creativa/env/lib/python3.11/site-packages/airflow/example_dags/example_python_operator.py
[2025-06-09T12:23:52.093+0200] {processor.py:829} INFO - Processing file /home/diego.rivero/practica_creativa/env/lib/python3.11/site-packages/airflow/example_dags/example_python_operator.py for tasks to queue
[2025-06-09T12:23:52.095+0200] {logging_mixin.py:154} INFO - [2025-06-09T12:23:52.094+0200] {dagbag.py:536} INFO - Filling up the DagBag from /home/diego.rivero/practica_creativa/env/lib/python3.11/site-packages/airflow/example_dags/example_python_operator.py
[2025-06-09T12:23:52.109+0200] {logging_mixin.py:154} INFO - [2025-06-09T12:23:52.109+0200] {example_python_operator.py:86} WARNING - The virtalenv_python example task requires virtualenv, please install it.
[2025-06-09T12:23:52.110+0200] {processor.py:839} INFO - DAG(s) dict_keys(['example_python_operator']) retrieved from /home/diego.rivero/practica_creativa/env/lib/python3.11/site-packages/airflow/example_dags/example_python_operator.py
[2025-06-09T12:23:52.141+0200] {logging_mixin.py:154} INFO - [2025-06-09T12:23:52.141+0200] {dag.py:2941} INFO - Sync 1 DAGs
[2025-06-09T12:23:52.155+0200] {logging_mixin.py:154} INFO - [2025-06-09T12:23:52.155+0200] {dag.py:3722} INFO - Setting next_dagrun for example_python_operator to None, run_after=None
[2025-06-09T12:23:52.213+0200] {processor.py:179} INFO - Processing /home/diego.rivero/practica_creativa/env/lib/python3.11/site-packages/airflow/example_dags/example_python_operator.py took 0.128 seconds
[2025-06-09T12:24:59.983+0200] {processor.py:157} INFO - Started process (PID=77776) to work on /home/diego.rivero/practica_creativa/env/lib/python3.11/site-packages/airflow/example_dags/example_python_operator.py
[2025-06-09T12:24:59.983+0200] {processor.py:829} INFO - Processing file /home/diego.rivero/practica_creativa/env/lib/python3.11/site-packages/airflow/example_dags/example_python_operator.py for tasks to queue
[2025-06-09T12:24:59.984+0200] {logging_mixin.py:154} INFO - [2025-06-09T12:24:59.984+0200] {dagbag.py:536} INFO - Filling up the DagBag from /home/diego.rivero/practica_creativa/env/lib/python3.11/site-packages/airflow/example_dags/example_python_operator.py
[2025-06-09T12:24:59.993+0200] {logging_mixin.py:154} INFO - [2025-06-09T12:24:59.993+0200] {example_python_operator.py:86} WARNING - The virtalenv_python example task requires virtualenv, please install it.
[2025-06-09T12:24:59.994+0200] {processor.py:839} INFO - DAG(s) dict_keys(['example_python_operator']) retrieved from /home/diego.rivero/practica_creativa/env/lib/python3.11/site-packages/airflow/example_dags/example_python_operator.py
[2025-06-09T12:25:00.027+0200] {logging_mixin.py:154} INFO - [2025-06-09T12:25:00.027+0200] {dag.py:2941} INFO - Sync 1 DAGs
[2025-06-09T12:25:00.043+0200] {logging_mixin.py:154} INFO - [2025-06-09T12:25:00.042+0200] {dag.py:3722} INFO - Setting next_dagrun for example_python_operator to None, run_after=None
[2025-06-09T12:25:00.103+0200] {processor.py:179} INFO - Processing /home/diego.rivero/practica_creativa/env/lib/python3.11/site-packages/airflow/example_dags/example_python_operator.py took 0.123 seconds
[2025-06-09T12:25:54.868+0200] {processor.py:157} INFO - Started process (PID=78191) to work on /home/diego.rivero/practica_creativa/env/lib/python3.11/site-packages/airflow/example_dags/example_python_operator.py
[2025-06-09T12:25:54.871+0200] {processor.py:829} INFO - Processing file /home/diego.rivero/practica_creativa/env/lib/python3.11/site-packages/airflow/example_dags/example_python_operator.py for tasks to queue
[2025-06-09T12:25:54.873+0200] {logging_mixin.py:154} INFO - [2025-06-09T12:25:54.872+0200] {dagbag.py:536} INFO - Filling up the DagBag from /home/diego.rivero/practica_creativa/env/lib/python3.11/site-packages/airflow/example_dags/example_python_operator.py
[2025-06-09T12:25:54.902+0200] {logging_mixin.py:154} INFO - [2025-06-09T12:25:54.901+0200] {example_python_operator.py:86} WARNING - The virtalenv_python example task requires virtualenv, please install it.
[2025-06-09T12:25:54.902+0200] {processor.py:839} INFO - DAG(s) dict_keys(['example_python_operator']) retrieved from /home/diego.rivero/practica_creativa/env/lib/python3.11/site-packages/airflow/example_dags/example_python_operator.py
[2025-06-09T12:25:54.939+0200] {logging_mixin.py:154} INFO - [2025-06-09T12:25:54.938+0200] {dag.py:2941} INFO - Sync 1 DAGs
[2025-06-09T12:25:54.959+0200] {logging_mixin.py:154} INFO - [2025-06-09T12:25:54.959+0200] {dag.py:3722} INFO - Setting next_dagrun for example_python_operator to None, run_after=None
[2025-06-09T12:25:55.036+0200] {processor.py:179} INFO - Processing /home/diego.rivero/practica_creativa/env/lib/python3.11/site-packages/airflow/example_dags/example_python_operator.py took 0.177 seconds
[2025-06-09T12:27:33.561+0200] {processor.py:157} INFO - Started process (PID=78879) to work on /home/diego.rivero/practica_creativa/env/lib/python3.11/site-packages/airflow/example_dags/example_python_operator.py
[2025-06-09T12:27:33.563+0200] {processor.py:829} INFO - Processing file /home/diego.rivero/practica_creativa/env/lib/python3.11/site-packages/airflow/example_dags/example_python_operator.py for tasks to queue
[2025-06-09T12:27:33.565+0200] {logging_mixin.py:154} INFO - [2025-06-09T12:27:33.564+0200] {dagbag.py:536} INFO - Filling up the DagBag from /home/diego.rivero/practica_creativa/env/lib/python3.11/site-packages/airflow/example_dags/example_python_operator.py
[2025-06-09T12:27:33.596+0200] {logging_mixin.py:154} INFO - [2025-06-09T12:27:33.596+0200] {example_python_operator.py:86} WARNING - The virtalenv_python example task requires virtualenv, please install it.
[2025-06-09T12:27:33.598+0200] {processor.py:839} INFO - DAG(s) dict_keys(['example_python_operator']) retrieved from /home/diego.rivero/practica_creativa/env/lib/python3.11/site-packages/airflow/example_dags/example_python_operator.py
[2025-06-09T12:27:33.679+0200] {logging_mixin.py:154} INFO - [2025-06-09T12:27:33.678+0200] {dag.py:2941} INFO - Sync 1 DAGs
[2025-06-09T12:27:33.704+0200] {logging_mixin.py:154} INFO - [2025-06-09T12:27:33.704+0200] {dag.py:3722} INFO - Setting next_dagrun for example_python_operator to None, run_after=None
[2025-06-09T12:27:33.766+0200] {processor.py:179} INFO - Processing /home/diego.rivero/practica_creativa/env/lib/python3.11/site-packages/airflow/example_dags/example_python_operator.py took 0.216 seconds
[2025-06-09T12:41:47.342+0200] {processor.py:157} INFO - Started process (PID=90570) to work on /home/diego.rivero/practica_creativa/env/lib/python3.11/site-packages/airflow/example_dags/example_python_operator.py
[2025-06-09T12:41:47.343+0200] {processor.py:829} INFO - Processing file /home/diego.rivero/practica_creativa/env/lib/python3.11/site-packages/airflow/example_dags/example_python_operator.py for tasks to queue
[2025-06-09T12:41:47.344+0200] {logging_mixin.py:154} INFO - [2025-06-09T12:41:47.344+0200] {dagbag.py:536} INFO - Filling up the DagBag from /home/diego.rivero/practica_creativa/env/lib/python3.11/site-packages/airflow/example_dags/example_python_operator.py
[2025-06-09T12:41:47.357+0200] {logging_mixin.py:154} INFO - [2025-06-09T12:41:47.357+0200] {example_python_operator.py:86} WARNING - The virtalenv_python example task requires virtualenv, please install it.
[2025-06-09T12:41:47.358+0200] {processor.py:839} INFO - DAG(s) dict_keys(['example_python_operator']) retrieved from /home/diego.rivero/practica_creativa/env/lib/python3.11/site-packages/airflow/example_dags/example_python_operator.py
[2025-06-09T12:41:47.390+0200] {logging_mixin.py:154} INFO - [2025-06-09T12:41:47.390+0200] {dag.py:2941} INFO - Sync 1 DAGs
[2025-06-09T12:41:47.405+0200] {logging_mixin.py:154} INFO - [2025-06-09T12:41:47.405+0200] {dag.py:3722} INFO - Setting next_dagrun for example_python_operator to None, run_after=None
[2025-06-09T12:41:47.464+0200] {processor.py:179} INFO - Processing /home/diego.rivero/practica_creativa/env/lib/python3.11/site-packages/airflow/example_dags/example_python_operator.py took 0.127 seconds
