[2025-06-09T12:23:38.123+0200] {processor.py:157} INFO - Started process (PID=77209) to work on /home/diego.rivero/practica_creativa/env/lib/python3.11/site-packages/airflow/example_dags/example_task_group.py
[2025-06-09T12:23:38.126+0200] {processor.py:829} INFO - Processing file /home/diego.rivero/practica_creativa/env/lib/python3.11/site-packages/airflow/example_dags/example_task_group.py for tasks to queue
[2025-06-09T12:23:38.128+0200] {logging_mixin.py:154} INFO - [2025-06-09T12:23:38.127+0200] {dagbag.py:536} INFO - Filling up the DagBag from /home/diego.rivero/practica_creativa/env/lib/python3.11/site-packages/airflow/example_dags/example_task_group.py
[2025-06-09T12:23:38.168+0200] {processor.py:839} INFO - DAG(s) dict_keys(['example_task_group']) retrieved from /home/diego.rivero/practica_creativa/env/lib/python3.11/site-packages/airflow/example_dags/example_task_group.py
[2025-06-09T12:23:38.208+0200] {logging_mixin.py:154} INFO - [2025-06-09T12:23:38.207+0200] {dag.py:2941} INFO - Sync 1 DAGs
[2025-06-09T12:23:38.244+0200] {logging_mixin.py:154} INFO - [2025-06-09T12:23:38.244+0200] {dag.py:3722} INFO - Setting next_dagrun for example_task_group to 2025-06-08T10:23:38.244160+00:00, run_after=2025-06-09T10:23:38.244160+00:00
[2025-06-09T12:23:38.319+0200] {processor.py:179} INFO - Processing /home/diego.rivero/practica_creativa/env/lib/python3.11/site-packages/airflow/example_dags/example_task_group.py took 0.205 seconds
[2025-06-09T12:24:45.813+0200] {processor.py:157} INFO - Started process (PID=77701) to work on /home/diego.rivero/practica_creativa/env/lib/python3.11/site-packages/airflow/example_dags/example_task_group.py
[2025-06-09T12:24:45.815+0200] {processor.py:829} INFO - Processing file /home/diego.rivero/practica_creativa/env/lib/python3.11/site-packages/airflow/example_dags/example_task_group.py for tasks to queue
[2025-06-09T12:24:45.816+0200] {logging_mixin.py:154} INFO - [2025-06-09T12:24:45.816+0200] {dagbag.py:536} INFO - Filling up the DagBag from /home/diego.rivero/practica_creativa/env/lib/python3.11/site-packages/airflow/example_dags/example_task_group.py
[2025-06-09T12:24:45.833+0200] {processor.py:839} INFO - DAG(s) dict_keys(['example_task_group']) retrieved from /home/diego.rivero/practica_creativa/env/lib/python3.11/site-packages/airflow/example_dags/example_task_group.py
[2025-06-09T12:24:45.849+0200] {logging_mixin.py:154} INFO - [2025-06-09T12:24:45.849+0200] {dag.py:2941} INFO - Sync 1 DAGs
[2025-06-09T12:24:45.878+0200] {logging_mixin.py:154} INFO - [2025-06-09T12:24:45.878+0200] {dag.py:3722} INFO - Setting next_dagrun for example_task_group to 2025-06-08T10:24:45.877936+00:00, run_after=2025-06-09T10:24:45.877936+00:00
[2025-06-09T12:24:45.935+0200] {processor.py:179} INFO - Processing /home/diego.rivero/practica_creativa/env/lib/python3.11/site-packages/airflow/example_dags/example_task_group.py took 0.130 seconds
[2025-06-09T12:25:40.338+0200] {processor.py:157} INFO - Started process (PID=78048) to work on /home/diego.rivero/practica_creativa/env/lib/python3.11/site-packages/airflow/example_dags/example_task_group.py
[2025-06-09T12:25:40.339+0200] {processor.py:829} INFO - Processing file /home/diego.rivero/practica_creativa/env/lib/python3.11/site-packages/airflow/example_dags/example_task_group.py for tasks to queue
[2025-06-09T12:25:40.340+0200] {logging_mixin.py:154} INFO - [2025-06-09T12:25:40.340+0200] {dagbag.py:536} INFO - Filling up the DagBag from /home/diego.rivero/practica_creativa/env/lib/python3.11/site-packages/airflow/example_dags/example_task_group.py
[2025-06-09T12:25:40.350+0200] {processor.py:839} INFO - DAG(s) dict_keys(['example_task_group']) retrieved from /home/diego.rivero/practica_creativa/env/lib/python3.11/site-packages/airflow/example_dags/example_task_group.py
[2025-06-09T12:25:40.380+0200] {logging_mixin.py:154} INFO - [2025-06-09T12:25:40.380+0200] {dag.py:2941} INFO - Sync 1 DAGs
[2025-06-09T12:25:40.410+0200] {logging_mixin.py:154} INFO - [2025-06-09T12:25:40.410+0200] {dag.py:3722} INFO - Setting next_dagrun for example_task_group to 2025-06-08T10:25:40.410189+00:00, run_after=2025-06-09T10:25:40.410189+00:00
[2025-06-09T12:25:40.481+0200] {processor.py:179} INFO - Processing /home/diego.rivero/practica_creativa/env/lib/python3.11/site-packages/airflow/example_dags/example_task_group.py took 0.146 seconds
[2025-06-09T12:26:31.391+0200] {processor.py:157} INFO - Started process (PID=78471) to work on /home/diego.rivero/practica_creativa/env/lib/python3.11/site-packages/airflow/example_dags/example_task_group.py
[2025-06-09T12:26:31.394+0200] {processor.py:829} INFO - Processing file /home/diego.rivero/practica_creativa/env/lib/python3.11/site-packages/airflow/example_dags/example_task_group.py for tasks to queue
[2025-06-09T12:26:31.396+0200] {logging_mixin.py:154} INFO - [2025-06-09T12:26:31.395+0200] {dagbag.py:536} INFO - Filling up the DagBag from /home/diego.rivero/practica_creativa/env/lib/python3.11/site-packages/airflow/example_dags/example_task_group.py
[2025-06-09T12:26:31.411+0200] {processor.py:839} INFO - DAG(s) dict_keys(['example_task_group']) retrieved from /home/diego.rivero/practica_creativa/env/lib/python3.11/site-packages/airflow/example_dags/example_task_group.py
[2025-06-09T12:26:31.440+0200] {logging_mixin.py:154} INFO - [2025-06-09T12:26:31.440+0200] {dag.py:2941} INFO - Sync 1 DAGs
[2025-06-09T12:26:31.468+0200] {logging_mixin.py:154} INFO - [2025-06-09T12:26:31.467+0200] {dag.py:3722} INFO - Setting next_dagrun for example_task_group to 2025-06-08T10:26:31.467780+00:00, run_after=2025-06-09T10:26:31.467780+00:00
[2025-06-09T12:26:31.523+0200] {processor.py:179} INFO - Processing /home/diego.rivero/practica_creativa/env/lib/python3.11/site-packages/airflow/example_dags/example_task_group.py took 0.141 seconds
[2025-06-09T12:27:19.568+0200] {processor.py:157} INFO - Started process (PID=78782) to work on /home/diego.rivero/practica_creativa/env/lib/python3.11/site-packages/airflow/example_dags/example_task_group.py
[2025-06-09T12:27:19.570+0200] {processor.py:829} INFO - Processing file /home/diego.rivero/practica_creativa/env/lib/python3.11/site-packages/airflow/example_dags/example_task_group.py for tasks to queue
[2025-06-09T12:27:19.572+0200] {logging_mixin.py:154} INFO - [2025-06-09T12:27:19.571+0200] {dagbag.py:536} INFO - Filling up the DagBag from /home/diego.rivero/practica_creativa/env/lib/python3.11/site-packages/airflow/example_dags/example_task_group.py
[2025-06-09T12:27:19.590+0200] {processor.py:839} INFO - DAG(s) dict_keys(['example_task_group']) retrieved from /home/diego.rivero/practica_creativa/env/lib/python3.11/site-packages/airflow/example_dags/example_task_group.py
[2025-06-09T12:27:19.607+0200] {logging_mixin.py:154} INFO - [2025-06-09T12:27:19.606+0200] {dag.py:2941} INFO - Sync 1 DAGs
[2025-06-09T12:27:19.635+0200] {logging_mixin.py:154} INFO - [2025-06-09T12:27:19.634+0200] {dag.py:3722} INFO - Setting next_dagrun for example_task_group to 2025-06-08T10:27:19.634632+00:00, run_after=2025-06-09T10:27:19.634632+00:00
[2025-06-09T12:27:19.692+0200] {processor.py:179} INFO - Processing /home/diego.rivero/practica_creativa/env/lib/python3.11/site-packages/airflow/example_dags/example_task_group.py took 0.133 seconds
[2025-06-09T12:41:34.683+0200] {processor.py:157} INFO - Started process (PID=90492) to work on /home/diego.rivero/practica_creativa/env/lib/python3.11/site-packages/airflow/example_dags/example_task_group.py
[2025-06-09T12:41:34.684+0200] {processor.py:829} INFO - Processing file /home/diego.rivero/practica_creativa/env/lib/python3.11/site-packages/airflow/example_dags/example_task_group.py for tasks to queue
[2025-06-09T12:41:34.685+0200] {logging_mixin.py:154} INFO - [2025-06-09T12:41:34.685+0200] {dagbag.py:536} INFO - Filling up the DagBag from /home/diego.rivero/practica_creativa/env/lib/python3.11/site-packages/airflow/example_dags/example_task_group.py
[2025-06-09T12:41:34.699+0200] {processor.py:839} INFO - DAG(s) dict_keys(['example_task_group']) retrieved from /home/diego.rivero/practica_creativa/env/lib/python3.11/site-packages/airflow/example_dags/example_task_group.py
[2025-06-09T12:41:34.729+0200] {logging_mixin.py:154} INFO - [2025-06-09T12:41:34.729+0200] {dag.py:2941} INFO - Sync 1 DAGs
[2025-06-09T12:41:34.755+0200] {logging_mixin.py:154} INFO - [2025-06-09T12:41:34.755+0200] {dag.py:3722} INFO - Setting next_dagrun for example_task_group to 2025-06-08T10:41:34.754900+00:00, run_after=2025-06-09T10:41:34.754900+00:00
[2025-06-09T12:41:34.815+0200] {processor.py:179} INFO - Processing /home/diego.rivero/practica_creativa/env/lib/python3.11/site-packages/airflow/example_dags/example_task_group.py took 0.135 seconds
