[2025-06-09T12:23:43.534+0200] {processor.py:157} INFO - Started process (PID=77278) to work on /home/diego.rivero/practica_creativa/env/lib/python3.11/site-packages/airflow/example_dags/example_short_circuit_operator.py
[2025-06-09T12:23:43.537+0200] {processor.py:829} INFO - Processing file /home/diego.rivero/practica_creativa/env/lib/python3.11/site-packages/airflow/example_dags/example_short_circuit_operator.py for tasks to queue
[2025-06-09T12:23:43.539+0200] {logging_mixin.py:154} INFO - [2025-06-09T12:23:43.538+0200] {dagbag.py:536} INFO - Filling up the DagBag from /home/diego.rivero/practica_creativa/env/lib/python3.11/site-packages/airflow/example_dags/example_short_circuit_operator.py
[2025-06-09T12:23:43.566+0200] {processor.py:839} INFO - DAG(s) dict_keys(['example_short_circuit_operator']) retrieved from /home/diego.rivero/practica_creativa/env/lib/python3.11/site-packages/airflow/example_dags/example_short_circuit_operator.py
[2025-06-09T12:23:43.626+0200] {logging_mixin.py:154} INFO - [2025-06-09T12:23:43.626+0200] {dag.py:2941} INFO - Sync 1 DAGs
[2025-06-09T12:23:43.655+0200] {logging_mixin.py:154} INFO - [2025-06-09T12:23:43.655+0200] {dag.py:3722} INFO - Setting next_dagrun for example_short_circuit_operator to 2025-06-08T10:23:43.655461+00:00, run_after=2025-06-09T10:23:43.655461+00:00
[2025-06-09T12:23:43.706+0200] {processor.py:179} INFO - Processing /home/diego.rivero/practica_creativa/env/lib/python3.11/site-packages/airflow/example_dags/example_short_circuit_operator.py took 0.182 seconds
[2025-06-09T12:24:51.257+0200] {processor.py:157} INFO - Started process (PID=77730) to work on /home/diego.rivero/practica_creativa/env/lib/python3.11/site-packages/airflow/example_dags/example_short_circuit_operator.py
[2025-06-09T12:24:51.259+0200] {processor.py:829} INFO - Processing file /home/diego.rivero/practica_creativa/env/lib/python3.11/site-packages/airflow/example_dags/example_short_circuit_operator.py for tasks to queue
[2025-06-09T12:24:51.262+0200] {logging_mixin.py:154} INFO - [2025-06-09T12:24:51.261+0200] {dagbag.py:536} INFO - Filling up the DagBag from /home/diego.rivero/practica_creativa/env/lib/python3.11/site-packages/airflow/example_dags/example_short_circuit_operator.py
[2025-06-09T12:24:51.281+0200] {processor.py:839} INFO - DAG(s) dict_keys(['example_short_circuit_operator']) retrieved from /home/diego.rivero/practica_creativa/env/lib/python3.11/site-packages/airflow/example_dags/example_short_circuit_operator.py
[2025-06-09T12:24:51.304+0200] {logging_mixin.py:154} INFO - [2025-06-09T12:24:51.304+0200] {dag.py:2941} INFO - Sync 1 DAGs
[2025-06-09T12:24:51.342+0200] {logging_mixin.py:154} INFO - [2025-06-09T12:24:51.342+0200] {dag.py:3722} INFO - Setting next_dagrun for example_short_circuit_operator to 2025-06-08T10:24:51.342383+00:00, run_after=2025-06-09T10:24:51.342383+00:00
[2025-06-09T12:24:51.411+0200] {processor.py:179} INFO - Processing /home/diego.rivero/practica_creativa/env/lib/python3.11/site-packages/airflow/example_dags/example_short_circuit_operator.py took 0.165 seconds
[2025-06-09T12:25:45.725+0200] {processor.py:157} INFO - Started process (PID=78120) to work on /home/diego.rivero/practica_creativa/env/lib/python3.11/site-packages/airflow/example_dags/example_short_circuit_operator.py
[2025-06-09T12:25:45.727+0200] {processor.py:829} INFO - Processing file /home/diego.rivero/practica_creativa/env/lib/python3.11/site-packages/airflow/example_dags/example_short_circuit_operator.py for tasks to queue
[2025-06-09T12:25:45.730+0200] {logging_mixin.py:154} INFO - [2025-06-09T12:25:45.729+0200] {dagbag.py:536} INFO - Filling up the DagBag from /home/diego.rivero/practica_creativa/env/lib/python3.11/site-packages/airflow/example_dags/example_short_circuit_operator.py
[2025-06-09T12:25:45.760+0200] {processor.py:839} INFO - DAG(s) dict_keys(['example_short_circuit_operator']) retrieved from /home/diego.rivero/practica_creativa/env/lib/python3.11/site-packages/airflow/example_dags/example_short_circuit_operator.py
[2025-06-09T12:25:45.801+0200] {logging_mixin.py:154} INFO - [2025-06-09T12:25:45.801+0200] {dag.py:2941} INFO - Sync 1 DAGs
[2025-06-09T12:25:45.838+0200] {logging_mixin.py:154} INFO - [2025-06-09T12:25:45.838+0200] {dag.py:3722} INFO - Setting next_dagrun for example_short_circuit_operator to 2025-06-08T10:25:45.838386+00:00, run_after=2025-06-09T10:25:45.838386+00:00
[2025-06-09T12:25:45.934+0200] {processor.py:179} INFO - Processing /home/diego.rivero/practica_creativa/env/lib/python3.11/site-packages/airflow/example_dags/example_short_circuit_operator.py took 0.220 seconds
[2025-06-09T12:26:35.052+0200] {processor.py:157} INFO - Started process (PID=78490) to work on /home/diego.rivero/practica_creativa/env/lib/python3.11/site-packages/airflow/example_dags/example_short_circuit_operator.py
[2025-06-09T12:26:35.054+0200] {processor.py:829} INFO - Processing file /home/diego.rivero/practica_creativa/env/lib/python3.11/site-packages/airflow/example_dags/example_short_circuit_operator.py for tasks to queue
[2025-06-09T12:26:35.057+0200] {logging_mixin.py:154} INFO - [2025-06-09T12:26:35.055+0200] {dagbag.py:536} INFO - Filling up the DagBag from /home/diego.rivero/practica_creativa/env/lib/python3.11/site-packages/airflow/example_dags/example_short_circuit_operator.py
[2025-06-09T12:26:35.082+0200] {processor.py:839} INFO - DAG(s) dict_keys(['example_short_circuit_operator']) retrieved from /home/diego.rivero/practica_creativa/env/lib/python3.11/site-packages/airflow/example_dags/example_short_circuit_operator.py
[2025-06-09T12:26:35.117+0200] {logging_mixin.py:154} INFO - [2025-06-09T12:26:35.117+0200] {dag.py:2941} INFO - Sync 1 DAGs
[2025-06-09T12:26:35.149+0200] {logging_mixin.py:154} INFO - [2025-06-09T12:26:35.148+0200] {dag.py:3722} INFO - Setting next_dagrun for example_short_circuit_operator to 2025-06-08T10:26:35.148655+00:00, run_after=2025-06-09T10:26:35.148655+00:00
[2025-06-09T12:26:35.203+0200] {processor.py:179} INFO - Processing /home/diego.rivero/practica_creativa/env/lib/python3.11/site-packages/airflow/example_dags/example_short_circuit_operator.py took 0.161 seconds
[2025-06-09T12:27:24.860+0200] {processor.py:157} INFO - Started process (PID=78810) to work on /home/diego.rivero/practica_creativa/env/lib/python3.11/site-packages/airflow/example_dags/example_short_circuit_operator.py
[2025-06-09T12:27:24.862+0200] {processor.py:829} INFO - Processing file /home/diego.rivero/practica_creativa/env/lib/python3.11/site-packages/airflow/example_dags/example_short_circuit_operator.py for tasks to queue
[2025-06-09T12:27:24.863+0200] {logging_mixin.py:154} INFO - [2025-06-09T12:27:24.862+0200] {dagbag.py:536} INFO - Filling up the DagBag from /home/diego.rivero/practica_creativa/env/lib/python3.11/site-packages/airflow/example_dags/example_short_circuit_operator.py
[2025-06-09T12:27:24.875+0200] {processor.py:839} INFO - DAG(s) dict_keys(['example_short_circuit_operator']) retrieved from /home/diego.rivero/practica_creativa/env/lib/python3.11/site-packages/airflow/example_dags/example_short_circuit_operator.py
[2025-06-09T12:27:24.915+0200] {logging_mixin.py:154} INFO - [2025-06-09T12:27:24.915+0200] {dag.py:2941} INFO - Sync 1 DAGs
[2025-06-09T12:27:24.951+0200] {logging_mixin.py:154} INFO - [2025-06-09T12:27:24.951+0200] {dag.py:3722} INFO - Setting next_dagrun for example_short_circuit_operator to 2025-06-08T10:27:24.951052+00:00, run_after=2025-06-09T10:27:24.951052+00:00
[2025-06-09T12:27:25.025+0200] {processor.py:179} INFO - Processing /home/diego.rivero/practica_creativa/env/lib/python3.11/site-packages/airflow/example_dags/example_short_circuit_operator.py took 0.169 seconds
[2025-06-09T12:41:39.466+0200] {processor.py:157} INFO - Started process (PID=90519) to work on /home/diego.rivero/practica_creativa/env/lib/python3.11/site-packages/airflow/example_dags/example_short_circuit_operator.py
[2025-06-09T12:41:39.466+0200] {processor.py:829} INFO - Processing file /home/diego.rivero/practica_creativa/env/lib/python3.11/site-packages/airflow/example_dags/example_short_circuit_operator.py for tasks to queue
[2025-06-09T12:41:39.467+0200] {logging_mixin.py:154} INFO - [2025-06-09T12:41:39.467+0200] {dagbag.py:536} INFO - Filling up the DagBag from /home/diego.rivero/practica_creativa/env/lib/python3.11/site-packages/airflow/example_dags/example_short_circuit_operator.py
[2025-06-09T12:41:39.476+0200] {processor.py:839} INFO - DAG(s) dict_keys(['example_short_circuit_operator']) retrieved from /home/diego.rivero/practica_creativa/env/lib/python3.11/site-packages/airflow/example_dags/example_short_circuit_operator.py
[2025-06-09T12:41:39.508+0200] {logging_mixin.py:154} INFO - [2025-06-09T12:41:39.508+0200] {dag.py:2941} INFO - Sync 1 DAGs
[2025-06-09T12:41:39.537+0200] {logging_mixin.py:154} INFO - [2025-06-09T12:41:39.537+0200] {dag.py:3722} INFO - Setting next_dagrun for example_short_circuit_operator to 2025-06-08T10:41:39.536998+00:00, run_after=2025-06-09T10:41:39.536998+00:00
[2025-06-09T12:41:39.596+0200] {processor.py:179} INFO - Processing /home/diego.rivero/practica_creativa/env/lib/python3.11/site-packages/airflow/example_dags/example_short_circuit_operator.py took 0.134 seconds
