[2025-06-09T12:25:24.215+0200] {processor.py:157} INFO - Started process (PID=77932) to work on /home/diego.rivero/practica_creativa/env/lib/python3.11/site-packages/airflow/example_dags/example_bash_operator.py
[2025-06-09T12:25:24.216+0200] {processor.py:829} INFO - Processing file /home/diego.rivero/practica_creativa/env/lib/python3.11/site-packages/airflow/example_dags/example_bash_operator.py for tasks to queue
[2025-06-09T12:25:24.217+0200] {logging_mixin.py:154} INFO - [2025-06-09T12:25:24.217+0200] {dagbag.py:536} INFO - Filling up the DagBag from /home/diego.rivero/practica_creativa/env/lib/python3.11/site-packages/airflow/example_dags/example_bash_operator.py
[2025-06-09T12:25:24.230+0200] {processor.py:839} INFO - DAG(s) dict_keys(['example_bash_operator']) retrieved from /home/diego.rivero/practica_creativa/env/lib/python3.11/site-packages/airflow/example_dags/example_bash_operator.py
[2025-06-09T12:25:24.265+0200] {logging_mixin.py:154} INFO - [2025-06-09T12:25:24.264+0200] {dag.py:2941} INFO - Sync 1 DAGs
[2025-06-09T12:25:24.297+0200] {logging_mixin.py:154} INFO - [2025-06-09T12:25:24.297+0200] {dag.py:3722} INFO - Setting next_dagrun for example_bash_operator to 2025-06-08T00:00:00+00:00, run_after=2025-06-09T00:00:00+00:00
[2025-06-09T12:25:24.361+0200] {processor.py:179} INFO - Processing /home/diego.rivero/practica_creativa/env/lib/python3.11/site-packages/airflow/example_dags/example_bash_operator.py took 0.148 seconds
[2025-06-09T12:26:39.904+0200] {processor.py:157} INFO - Started process (PID=78516) to work on /home/diego.rivero/practica_creativa/env/lib/python3.11/site-packages/airflow/example_dags/example_bash_operator.py
[2025-06-09T12:26:39.907+0200] {processor.py:829} INFO - Processing file /home/diego.rivero/practica_creativa/env/lib/python3.11/site-packages/airflow/example_dags/example_bash_operator.py for tasks to queue
[2025-06-09T12:26:39.909+0200] {logging_mixin.py:154} INFO - [2025-06-09T12:26:39.908+0200] {dagbag.py:536} INFO - Filling up the DagBag from /home/diego.rivero/practica_creativa/env/lib/python3.11/site-packages/airflow/example_dags/example_bash_operator.py
[2025-06-09T12:26:39.931+0200] {processor.py:839} INFO - DAG(s) dict_keys(['example_bash_operator']) retrieved from /home/diego.rivero/practica_creativa/env/lib/python3.11/site-packages/airflow/example_dags/example_bash_operator.py
[2025-06-09T12:26:39.964+0200] {logging_mixin.py:154} INFO - [2025-06-09T12:26:39.964+0200] {dag.py:2941} INFO - Sync 1 DAGs
[2025-06-09T12:26:39.993+0200] {logging_mixin.py:154} INFO - [2025-06-09T12:26:39.993+0200] {dag.py:3722} INFO - Setting next_dagrun for example_bash_operator to 2025-06-08T00:00:00+00:00, run_after=2025-06-09T00:00:00+00:00
[2025-06-09T12:26:40.049+0200] {processor.py:179} INFO - Processing /home/diego.rivero/practica_creativa/env/lib/python3.11/site-packages/airflow/example_dags/example_bash_operator.py took 0.154 seconds
[2025-06-09T12:28:01.365+0200] {processor.py:157} INFO - Started process (PID=79049) to work on /home/diego.rivero/practica_creativa/env/lib/python3.11/site-packages/airflow/example_dags/example_bash_operator.py
[2025-06-09T12:28:01.366+0200] {processor.py:829} INFO - Processing file /home/diego.rivero/practica_creativa/env/lib/python3.11/site-packages/airflow/example_dags/example_bash_operator.py for tasks to queue
[2025-06-09T12:28:01.367+0200] {logging_mixin.py:154} INFO - [2025-06-09T12:28:01.367+0200] {dagbag.py:536} INFO - Filling up the DagBag from /home/diego.rivero/practica_creativa/env/lib/python3.11/site-packages/airflow/example_dags/example_bash_operator.py
[2025-06-09T12:28:01.379+0200] {processor.py:839} INFO - DAG(s) dict_keys(['example_bash_operator']) retrieved from /home/diego.rivero/practica_creativa/env/lib/python3.11/site-packages/airflow/example_dags/example_bash_operator.py
[2025-06-09T12:28:01.413+0200] {logging_mixin.py:154} INFO - [2025-06-09T12:28:01.413+0200] {dag.py:2941} INFO - Sync 1 DAGs
[2025-06-09T12:28:01.444+0200] {logging_mixin.py:154} INFO - [2025-06-09T12:28:01.444+0200] {dag.py:3722} INFO - Setting next_dagrun for example_bash_operator to 2025-06-08T00:00:00+00:00, run_after=2025-06-09T00:00:00+00:00
[2025-06-09T12:28:01.500+0200] {processor.py:179} INFO - Processing /home/diego.rivero/practica_creativa/env/lib/python3.11/site-packages/airflow/example_dags/example_bash_operator.py took 0.138 seconds
