[2025-06-09T12:23:49.014+0200] {processor.py:157} INFO - Started process (PID=77308) to work on /home/diego.rivero/practica_creativa/env/lib/python3.11/site-packages/airflow/example_dags/example_setup_teardown_taskflow.py
[2025-06-09T12:23:49.017+0200] {processor.py:829} INFO - Processing file /home/diego.rivero/practica_creativa/env/lib/python3.11/site-packages/airflow/example_dags/example_setup_teardown_taskflow.py for tasks to queue
[2025-06-09T12:23:49.020+0200] {logging_mixin.py:154} INFO - [2025-06-09T12:23:49.019+0200] {dagbag.py:536} INFO - Filling up the DagBag from /home/diego.rivero/practica_creativa/env/lib/python3.11/site-packages/airflow/example_dags/example_setup_teardown_taskflow.py
[2025-06-09T12:23:49.042+0200] {processor.py:839} INFO - DAG(s) dict_keys(['example_setup_teardown_taskflow']) retrieved from /home/diego.rivero/practica_creativa/env/lib/python3.11/site-packages/airflow/example_dags/example_setup_teardown_taskflow.py
[2025-06-09T12:23:49.072+0200] {logging_mixin.py:154} INFO - [2025-06-09T12:23:49.072+0200] {dag.py:2941} INFO - Sync 1 DAGs
[2025-06-09T12:23:49.101+0200] {logging_mixin.py:154} INFO - [2025-06-09T12:23:49.100+0200] {dag.py:3722} INFO - Setting next_dagrun for example_setup_teardown_taskflow to 2025-06-08T10:23:49.100715+00:00, run_after=2025-06-09T10:23:49.100715+00:00
[2025-06-09T12:23:49.161+0200] {processor.py:179} INFO - Processing /home/diego.rivero/practica_creativa/env/lib/python3.11/site-packages/airflow/example_dags/example_setup_teardown_taskflow.py took 0.155 seconds
[2025-06-09T12:24:56.501+0200] {processor.py:157} INFO - Started process (PID=77758) to work on /home/diego.rivero/practica_creativa/env/lib/python3.11/site-packages/airflow/example_dags/example_setup_teardown_taskflow.py
[2025-06-09T12:24:56.501+0200] {processor.py:829} INFO - Processing file /home/diego.rivero/practica_creativa/env/lib/python3.11/site-packages/airflow/example_dags/example_setup_teardown_taskflow.py for tasks to queue
[2025-06-09T12:24:56.502+0200] {logging_mixin.py:154} INFO - [2025-06-09T12:24:56.502+0200] {dagbag.py:536} INFO - Filling up the DagBag from /home/diego.rivero/practica_creativa/env/lib/python3.11/site-packages/airflow/example_dags/example_setup_teardown_taskflow.py
[2025-06-09T12:24:56.513+0200] {processor.py:839} INFO - DAG(s) dict_keys(['example_setup_teardown_taskflow']) retrieved from /home/diego.rivero/practica_creativa/env/lib/python3.11/site-packages/airflow/example_dags/example_setup_teardown_taskflow.py
[2025-06-09T12:24:56.555+0200] {logging_mixin.py:154} INFO - [2025-06-09T12:24:56.554+0200] {dag.py:2941} INFO - Sync 1 DAGs
[2025-06-09T12:24:56.586+0200] {logging_mixin.py:154} INFO - [2025-06-09T12:24:56.586+0200] {dag.py:3722} INFO - Setting next_dagrun for example_setup_teardown_taskflow to 2025-06-08T10:24:56.586064+00:00, run_after=2025-06-09T10:24:56.586064+00:00
[2025-06-09T12:24:56.654+0200] {processor.py:179} INFO - Processing /home/diego.rivero/practica_creativa/env/lib/python3.11/site-packages/airflow/example_dags/example_setup_teardown_taskflow.py took 0.156 seconds
[2025-06-09T12:25:51.112+0200] {processor.py:157} INFO - Started process (PID=78149) to work on /home/diego.rivero/practica_creativa/env/lib/python3.11/site-packages/airflow/example_dags/example_setup_teardown_taskflow.py
[2025-06-09T12:25:51.115+0200] {processor.py:829} INFO - Processing file /home/diego.rivero/practica_creativa/env/lib/python3.11/site-packages/airflow/example_dags/example_setup_teardown_taskflow.py for tasks to queue
[2025-06-09T12:25:51.118+0200] {logging_mixin.py:154} INFO - [2025-06-09T12:25:51.117+0200] {dagbag.py:536} INFO - Filling up the DagBag from /home/diego.rivero/practica_creativa/env/lib/python3.11/site-packages/airflow/example_dags/example_setup_teardown_taskflow.py
[2025-06-09T12:25:51.143+0200] {processor.py:839} INFO - DAG(s) dict_keys(['example_setup_teardown_taskflow']) retrieved from /home/diego.rivero/practica_creativa/env/lib/python3.11/site-packages/airflow/example_dags/example_setup_teardown_taskflow.py
[2025-06-09T12:25:51.173+0200] {logging_mixin.py:154} INFO - [2025-06-09T12:25:51.172+0200] {dag.py:2941} INFO - Sync 1 DAGs
[2025-06-09T12:25:51.203+0200] {logging_mixin.py:154} INFO - [2025-06-09T12:25:51.203+0200] {dag.py:3722} INFO - Setting next_dagrun for example_setup_teardown_taskflow to 2025-06-08T10:25:51.202951+00:00, run_after=2025-06-09T10:25:51.202951+00:00
[2025-06-09T12:25:51.261+0200] {processor.py:179} INFO - Processing /home/diego.rivero/practica_creativa/env/lib/python3.11/site-packages/airflow/example_dags/example_setup_teardown_taskflow.py took 0.158 seconds
[2025-06-09T12:27:30.276+0200] {processor.py:157} INFO - Started process (PID=78866) to work on /home/diego.rivero/practica_creativa/env/lib/python3.11/site-packages/airflow/example_dags/example_setup_teardown_taskflow.py
[2025-06-09T12:27:30.278+0200] {processor.py:829} INFO - Processing file /home/diego.rivero/practica_creativa/env/lib/python3.11/site-packages/airflow/example_dags/example_setup_teardown_taskflow.py for tasks to queue
[2025-06-09T12:27:30.280+0200] {logging_mixin.py:154} INFO - [2025-06-09T12:27:30.280+0200] {dagbag.py:536} INFO - Filling up the DagBag from /home/diego.rivero/practica_creativa/env/lib/python3.11/site-packages/airflow/example_dags/example_setup_teardown_taskflow.py
[2025-06-09T12:27:30.304+0200] {processor.py:839} INFO - DAG(s) dict_keys(['example_setup_teardown_taskflow']) retrieved from /home/diego.rivero/practica_creativa/env/lib/python3.11/site-packages/airflow/example_dags/example_setup_teardown_taskflow.py
[2025-06-09T12:27:30.334+0200] {logging_mixin.py:154} INFO - [2025-06-09T12:27:30.334+0200] {dag.py:2941} INFO - Sync 1 DAGs
[2025-06-09T12:27:30.361+0200] {logging_mixin.py:154} INFO - [2025-06-09T12:27:30.361+0200] {dag.py:3722} INFO - Setting next_dagrun for example_setup_teardown_taskflow to 2025-06-08T10:27:30.361081+00:00, run_after=2025-06-09T10:27:30.361081+00:00
[2025-06-09T12:27:30.434+0200] {processor.py:179} INFO - Processing /home/diego.rivero/practica_creativa/env/lib/python3.11/site-packages/airflow/example_dags/example_setup_teardown_taskflow.py took 0.166 seconds
[2025-06-09T12:41:43.367+0200] {processor.py:157} INFO - Started process (PID=90543) to work on /home/diego.rivero/practica_creativa/env/lib/python3.11/site-packages/airflow/example_dags/example_setup_teardown_taskflow.py
[2025-06-09T12:41:43.368+0200] {processor.py:829} INFO - Processing file /home/diego.rivero/practica_creativa/env/lib/python3.11/site-packages/airflow/example_dags/example_setup_teardown_taskflow.py for tasks to queue
[2025-06-09T12:41:43.369+0200] {logging_mixin.py:154} INFO - [2025-06-09T12:41:43.369+0200] {dagbag.py:536} INFO - Filling up the DagBag from /home/diego.rivero/practica_creativa/env/lib/python3.11/site-packages/airflow/example_dags/example_setup_teardown_taskflow.py
[2025-06-09T12:41:43.381+0200] {processor.py:839} INFO - DAG(s) dict_keys(['example_setup_teardown_taskflow']) retrieved from /home/diego.rivero/practica_creativa/env/lib/python3.11/site-packages/airflow/example_dags/example_setup_teardown_taskflow.py
[2025-06-09T12:41:43.412+0200] {logging_mixin.py:154} INFO - [2025-06-09T12:41:43.411+0200] {dag.py:2941} INFO - Sync 1 DAGs
[2025-06-09T12:41:43.442+0200] {logging_mixin.py:154} INFO - [2025-06-09T12:41:43.442+0200] {dag.py:3722} INFO - Setting next_dagrun for example_setup_teardown_taskflow to 2025-06-08T10:41:43.442565+00:00, run_after=2025-06-09T10:41:43.442565+00:00
[2025-06-09T12:41:43.504+0200] {processor.py:179} INFO - Processing /home/diego.rivero/practica_creativa/env/lib/python3.11/site-packages/airflow/example_dags/example_setup_teardown_taskflow.py took 0.140 seconds
