[2025-06-09T12:23:35.705+0200] {processor.py:157} INFO - Started process (PID=77197) to work on /home/diego.rivero/practica_creativa/env/lib/python3.11/site-packages/airflow/example_dags/example_time_delta_sensor_async.py
[2025-06-09T12:23:35.707+0200] {processor.py:829} INFO - Processing file /home/diego.rivero/practica_creativa/env/lib/python3.11/site-packages/airflow/example_dags/example_time_delta_sensor_async.py for tasks to queue
[2025-06-09T12:23:35.710+0200] {logging_mixin.py:154} INFO - [2025-06-09T12:23:35.709+0200] {dagbag.py:536} INFO - Filling up the DagBag from /home/diego.rivero/practica_creativa/env/lib/python3.11/site-packages/airflow/example_dags/example_time_delta_sensor_async.py
[2025-06-09T12:23:35.739+0200] {processor.py:839} INFO - DAG(s) dict_keys(['example_time_delta_sensor_async']) retrieved from /home/diego.rivero/practica_creativa/env/lib/python3.11/site-packages/airflow/example_dags/example_time_delta_sensor_async.py
[2025-06-09T12:23:35.793+0200] {logging_mixin.py:154} INFO - [2025-06-09T12:23:35.793+0200] {dag.py:2941} INFO - Sync 1 DAGs
[2025-06-09T12:23:35.808+0200] {logging_mixin.py:154} INFO - [2025-06-09T12:23:35.808+0200] {dag.py:3722} INFO - Setting next_dagrun for example_time_delta_sensor_async to None, run_after=None
[2025-06-09T12:23:35.865+0200] {processor.py:179} INFO - Processing /home/diego.rivero/practica_creativa/env/lib/python3.11/site-packages/airflow/example_dags/example_time_delta_sensor_async.py took 0.170 seconds
[2025-06-09T12:24:43.257+0200] {processor.py:157} INFO - Started process (PID=77686) to work on /home/diego.rivero/practica_creativa/env/lib/python3.11/site-packages/airflow/example_dags/example_time_delta_sensor_async.py
[2025-06-09T12:24:43.258+0200] {processor.py:829} INFO - Processing file /home/diego.rivero/practica_creativa/env/lib/python3.11/site-packages/airflow/example_dags/example_time_delta_sensor_async.py for tasks to queue
[2025-06-09T12:24:43.259+0200] {logging_mixin.py:154} INFO - [2025-06-09T12:24:43.259+0200] {dagbag.py:536} INFO - Filling up the DagBag from /home/diego.rivero/practica_creativa/env/lib/python3.11/site-packages/airflow/example_dags/example_time_delta_sensor_async.py
[2025-06-09T12:24:43.267+0200] {processor.py:839} INFO - DAG(s) dict_keys(['example_time_delta_sensor_async']) retrieved from /home/diego.rivero/practica_creativa/env/lib/python3.11/site-packages/airflow/example_dags/example_time_delta_sensor_async.py
[2025-06-09T12:24:43.284+0200] {logging_mixin.py:154} INFO - [2025-06-09T12:24:43.284+0200] {dag.py:2941} INFO - Sync 1 DAGs
[2025-06-09T12:24:43.303+0200] {logging_mixin.py:154} INFO - [2025-06-09T12:24:43.303+0200] {dag.py:3722} INFO - Setting next_dagrun for example_time_delta_sensor_async to None, run_after=None
[2025-06-09T12:24:43.358+0200] {processor.py:179} INFO - Processing /home/diego.rivero/practica_creativa/env/lib/python3.11/site-packages/airflow/example_dags/example_time_delta_sensor_async.py took 0.104 seconds
[2025-06-09T12:25:37.518+0200] {processor.py:157} INFO - Started process (PID=78024) to work on /home/diego.rivero/practica_creativa/env/lib/python3.11/site-packages/airflow/example_dags/example_time_delta_sensor_async.py
[2025-06-09T12:25:37.523+0200] {processor.py:829} INFO - Processing file /home/diego.rivero/practica_creativa/env/lib/python3.11/site-packages/airflow/example_dags/example_time_delta_sensor_async.py for tasks to queue
[2025-06-09T12:25:37.525+0200] {logging_mixin.py:154} INFO - [2025-06-09T12:25:37.524+0200] {dagbag.py:536} INFO - Filling up the DagBag from /home/diego.rivero/practica_creativa/env/lib/python3.11/site-packages/airflow/example_dags/example_time_delta_sensor_async.py
[2025-06-09T12:25:37.543+0200] {processor.py:839} INFO - DAG(s) dict_keys(['example_time_delta_sensor_async']) retrieved from /home/diego.rivero/practica_creativa/env/lib/python3.11/site-packages/airflow/example_dags/example_time_delta_sensor_async.py
[2025-06-09T12:25:37.619+0200] {logging_mixin.py:154} INFO - [2025-06-09T12:25:37.619+0200] {dag.py:2941} INFO - Sync 1 DAGs
[2025-06-09T12:25:37.646+0200] {logging_mixin.py:154} INFO - [2025-06-09T12:25:37.646+0200] {dag.py:3722} INFO - Setting next_dagrun for example_time_delta_sensor_async to None, run_after=None
[2025-06-09T12:25:37.730+0200] {processor.py:179} INFO - Processing /home/diego.rivero/practica_creativa/env/lib/python3.11/site-packages/airflow/example_dags/example_time_delta_sensor_async.py took 0.224 seconds
[2025-06-09T12:26:29.446+0200] {processor.py:157} INFO - Started process (PID=78460) to work on /home/diego.rivero/practica_creativa/env/lib/python3.11/site-packages/airflow/example_dags/example_time_delta_sensor_async.py
[2025-06-09T12:26:29.448+0200] {processor.py:829} INFO - Processing file /home/diego.rivero/practica_creativa/env/lib/python3.11/site-packages/airflow/example_dags/example_time_delta_sensor_async.py for tasks to queue
[2025-06-09T12:26:29.449+0200] {logging_mixin.py:154} INFO - [2025-06-09T12:26:29.449+0200] {dagbag.py:536} INFO - Filling up the DagBag from /home/diego.rivero/practica_creativa/env/lib/python3.11/site-packages/airflow/example_dags/example_time_delta_sensor_async.py
[2025-06-09T12:26:29.457+0200] {processor.py:839} INFO - DAG(s) dict_keys(['example_time_delta_sensor_async']) retrieved from /home/diego.rivero/practica_creativa/env/lib/python3.11/site-packages/airflow/example_dags/example_time_delta_sensor_async.py
[2025-06-09T12:26:29.486+0200] {logging_mixin.py:154} INFO - [2025-06-09T12:26:29.486+0200] {dag.py:2941} INFO - Sync 1 DAGs
[2025-06-09T12:26:29.502+0200] {logging_mixin.py:154} INFO - [2025-06-09T12:26:29.501+0200] {dag.py:3722} INFO - Setting next_dagrun for example_time_delta_sensor_async to None, run_after=None
[2025-06-09T12:26:29.557+0200] {processor.py:179} INFO - Processing /home/diego.rivero/practica_creativa/env/lib/python3.11/site-packages/airflow/example_dags/example_time_delta_sensor_async.py took 0.119 seconds
[2025-06-09T12:27:17.194+0200] {processor.py:157} INFO - Started process (PID=78767) to work on /home/diego.rivero/practica_creativa/env/lib/python3.11/site-packages/airflow/example_dags/example_time_delta_sensor_async.py
[2025-06-09T12:27:17.196+0200] {processor.py:829} INFO - Processing file /home/diego.rivero/practica_creativa/env/lib/python3.11/site-packages/airflow/example_dags/example_time_delta_sensor_async.py for tasks to queue
[2025-06-09T12:27:17.197+0200] {logging_mixin.py:154} INFO - [2025-06-09T12:27:17.196+0200] {dagbag.py:536} INFO - Filling up the DagBag from /home/diego.rivero/practica_creativa/env/lib/python3.11/site-packages/airflow/example_dags/example_time_delta_sensor_async.py
[2025-06-09T12:27:17.208+0200] {processor.py:839} INFO - DAG(s) dict_keys(['example_time_delta_sensor_async']) retrieved from /home/diego.rivero/practica_creativa/env/lib/python3.11/site-packages/airflow/example_dags/example_time_delta_sensor_async.py
[2025-06-09T12:27:17.225+0200] {logging_mixin.py:154} INFO - [2025-06-09T12:27:17.225+0200] {dag.py:2941} INFO - Sync 1 DAGs
[2025-06-09T12:27:17.243+0200] {logging_mixin.py:154} INFO - [2025-06-09T12:27:17.243+0200] {dag.py:3722} INFO - Setting next_dagrun for example_time_delta_sensor_async to None, run_after=None
[2025-06-09T12:27:17.307+0200] {processor.py:179} INFO - Processing /home/diego.rivero/practica_creativa/env/lib/python3.11/site-packages/airflow/example_dags/example_time_delta_sensor_async.py took 0.118 seconds
[2025-06-09T12:41:32.683+0200] {processor.py:157} INFO - Started process (PID=90426) to work on /home/diego.rivero/practica_creativa/env/lib/python3.11/site-packages/airflow/example_dags/example_time_delta_sensor_async.py
[2025-06-09T12:41:32.684+0200] {processor.py:829} INFO - Processing file /home/diego.rivero/practica_creativa/env/lib/python3.11/site-packages/airflow/example_dags/example_time_delta_sensor_async.py for tasks to queue
[2025-06-09T12:41:32.684+0200] {logging_mixin.py:154} INFO - [2025-06-09T12:41:32.684+0200] {dagbag.py:536} INFO - Filling up the DagBag from /home/diego.rivero/practica_creativa/env/lib/python3.11/site-packages/airflow/example_dags/example_time_delta_sensor_async.py
[2025-06-09T12:41:32.694+0200] {processor.py:839} INFO - DAG(s) dict_keys(['example_time_delta_sensor_async']) retrieved from /home/diego.rivero/practica_creativa/env/lib/python3.11/site-packages/airflow/example_dags/example_time_delta_sensor_async.py
[2025-06-09T12:41:32.733+0200] {logging_mixin.py:154} INFO - [2025-06-09T12:41:32.733+0200] {dag.py:2941} INFO - Sync 1 DAGs
[2025-06-09T12:41:32.750+0200] {logging_mixin.py:154} INFO - [2025-06-09T12:41:32.750+0200] {dag.py:3722} INFO - Setting next_dagrun for example_time_delta_sensor_async to None, run_after=None
[2025-06-09T12:41:32.812+0200] {processor.py:179} INFO - Processing /home/diego.rivero/practica_creativa/env/lib/python3.11/site-packages/airflow/example_dags/example_time_delta_sensor_async.py took 0.132 seconds
