[2025-06-09T12:24:11.158+0200] {processor.py:157} INFO - Started process (PID=77423) to work on /home/diego.rivero/practica_creativa/env/lib/python3.11/site-packages/airflow/example_dags/example_branch_python_dop_operator_3.py
[2025-06-09T12:24:11.161+0200] {processor.py:829} INFO - Processing file /home/diego.rivero/practica_creativa/env/lib/python3.11/site-packages/airflow/example_dags/example_branch_python_dop_operator_3.py for tasks to queue
[2025-06-09T12:24:11.163+0200] {logging_mixin.py:154} INFO - [2025-06-09T12:24:11.162+0200] {dagbag.py:536} INFO - Filling up the DagBag from /home/diego.rivero/practica_creativa/env/lib/python3.11/site-packages/airflow/example_dags/example_branch_python_dop_operator_3.py
[2025-06-09T12:24:11.178+0200] {processor.py:839} INFO - DAG(s) dict_keys(['example_branch_dop_operator_v3']) retrieved from /home/diego.rivero/practica_creativa/env/lib/python3.11/site-packages/airflow/example_dags/example_branch_python_dop_operator_3.py
[2025-06-09T12:24:11.208+0200] {logging_mixin.py:154} INFO - [2025-06-09T12:24:11.208+0200] {dag.py:2941} INFO - Sync 1 DAGs
[2025-06-09T12:24:11.242+0200] {logging_mixin.py:154} INFO - [2025-06-09T12:24:11.242+0200] {dag.py:3722} INFO - Setting next_dagrun for example_branch_dop_operator_v3 to 2025-06-09T10:23:00+00:00, run_after=2025-06-09T10:24:00+00:00
[2025-06-09T12:24:11.302+0200] {processor.py:179} INFO - Processing /home/diego.rivero/practica_creativa/env/lib/python3.11/site-packages/airflow/example_dags/example_branch_python_dop_operator_3.py took 0.153 seconds
[2025-06-09T12:25:17.544+0200] {processor.py:157} INFO - Started process (PID=77902) to work on /home/diego.rivero/practica_creativa/env/lib/python3.11/site-packages/airflow/example_dags/example_branch_python_dop_operator_3.py
[2025-06-09T12:25:17.545+0200] {processor.py:829} INFO - Processing file /home/diego.rivero/practica_creativa/env/lib/python3.11/site-packages/airflow/example_dags/example_branch_python_dop_operator_3.py for tasks to queue
[2025-06-09T12:25:17.546+0200] {logging_mixin.py:154} INFO - [2025-06-09T12:25:17.545+0200] {dagbag.py:536} INFO - Filling up the DagBag from /home/diego.rivero/practica_creativa/env/lib/python3.11/site-packages/airflow/example_dags/example_branch_python_dop_operator_3.py
[2025-06-09T12:25:17.555+0200] {processor.py:839} INFO - DAG(s) dict_keys(['example_branch_dop_operator_v3']) retrieved from /home/diego.rivero/practica_creativa/env/lib/python3.11/site-packages/airflow/example_dags/example_branch_python_dop_operator_3.py
[2025-06-09T12:25:17.582+0200] {logging_mixin.py:154} INFO - [2025-06-09T12:25:17.582+0200] {dag.py:2941} INFO - Sync 1 DAGs
[2025-06-09T12:25:17.614+0200] {logging_mixin.py:154} INFO - [2025-06-09T12:25:17.613+0200] {dag.py:3722} INFO - Setting next_dagrun for example_branch_dop_operator_v3 to 2025-06-09T10:24:00+00:00, run_after=2025-06-09T10:25:00+00:00
[2025-06-09T12:25:17.666+0200] {processor.py:179} INFO - Processing /home/diego.rivero/practica_creativa/env/lib/python3.11/site-packages/airflow/example_dags/example_branch_python_dop_operator_3.py took 0.125 seconds
[2025-06-09T12:26:14.165+0200] {processor.py:157} INFO - Started process (PID=78329) to work on /home/diego.rivero/practica_creativa/env/lib/python3.11/site-packages/airflow/example_dags/example_branch_python_dop_operator_3.py
[2025-06-09T12:26:14.168+0200] {processor.py:829} INFO - Processing file /home/diego.rivero/practica_creativa/env/lib/python3.11/site-packages/airflow/example_dags/example_branch_python_dop_operator_3.py for tasks to queue
[2025-06-09T12:26:14.170+0200] {logging_mixin.py:154} INFO - [2025-06-09T12:26:14.169+0200] {dagbag.py:536} INFO - Filling up the DagBag from /home/diego.rivero/practica_creativa/env/lib/python3.11/site-packages/airflow/example_dags/example_branch_python_dop_operator_3.py
[2025-06-09T12:26:14.193+0200] {processor.py:839} INFO - DAG(s) dict_keys(['example_branch_dop_operator_v3']) retrieved from /home/diego.rivero/practica_creativa/env/lib/python3.11/site-packages/airflow/example_dags/example_branch_python_dop_operator_3.py
[2025-06-09T12:26:14.225+0200] {logging_mixin.py:154} INFO - [2025-06-09T12:26:14.225+0200] {dag.py:2941} INFO - Sync 1 DAGs
[2025-06-09T12:26:14.256+0200] {logging_mixin.py:154} INFO - [2025-06-09T12:26:14.256+0200] {dag.py:3722} INFO - Setting next_dagrun for example_branch_dop_operator_v3 to 2025-06-09T10:25:00+00:00, run_after=2025-06-09T10:26:00+00:00
[2025-06-09T12:26:14.314+0200] {processor.py:179} INFO - Processing /home/diego.rivero/practica_creativa/env/lib/python3.11/site-packages/airflow/example_dags/example_branch_python_dop_operator_3.py took 0.158 seconds
[2025-06-09T12:27:53.333+0200] {processor.py:157} INFO - Started process (PID=79010) to work on /home/diego.rivero/practica_creativa/env/lib/python3.11/site-packages/airflow/example_dags/example_branch_python_dop_operator_3.py
[2025-06-09T12:27:53.335+0200] {processor.py:829} INFO - Processing file /home/diego.rivero/practica_creativa/env/lib/python3.11/site-packages/airflow/example_dags/example_branch_python_dop_operator_3.py for tasks to queue
[2025-06-09T12:27:53.338+0200] {logging_mixin.py:154} INFO - [2025-06-09T12:27:53.337+0200] {dagbag.py:536} INFO - Filling up the DagBag from /home/diego.rivero/practica_creativa/env/lib/python3.11/site-packages/airflow/example_dags/example_branch_python_dop_operator_3.py
[2025-06-09T12:27:53.371+0200] {processor.py:839} INFO - DAG(s) dict_keys(['example_branch_dop_operator_v3']) retrieved from /home/diego.rivero/practica_creativa/env/lib/python3.11/site-packages/airflow/example_dags/example_branch_python_dop_operator_3.py
[2025-06-09T12:27:53.444+0200] {logging_mixin.py:154} INFO - [2025-06-09T12:27:53.444+0200] {dag.py:2941} INFO - Sync 1 DAGs
[2025-06-09T12:27:53.536+0200] {logging_mixin.py:154} INFO - [2025-06-09T12:27:53.535+0200] {dag.py:3722} INFO - Setting next_dagrun for example_branch_dop_operator_v3 to 2025-06-09T10:26:00+00:00, run_after=2025-06-09T10:27:00+00:00
[2025-06-09T12:27:53.664+0200] {processor.py:179} INFO - Processing /home/diego.rivero/practica_creativa/env/lib/python3.11/site-packages/airflow/example_dags/example_branch_python_dop_operator_3.py took 0.342 seconds
[2025-06-09T12:42:06.793+0200] {processor.py:157} INFO - Started process (PID=90726) to work on /home/diego.rivero/practica_creativa/env/lib/python3.11/site-packages/airflow/example_dags/example_branch_python_dop_operator_3.py
[2025-06-09T12:42:06.795+0200] {processor.py:829} INFO - Processing file /home/diego.rivero/practica_creativa/env/lib/python3.11/site-packages/airflow/example_dags/example_branch_python_dop_operator_3.py for tasks to queue
[2025-06-09T12:42:06.798+0200] {logging_mixin.py:154} INFO - [2025-06-09T12:42:06.797+0200] {dagbag.py:536} INFO - Filling up the DagBag from /home/diego.rivero/practica_creativa/env/lib/python3.11/site-packages/airflow/example_dags/example_branch_python_dop_operator_3.py
[2025-06-09T12:42:06.814+0200] {processor.py:839} INFO - DAG(s) dict_keys(['example_branch_dop_operator_v3']) retrieved from /home/diego.rivero/practica_creativa/env/lib/python3.11/site-packages/airflow/example_dags/example_branch_python_dop_operator_3.py
[2025-06-09T12:42:06.843+0200] {logging_mixin.py:154} INFO - [2025-06-09T12:42:06.843+0200] {dag.py:2941} INFO - Sync 1 DAGs
[2025-06-09T12:42:06.876+0200] {logging_mixin.py:154} INFO - [2025-06-09T12:42:06.876+0200] {dag.py:3722} INFO - Setting next_dagrun for example_branch_dop_operator_v3 to 2025-06-09T10:41:00+00:00, run_after=2025-06-09T10:42:00+00:00
[2025-06-09T12:42:06.975+0200] {processor.py:179} INFO - Processing /home/diego.rivero/practica_creativa/env/lib/python3.11/site-packages/airflow/example_dags/example_branch_python_dop_operator_3.py took 0.192 seconds
