[2025-06-09T12:23:26.507+0200] {processor.py:157} INFO - Started process (PID=77152) to work on /home/diego.rivero/practica_creativa/env/lib/python3.11/site-packages/airflow/example_dags/tutorial_taskflow_api.py
[2025-06-09T12:23:26.508+0200] {processor.py:829} INFO - Processing file /home/diego.rivero/practica_creativa/env/lib/python3.11/site-packages/airflow/example_dags/tutorial_taskflow_api.py for tasks to queue
[2025-06-09T12:23:26.509+0200] {logging_mixin.py:154} INFO - [2025-06-09T12:23:26.508+0200] {dagbag.py:536} INFO - Filling up the DagBag from /home/diego.rivero/practica_creativa/env/lib/python3.11/site-packages/airflow/example_dags/tutorial_taskflow_api.py
[2025-06-09T12:23:26.530+0200] {processor.py:839} INFO - DAG(s) dict_keys(['tutorial_taskflow_api']) retrieved from /home/diego.rivero/practica_creativa/env/lib/python3.11/site-packages/airflow/example_dags/tutorial_taskflow_api.py
[2025-06-09T12:23:26.585+0200] {logging_mixin.py:154} INFO - [2025-06-09T12:23:26.585+0200] {dag.py:2941} INFO - Sync 1 DAGs
[2025-06-09T12:23:26.602+0200] {logging_mixin.py:154} INFO - [2025-06-09T12:23:26.602+0200] {dag.py:3722} INFO - Setting next_dagrun for tutorial_taskflow_api to None, run_after=None
[2025-06-09T12:23:26.660+0200] {processor.py:179} INFO - Processing /home/diego.rivero/practica_creativa/env/lib/python3.11/site-packages/airflow/example_dags/tutorial_taskflow_api.py took 0.157 seconds
[2025-06-09T12:24:34.933+0200] {processor.py:157} INFO - Started process (PID=77604) to work on /home/diego.rivero/practica_creativa/env/lib/python3.11/site-packages/airflow/example_dags/tutorial_taskflow_api.py
[2025-06-09T12:24:34.934+0200] {processor.py:829} INFO - Processing file /home/diego.rivero/practica_creativa/env/lib/python3.11/site-packages/airflow/example_dags/tutorial_taskflow_api.py for tasks to queue
[2025-06-09T12:24:34.935+0200] {logging_mixin.py:154} INFO - [2025-06-09T12:24:34.935+0200] {dagbag.py:536} INFO - Filling up the DagBag from /home/diego.rivero/practica_creativa/env/lib/python3.11/site-packages/airflow/example_dags/tutorial_taskflow_api.py
[2025-06-09T12:24:34.949+0200] {processor.py:839} INFO - DAG(s) dict_keys(['tutorial_taskflow_api']) retrieved from /home/diego.rivero/practica_creativa/env/lib/python3.11/site-packages/airflow/example_dags/tutorial_taskflow_api.py
[2025-06-09T12:24:34.968+0200] {logging_mixin.py:154} INFO - [2025-06-09T12:24:34.968+0200] {dag.py:2941} INFO - Sync 1 DAGs
[2025-06-09T12:24:34.988+0200] {logging_mixin.py:154} INFO - [2025-06-09T12:24:34.988+0200] {dag.py:3722} INFO - Setting next_dagrun for tutorial_taskflow_api to None, run_after=None
[2025-06-09T12:24:35.051+0200] {processor.py:179} INFO - Processing /home/diego.rivero/practica_creativa/env/lib/python3.11/site-packages/airflow/example_dags/tutorial_taskflow_api.py took 0.121 seconds
[2025-06-09T12:25:29.916+0200] {processor.py:157} INFO - Started process (PID=77992) to work on /home/diego.rivero/practica_creativa/env/lib/python3.11/site-packages/airflow/example_dags/tutorial_taskflow_api.py
[2025-06-09T12:25:29.917+0200] {processor.py:829} INFO - Processing file /home/diego.rivero/practica_creativa/env/lib/python3.11/site-packages/airflow/example_dags/tutorial_taskflow_api.py for tasks to queue
[2025-06-09T12:25:29.918+0200] {logging_mixin.py:154} INFO - [2025-06-09T12:25:29.917+0200] {dagbag.py:536} INFO - Filling up the DagBag from /home/diego.rivero/practica_creativa/env/lib/python3.11/site-packages/airflow/example_dags/tutorial_taskflow_api.py
[2025-06-09T12:25:29.925+0200] {processor.py:839} INFO - DAG(s) dict_keys(['tutorial_taskflow_api']) retrieved from /home/diego.rivero/practica_creativa/env/lib/python3.11/site-packages/airflow/example_dags/tutorial_taskflow_api.py
[2025-06-09T12:25:29.955+0200] {logging_mixin.py:154} INFO - [2025-06-09T12:25:29.955+0200] {dag.py:2941} INFO - Sync 1 DAGs
[2025-06-09T12:25:29.972+0200] {logging_mixin.py:154} INFO - [2025-06-09T12:25:29.972+0200] {dag.py:3722} INFO - Setting next_dagrun for tutorial_taskflow_api to None, run_after=None
[2025-06-09T12:25:30.032+0200] {processor.py:179} INFO - Processing /home/diego.rivero/practica_creativa/env/lib/python3.11/site-packages/airflow/example_dags/tutorial_taskflow_api.py took 0.120 seconds
[2025-06-09T12:26:21.232+0200] {processor.py:157} INFO - Started process (PID=78390) to work on /home/diego.rivero/practica_creativa/env/lib/python3.11/site-packages/airflow/example_dags/tutorial_taskflow_api.py
[2025-06-09T12:26:21.234+0200] {processor.py:829} INFO - Processing file /home/diego.rivero/practica_creativa/env/lib/python3.11/site-packages/airflow/example_dags/tutorial_taskflow_api.py for tasks to queue
[2025-06-09T12:26:21.237+0200] {logging_mixin.py:154} INFO - [2025-06-09T12:26:21.235+0200] {dagbag.py:536} INFO - Filling up the DagBag from /home/diego.rivero/practica_creativa/env/lib/python3.11/site-packages/airflow/example_dags/tutorial_taskflow_api.py
[2025-06-09T12:26:21.253+0200] {processor.py:839} INFO - DAG(s) dict_keys(['tutorial_taskflow_api']) retrieved from /home/diego.rivero/practica_creativa/env/lib/python3.11/site-packages/airflow/example_dags/tutorial_taskflow_api.py
[2025-06-09T12:26:21.285+0200] {logging_mixin.py:154} INFO - [2025-06-09T12:26:21.285+0200] {dag.py:2941} INFO - Sync 1 DAGs
[2025-06-09T12:26:21.301+0200] {logging_mixin.py:154} INFO - [2025-06-09T12:26:21.301+0200] {dag.py:3722} INFO - Setting next_dagrun for tutorial_taskflow_api to None, run_after=None
[2025-06-09T12:26:21.362+0200] {processor.py:179} INFO - Processing /home/diego.rivero/practica_creativa/env/lib/python3.11/site-packages/airflow/example_dags/tutorial_taskflow_api.py took 0.141 seconds
[2025-06-09T12:27:08.070+0200] {processor.py:157} INFO - Started process (PID=78683) to work on /home/diego.rivero/practica_creativa/env/lib/python3.11/site-packages/airflow/example_dags/tutorial_taskflow_api.py
[2025-06-09T12:27:08.071+0200] {processor.py:829} INFO - Processing file /home/diego.rivero/practica_creativa/env/lib/python3.11/site-packages/airflow/example_dags/tutorial_taskflow_api.py for tasks to queue
[2025-06-09T12:27:08.072+0200] {logging_mixin.py:154} INFO - [2025-06-09T12:27:08.071+0200] {dagbag.py:536} INFO - Filling up the DagBag from /home/diego.rivero/practica_creativa/env/lib/python3.11/site-packages/airflow/example_dags/tutorial_taskflow_api.py
[2025-06-09T12:27:08.081+0200] {processor.py:839} INFO - DAG(s) dict_keys(['tutorial_taskflow_api']) retrieved from /home/diego.rivero/practica_creativa/env/lib/python3.11/site-packages/airflow/example_dags/tutorial_taskflow_api.py
[2025-06-09T12:27:08.096+0200] {logging_mixin.py:154} INFO - [2025-06-09T12:27:08.095+0200] {dag.py:2941} INFO - Sync 1 DAGs
[2025-06-09T12:27:08.113+0200] {logging_mixin.py:154} INFO - [2025-06-09T12:27:08.112+0200] {dag.py:3722} INFO - Setting next_dagrun for tutorial_taskflow_api to None, run_after=None
[2025-06-09T12:27:08.164+0200] {processor.py:179} INFO - Processing /home/diego.rivero/practica_creativa/env/lib/python3.11/site-packages/airflow/example_dags/tutorial_taskflow_api.py took 0.096 seconds
[2025-06-09T12:28:06.778+0200] {processor.py:157} INFO - Started process (PID=79077) to work on /home/diego.rivero/practica_creativa/env/lib/python3.11/site-packages/airflow/example_dags/tutorial_taskflow_api.py
[2025-06-09T12:28:06.780+0200] {processor.py:829} INFO - Processing file /home/diego.rivero/practica_creativa/env/lib/python3.11/site-packages/airflow/example_dags/tutorial_taskflow_api.py for tasks to queue
[2025-06-09T12:28:06.783+0200] {logging_mixin.py:154} INFO - [2025-06-09T12:28:06.782+0200] {dagbag.py:536} INFO - Filling up the DagBag from /home/diego.rivero/practica_creativa/env/lib/python3.11/site-packages/airflow/example_dags/tutorial_taskflow_api.py
[2025-06-09T12:28:06.803+0200] {processor.py:839} INFO - DAG(s) dict_keys(['tutorial_taskflow_api']) retrieved from /home/diego.rivero/practica_creativa/env/lib/python3.11/site-packages/airflow/example_dags/tutorial_taskflow_api.py
[2025-06-09T12:28:06.843+0200] {logging_mixin.py:154} INFO - [2025-06-09T12:28:06.843+0200] {dag.py:2941} INFO - Sync 1 DAGs
[2025-06-09T12:28:06.869+0200] {logging_mixin.py:154} INFO - [2025-06-09T12:28:06.869+0200] {dag.py:3722} INFO - Setting next_dagrun for tutorial_taskflow_api to None, run_after=None
[2025-06-09T12:28:06.946+0200] {processor.py:179} INFO - Processing /home/diego.rivero/practica_creativa/env/lib/python3.11/site-packages/airflow/example_dags/tutorial_taskflow_api.py took 0.178 seconds
[2025-06-09T12:41:24.707+0200] {processor.py:157} INFO - Started process (PID=90347) to work on /home/diego.rivero/practica_creativa/env/lib/python3.11/site-packages/airflow/example_dags/tutorial_taskflow_api.py
[2025-06-09T12:41:24.707+0200] {processor.py:829} INFO - Processing file /home/diego.rivero/practica_creativa/env/lib/python3.11/site-packages/airflow/example_dags/tutorial_taskflow_api.py for tasks to queue
[2025-06-09T12:41:24.708+0200] {logging_mixin.py:154} INFO - [2025-06-09T12:41:24.708+0200] {dagbag.py:536} INFO - Filling up the DagBag from /home/diego.rivero/practica_creativa/env/lib/python3.11/site-packages/airflow/example_dags/tutorial_taskflow_api.py
[2025-06-09T12:41:24.726+0200] {processor.py:839} INFO - DAG(s) dict_keys(['tutorial_taskflow_api']) retrieved from /home/diego.rivero/practica_creativa/env/lib/python3.11/site-packages/airflow/example_dags/tutorial_taskflow_api.py
[2025-06-09T12:41:24.773+0200] {logging_mixin.py:154} INFO - [2025-06-09T12:41:24.773+0200] {dag.py:2941} INFO - Sync 1 DAGs
[2025-06-09T12:41:24.789+0200] {logging_mixin.py:154} INFO - [2025-06-09T12:41:24.788+0200] {dag.py:3722} INFO - Setting next_dagrun for tutorial_taskflow_api to None, run_after=None
[2025-06-09T12:41:24.851+0200] {processor.py:179} INFO - Processing /home/diego.rivero/practica_creativa/env/lib/python3.11/site-packages/airflow/example_dags/tutorial_taskflow_api.py took 0.147 seconds
